{"/Users/johnchristophermcarrillo/Projects/terraflow-app/backend-users/config/constants.js": {"path":"/Users/johnchristophermcarrillo/Projects/terraflow-app/backend-users/config/constants.js","statementMap":{"0":{"start":{"line":1,"column":0},"end":{"line":12,"column":2}}},"fnMap":{},"branchMap":{},"s":{"0":4},"f":{},"b":{},"_coverageSchema":"1a1c01bbd47fc00a2c39e90264f33305004495a9","hash":"2b614157f1737798b501074c53b27b1a0dd01ff5"}
,"/Users/johnchristophermcarrillo/Projects/terraflow-app/backend-users/config/db.js": {"path":"/Users/johnchristophermcarrillo/Projects/terraflow-app/backend-users/config/db.js","statementMap":{"0":{"start":{"line":1,"column":17},"end":{"line":1,"column":30}},"1":{"start":{"line":2,"column":15},"end":{"line":2,"column":36}},"2":{"start":{"line":4,"column":13},"end":{"line":10,"column":2}},"3":{"start":{"line":13,"column":27},"end":{"line":51,"column":1}},"4":{"start":{"line":14,"column":2},"end":{"line":50,"column":3}},"5":{"start":{"line":14,"column":15},"end":{"line":14,"column":16}},"6":{"start":{"line":15,"column":4},"end":{"line":49,"column":5}},"7":{"start":{"line":18,"column":21},"end":{"line":18,"column":41}},"8":{"start":{"line":19,"column":6},"end":{"line":19,"column":23}},"9":{"start":{"line":22,"column":33},"end":{"line":22,"column":55}},"10":{"start":{"line":23,"column":6},"end":{"line":38,"column":9}},"11":{"start":{"line":40,"column":6},"end":{"line":40,"column":13}},"12":{"start":{"line":43,"column":6},"end":{"line":46,"column":7}},"13":{"start":{"line":44,"column":8},"end":{"line":44,"column":92}},"14":{"start":{"line":45,"column":8},"end":{"line":45,"column":15}},"15":{"start":{"line":48,"column":6},"end":{"line":48,"column":62}},"16":{"start":{"line":48,"column":35},"end":{"line":48,"column":60}},"17":{"start":{"line":54,"column":23},"end":{"line":62,"column":1}},"18":{"start":{"line":55,"column":2},"end":{"line":61,"column":3}},"19":{"start":{"line":56,"column":19},"end":{"line":56,"column":39}},"20":{"start":{"line":57,"column":4},"end":{"line":57,"column":40}},"21":{"start":{"line":58,"column":4},"end":{"line":58,"column":21}},"22":{"start":{"line":60,"column":4},"end":{"line":60,"column":66}},"23":{"start":{"line":65,"column":0},"end":{"line":67,"column":10}},"24":{"start":{"line":66,"column":2},"end":{"line":66,"column":23}},"25":{"start":{"line":69,"column":0},"end":{"line":69,"column":62}}},"fnMap":{"0":{"name":"(anonymous_0)","decl":{"start":{"line":13,"column":27},"end":{"line":13,"column":28}},"loc":{"start":{"line":13,"column":50},"end":{"line":51,"column":1}},"line":13},"1":{"name":"(anonymous_1)","decl":{"start":{"line":48,"column":24},"end":{"line":48,"column":25}},"loc":{"start":{"line":48,"column":35},"end":{"line":48,"column":60}},"line":48},"2":{"name":"(anonymous_2)","decl":{"start":{"line":54,"column":23},"end":{"line":54,"column":24}},"loc":{"start":{"line":54,"column":35},"end":{"line":62,"column":1}},"line":54},"3":{"name":"(anonymous_3)","decl":{"start":{"line":65,"column":11},"end":{"line":65,"column":12}},"loc":{"start":{"line":65,"column":17},"end":{"line":67,"column":1}},"line":65}},"branchMap":{"0":{"loc":{"start":{"line":13,"column":34},"end":{"line":13,"column":45}},"type":"default-arg","locations":[{"start":{"line":13,"column":44},"end":{"line":13,"column":45}}],"line":13},"1":{"loc":{"start":{"line":43,"column":6},"end":{"line":46,"column":7}},"type":"if","locations":[{"start":{"line":43,"column":6},"end":{"line":46,"column":7}},{"start":{},"end":{}}],"line":43}},"s":{"0":2,"1":2,"2":2,"3":2,"4":0,"5":0,"6":0,"7":0,"8":0,"9":0,"10":0,"11":0,"12":0,"13":0,"14":0,"15":0,"16":0,"17":2,"18":0,"19":0,"20":0,"21":0,"22":0,"23":2,"24":0,"25":2},"f":{"0":0,"1":0,"2":0,"3":0},"b":{"0":[0],"1":[0,0]},"_coverageSchema":"1a1c01bbd47fc00a2c39e90264f33305004495a9","hash":"9abb7103509ecae9bcc674c5291f28f3a6cd3f23"}
,"/Users/johnchristophermcarrillo/Projects/terraflow-app/backend-users/config/services.js": {"path":"/Users/johnchristophermcarrillo/Projects/terraflow-app/backend-users/config/services.js","statementMap":{"0":{"start":{"line":1,"column":0},"end":{"line":1,"column":27}},"1":{"start":{"line":3,"column":15},"end":{"line":25,"column":1}},"2":{"start":{"line":27,"column":0},"end":{"line":27,"column":24}}},"fnMap":{},"branchMap":{"0":{"loc":{"start":{"line":5,"column":10},"end":{"line":5,"column":34}},"type":"binary-expr","locations":[{"start":{"line":5,"column":10},"end":{"line":5,"column":26}},{"start":{"line":5,"column":30},"end":{"line":5,"column":34}}],"line":5},"1":{"loc":{"start":{"line":6,"column":9},"end":{"line":6,"column":46}},"type":"binary-expr","locations":[{"start":{"line":6,"column":9},"end":{"line":6,"column":29}},{"start":{"line":6,"column":33},"end":{"line":6,"column":46}}],"line":6},"2":{"loc":{"start":{"line":9,"column":10},"end":{"line":9,"column":44}},"type":"binary-expr","locations":[{"start":{"line":9,"column":10},"end":{"line":9,"column":29}},{"start":{"line":9,"column":33},"end":{"line":9,"column":44}}],"line":9},"3":{"loc":{"start":{"line":10,"column":10},"end":{"line":10,"column":37}},"type":"binary-expr","locations":[{"start":{"line":10,"column":10},"end":{"line":10,"column":29}},{"start":{"line":10,"column":33},"end":{"line":10,"column":37}}],"line":10},"4":{"loc":{"start":{"line":11,"column":10},"end":{"line":11,"column":50}},"type":"binary-expr","locations":[{"start":{"line":11,"column":10},"end":{"line":11,"column":29}},{"start":{"line":11,"column":33},"end":{"line":11,"column":50}}],"line":11},"5":{"loc":{"start":{"line":12,"column":10},"end":{"line":12,"column":43}},"type":"binary-expr","locations":[{"start":{"line":12,"column":10},"end":{"line":12,"column":29}},{"start":{"line":12,"column":33},"end":{"line":12,"column":43}}],"line":12},"6":{"loc":{"start":{"line":13,"column":14},"end":{"line":13,"column":51}},"type":"binary-expr","locations":[{"start":{"line":13,"column":14},"end":{"line":13,"column":37}},{"start":{"line":13,"column":41},"end":{"line":13,"column":51}}],"line":13},"7":{"loc":{"start":{"line":16,"column":12},"end":{"line":16,"column":58}},"type":"binary-expr","locations":[{"start":{"line":16,"column":12},"end":{"line":16,"column":34}},{"start":{"line":16,"column":38},"end":{"line":16,"column":58}}],"line":16},"8":{"loc":{"start":{"line":17,"column":15},"end":{"line":17,"column":50}},"type":"binary-expr","locations":[{"start":{"line":17,"column":15},"end":{"line":17,"column":41}},{"start":{"line":17,"column":45},"end":{"line":17,"column":50}}],"line":17},"9":{"loc":{"start":{"line":20,"column":20},"end":{"line":23,"column":5}},"type":"binary-expr","locations":[{"start":{"line":20,"column":20},"end":{"line":20,"column":59}},{"start":{"line":20,"column":63},"end":{"line":23,"column":5}}],"line":20}},"s":{"0":2,"1":2,"2":2},"f":{},"b":{"0":[2,0],"1":[2,0],"2":[2,0],"3":[2,0],"4":[2,0],"5":[2,0],"6":[2,0],"7":[2,0],"8":[2,0],"9":[2,0]},"_coverageSchema":"1a1c01bbd47fc00a2c39e90264f33305004495a9","hash":"e0be397ad78fea1c36d94d01d31137a0b986fdac"}
,"/Users/johnchristophermcarrillo/Projects/terraflow-app/backend-users/controllers/users.js": {"path":"/Users/johnchristophermcarrillo/Projects/terraflow-app/backend-users/controllers/users.js","statementMap":{"0":{"start":{"line":1,"column":19},"end":{"line":1,"column":49}},"1":{"start":{"line":2,"column":50},"end":{"line":2,"column":80}},"2":{"start":{"line":3,"column":25},"end":{"line":3,"column":53}},"3":{"start":{"line":4,"column":24},"end":{"line":4,"column":56}},"4":{"start":{"line":6,"column":26},"end":{"line":28,"column":1}},"5":{"start":{"line":7,"column":2},"end":{"line":27,"column":3}},"6":{"start":{"line":8,"column":25},"end":{"line":8,"column":35}},"7":{"start":{"line":9,"column":4},"end":{"line":9,"column":60}},"8":{"start":{"line":11,"column":19},"end":{"line":15,"column":5}},"9":{"start":{"line":17,"column":4},"end":{"line":20,"column":5}},"10":{"start":{"line":18,"column":6},"end":{"line":18,"column":51}},"11":{"start":{"line":19,"column":6},"end":{"line":19,"column":65}},"12":{"start":{"line":22,"column":4},"end":{"line":22,"column":72}},"13":{"start":{"line":23,"column":4},"end":{"line":23,"column":29}},"14":{"start":{"line":25,"column":4},"end":{"line":25,"column":81}},"15":{"start":{"line":26,"column":4},"end":{"line":26,"column":52}},"16":{"start":{"line":30,"column":20},"end":{"line":41,"column":1}},"17":{"start":{"line":31,"column":2},"end":{"line":40,"column":3}},"18":{"start":{"line":32,"column":19},"end":{"line":35,"column":5}},"19":{"start":{"line":37,"column":4},"end":{"line":37,"column":37}},"20":{"start":{"line":39,"column":4},"end":{"line":39,"column":45}},"21":{"start":{"line":43,"column":23},"end":{"line":61,"column":1}},"22":{"start":{"line":44,"column":2},"end":{"line":60,"column":3}},"23":{"start":{"line":45,"column":23},"end":{"line":45,"column":33}},"24":{"start":{"line":46,"column":21},"end":{"line":46,"column":29}},"25":{"start":{"line":48,"column":19},"end":{"line":51,"column":5}},"26":{"start":{"line":53,"column":4},"end":{"line":55,"column":5}},"27":{"start":{"line":54,"column":6},"end":{"line":54,"column":63}},"28":{"start":{"line":57,"column":4},"end":{"line":57,"column":29}},"29":{"start":{"line":59,"column":4},"end":{"line":59,"column":48}},"30":{"start":{"line":63,"column":21},"end":{"line":90,"column":1}},"31":{"start":{"line":64,"column":2},"end":{"line":89,"column":3}},"32":{"start":{"line":65,"column":40},"end":{"line":65,"column":49}},"33":{"start":{"line":67,"column":27},"end":{"line":67,"column":62}},"34":{"start":{"line":68,"column":4},"end":{"line":73,"column":5}},"35":{"start":{"line":69,"column":6},"end":{"line":72,"column":9}},"36":{"start":{"line":75,"column":24},"end":{"line":75,"column":61}},"37":{"start":{"line":76,"column":4},"end":{"line":81,"column":5}},"38":{"start":{"line":77,"column":6},"end":{"line":80,"column":9}},"39":{"start":{"line":83,"column":4},"end":{"line":86,"column":7}},"40":{"start":{"line":88,"column":4},"end":{"line":88,"column":47}},"41":{"start":{"line":92,"column":0},"end":{"line":97,"column":2}}},"fnMap":{"0":{"name":"(anonymous_0)","decl":{"start":{"line":6,"column":26},"end":{"line":6,"column":27}},"loc":{"start":{"line":6,"column":46},"end":{"line":28,"column":1}},"line":6},"1":{"name":"(anonymous_1)","decl":{"start":{"line":30,"column":20},"end":{"line":30,"column":21}},"loc":{"start":{"line":30,"column":40},"end":{"line":41,"column":1}},"line":30},"2":{"name":"(anonymous_2)","decl":{"start":{"line":43,"column":23},"end":{"line":43,"column":24}},"loc":{"start":{"line":43,"column":43},"end":{"line":61,"column":1}},"line":43},"3":{"name":"(anonymous_3)","decl":{"start":{"line":63,"column":21},"end":{"line":63,"column":22}},"loc":{"start":{"line":63,"column":41},"end":{"line":90,"column":1}},"line":63}},"branchMap":{"0":{"loc":{"start":{"line":17,"column":4},"end":{"line":20,"column":5}},"type":"if","locations":[{"start":{"line":17,"column":4},"end":{"line":20,"column":5}},{"start":{},"end":{}}],"line":17},"1":{"loc":{"start":{"line":53,"column":4},"end":{"line":55,"column":5}},"type":"if","locations":[{"start":{"line":53,"column":4},"end":{"line":55,"column":5}},{"start":{},"end":{}}],"line":53},"2":{"loc":{"start":{"line":68,"column":4},"end":{"line":73,"column":5}},"type":"if","locations":[{"start":{"line":68,"column":4},"end":{"line":73,"column":5}},{"start":{},"end":{}}],"line":68},"3":{"loc":{"start":{"line":76,"column":4},"end":{"line":81,"column":5}},"type":"if","locations":[{"start":{"line":76,"column":4},"end":{"line":81,"column":5}},{"start":{},"end":{}}],"line":76}},"s":{"0":1,"1":1,"2":1,"3":1,"4":1,"5":3,"6":3,"7":3,"8":3,"9":2,"10":1,"11":1,"12":1,"13":1,"14":1,"15":1,"16":1,"17":2,"18":2,"19":1,"20":1,"21":1,"22":3,"23":3,"24":3,"25":3,"26":2,"27":1,"28":1,"29":1,"30":1,"31":4,"32":4,"33":4,"34":3,"35":1,"36":2,"37":2,"38":1,"39":1,"40":1,"41":1},"f":{"0":3,"1":2,"2":3,"3":4},"b":{"0":[1,1],"1":[1,1],"2":[1,2],"3":[1,1]},"_coverageSchema":"1a1c01bbd47fc00a2c39e90264f33305004495a9","hash":"b80322a1efa22efc437a06ecf1c731e32252cb29"}
,"/Users/johnchristophermcarrillo/Projects/terraflow-app/backend-users/services/users.js": {"path":"/Users/johnchristophermcarrillo/Projects/terraflow-app/backend-users/services/users.js","statementMap":{"0":{"start":{"line":1,"column":17},"end":{"line":1,"column":40}},"1":{"start":{"line":2,"column":27},"end":{"line":2,"column":57}},"2":{"start":{"line":3,"column":31},"end":{"line":3,"column":61}},"3":{"start":{"line":8,"column":27},"end":{"line":8,"column":54}},"4":{"start":{"line":9,"column":26},"end":{"line":9,"column":62}},"5":{"start":{"line":14,"column":8},"end":{"line":14,"column":21}},"6":{"start":{"line":16,"column":26},"end":{"line":16,"column":34}},"7":{"start":{"line":18,"column":19},"end":{"line":25,"column":6}},"8":{"start":{"line":27,"column":4},"end":{"line":27,"column":26}},"9":{"start":{"line":31,"column":19},"end":{"line":36,"column":16}},"10":{"start":{"line":38,"column":4},"end":{"line":38,"column":26}},"11":{"start":{"line":42,"column":19},"end":{"line":46,"column":16}},"12":{"start":{"line":48,"column":4},"end":{"line":48,"column":26}},"13":{"start":{"line":54,"column":20},"end":{"line":54,"column":37}},"14":{"start":{"line":55,"column":0},"end":{"line":55,"column":29}}},"fnMap":{"0":{"name":"(anonymous_0)","decl":{"start":{"line":7,"column":2},"end":{"line":7,"column":3}},"loc":{"start":{"line":7,"column":25},"end":{"line":28,"column":3}},"line":7},"1":{"name":"(anonymous_1)","decl":{"start":{"line":30,"column":2},"end":{"line":30,"column":3}},"loc":{"start":{"line":30,"column":29},"end":{"line":39,"column":3}},"line":30},"2":{"name":"(anonymous_2)","decl":{"start":{"line":41,"column":2},"end":{"line":41,"column":3}},"loc":{"start":{"line":41,"column":27},"end":{"line":49,"column":3}},"line":41}},"branchMap":{"0":{"loc":{"start":{"line":12,"column":74},"end":{"line":12,"column":88}},"type":"default-arg","locations":[{"start":{"line":12,"column":81},"end":{"line":12,"column":88}}],"line":12},"1":{"loc":{"start":{"line":13,"column":22},"end":{"line":13,"column":44}},"type":"default-arg","locations":[{"start":{"line":13,"column":31},"end":{"line":13,"column":44}}],"line":13}},"s":{"0":1,"1":1,"2":1,"3":6,"4":6,"5":6,"6":6,"7":6,"8":5,"9":3,"10":3,"11":2,"12":2,"13":1,"14":1},"f":{"0":6,"1":3,"2":2},"b":{"0":[6],"1":[6]},"_coverageSchema":"1a1c01bbd47fc00a2c39e90264f33305004495a9","hash":"d7507ece9461c262a55071499cdbdf42eb5b26e1"}
,"/Users/johnchristophermcarrillo/Projects/terraflow-app/backend-users/utils/database.js": {"path":"/Users/johnchristophermcarrillo/Projects/terraflow-app/backend-users/utils/database.js","statementMap":{"0":{"start":{"line":1,"column":17},"end":{"line":1,"column":40}},"1":{"start":{"line":3,"column":21},"end":{"line":11,"column":1}},"2":{"start":{"line":4,"column":2},"end":{"line":10,"column":3}},"3":{"start":{"line":5,"column":19},"end":{"line":5,"column":50}},"4":{"start":{"line":6,"column":4},"end":{"line":6,"column":18}},"5":{"start":{"line":8,"column":4},"end":{"line":8,"column":61}},"6":{"start":{"line":9,"column":4},"end":{"line":9,"column":16}},"7":{"start":{"line":13,"column":17},"end":{"line":17,"column":1}},"8":{"start":{"line":14,"column":16},"end":{"line":14,"column":54}},"9":{"start":{"line":15,"column":17},"end":{"line":15,"column":48}},"10":{"start":{"line":16,"column":2},"end":{"line":16,"column":32}},"11":{"start":{"line":19,"column":20},"end":{"line":23,"column":1}},"12":{"start":{"line":20,"column":16},"end":{"line":20,"column":60}},"13":{"start":{"line":21,"column":17},"end":{"line":21,"column":51}},"14":{"start":{"line":22,"column":2},"end":{"line":22,"column":21}},"15":{"start":{"line":25,"column":0},"end":{"line":29,"column":2}}},"fnMap":{"0":{"name":"(anonymous_0)","decl":{"start":{"line":3,"column":21},"end":{"line":3,"column":22}},"loc":{"start":{"line":3,"column":51},"end":{"line":11,"column":1}},"line":3},"1":{"name":"(anonymous_1)","decl":{"start":{"line":13,"column":17},"end":{"line":13,"column":18}},"loc":{"start":{"line":13,"column":38},"end":{"line":17,"column":1}},"line":13},"2":{"name":"(anonymous_2)","decl":{"start":{"line":19,"column":20},"end":{"line":19,"column":21}},"loc":{"start":{"line":19,"column":51},"end":{"line":23,"column":1}},"line":19}},"branchMap":{"0":{"loc":{"start":{"line":3,"column":35},"end":{"line":3,"column":46}},"type":"default-arg","locations":[{"start":{"line":3,"column":44},"end":{"line":3,"column":46}}],"line":3},"1":{"loc":{"start":{"line":16,"column":9},"end":{"line":16,"column":31}},"type":"binary-expr","locations":[{"start":{"line":16,"column":9},"end":{"line":16,"column":23}},{"start":{"line":16,"column":27},"end":{"line":16,"column":31}}],"line":16}},"s":{"0":1,"1":1,"2":0,"3":0,"4":0,"5":0,"6":0,"7":1,"8":0,"9":0,"10":0,"11":1,"12":0,"13":0,"14":0,"15":1},"f":{"0":0,"1":0,"2":0},"b":{"0":[0],"1":[0,0]},"_coverageSchema":"1a1c01bbd47fc00a2c39e90264f33305004495a9","hash":"6df953332fc10e50a6c0ef134ad66e3a80c77c04"}
,"/Users/johnchristophermcarrillo/Projects/terraflow-app/backend-users/utils/errorHandler.js": {"path":"/Users/johnchristophermcarrillo/Projects/terraflow-app/backend-users/utils/errorHandler.js","statementMap":{"0":{"start":{"line":1,"column":20},"end":{"line":29,"column":1}},"1":{"start":{"line":2,"column":2},"end":{"line":2,"column":57}},"2":{"start":{"line":4,"column":2},"end":{"line":9,"column":3}},"3":{"start":{"line":5,"column":4},"end":{"line":8,"column":7}},"4":{"start":{"line":11,"column":2},"end":{"line":16,"column":3}},"5":{"start":{"line":12,"column":4},"end":{"line":15,"column":7}},"6":{"start":{"line":18,"column":2},"end":{"line":23,"column":3}},"7":{"start":{"line":19,"column":4},"end":{"line":22,"column":7}},"8":{"start":{"line":25,"column":2},"end":{"line":28,"column":5}},"9":{"start":{"line":31,"column":0},"end":{"line":31,"column":33}}},"fnMap":{"0":{"name":"(anonymous_0)","decl":{"start":{"line":1,"column":20},"end":{"line":1,"column":21}},"loc":{"start":{"line":1,"column":47},"end":{"line":29,"column":1}},"line":1}},"branchMap":{"0":{"loc":{"start":{"line":4,"column":2},"end":{"line":9,"column":3}},"type":"if","locations":[{"start":{"line":4,"column":2},"end":{"line":9,"column":3}},{"start":{},"end":{}}],"line":4},"1":{"loc":{"start":{"line":11,"column":2},"end":{"line":16,"column":3}},"type":"if","locations":[{"start":{"line":11,"column":2},"end":{"line":16,"column":3}},{"start":{},"end":{}}],"line":11},"2":{"loc":{"start":{"line":18,"column":2},"end":{"line":23,"column":3}},"type":"if","locations":[{"start":{"line":18,"column":2},"end":{"line":23,"column":3}},{"start":{},"end":{}}],"line":18}},"s":{"0":1,"1":4,"2":4,"3":0,"4":4,"5":0,"6":4,"7":0,"8":4,"9":1},"f":{"0":4},"b":{"0":[0,4],"1":[0,4],"2":[0,4]},"_coverageSchema":"1a1c01bbd47fc00a2c39e90264f33305004495a9","hash":"92c574e00eb530f00646aaf1ff8f081a7f97df44"}
,"/Users/johnchristophermcarrillo/Projects/terraflow-app/backend-users/utils/validation.js": {"path":"/Users/johnchristophermcarrillo/Projects/terraflow-app/backend-users/utils/validation.js","statementMap":{"0":{"start":{"line":1,"column":17},"end":{"line":1,"column":40}},"1":{"start":{"line":2,"column":19},"end":{"line":2,"column":49}},"2":{"start":{"line":4,"column":25},"end":{"line":15,"column":1}},"3":{"start":{"line":5,"column":2},"end":{"line":14,"column":3}},"4":{"start":{"line":6,"column":19},"end":{"line":9,"column":5}},"5":{"start":{"line":10,"column":4},"end":{"line":10,"column":46}},"6":{"start":{"line":12,"column":4},"end":{"line":12,"column":63}},"7":{"start":{"line":13,"column":4},"end":{"line":13,"column":16}},"8":{"start":{"line":17,"column":28},"end":{"line":28,"column":1}},"9":{"start":{"line":18,"column":2},"end":{"line":27,"column":3}},"10":{"start":{"line":19,"column":19},"end":{"line":22,"column":5}},"11":{"start":{"line":23,"column":4},"end":{"line":23,"column":46}},"12":{"start":{"line":25,"column":4},"end":{"line":25,"column":66}},"13":{"start":{"line":26,"column":4},"end":{"line":26,"column":16}},"14":{"start":{"line":30,"column":27},"end":{"line":37,"column":1}},"15":{"start":{"line":31,"column":2},"end":{"line":36,"column":3}},"16":{"start":{"line":32,"column":4},"end":{"line":32,"column":30}},"17":{"start":{"line":34,"column":4},"end":{"line":34,"column":64}},"18":{"start":{"line":35,"column":4},"end":{"line":35,"column":16}},"19":{"start":{"line":39,"column":0},"end":{"line":43,"column":2}}},"fnMap":{"0":{"name":"(anonymous_0)","decl":{"start":{"line":4,"column":25},"end":{"line":4,"column":26}},"loc":{"start":{"line":4,"column":49},"end":{"line":15,"column":1}},"line":4},"1":{"name":"(anonymous_1)","decl":{"start":{"line":17,"column":28},"end":{"line":17,"column":29}},"loc":{"start":{"line":17,"column":48},"end":{"line":28,"column":1}},"line":17},"2":{"name":"(anonymous_2)","decl":{"start":{"line":30,"column":27},"end":{"line":30,"column":28}},"loc":{"start":{"line":30,"column":45},"end":{"line":37,"column":1}},"line":30}},"branchMap":{},"s":{"0":3,"1":3,"2":3,"3":3,"4":3,"5":2,"6":1,"7":1,"8":3,"9":3,"10":3,"11":2,"12":1,"13":1,"14":3,"15":2,"16":2,"17":1,"18":1,"19":3},"f":{"0":3,"1":3,"2":2},"b":{},"_coverageSchema":"1a1c01bbd47fc00a2c39e90264f33305004495a9","hash":"f82aff861afdfb1d3e03c789bbff7f2a588c8dfa"}
}
