{"/Users/johnchristophermcarrillo/Projects/terraflow-app/backend-users/services/users.js": {"path":"/Users/johnchristophermcarrillo/Projects/terraflow-app/backend-users/services/users.js","statementMap":{"0":{"start":{"line":1,"column":17},"end":{"line":1,"column":40}},"1":{"start":{"line":2,"column":27},"end":{"line":2,"column":57}},"2":{"start":{"line":3,"column":31},"end":{"line":3,"column":61}},"3":{"start":{"line":8,"column":27},"end":{"line":8,"column":54}},"4":{"start":{"line":9,"column":26},"end":{"line":9,"column":62}},"5":{"start":{"line":14,"column":8},"end":{"line":14,"column":21}},"6":{"start":{"line":16,"column":26},"end":{"line":16,"column":34}},"7":{"start":{"line":18,"column":19},"end":{"line":25,"column":6}},"8":{"start":{"line":27,"column":4},"end":{"line":27,"column":26}},"9":{"start":{"line":31,"column":19},"end":{"line":36,"column":16}},"10":{"start":{"line":38,"column":4},"end":{"line":38,"column":26}},"11":{"start":{"line":42,"column":19},"end":{"line":46,"column":16}},"12":{"start":{"line":48,"column":4},"end":{"line":48,"column":26}},"13":{"start":{"line":54,"column":20},"end":{"line":54,"column":37}},"14":{"start":{"line":55,"column":0},"end":{"line":55,"column":29}}},"fnMap":{"0":{"name":"(anonymous_0)","decl":{"start":{"line":7,"column":2},"end":{"line":7,"column":3}},"loc":{"start":{"line":7,"column":25},"end":{"line":28,"column":3}},"line":7},"1":{"name":"(anonymous_1)","decl":{"start":{"line":30,"column":2},"end":{"line":30,"column":3}},"loc":{"start":{"line":30,"column":29},"end":{"line":39,"column":3}},"line":30},"2":{"name":"(anonymous_2)","decl":{"start":{"line":41,"column":2},"end":{"line":41,"column":3}},"loc":{"start":{"line":41,"column":27},"end":{"line":49,"column":3}},"line":41}},"branchMap":{"0":{"loc":{"start":{"line":12,"column":74},"end":{"line":12,"column":88}},"type":"default-arg","locations":[{"start":{"line":12,"column":81},"end":{"line":12,"column":88}}],"line":12},"1":{"loc":{"start":{"line":13,"column":22},"end":{"line":13,"column":44}},"type":"default-arg","locations":[{"start":{"line":13,"column":31},"end":{"line":13,"column":44}}],"line":13}},"s":{"0":1,"1":1,"2":1,"3":6,"4":6,"5":6,"6":6,"7":6,"8":5,"9":3,"10":3,"11":2,"12":2,"13":1,"14":1},"f":{"0":6,"1":3,"2":2},"b":{"0":[6],"1":[6]},"_coverageSchema":"1a1c01bbd47fc00a2c39e90264f33305004495a9","hash":"d7507ece9461c262a55071499cdbdf42eb5b26e1"}
}
