TN:
SF:config/constants.js
FNF:0
FNH:0
DA:1,8
LF:1
LH:1
BRF:0
BRH:0
end_of_record
TN:
SF:config/db.js
FN:13,(anonymous_0)
FN:48,(anonymous_1)
FN:54,(anonymous_2)
FN:65,(anonymous_3)
FNF:4
FNH:4
FNDA:4,(anonymous_0)
FNDA:2,(anonymous_1)
FNDA:2,(anonymous_2)
FNDA:1,(anonymous_3)
DA:1,9
DA:2,9
DA:4,9
DA:13,9
DA:14,4
DA:15,6
DA:18,6
DA:19,3
DA:22,3
DA:23,3
DA:40,3
DA:43,3
DA:44,1
DA:45,1
DA:48,2
DA:54,9
DA:55,2
DA:56,2
DA:57,1
DA:58,1
DA:60,1
DA:65,9
DA:66,1
DA:69,9
LF:24
LH:24
BRDA:13,0,0,2
BRDA:43,1,0,1
BRDA:43,1,1,2
BRF:3
BRH:3
end_of_record
TN:
SF:config/services.js
FNF:0
FNH:0
DA:1,11
DA:3,11
DA:27,11
LF:3
LH:3
BRDA:5,0,0,11
BRDA:5,0,1,1
BRDA:6,1,0,11
BRDA:6,1,1,1
BRDA:9,2,0,11
BRDA:9,2,1,1
BRDA:10,3,0,11
BRDA:10,3,1,1
BRDA:11,4,0,11
BRDA:11,4,1,1
BRDA:12,5,0,11
BRDA:12,5,1,1
BRDA:13,6,0,11
BRDA:13,6,1,1
BRDA:16,7,0,11
BRDA:16,7,1,1
BRDA:17,8,0,11
BRDA:17,8,1,1
BRDA:20,9,0,11
BRDA:20,9,1,1
BRF:20
BRH:20
end_of_record
TN:
SF:controllers/users.js
FN:6,(anonymous_0)
FN:30,(anonymous_1)
FN:43,(anonymous_2)
FN:63,(anonymous_3)
FNF:4
FNH:4
FNDA:3,(anonymous_0)
FNDA:2,(anonymous_1)
FNDA:3,(anonymous_2)
FNDA:4,(anonymous_3)
DA:1,1
DA:2,1
DA:3,1
DA:4,1
DA:6,1
DA:7,3
DA:8,3
DA:9,3
DA:11,3
DA:17,2
DA:18,1
DA:19,1
DA:22,1
DA:23,1
DA:25,1
DA:26,1
DA:30,1
DA:31,2
DA:32,2
DA:37,1
DA:39,1
DA:43,1
DA:44,3
DA:45,3
DA:46,3
DA:48,3
DA:53,2
DA:54,1
DA:57,1
DA:59,1
DA:63,1
DA:64,4
DA:65,4
DA:67,4
DA:68,3
DA:69,1
DA:75,2
DA:76,2
DA:77,1
DA:83,1
DA:88,1
DA:92,1
LF:42
LH:42
BRDA:17,0,0,1
BRDA:17,0,1,1
BRDA:53,1,0,1
BRDA:53,1,1,1
BRDA:68,2,0,1
BRDA:68,2,1,2
BRDA:76,3,0,1
BRDA:76,3,1,1
BRF:8
BRH:8
end_of_record
TN:
SF:middleware/auth.js
FNF:0
FNH:0
DA:1,1
DA:3,1
LF:2
LH:2
BRF:0
BRH:0
end_of_record
TN:
SF:middleware/cors.js
FNF:0
FNH:0
DA:1,1
DA:2,1
DA:4,1
DA:11,1
LF:4
LH:4
BRF:0
BRH:0
end_of_record
TN:
SF:routes/users.js
FNF:0
FNH:0
DA:1,1
DA:2,1
DA:3,1
DA:4,1
DA:7,1
DA:8,1
DA:9,1
DA:10,1
DA:12,1
LF:9
LH:9
BRF:0
BRH:0
end_of_record
TN:
SF:schemas/users.js
FNF:0
FNH:0
DA:1,1
DA:3,1
DA:13,1
LF:3
LH:3
BRF:0
BRH:0
end_of_record
TN:
SF:services/consumer.js
FN:6,(anonymous_0)
FN:30,(anonymous_1)
FNF:2
FNH:2
FNDA:3,(anonymous_0)
FNDA:5,(anonymous_1)
DA:1,1
DA:2,1
DA:3,1
DA:4,1
DA:6,1
DA:7,3
DA:8,3
DA:10,3
DA:12,3
DA:13,2
DA:14,2
DA:15,2
DA:16,1
DA:17,1
DA:20,1
DA:21,1
DA:26,1
DA:30,1
DA:31,5
DA:32,5
DA:33,4
DA:35,1
DA:36,1
DA:40,1
LF:24
LH:24
BRDA:12,0,0,2
BRDA:12,0,1,1
BRDA:15,1,0,1
BRDA:15,1,1,1
BRF:4
BRH:4
end_of_record
TN:
SF:services/users.js
FN:7,(anonymous_0)
FN:30,(anonymous_1)
FN:41,(anonymous_2)
FNF:3
FNH:3
FNDA:6,(anonymous_0)
FNDA:3,(anonymous_1)
FNDA:2,(anonymous_2)
DA:1,1
DA:2,1
DA:3,1
DA:8,6
DA:9,6
DA:14,6
DA:16,6
DA:18,6
DA:27,5
DA:31,3
DA:38,3
DA:42,2
DA:48,2
DA:54,1
DA:55,1
LF:15
LH:15
BRDA:12,0,0,6
BRDA:13,1,0,6
BRF:2
BRH:2
end_of_record
TN:
SF:utils/auth.js
FN:4,(anonymous_0)
FN:12,(anonymous_1)
FNF:2
FNH:2
FNDA:7,(anonymous_0)
FNDA:4,(anonymous_1)
DA:1,2
DA:2,2
DA:4,2
DA:5,7
DA:6,7
DA:8,7
DA:9,3
DA:12,4
DA:13,4
DA:14,2
DA:16,2
DA:17,2
DA:21,2
LF:13
LH:13
BRDA:6,0,0,7
BRDA:6,0,1,4
BRDA:8,1,0,3
BRDA:8,1,1,4
BRDA:13,2,0,2
BRDA:13,2,1,2
BRF:6
BRH:6
end_of_record
TN:
SF:utils/database.js
FN:3,(anonymous_0)
FN:13,(anonymous_1)
FN:19,(anonymous_2)
FNF:3
FNH:3
FNDA:5,(anonymous_0)
FNDA:2,(anonymous_1)
FNDA:1,(anonymous_2)
DA:1,2
DA:3,2
DA:4,5
DA:5,5
DA:6,4
DA:8,1
DA:9,1
DA:13,2
DA:14,2
DA:15,2
DA:16,2
DA:19,2
DA:20,1
DA:21,1
DA:22,1
DA:25,2
LF:16
LH:16
BRDA:3,0,0,1
BRDA:16,1,0,2
BRDA:16,1,1,1
BRF:3
BRH:3
end_of_record
TN:
SF:utils/errorHandler.js
FN:1,(anonymous_0)
FNF:1
FNH:1
FNDA:8,(anonymous_0)
DA:1,2
DA:2,8
DA:4,8
DA:5,1
DA:11,7
DA:12,1
DA:18,6
DA:19,1
DA:25,5
DA:31,2
LF:10
LH:10
BRDA:4,0,0,1
BRDA:4,0,1,7
BRDA:11,1,0,1
BRDA:11,1,1,6
BRDA:18,2,0,1
BRDA:18,2,1,5
BRF:6
BRH:6
end_of_record
TN:
SF:utils/rabbitmq.js
FN:6,(anonymous_0)
FN:11,(anonymous_1)
FN:22,(anonymous_2)
FN:30,(anonymous_3)
FN:48,(anonymous_4)
FNF:5
FNH:5
FNDA:10,(anonymous_0)
FNDA:6,(anonymous_1)
FNDA:5,(anonymous_2)
FNDA:3,(anonymous_3)
FNDA:3,(anonymous_4)
DA:1,10
DA:3,10
DA:7,10
DA:8,10
DA:12,6
DA:13,6
DA:14,5
DA:15,5
DA:17,1
DA:18,1
DA:23,5
DA:24,5
DA:25,4
DA:28,5
DA:30,4
DA:31,3
DA:32,2
DA:33,2
DA:34,2
DA:35,1
DA:37,1
DA:38,1
DA:43,1
DA:44,1
DA:49,3
DA:50,3
DA:51,2
DA:53,1
DA:58,10
DA:59,10
LF:30
LH:30
BRDA:3,0,0,10
BRDA:3,0,1,10
BRDA:24,1,0,4
BRDA:24,1,1,1
BRDA:31,2,0,2
BRDA:31,2,1,1
BRDA:50,3,0,2
BRDA:50,3,1,1
BRDA:51,4,0,1
BRDA:51,4,1,1
BRF:10
BRH:10
end_of_record
TN:
SF:utils/validation.js
FN:4,(anonymous_0)
FN:17,(anonymous_1)
FN:30,(anonymous_2)
FNF:3
FNH:3
FNDA:3,(anonymous_0)
FNDA:3,(anonymous_1)
FNDA:2,(anonymous_2)
DA:1,3
DA:2,3
DA:4,3
DA:5,3
DA:6,3
DA:10,2
DA:12,1
DA:13,1
DA:17,3
DA:18,3
DA:19,3
DA:23,2
DA:25,1
DA:26,1
DA:30,3
DA:31,2
DA:32,2
DA:34,1
DA:35,1
DA:39,3
LF:20
LH:20
BRF:0
BRH:0
end_of_record
