TN:
SF:config/constants.js
FNF:0
FNH:0
DA:1,4
LF:1
LH:1
BRF:0
BRH:0
end_of_record
TN:
SF:config/db.js
FN:13,(anonymous_0)
FN:48,(anonymous_1)
FN:54,(anonymous_2)
FN:65,(anonymous_3)
FNF:4
FNH:0
FNDA:0,(anonymous_0)
FNDA:0,(anonymous_1)
FNDA:0,(anonymous_2)
FNDA:0,(anonymous_3)
DA:1,2
DA:2,2
DA:4,2
DA:13,2
DA:14,0
DA:15,0
DA:18,0
DA:19,0
DA:22,0
DA:23,0
DA:40,0
DA:43,0
DA:44,0
DA:45,0
DA:48,0
DA:54,2
DA:55,0
DA:56,0
DA:57,0
DA:58,0
DA:60,0
DA:65,2
DA:66,0
DA:69,2
LF:24
LH:7
BRDA:13,0,0,0
BRDA:43,1,0,0
BRDA:43,1,1,0
BRF:3
BRH:0
end_of_record
TN:
SF:config/services.js
FNF:0
FNH:0
DA:1,2
DA:3,2
DA:27,2
LF:3
LH:3
BRDA:5,0,0,2
BRDA:5,0,1,0
BRDA:6,1,0,2
BRDA:6,1,1,0
BRDA:9,2,0,2
BRDA:9,2,1,0
BRDA:10,3,0,2
BRDA:10,3,1,0
BRDA:11,4,0,2
BRDA:11,4,1,0
BRDA:12,5,0,2
BRDA:12,5,1,0
BRDA:13,6,0,2
BRDA:13,6,1,0
BRDA:16,7,0,2
BRDA:16,7,1,0
BRDA:17,8,0,2
BRDA:17,8,1,0
BRDA:20,9,0,2
BRDA:20,9,1,0
BRF:20
BRH:10
end_of_record
TN:
SF:controllers/users.js
FN:6,(anonymous_0)
FN:30,(anonymous_1)
FN:43,(anonymous_2)
FN:63,(anonymous_3)
FNF:4
FNH:4
FNDA:3,(anonymous_0)
FNDA:2,(anonymous_1)
FNDA:3,(anonymous_2)
FNDA:4,(anonymous_3)
DA:1,1
DA:2,1
DA:3,1
DA:4,1
DA:6,1
DA:7,3
DA:8,3
DA:9,3
DA:11,3
DA:17,2
DA:18,1
DA:19,1
DA:22,1
DA:23,1
DA:25,1
DA:26,1
DA:30,1
DA:31,2
DA:32,2
DA:37,1
DA:39,1
DA:43,1
DA:44,3
DA:45,3
DA:46,3
DA:48,3
DA:53,2
DA:54,1
DA:57,1
DA:59,1
DA:63,1
DA:64,4
DA:65,4
DA:67,4
DA:68,3
DA:69,1
DA:75,2
DA:76,2
DA:77,1
DA:83,1
DA:88,1
DA:92,1
LF:42
LH:42
BRDA:17,0,0,1
BRDA:17,0,1,1
BRDA:53,1,0,1
BRDA:53,1,1,1
BRDA:68,2,0,1
BRDA:68,2,1,2
BRDA:76,3,0,1
BRDA:76,3,1,1
BRF:8
BRH:8
end_of_record
TN:
SF:services/users.js
FN:7,(anonymous_0)
FN:30,(anonymous_1)
FN:41,(anonymous_2)
FNF:3
FNH:3
FNDA:6,(anonymous_0)
FNDA:3,(anonymous_1)
FNDA:2,(anonymous_2)
DA:1,1
DA:2,1
DA:3,1
DA:8,6
DA:9,6
DA:14,6
DA:16,6
DA:18,6
DA:27,5
DA:31,3
DA:38,3
DA:42,2
DA:48,2
DA:54,1
DA:55,1
LF:15
LH:15
BRDA:12,0,0,6
BRDA:13,1,0,6
BRF:2
BRH:2
end_of_record
TN:
SF:utils/database.js
FN:3,(anonymous_0)
FN:13,(anonymous_1)
FN:19,(anonymous_2)
FNF:3
FNH:0
FNDA:0,(anonymous_0)
FNDA:0,(anonymous_1)
FNDA:0,(anonymous_2)
DA:1,1
DA:3,1
DA:4,0
DA:5,0
DA:6,0
DA:8,0
DA:9,0
DA:13,1
DA:14,0
DA:15,0
DA:16,0
DA:19,1
DA:20,0
DA:21,0
DA:22,0
DA:25,1
LF:16
LH:5
BRDA:3,0,0,0
BRDA:16,1,0,0
BRDA:16,1,1,0
BRF:3
BRH:0
end_of_record
TN:
SF:utils/errorHandler.js
FN:1,(anonymous_0)
FNF:1
FNH:1
FNDA:4,(anonymous_0)
DA:1,1
DA:2,4
DA:4,4
DA:5,0
DA:11,4
DA:12,0
DA:18,4
DA:19,0
DA:25,4
DA:31,1
LF:10
LH:7
BRDA:4,0,0,0
BRDA:4,0,1,4
BRDA:11,1,0,0
BRDA:11,1,1,4
BRDA:18,2,0,0
BRDA:18,2,1,4
BRF:6
BRH:3
end_of_record
TN:
SF:utils/validation.js
FN:4,(anonymous_0)
FN:17,(anonymous_1)
FN:30,(anonymous_2)
FNF:3
FNH:3
FNDA:3,(anonymous_0)
FNDA:3,(anonymous_1)
FNDA:2,(anonymous_2)
DA:1,3
DA:2,3
DA:4,3
DA:5,3
DA:6,3
DA:10,2
DA:12,1
DA:13,1
DA:17,3
DA:18,3
DA:19,3
DA:23,2
DA:25,1
DA:26,1
DA:30,3
DA:31,2
DA:32,2
DA:34,1
DA:35,1
DA:39,3
LF:20
LH:20
BRF:0
BRH:0
end_of_record
