{"/Users/johnchristophermcarrillo/Projects/terraflow-app/backend-landregistry/controllers/blockchain.js": {"path":"/Users/johnchristophermcarrillo/Projects/terraflow-app/backend-landregistry/controllers/blockchain.js","statementMap":{"0":{"start":{"line":1,"column":26},"end":{"line":1,"column":59}},"1":{"start":{"line":2,"column":24},"end":{"line":2,"column":56}},"2":{"start":{"line":4,"column":23},"end":{"line":20,"column":1}},"3":{"start":{"line":5,"column":2},"end":{"line":19,"column":3}},"4":{"start":{"line":6,"column":28},"end":{"line":6,"column":38}},"5":{"start":{"line":7,"column":4},"end":{"line":7,"column":68}},"6":{"start":{"line":9,"column":19},"end":{"line":9,"column":70}},"7":{"start":{"line":11,"column":4},"end":{"line":16,"column":7}},"8":{"start":{"line":18,"column":4},"end":{"line":18,"column":48}},"9":{"start":{"line":22,"column":29},"end":{"line":36,"column":1}},"10":{"start":{"line":23,"column":2},"end":{"line":35,"column":3}},"11":{"start":{"line":24,"column":28},"end":{"line":24,"column":38}},"12":{"start":{"line":25,"column":20},"end":{"line":25,"column":77}},"13":{"start":{"line":27,"column":4},"end":{"line":32,"column":7}},"14":{"start":{"line":34,"column":4},"end":{"line":34,"column":50}},"15":{"start":{"line":38,"column":29},"end":{"line":64,"column":1}},"16":{"start":{"line":39,"column":2},"end":{"line":63,"column":3}},"17":{"start":{"line":40,"column":46},"end":{"line":40,"column":54}},"18":{"start":{"line":42,"column":4},"end":{"line":47,"column":5}},"19":{"start":{"line":43,"column":6},"end":{"line":46,"column":9}},"20":{"start":{"line":49,"column":4},"end":{"line":49,"column":75}},"21":{"start":{"line":52,"column":20},"end":{"line":52,"column":24}},"22":{"start":{"line":54,"column":4},"end":{"line":60,"column":7}},"23":{"start":{"line":62,"column":4},"end":{"line":62,"column":55}},"24":{"start":{"line":66,"column":0},"end":{"line":70,"column":2}}},"fnMap":{"0":{"name":"(anonymous_0)","decl":{"start":{"line":4,"column":23},"end":{"line":4,"column":24}},"loc":{"start":{"line":4,"column":43},"end":{"line":20,"column":1}},"line":4},"1":{"name":"(anonymous_1)","decl":{"start":{"line":22,"column":29},"end":{"line":22,"column":30}},"loc":{"start":{"line":22,"column":49},"end":{"line":36,"column":1}},"line":22},"2":{"name":"(anonymous_2)","decl":{"start":{"line":38,"column":29},"end":{"line":38,"column":30}},"loc":{"start":{"line":38,"column":49},"end":{"line":64,"column":1}},"line":38}},"branchMap":{"0":{"loc":{"start":{"line":42,"column":4},"end":{"line":47,"column":5}},"type":"if","locations":[{"start":{"line":42,"column":4},"end":{"line":47,"column":5}},{"start":{},"end":{}}],"line":42},"1":{"loc":{"start":{"line":42,"column":8},"end":{"line":42,"column":41}},"type":"binary-expr","locations":[{"start":{"line":42,"column":8},"end":{"line":42,"column":21}},{"start":{"line":42,"column":25},"end":{"line":42,"column":41}}],"line":42}},"s":{"0":0,"1":0,"2":0,"3":0,"4":0,"5":0,"6":0,"7":0,"8":0,"9":0,"10":0,"11":0,"12":0,"13":0,"14":0,"15":0,"16":0,"17":0,"18":0,"19":0,"20":0,"21":0,"22":0,"23":0,"24":0},"f":{"0":0,"1":0,"2":0},"b":{"0":[0,0],"1":[0,0]}}
,"/Users/johnchristophermcarrillo/Projects/terraflow-app/backend-landregistry/controllers/landtitles.js": {"path":"/Users/johnchristophermcarrillo/Projects/terraflow-app/backend-landregistry/controllers/landtitles.js","statementMap":{"0":{"start":{"line":1,"column":25},"end":{"line":1,"column":58}},"1":{"start":{"line":2,"column":29},"end":{"line":2,"column":59}},"2":{"start":{"line":3,"column":24},"end":{"line":3,"column":56}},"3":{"start":{"line":5,"column":25},"end":{"line":17,"column":1}},"4":{"start":{"line":6,"column":2},"end":{"line":16,"column":3}},"5":{"start":{"line":7,"column":23},"end":{"line":7,"column":64}},"6":{"start":{"line":9,"column":4},"end":{"line":13,"column":7}},"7":{"start":{"line":15,"column":4},"end":{"line":15,"column":51}},"8":{"start":{"line":19,"column":32},"end":{"line":32,"column":1}},"9":{"start":{"line":20,"column":2},"end":{"line":31,"column":3}},"10":{"start":{"line":21,"column":30},"end":{"line":21,"column":39}},"11":{"start":{"line":23,"column":4},"end":{"line":25,"column":5}},"12":{"start":{"line":24,"column":6},"end":{"line":24,"column":74}},"13":{"start":{"line":27,"column":19},"end":{"line":27,"column":56}},"14":{"start":{"line":28,"column":4},"end":{"line":28,"column":25}},"15":{"start":{"line":30,"column":4},"end":{"line":30,"column":58}},"16":{"start":{"line":34,"column":28},"end":{"line":51,"column":1}},"17":{"start":{"line":35,"column":2},"end":{"line":50,"column":3}},"18":{"start":{"line":36,"column":28},"end":{"line":36,"column":38}},"19":{"start":{"line":37,"column":4},"end":{"line":37,"column":65}},"20":{"start":{"line":39,"column":19},"end":{"line":39,"column":54}},"21":{"start":{"line":40,"column":4},"end":{"line":40,"column":81}},"22":{"start":{"line":42,"column":4},"end":{"line":46,"column":7}},"23":{"start":{"line":48,"column":4},"end":{"line":48,"column":82}},"24":{"start":{"line":49,"column":4},"end":{"line":49,"column":48}},"25":{"start":{"line":53,"column":25},"end":{"line":68,"column":1}},"26":{"start":{"line":54,"column":2},"end":{"line":67,"column":3}},"27":{"start":{"line":55,"column":19},"end":{"line":55,"column":29}},"28":{"start":{"line":56,"column":22},"end":{"line":56,"column":65}},"29":{"start":{"line":58,"column":4},"end":{"line":60,"column":5}},"30":{"start":{"line":59,"column":6},"end":{"line":59,"column":69}},"31":{"start":{"line":61,"column":4},"end":{"line":64,"column":7}},"32":{"start":{"line":66,"column":4},"end":{"line":66,"column":46}},"33":{"start":{"line":70,"column":0},"end":{"line":75,"column":2}}},"fnMap":{"0":{"name":"(anonymous_0)","decl":{"start":{"line":5,"column":25},"end":{"line":5,"column":26}},"loc":{"start":{"line":5,"column":45},"end":{"line":17,"column":1}},"line":5},"1":{"name":"(anonymous_1)","decl":{"start":{"line":19,"column":32},"end":{"line":19,"column":33}},"loc":{"start":{"line":19,"column":52},"end":{"line":32,"column":1}},"line":19},"2":{"name":"(anonymous_2)","decl":{"start":{"line":34,"column":28},"end":{"line":34,"column":29}},"loc":{"start":{"line":34,"column":48},"end":{"line":51,"column":1}},"line":34},"3":{"name":"(anonymous_3)","decl":{"start":{"line":53,"column":25},"end":{"line":53,"column":26}},"loc":{"start":{"line":53,"column":45},"end":{"line":68,"column":1}},"line":53}},"branchMap":{"0":{"loc":{"start":{"line":23,"column":4},"end":{"line":25,"column":5}},"type":"if","locations":[{"start":{"line":23,"column":4},"end":{"line":25,"column":5}},{"start":{},"end":{}}],"line":23},"1":{"loc":{"start":{"line":40,"column":46},"end":{"line":40,"column":77}},"type":"cond-expr","locations":[{"start":{"line":40,"column":55},"end":{"line":40,"column":63}},{"start":{"line":40,"column":66},"end":{"line":40,"column":77}}],"line":40},"2":{"loc":{"start":{"line":45,"column":15},"end":{"line":45,"column":80}},"type":"cond-expr","locations":[{"start":{"line":45,"column":24},"end":{"line":45,"column":53}},{"start":{"line":45,"column":56},"end":{"line":45,"column":80}}],"line":45},"3":{"loc":{"start":{"line":58,"column":4},"end":{"line":60,"column":5}},"type":"if","locations":[{"start":{"line":58,"column":4},"end":{"line":60,"column":5}},{"start":{},"end":{}}],"line":58}},"s":{"0":0,"1":0,"2":0,"3":0,"4":0,"5":0,"6":0,"7":0,"8":0,"9":0,"10":0,"11":0,"12":0,"13":0,"14":0,"15":0,"16":0,"17":0,"18":0,"19":0,"20":0,"21":0,"22":0,"23":0,"24":0,"25":0,"26":0,"27":0,"28":0,"29":0,"30":0,"31":0,"32":0,"33":0},"f":{"0":0,"1":0,"2":0,"3":0},"b":{"0":[0,0],"1":[0,0],"2":[0,0],"3":[0,0]}}
,"/Users/johnchristophermcarrillo/Projects/terraflow-app/backend-landregistry/controllers/transfers.js": {"path":"/Users/johnchristophermcarrillo/Projects/terraflow-app/backend-landregistry/controllers/transfers.js","statementMap":{"0":{"start":{"line":1,"column":24},"end":{"line":1,"column":56}},"1":{"start":{"line":4,"column":20},"end":{"line":10,"column":1}},"2":{"start":{"line":5,"column":2},"end":{"line":9,"column":5}},"3":{"start":{"line":13,"column":18},"end":{"line":19,"column":1}},"4":{"start":{"line":14,"column":2},"end":{"line":14,"column":53}},"5":{"start":{"line":15,"column":2},"end":{"line":18,"column":5}},"6":{"start":{"line":21,"column":23},"end":{"line":34,"column":1}},"7":{"start":{"line":22,"column":2},"end":{"line":33,"column":3}},"8":{"start":{"line":23,"column":25},"end":{"line":26,"column":5}},"9":{"start":{"line":28,"column":4},"end":{"line":28,"column":57}},"10":{"start":{"line":29,"column":21},"end":{"line":29,"column":71}},"11":{"start":{"line":30,"column":4},"end":{"line":30,"column":79}},"12":{"start":{"line":32,"column":4},"end":{"line":32,"column":45}},"13":{"start":{"line":36,"column":24},"end":{"line":47,"column":1}},"14":{"start":{"line":37,"column":2},"end":{"line":46,"column":3}},"15":{"start":{"line":38,"column":22},"end":{"line":38,"column":61}},"16":{"start":{"line":39,"column":4},"end":{"line":43,"column":7}},"17":{"start":{"line":45,"column":4},"end":{"line":45,"column":47}},"18":{"start":{"line":49,"column":29},"end":{"line":60,"column":1}},"19":{"start":{"line":50,"column":2},"end":{"line":59,"column":3}},"20":{"start":{"line":51,"column":19},"end":{"line":51,"column":29}},"21":{"start":{"line":52,"column":23},"end":{"line":52,"column":31}},"22":{"start":{"line":54,"column":4},"end":{"line":54,"column":75}},"23":{"start":{"line":55,"column":21},"end":{"line":55,"column":75}},"24":{"start":{"line":56,"column":4},"end":{"line":56,"column":71}},"25":{"start":{"line":58,"column":4},"end":{"line":58,"column":52}},"26":{"start":{"line":62,"column":23},"end":{"line":71,"column":1}},"27":{"start":{"line":63,"column":2},"end":{"line":70,"column":3}},"28":{"start":{"line":64,"column":19},"end":{"line":64,"column":29}},"29":{"start":{"line":65,"column":4},"end":{"line":65,"column":50}},"30":{"start":{"line":66,"column":21},"end":{"line":66,"column":71}},"31":{"start":{"line":67,"column":4},"end":{"line":67,"column":64}},"32":{"start":{"line":69,"column":4},"end":{"line":69,"column":45}},"33":{"start":{"line":73,"column":23},"end":{"line":81,"column":1}},"34":{"start":{"line":74,"column":2},"end":{"line":80,"column":3}},"35":{"start":{"line":75,"column":19},"end":{"line":75,"column":29}},"36":{"start":{"line":76,"column":21},"end":{"line":76,"column":61}},"37":{"start":{"line":77,"column":4},"end":{"line":77,"column":64}},"38":{"start":{"line":79,"column":4},"end":{"line":79,"column":45}},"39":{"start":{"line":83,"column":0},"end":{"line":89,"column":2}}},"fnMap":{"0":{"name":"(anonymous_0)","decl":{"start":{"line":4,"column":20},"end":{"line":4,"column":21}},"loc":{"start":{"line":4,"column":62},"end":{"line":10,"column":1}},"line":4},"1":{"name":"(anonymous_1)","decl":{"start":{"line":13,"column":18},"end":{"line":13,"column":19}},"loc":{"start":{"line":13,"column":42},"end":{"line":19,"column":1}},"line":13},"2":{"name":"(anonymous_2)","decl":{"start":{"line":21,"column":23},"end":{"line":21,"column":24}},"loc":{"start":{"line":21,"column":43},"end":{"line":34,"column":1}},"line":21},"3":{"name":"(anonymous_3)","decl":{"start":{"line":36,"column":24},"end":{"line":36,"column":25}},"loc":{"start":{"line":36,"column":44},"end":{"line":47,"column":1}},"line":36},"4":{"name":"(anonymous_4)","decl":{"start":{"line":49,"column":29},"end":{"line":49,"column":30}},"loc":{"start":{"line":49,"column":49},"end":{"line":60,"column":1}},"line":49},"5":{"name":"(anonymous_5)","decl":{"start":{"line":62,"column":23},"end":{"line":62,"column":24}},"loc":{"start":{"line":62,"column":43},"end":{"line":71,"column":1}},"line":62},"6":{"name":"(anonymous_6)","decl":{"start":{"line":73,"column":23},"end":{"line":73,"column":24}},"loc":{"start":{"line":73,"column":43},"end":{"line":81,"column":1}},"line":73}},"branchMap":{"0":{"loc":{"start":{"line":4,"column":41},"end":{"line":4,"column":57}},"type":"default-arg","locations":[{"start":{"line":4,"column":54},"end":{"line":4,"column":57}}],"line":4},"1":{"loc":{"start":{"line":17,"column":11},"end":{"line":17,"column":63}},"type":"binary-expr","locations":[{"start":{"line":17,"column":11},"end":{"line":17,"column":24}},{"start":{"line":17,"column":28},"end":{"line":17,"column":63}}],"line":17},"2":{"loc":{"start":{"line":25,"column":18},"end":{"line":25,"column":35}},"type":"binary-expr","locations":[{"start":{"line":25,"column":18},"end":{"line":25,"column":30}},{"start":{"line":25,"column":34},"end":{"line":25,"column":35}}],"line":25}},"s":{"0":0,"1":0,"2":0,"3":0,"4":0,"5":0,"6":0,"7":0,"8":0,"9":0,"10":0,"11":0,"12":0,"13":0,"14":0,"15":0,"16":0,"17":0,"18":0,"19":0,"20":0,"21":0,"22":0,"23":0,"24":0,"25":0,"26":0,"27":0,"28":0,"29":0,"30":0,"31":0,"32":0,"33":0,"34":0,"35":0,"36":0,"37":0,"38":0,"39":0},"f":{"0":0,"1":0,"2":0,"3":0,"4":0,"5":0,"6":0},"b":{"0":[0],"1":[0,0],"2":[0,0]}}
,"/Users/johnchristophermcarrillo/Projects/terraflow-app/backend-landregistry/services/blockchain-client.js": {"path":"/Users/johnchristophermcarrillo/Projects/terraflow-app/backend-landregistry/services/blockchain-client.js","statementMap":{"0":{"start":{"line":1,"column":13},"end":{"line":1,"column":37}},"1":{"start":{"line":2,"column":20},"end":{"line":2,"column":49}},"2":{"start":{"line":3,"column":13},"end":{"line":3,"column":28}},"3":{"start":{"line":6,"column":19},"end":{"line":6,"column":68}},"4":{"start":{"line":7,"column":26},"end":{"line":14,"column":2}},"5":{"start":{"line":16,"column":24},"end":{"line":16,"column":80}},"6":{"start":{"line":19,"column":15},"end":{"line":22,"column":1}},"7":{"start":{"line":26,"column":4},"end":{"line":26,"column":135}},"8":{"start":{"line":27,"column":4},"end":{"line":27,"column":71}},"9":{"start":{"line":29,"column":4},"end":{"line":45,"column":7}},"10":{"start":{"line":30,"column":23},"end":{"line":30,"column":33}},"11":{"start":{"line":31,"column":6},"end":{"line":31,"column":54}},"12":{"start":{"line":33,"column":6},"end":{"line":44,"column":9}},"13":{"start":{"line":34,"column":8},"end":{"line":43,"column":9}},"14":{"start":{"line":35,"column":10},"end":{"line":35,"column":59}},"15":{"start":{"line":36,"column":10},"end":{"line":36,"column":53}},"16":{"start":{"line":37,"column":10},"end":{"line":37,"column":59}},"17":{"start":{"line":38,"column":10},"end":{"line":38,"column":61}},"18":{"start":{"line":39,"column":10},"end":{"line":39,"column":24}},"19":{"start":{"line":41,"column":10},"end":{"line":41,"column":58}},"20":{"start":{"line":42,"column":10},"end":{"line":42,"column":28}},"21":{"start":{"line":49,"column":4},"end":{"line":59,"column":7}},"22":{"start":{"line":50,"column":6},"end":{"line":58,"column":9}},"23":{"start":{"line":51,"column":8},"end":{"line":57,"column":9}},"24":{"start":{"line":52,"column":10},"end":{"line":52,"column":59}},"25":{"start":{"line":53,"column":10},"end":{"line":53,"column":24}},"26":{"start":{"line":55,"column":10},"end":{"line":55,"column":58}},"27":{"start":{"line":56,"column":10},"end":{"line":56,"column":28}},"28":{"start":{"line":63,"column":4},"end":{"line":73,"column":7}},"29":{"start":{"line":64,"column":6},"end":{"line":72,"column":9}},"30":{"start":{"line":65,"column":8},"end":{"line":71,"column":9}},"31":{"start":{"line":66,"column":10},"end":{"line":66,"column":59}},"32":{"start":{"line":67,"column":10},"end":{"line":67,"column":24}},"33":{"start":{"line":69,"column":10},"end":{"line":69,"column":58}},"34":{"start":{"line":70,"column":10},"end":{"line":70,"column":28}},"35":{"start":{"line":77,"column":4},"end":{"line":77,"column":95}},"36":{"start":{"line":79,"column":4},"end":{"line":92,"column":7}},"37":{"start":{"line":80,"column":23},"end":{"line":80,"column":33}},"38":{"start":{"line":81,"column":6},"end":{"line":81,"column":54}},"39":{"start":{"line":83,"column":6},"end":{"line":91,"column":9}},"40":{"start":{"line":84,"column":8},"end":{"line":90,"column":9}},"41":{"start":{"line":85,"column":10},"end":{"line":85,"column":68}},"42":{"start":{"line":86,"column":10},"end":{"line":86,"column":24}},"43":{"start":{"line":88,"column":10},"end":{"line":88,"column":67}},"44":{"start":{"line":89,"column":10},"end":{"line":89,"column":28}},"45":{"start":{"line":96,"column":4},"end":{"line":104,"column":7}},"46":{"start":{"line":97,"column":6},"end":{"line":103,"column":9}},"47":{"start":{"line":98,"column":8},"end":{"line":102,"column":9}},"48":{"start":{"line":99,"column":10},"end":{"line":99,"column":24}},"49":{"start":{"line":101,"column":10},"end":{"line":101,"column":28}},"50":{"start":{"line":108,"column":4},"end":{"line":108,"column":82}},"51":{"start":{"line":110,"column":4},"end":{"line":123,"column":7}},"52":{"start":{"line":111,"column":23},"end":{"line":111,"column":33}},"53":{"start":{"line":112,"column":6},"end":{"line":112,"column":54}},"54":{"start":{"line":114,"column":6},"end":{"line":122,"column":9}},"55":{"start":{"line":115,"column":8},"end":{"line":121,"column":9}},"56":{"start":{"line":116,"column":10},"end":{"line":116,"column":72}},"57":{"start":{"line":117,"column":10},"end":{"line":117,"column":24}},"58":{"start":{"line":119,"column":10},"end":{"line":119,"column":67}},"59":{"start":{"line":120,"column":10},"end":{"line":120,"column":47}},"60":{"start":{"line":127,"column":0},"end":{"line":127,"column":40}}},"fnMap":{"0":{"name":"(anonymous_0)","decl":{"start":{"line":25,"column":2},"end":{"line":25,"column":3}},"loc":{"start":{"line":25,"column":39},"end":{"line":46,"column":3}},"line":25},"1":{"name":"(anonymous_1)","decl":{"start":{"line":29,"column":23},"end":{"line":29,"column":24}},"loc":{"start":{"line":29,"column":44},"end":{"line":45,"column":5}},"line":29},"2":{"name":"(anonymous_2)","decl":{"start":{"line":33,"column":58},"end":{"line":33,"column":59}},"loc":{"start":{"line":33,"column":79},"end":{"line":44,"column":7}},"line":33},"3":{"name":"(anonymous_3)","decl":{"start":{"line":48,"column":2},"end":{"line":48,"column":3}},"loc":{"start":{"line":48,"column":45},"end":{"line":60,"column":3}},"line":48},"4":{"name":"(anonymous_4)","decl":{"start":{"line":49,"column":23},"end":{"line":49,"column":24}},"loc":{"start":{"line":49,"column":44},"end":{"line":59,"column":5}},"line":49},"5":{"name":"(anonymous_5)","decl":{"start":{"line":50,"column":50},"end":{"line":50,"column":51}},"loc":{"start":{"line":50,"column":71},"end":{"line":58,"column":7}},"line":50},"6":{"name":"(anonymous_6)","decl":{"start":{"line":62,"column":2},"end":{"line":62,"column":3}},"loc":{"start":{"line":62,"column":45},"end":{"line":74,"column":3}},"line":62},"7":{"name":"(anonymous_7)","decl":{"start":{"line":63,"column":23},"end":{"line":63,"column":24}},"loc":{"start":{"line":63,"column":44},"end":{"line":73,"column":5}},"line":63},"8":{"name":"(anonymous_8)","decl":{"start":{"line":64,"column":50},"end":{"line":64,"column":51}},"loc":{"start":{"line":64,"column":71},"end":{"line":72,"column":7}},"line":64},"9":{"name":"(anonymous_9)","decl":{"start":{"line":76,"column":2},"end":{"line":76,"column":3}},"loc":{"start":{"line":76,"column":37},"end":{"line":93,"column":3}},"line":76},"10":{"name":"(anonymous_10)","decl":{"start":{"line":79,"column":23},"end":{"line":79,"column":24}},"loc":{"start":{"line":79,"column":44},"end":{"line":92,"column":5}},"line":79},"11":{"name":"(anonymous_11)","decl":{"start":{"line":83,"column":56},"end":{"line":83,"column":57}},"loc":{"start":{"line":83,"column":77},"end":{"line":91,"column":7}},"line":83},"12":{"name":"(anonymous_12)","decl":{"start":{"line":95,"column":2},"end":{"line":95,"column":3}},"loc":{"start":{"line":95,"column":34},"end":{"line":105,"column":3}},"line":95},"13":{"name":"(anonymous_13)","decl":{"start":{"line":96,"column":23},"end":{"line":96,"column":24}},"loc":{"start":{"line":96,"column":44},"end":{"line":104,"column":5}},"line":96},"14":{"name":"(anonymous_14)","decl":{"start":{"line":97,"column":43},"end":{"line":97,"column":44}},"loc":{"start":{"line":97,"column":64},"end":{"line":103,"column":7}},"line":97},"15":{"name":"(anonymous_15)","decl":{"start":{"line":107,"column":2},"end":{"line":107,"column":3}},"loc":{"start":{"line":107,"column":43},"end":{"line":124,"column":3}},"line":107},"16":{"name":"(anonymous_16)","decl":{"start":{"line":110,"column":23},"end":{"line":110,"column":24}},"loc":{"start":{"line":110,"column":44},"end":{"line":123,"column":5}},"line":110},"17":{"name":"(anonymous_17)","decl":{"start":{"line":114,"column":80},"end":{"line":114,"column":81}},"loc":{"start":{"line":114,"column":101},"end":{"line":122,"column":7}},"line":114}},"branchMap":{"0":{"loc":{"start":{"line":20,"column":2},"end":{"line":20,"column":74}},"type":"binary-expr","locations":[{"start":{"line":20,"column":2},"end":{"line":20,"column":36}},{"start":{"line":20,"column":40},"end":{"line":20,"column":74}}],"line":20},"1":{"loc":{"start":{"line":26,"column":59},"end":{"line":26,"column":131}},"type":"binary-expr","locations":[{"start":{"line":26,"column":59},"end":{"line":26,"column":93}},{"start":{"line":26,"column":97},"end":{"line":26,"column":131}}],"line":26},"2":{"loc":{"start":{"line":34,"column":8},"end":{"line":43,"column":9}},"type":"if","locations":[{"start":{"line":34,"column":8},"end":{"line":43,"column":9}},{"start":{"line":40,"column":15},"end":{"line":43,"column":9}}],"line":34},"3":{"loc":{"start":{"line":51,"column":8},"end":{"line":57,"column":9}},"type":"if","locations":[{"start":{"line":51,"column":8},"end":{"line":57,"column":9}},{"start":{"line":54,"column":15},"end":{"line":57,"column":9}}],"line":51},"4":{"loc":{"start":{"line":65,"column":8},"end":{"line":71,"column":9}},"type":"if","locations":[{"start":{"line":65,"column":8},"end":{"line":71,"column":9}},{"start":{"line":68,"column":15},"end":{"line":71,"column":9}}],"line":65},"5":{"loc":{"start":{"line":84,"column":8},"end":{"line":90,"column":9}},"type":"if","locations":[{"start":{"line":84,"column":8},"end":{"line":90,"column":9}},{"start":{"line":87,"column":15},"end":{"line":90,"column":9}}],"line":84},"6":{"loc":{"start":{"line":98,"column":8},"end":{"line":102,"column":9}},"type":"if","locations":[{"start":{"line":98,"column":8},"end":{"line":102,"column":9}},{"start":{"line":100,"column":15},"end":{"line":102,"column":9}}],"line":98},"7":{"loc":{"start":{"line":115,"column":8},"end":{"line":121,"column":9}},"type":"if","locations":[{"start":{"line":115,"column":8},"end":{"line":121,"column":9}},{"start":{"line":118,"column":15},"end":{"line":121,"column":9}}],"line":115},"8":{"loc":{"start":{"line":120,"column":18},"end":{"line":120,"column":45}},"type":"binary-expr","locations":[{"start":{"line":120,"column":18},"end":{"line":120,"column":39}},{"start":{"line":120,"column":43},"end":{"line":120,"column":45}}],"line":120}},"s":{"0":3,"1":3,"2":3,"3":3,"4":3,"5":3,"6":3,"7":0,"8":0,"9":0,"10":0,"11":0,"12":0,"13":0,"14":0,"15":0,"16":0,"17":0,"18":0,"19":0,"20":0,"21":0,"22":0,"23":0,"24":0,"25":0,"26":0,"27":0,"28":0,"29":0,"30":0,"31":0,"32":0,"33":0,"34":0,"35":0,"36":0,"37":0,"38":0,"39":0,"40":0,"41":0,"42":0,"43":0,"44":0,"45":0,"46":0,"47":0,"48":0,"49":0,"50":0,"51":0,"52":0,"53":0,"54":0,"55":0,"56":0,"57":0,"58":0,"59":0,"60":3},"f":{"0":0,"1":0,"2":0,"3":0,"4":0,"5":0,"6":0,"7":0,"8":0,"9":0,"10":0,"11":0,"12":0,"13":0,"14":0,"15":0,"16":0,"17":0},"b":{"0":[3,0],"1":[0,0],"2":[0,0],"3":[0,0],"4":[0,0],"5":[0,0],"6":[0,0],"7":[0,0],"8":[0,0]},"_coverageSchema":"1a1c01bbd47fc00a2c39e90264f33305004495a9","hash":"2ad8cd2e1aadbb30f21552aea40482feaafe842c"}
,"/Users/johnchristophermcarrillo/Projects/terraflow-app/backend-landregistry/services/blockchain.js": {"path":"/Users/johnchristophermcarrillo/Projects/terraflow-app/backend-landregistry/services/blockchain.js","statementMap":{"0":{"start":{"line":1,"column":25},"end":{"line":1,"column":55}},"1":{"start":{"line":3,"column":29},"end":{"line":21,"column":1}},"2":{"start":{"line":4,"column":2},"end":{"line":20,"column":3}},"3":{"start":{"line":5,"column":4},"end":{"line":5,"column":75}},"4":{"start":{"line":8,"column":20},"end":{"line":8,"column":77}},"5":{"start":{"line":10,"column":4},"end":{"line":13,"column":5}},"6":{"start":{"line":11,"column":6},"end":{"line":11,"column":94}},"7":{"start":{"line":12,"column":6},"end":{"line":12,"column":21}},"8":{"start":{"line":15,"column":4},"end":{"line":15,"column":69}},"9":{"start":{"line":16,"column":4},"end":{"line":16,"column":14}},"10":{"start":{"line":18,"column":4},"end":{"line":18,"column":72}},"11":{"start":{"line":19,"column":4},"end":{"line":19,"column":14}},"12":{"start":{"line":23,"column":0},"end":{"line":27,"column":2}}},"fnMap":{"0":{"name":"(anonymous_0)","decl":{"start":{"line":3,"column":29},"end":{"line":3,"column":30}},"loc":{"start":{"line":3,"column":52},"end":{"line":21,"column":1}},"line":3}},"branchMap":{"0":{"loc":{"start":{"line":10,"column":4},"end":{"line":13,"column":5}},"type":"if","locations":[{"start":{"line":10,"column":4},"end":{"line":13,"column":5}},{"start":{},"end":{}}],"line":10},"1":{"loc":{"start":{"line":10,"column":8},"end":{"line":10,"column":37}},"type":"binary-expr","locations":[{"start":{"line":10,"column":8},"end":{"line":10,"column":15}},{"start":{"line":10,"column":19},"end":{"line":10,"column":37}}],"line":10}},"s":{"0":0,"1":0,"2":0,"3":0,"4":0,"5":0,"6":0,"7":0,"8":0,"9":0,"10":0,"11":0,"12":0},"f":{"0":0},"b":{"0":[0,0],"1":[0,0]}}
,"/Users/johnchristophermcarrillo/Projects/terraflow-app/backend-landregistry/services/consumer.js": {"path":"/Users/johnchristophermcarrillo/Projects/terraflow-app/backend-landregistry/services/consumer.js","statementMap":{"0":{"start":{"line":1,"column":17},"end":{"line":1,"column":45}},"1":{"start":{"line":2,"column":19},"end":{"line":2,"column":52}},"2":{"start":{"line":3,"column":17},"end":{"line":3,"column":48}},"3":{"start":{"line":4,"column":18},"end":{"line":4,"column":50}},"4":{"start":{"line":5,"column":17},"end":{"line":5,"column":48}},"5":{"start":{"line":6,"column":32},"end":{"line":6,"column":62}},"6":{"start":{"line":8,"column":23},"end":{"line":54,"column":1}},"7":{"start":{"line":9,"column":58},"end":{"line":9,"column":69}},"8":{"start":{"line":11,"column":2},"end":{"line":14,"column":3}},"9":{"start":{"line":12,"column":4},"end":{"line":12,"column":70}},"10":{"start":{"line":13,"column":4},"end":{"line":13,"column":53}},"11":{"start":{"line":16,"column":2},"end":{"line":53,"column":3}},"12":{"start":{"line":18,"column":6},"end":{"line":18,"column":81}},"13":{"start":{"line":19,"column":6},"end":{"line":19,"column":12}},"14":{"start":{"line":22,"column":6},"end":{"line":22,"column":56}},"15":{"start":{"line":23,"column":6},"end":{"line":23,"column":12}},"16":{"start":{"line":26,"column":6},"end":{"line":26,"column":54}},"17":{"start":{"line":27,"column":6},"end":{"line":27,"column":12}},"18":{"start":{"line":30,"column":6},"end":{"line":30,"column":58}},"19":{"start":{"line":31,"column":6},"end":{"line":31,"column":12}},"20":{"start":{"line":34,"column":6},"end":{"line":34,"column":59}},"21":{"start":{"line":35,"column":6},"end":{"line":35,"column":12}},"22":{"start":{"line":41,"column":6},"end":{"line":41,"column":49}},"23":{"start":{"line":42,"column":6},"end":{"line":42,"column":12}},"24":{"start":{"line":45,"column":6},"end":{"line":45,"column":61}},"25":{"start":{"line":46,"column":6},"end":{"line":46,"column":12}},"26":{"start":{"line":49,"column":6},"end":{"line":51,"column":7}},"27":{"start":{"line":50,"column":8},"end":{"line":50,"column":56}},"28":{"start":{"line":52,"column":6},"end":{"line":52,"column":12}},"29":{"start":{"line":56,"column":22},"end":{"line":63,"column":1}},"30":{"start":{"line":57,"column":2},"end":{"line":62,"column":3}},"31":{"start":{"line":58,"column":4},"end":{"line":58,"column":65}},"32":{"start":{"line":60,"column":4},"end":{"line":60,"column":61}},"33":{"start":{"line":61,"column":4},"end":{"line":61,"column":37}},"34":{"start":{"line":65,"column":0},"end":{"line":65,"column":35}}},"fnMap":{"0":{"name":"(anonymous_0)","decl":{"start":{"line":8,"column":23},"end":{"line":8,"column":24}},"loc":{"start":{"line":8,"column":46},"end":{"line":54,"column":1}},"line":8},"1":{"name":"(anonymous_1)","decl":{"start":{"line":56,"column":22},"end":{"line":56,"column":23}},"loc":{"start":{"line":56,"column":34},"end":{"line":63,"column":1}},"line":56}},"branchMap":{"0":{"loc":{"start":{"line":11,"column":2},"end":{"line":14,"column":3}},"type":"if","locations":[{"start":{"line":11,"column":2},"end":{"line":14,"column":3}},{"start":{},"end":{}}],"line":11},"1":{"loc":{"start":{"line":16,"column":2},"end":{"line":53,"column":3}},"type":"switch","locations":[{"start":{"line":17,"column":4},"end":{"line":19,"column":12}},{"start":{"line":21,"column":4},"end":{"line":23,"column":12}},{"start":{"line":25,"column":4},"end":{"line":27,"column":12}},{"start":{"line":29,"column":4},"end":{"line":31,"column":12}},{"start":{"line":33,"column":4},"end":{"line":35,"column":12}},{"start":{"line":37,"column":4},"end":{"line":37,"column":27}},{"start":{"line":38,"column":4},"end":{"line":38,"column":28}},{"start":{"line":39,"column":4},"end":{"line":39,"column":30}},{"start":{"line":40,"column":4},"end":{"line":42,"column":12}},{"start":{"line":44,"column":4},"end":{"line":46,"column":12}},{"start":{"line":48,"column":4},"end":{"line":52,"column":12}}],"line":16},"2":{"loc":{"start":{"line":49,"column":6},"end":{"line":51,"column":7}},"type":"if","locations":[{"start":{"line":49,"column":6},"end":{"line":51,"column":7}},{"start":{},"end":{}}],"line":49}},"s":{"0":0,"1":0,"2":0,"3":0,"4":0,"5":0,"6":0,"7":0,"8":0,"9":0,"10":0,"11":0,"12":0,"13":0,"14":0,"15":0,"16":0,"17":0,"18":0,"19":0,"20":0,"21":0,"22":0,"23":0,"24":0,"25":0,"26":0,"27":0,"28":0,"29":0,"30":0,"31":0,"32":0,"33":0,"34":0},"f":{"0":0,"1":0},"b":{"0":[0,0],"1":[0,0,0,0,0,0,0,0,0,0,0],"2":[0,0]}}
,"/Users/johnchristophermcarrillo/Projects/terraflow-app/backend-landregistry/services/landtitles.js": {"path":"/Users/johnchristophermcarrillo/Projects/terraflow-app/backend-landregistry/services/landtitles.js","statementMap":{"0":{"start":{"line":1,"column":17},"end":{"line":1,"column":40}},"1":{"start":{"line":2,"column":17},"end":{"line":2,"column":45}},"2":{"start":{"line":3,"column":49},"end":{"line":3,"column":79}},"3":{"start":{"line":4,"column":24},"end":{"line":4,"column":56}},"4":{"start":{"line":5,"column":40},"end":{"line":5,"column":70}},"5":{"start":{"line":7,"column":26},"end":{"line":76,"column":1}},"6":{"start":{"line":8,"column":68},"end":{"line":8,"column":79}},"7":{"start":{"line":10,"column":2},"end":{"line":10,"column":52}},"8":{"start":{"line":11,"column":2},"end":{"line":11,"column":51}},"9":{"start":{"line":12,"column":2},"end":{"line":12,"column":60}},"10":{"start":{"line":13,"column":2},"end":{"line":13,"column":79}},"11":{"start":{"line":15,"column":2},"end":{"line":75,"column":3}},"12":{"start":{"line":16,"column":32},"end":{"line":16,"column":64}},"13":{"start":{"line":17,"column":26},"end":{"line":17,"column":78}},"14":{"start":{"line":19,"column":19},"end":{"line":19,"column":69}},"15":{"start":{"line":20,"column":4},"end":{"line":23,"column":5}},"16":{"start":{"line":21,"column":6},"end":{"line":21,"column":82}},"17":{"start":{"line":22,"column":6},"end":{"line":22,"column":95}},"18":{"start":{"line":26,"column":24},"end":{"line":35,"column":5}},"19":{"start":{"line":37,"column":19},"end":{"line":55,"column":6}},"20":{"start":{"line":57,"column":22},"end":{"line":57,"column":36}},"21":{"start":{"line":59,"column":4},"end":{"line":65,"column":7}},"22":{"start":{"line":67,"column":4},"end":{"line":67,"column":75}},"23":{"start":{"line":68,"column":4},"end":{"line":68,"column":59}},"24":{"start":{"line":69,"column":4},"end":{"line":69,"column":106}},"25":{"start":{"line":71,"column":4},"end":{"line":71,"column":21}},"26":{"start":{"line":74,"column":4},"end":{"line":74,"column":16}},"27":{"start":{"line":78,"column":25},"end":{"line":88,"column":1}},"28":{"start":{"line":79,"column":2},"end":{"line":87,"column":3}},"29":{"start":{"line":80,"column":18},"end":{"line":80,"column":70}},"30":{"start":{"line":81,"column":19},"end":{"line":81,"column":42}},"31":{"start":{"line":82,"column":4},"end":{"line":82,"column":66}},"32":{"start":{"line":83,"column":4},"end":{"line":83,"column":23}},"33":{"start":{"line":85,"column":4},"end":{"line":85,"column":66}},"34":{"start":{"line":86,"column":4},"end":{"line":86,"column":16}},"35":{"start":{"line":90,"column":25},"end":{"line":101,"column":1}},"36":{"start":{"line":91,"column":2},"end":{"line":100,"column":3}},"37":{"start":{"line":92,"column":18},"end":{"line":92,"column":59}},"38":{"start":{"line":93,"column":19},"end":{"line":93,"column":48}},"39":{"start":{"line":94,"column":18},"end":{"line":94,"column":32}},"40":{"start":{"line":95,"column":4},"end":{"line":95,"column":73}},"41":{"start":{"line":96,"column":4},"end":{"line":96,"column":25}},"42":{"start":{"line":98,"column":4},"end":{"line":98,"column":67}},"43":{"start":{"line":99,"column":4},"end":{"line":99,"column":16}},"44":{"start":{"line":103,"column":0},"end":{"line":107,"column":2}}},"fnMap":{"0":{"name":"(anonymous_0)","decl":{"start":{"line":7,"column":26},"end":{"line":7,"column":27}},"loc":{"start":{"line":7,"column":49},"end":{"line":76,"column":1}},"line":7},"1":{"name":"(anonymous_1)","decl":{"start":{"line":78,"column":25},"end":{"line":78,"column":26}},"loc":{"start":{"line":78,"column":37},"end":{"line":88,"column":1}},"line":78},"2":{"name":"(anonymous_2)","decl":{"start":{"line":90,"column":25},"end":{"line":90,"column":26}},"loc":{"start":{"line":90,"column":39},"end":{"line":101,"column":1}},"line":90}},"branchMap":{"0":{"loc":{"start":{"line":20,"column":4},"end":{"line":23,"column":5}},"type":"if","locations":[{"start":{"line":20,"column":4},"end":{"line":23,"column":5}},{"start":{},"end":{}}],"line":20},"1":{"loc":{"start":{"line":69,"column":60},"end":{"line":69,"column":96}},"type":"cond-expr","locations":[{"start":{"line":69,"column":74},"end":{"line":69,"column":92}},{"start":{"line":69,"column":95},"end":{"line":69,"column":96}}],"line":69},"2":{"loc":{"start":{"line":95,"column":40},"end":{"line":95,"column":69}},"type":"cond-expr","locations":[{"start":{"line":95,"column":48},"end":{"line":95,"column":55}},{"start":{"line":95,"column":58},"end":{"line":95,"column":69}}],"line":95},"3":{"loc":{"start":{"line":96,"column":11},"end":{"line":96,"column":24}},"type":"binary-expr","locations":[{"start":{"line":96,"column":11},"end":{"line":96,"column":16}},{"start":{"line":96,"column":20},"end":{"line":96,"column":24}}],"line":96}},"s":{"0":1,"1":1,"2":1,"3":1,"4":1,"5":1,"6":7,"7":7,"8":7,"9":7,"10":7,"11":7,"12":7,"13":7,"14":6,"15":6,"16":1,"17":1,"18":5,"19":5,"20":5,"21":5,"22":5,"23":5,"24":5,"25":5,"26":2,"27":1,"28":0,"29":0,"30":0,"31":0,"32":0,"33":0,"34":0,"35":1,"36":2,"37":2,"38":2,"39":2,"40":2,"41":2,"42":0,"43":0,"44":1},"f":{"0":7,"1":0,"2":2},"b":{"0":[1,5],"1":[1,4],"2":[2,0],"3":[2,0]},"_coverageSchema":"1a1c01bbd47fc00a2c39e90264f33305004495a9","hash":"6d75ffebfac8ebbb532a08f3af7b89919b8a627d"}
,"/Users/johnchristophermcarrillo/Projects/terraflow-app/backend-landregistry/services/payments.js": {"path":"/Users/johnchristophermcarrillo/Projects/terraflow-app/backend-landregistry/services/payments.js","statementMap":{"0":{"start":{"line":1,"column":17},"end":{"line":1,"column":40}},"1":{"start":{"line":2,"column":27},"end":{"line":2,"column":57}},"2":{"start":{"line":3,"column":17},"end":{"line":3,"column":45}},"3":{"start":{"line":4,"column":25},"end":{"line":4,"column":55}},"4":{"start":{"line":5,"column":27},"end":{"line":5,"column":59}},"5":{"start":{"line":8,"column":20},"end":{"line":13,"column":1}},"6":{"start":{"line":9,"column":2},"end":{"line":11,"column":3}},"7":{"start":{"line":10,"column":4},"end":{"line":10,"column":62}},"8":{"start":{"line":12,"column":2},"end":{"line":12,"column":30}},"9":{"start":{"line":15,"column":22},"end":{"line":27,"column":1}},"10":{"start":{"line":16,"column":20},"end":{"line":25,"column":4}},"11":{"start":{"line":18,"column":21},"end":{"line":21,"column":7}},"12":{"start":{"line":22,"column":6},"end":{"line":22,"column":70}},"13":{"start":{"line":23,"column":6},"end":{"line":23,"column":28}},"14":{"start":{"line":26,"column":2},"end":{"line":26,"column":17}},"15":{"start":{"line":29,"column":23},"end":{"line":60,"column":1}},"16":{"start":{"line":31,"column":20},"end":{"line":45,"column":4}},"17":{"start":{"line":33,"column":21},"end":{"line":36,"column":7}},"18":{"start":{"line":38,"column":6},"end":{"line":40,"column":7}},"19":{"start":{"line":39,"column":8},"end":{"line":39,"column":45}},"20":{"start":{"line":42,"column":6},"end":{"line":42,"column":55}},"21":{"start":{"line":43,"column":6},"end":{"line":43,"column":28}},"22":{"start":{"line":48,"column":18},"end":{"line":54,"column":3}},"23":{"start":{"line":56,"column":2},"end":{"line":56,"column":63}},"24":{"start":{"line":57,"column":2},"end":{"line":57,"column":89}},"25":{"start":{"line":59,"column":2},"end":{"line":59,"column":17}},"26":{"start":{"line":62,"column":28},"end":{"line":132,"column":1}},"27":{"start":{"line":63,"column":35},"end":{"line":63,"column":46}},"28":{"start":{"line":65,"column":2},"end":{"line":131,"column":3}},"29":{"start":{"line":66,"column":4},"end":{"line":66,"column":44}},"30":{"start":{"line":69,"column":28},"end":{"line":69,"column":79}},"31":{"start":{"line":70,"column":26},"end":{"line":70,"column":75}},"32":{"start":{"line":72,"column":4},"end":{"line":74,"column":5}},"33":{"start":{"line":73,"column":6},"end":{"line":73,"column":63}},"34":{"start":{"line":76,"column":29},"end":{"line":76,"column":50}},"35":{"start":{"line":77,"column":22},"end":{"line":77,"column":45}},"36":{"start":{"line":79,"column":4},"end":{"line":79,"column":66}},"37":{"start":{"line":82,"column":21},"end":{"line":90,"column":6}},"38":{"start":{"line":84,"column":29},"end":{"line":87,"column":9}},"39":{"start":{"line":88,"column":8},"end":{"line":88,"column":28}},"40":{"start":{"line":92,"column":4},"end":{"line":112,"column":5}},"41":{"start":{"line":93,"column":24},"end":{"line":93,"column":38}},"42":{"start":{"line":94,"column":6},"end":{"line":94,"column":101}},"43":{"start":{"line":97,"column":6},"end":{"line":97,"column":101}},"44":{"start":{"line":99,"column":6},"end":{"line":99,"column":23}},"45":{"start":{"line":101,"column":6},"end":{"line":101,"column":75}},"46":{"start":{"line":103,"column":27},"end":{"line":108,"column":7}},"47":{"start":{"line":110,"column":6},"end":{"line":110,"column":67}},"48":{"start":{"line":111,"column":6},"end":{"line":111,"column":18}},"49":{"start":{"line":115,"column":4},"end":{"line":115,"column":68}},"50":{"start":{"line":117,"column":4},"end":{"line":128,"column":5}},"51":{"start":{"line":118,"column":27},"end":{"line":123,"column":7}},"52":{"start":{"line":125,"column":6},"end":{"line":125,"column":67}},"53":{"start":{"line":127,"column":6},"end":{"line":127,"column":80}},"54":{"start":{"line":130,"column":4},"end":{"line":130,"column":16}},"55":{"start":{"line":134,"column":35},"end":{"line":327,"column":1}},"56":{"start":{"line":135,"column":2},"end":{"line":326,"column":3}},"57":{"start":{"line":136,"column":4},"end":{"line":322,"column":5}},"58":{"start":{"line":138,"column":8},"end":{"line":259,"column":9}},"59":{"start":{"line":140,"column":10},"end":{"line":197,"column":11}},"60":{"start":{"line":141,"column":12},"end":{"line":141,"column":97}},"61":{"start":{"line":143,"column":40},"end":{"line":152,"column":13}},"62":{"start":{"line":154,"column":12},"end":{"line":154,"column":81}},"63":{"start":{"line":156,"column":41},"end":{"line":156,"column":103}},"64":{"start":{"line":158,"column":12},"end":{"line":158,"column":83}},"65":{"start":{"line":160,"column":12},"end":{"line":174,"column":13}},"66":{"start":{"line":161,"column":14},"end":{"line":161,"column":88}},"67":{"start":{"line":162,"column":14},"end":{"line":162,"column":90}},"68":{"start":{"line":165,"column":39},"end":{"line":165,"column":74}},"69":{"start":{"line":167,"column":14},"end":{"line":173,"column":15}},"70":{"start":{"line":168,"column":16},"end":{"line":171,"column":18}},"71":{"start":{"line":172,"column":16},"end":{"line":172,"column":79}},"72":{"start":{"line":177,"column":12},"end":{"line":177,"column":100}},"73":{"start":{"line":180,"column":12},"end":{"line":183,"column":14}},"74":{"start":{"line":184,"column":12},"end":{"line":184,"column":89}},"75":{"start":{"line":187,"column":36},"end":{"line":192,"column":13}},"76":{"start":{"line":194,"column":12},"end":{"line":194,"column":76}},"77":{"start":{"line":195,"column":12},"end":{"line":195,"column":96}},"78":{"start":{"line":196,"column":12},"end":{"line":196,"column":19}},"79":{"start":{"line":200,"column":10},"end":{"line":258,"column":11}},"80":{"start":{"line":201,"column":12},"end":{"line":201,"column":110}},"81":{"start":{"line":204,"column":12},"end":{"line":206,"column":13}},"82":{"start":{"line":205,"column":14},"end":{"line":205,"column":88}},"83":{"start":{"line":208,"column":38},"end":{"line":216,"column":13}},"84":{"start":{"line":218,"column":39},"end":{"line":218,"column":96}},"85":{"start":{"line":220,"column":12},"end":{"line":235,"column":13}},"86":{"start":{"line":221,"column":14},"end":{"line":221,"column":84}},"87":{"start":{"line":222,"column":14},"end":{"line":222,"column":75}},"88":{"start":{"line":224,"column":37},"end":{"line":224,"column":70}},"89":{"start":{"line":226,"column":14},"end":{"line":232,"column":15}},"90":{"start":{"line":227,"column":16},"end":{"line":230,"column":18}},"91":{"start":{"line":231,"column":16},"end":{"line":231,"column":75}},"92":{"start":{"line":234,"column":14},"end":{"line":234,"column":92}},"93":{"start":{"line":238,"column":12},"end":{"line":238,"column":87}},"94":{"start":{"line":241,"column":12},"end":{"line":244,"column":14}},"95":{"start":{"line":245,"column":12},"end":{"line":245,"column":87}},"96":{"start":{"line":248,"column":36},"end":{"line":253,"column":13}},"97":{"start":{"line":255,"column":12},"end":{"line":255,"column":76}},"98":{"start":{"line":256,"column":12},"end":{"line":256,"column":96}},"99":{"start":{"line":257,"column":12},"end":{"line":257,"column":19}},"100":{"start":{"line":262,"column":27},"end":{"line":269,"column":7}},"101":{"start":{"line":271,"column":6},"end":{"line":271,"column":67}},"102":{"start":{"line":272,"column":11},"end":{"line":322,"column":5}},"103":{"start":{"line":274,"column":6},"end":{"line":310,"column":7}},"104":{"start":{"line":275,"column":8},"end":{"line":275,"column":119}},"105":{"start":{"line":277,"column":36},"end":{"line":285,"column":9}},"106":{"start":{"line":287,"column":8},"end":{"line":287,"column":77}},"107":{"start":{"line":289,"column":37},"end":{"line":289,"column":99}},"108":{"start":{"line":291,"column":8},"end":{"line":291,"column":79}},"109":{"start":{"line":293,"column":8},"end":{"line":306,"column":9}},"110":{"start":{"line":294,"column":10},"end":{"line":294,"column":83}},"111":{"start":{"line":295,"column":10},"end":{"line":295,"column":85}},"112":{"start":{"line":297,"column":35},"end":{"line":297,"column":70}},"113":{"start":{"line":299,"column":10},"end":{"line":305,"column":11}},"114":{"start":{"line":300,"column":12},"end":{"line":303,"column":14}},"115":{"start":{"line":304,"column":12},"end":{"line":304,"column":75}},"116":{"start":{"line":309,"column":8},"end":{"line":309,"column":96}},"117":{"start":{"line":312,"column":27},"end":{"line":319,"column":7}},"118":{"start":{"line":321,"column":6},"end":{"line":321,"column":67}},"119":{"start":{"line":325,"column":4},"end":{"line":325,"column":78}},"120":{"start":{"line":329,"column":0},"end":{"line":333,"column":2}}},"fnMap":{"0":{"name":"(anonymous_0)","decl":{"start":{"line":8,"column":20},"end":{"line":8,"column":21}},"loc":{"start":{"line":8,"column":32},"end":{"line":13,"column":1}},"line":8},"1":{"name":"(anonymous_1)","decl":{"start":{"line":15,"column":22},"end":{"line":15,"column":23}},"loc":{"start":{"line":15,"column":45},"end":{"line":27,"column":1}},"line":15},"2":{"name":"(anonymous_2)","decl":{"start":{"line":17,"column":4},"end":{"line":17,"column":5}},"loc":{"start":{"line":17,"column":22},"end":{"line":24,"column":5}},"line":17},"3":{"name":"(anonymous_3)","decl":{"start":{"line":29,"column":23},"end":{"line":29,"column":24}},"loc":{"start":{"line":29,"column":44},"end":{"line":60,"column":1}},"line":29},"4":{"name":"(anonymous_4)","decl":{"start":{"line":32,"column":4},"end":{"line":32,"column":5}},"loc":{"start":{"line":32,"column":22},"end":{"line":44,"column":5}},"line":32},"5":{"name":"(anonymous_5)","decl":{"start":{"line":62,"column":28},"end":{"line":62,"column":29}},"loc":{"start":{"line":62,"column":51},"end":{"line":132,"column":1}},"line":62},"6":{"name":"(anonymous_6)","decl":{"start":{"line":83,"column":6},"end":{"line":83,"column":7}},"loc":{"start":{"line":83,"column":24},"end":{"line":89,"column":7}},"line":83},"7":{"name":"(anonymous_7)","decl":{"start":{"line":134,"column":35},"end":{"line":134,"column":36}},"loc":{"start":{"line":134,"column":107},"end":{"line":327,"column":1}},"line":134}},"branchMap":{"0":{"loc":{"start":{"line":9,"column":2},"end":{"line":11,"column":3}},"type":"if","locations":[{"start":{"line":9,"column":2},"end":{"line":11,"column":3}},{"start":{},"end":{}}],"line":9},"1":{"loc":{"start":{"line":38,"column":6},"end":{"line":40,"column":7}},"type":"if","locations":[{"start":{"line":38,"column":6},"end":{"line":40,"column":7}},{"start":{},"end":{}}],"line":38},"2":{"loc":{"start":{"line":72,"column":4},"end":{"line":74,"column":5}},"type":"if","locations":[{"start":{"line":72,"column":4},"end":{"line":74,"column":5}},{"start":{},"end":{}}],"line":72},"3":{"loc":{"start":{"line":92,"column":4},"end":{"line":112,"column":5}},"type":"if","locations":[{"start":{"line":92,"column":4},"end":{"line":112,"column":5}},{"start":{"line":100,"column":11},"end":{"line":112,"column":5}}],"line":92},"4":{"loc":{"start":{"line":136,"column":4},"end":{"line":322,"column":5}},"type":"if","locations":[{"start":{"line":136,"column":4},"end":{"line":322,"column":5}},{"start":{"line":272,"column":11},"end":{"line":322,"column":5}}],"line":136},"5":{"loc":{"start":{"line":138,"column":8},"end":{"line":259,"column":9}},"type":"if","locations":[{"start":{"line":138,"column":8},"end":{"line":259,"column":9}},{"start":{"line":198,"column":15},"end":{"line":259,"column":9}}],"line":138},"6":{"loc":{"start":{"line":160,"column":12},"end":{"line":174,"column":13}},"type":"if","locations":[{"start":{"line":160,"column":12},"end":{"line":174,"column":13}},{"start":{},"end":{}}],"line":160},"7":{"loc":{"start":{"line":167,"column":14},"end":{"line":173,"column":15}},"type":"if","locations":[{"start":{"line":167,"column":14},"end":{"line":173,"column":15}},{"start":{},"end":{}}],"line":167},"8":{"loc":{"start":{"line":204,"column":12},"end":{"line":206,"column":13}},"type":"if","locations":[{"start":{"line":204,"column":12},"end":{"line":206,"column":13}},{"start":{},"end":{}}],"line":204},"9":{"loc":{"start":{"line":204,"column":16},"end":{"line":204,"column":53}},"type":"binary-expr","locations":[{"start":{"line":204,"column":16},"end":{"line":204,"column":26}},{"start":{"line":204,"column":30},"end":{"line":204,"column":53}}],"line":204},"10":{"loc":{"start":{"line":220,"column":12},"end":{"line":235,"column":13}},"type":"if","locations":[{"start":{"line":220,"column":12},"end":{"line":235,"column":13}},{"start":{"line":233,"column":19},"end":{"line":235,"column":13}}],"line":220},"11":{"loc":{"start":{"line":226,"column":14},"end":{"line":232,"column":15}},"type":"if","locations":[{"start":{"line":226,"column":14},"end":{"line":232,"column":15}},{"start":{},"end":{}}],"line":226},"12":{"loc":{"start":{"line":272,"column":11},"end":{"line":322,"column":5}},"type":"if","locations":[{"start":{"line":272,"column":11},"end":{"line":322,"column":5}},{"start":{},"end":{}}],"line":272},"13":{"loc":{"start":{"line":272,"column":15},"end":{"line":272,"column":61}},"type":"binary-expr","locations":[{"start":{"line":272,"column":15},"end":{"line":272,"column":35}},{"start":{"line":272,"column":39},"end":{"line":272,"column":61}}],"line":272},"14":{"loc":{"start":{"line":293,"column":8},"end":{"line":306,"column":9}},"type":"if","locations":[{"start":{"line":293,"column":8},"end":{"line":306,"column":9}},{"start":{},"end":{}}],"line":293},"15":{"loc":{"start":{"line":299,"column":10},"end":{"line":305,"column":11}},"type":"if","locations":[{"start":{"line":299,"column":10},"end":{"line":305,"column":11}},{"start":{},"end":{}}],"line":299}},"s":{"0":2,"1":2,"2":2,"3":2,"4":2,"5":2,"6":0,"7":0,"8":0,"9":2,"10":1,"11":0,"12":0,"13":0,"14":1,"15":2,"16":3,"17":3,"18":3,"19":1,"20":2,"21":2,"22":2,"23":2,"24":2,"25":2,"26":2,"27":15,"28":15,"29":15,"30":15,"31":15,"32":15,"33":1,"34":14,"35":14,"36":14,"37":14,"38":14,"39":14,"40":14,"41":13,"42":13,"43":13,"44":13,"45":1,"46":1,"47":1,"48":1,"49":1,"50":1,"51":1,"52":1,"53":0,"54":1,"55":2,"56":13,"57":13,"58":9,"59":3,"60":3,"61":3,"62":3,"63":3,"64":2,"65":2,"66":2,"67":2,"68":2,"69":2,"70":2,"71":2,"72":1,"73":1,"74":1,"75":1,"76":1,"77":1,"78":1,"79":6,"80":6,"81":6,"82":0,"83":6,"84":6,"85":5,"86":5,"87":5,"88":5,"89":5,"90":5,"91":5,"92":0,"93":1,"94":1,"95":1,"96":1,"97":1,"98":1,"99":1,"100":7,"101":7,"102":4,"103":4,"104":4,"105":4,"106":4,"107":4,"108":4,"109":4,"110":4,"111":4,"112":4,"113":4,"114":4,"115":4,"116":0,"117":4,"118":4,"119":0,"120":2},"f":{"0":0,"1":1,"2":0,"3":3,"4":3,"5":15,"6":14,"7":13},"b":{"0":[0,0],"1":[1,2],"2":[1,14],"3":[13,1],"4":[9,4],"5":[3,6],"6":[2,0],"7":[2,0],"8":[0,6],"9":[6,6],"10":[5,0],"11":[5,0],"12":[4,0],"13":[4,4],"14":[4,0],"15":[4,0]},"_coverageSchema":"1a1c01bbd47fc00a2c39e90264f33305004495a9","hash":"c299046d2f04d1659d4341f85f813e397631d1d8"}
,"/Users/johnchristophermcarrillo/Projects/terraflow-app/backend-landregistry/services/rollback.js": {"path":"/Users/johnchristophermcarrillo/Projects/terraflow-app/backend-landregistry/services/rollback.js","statementMap":{"0":{"start":{"line":1,"column":17},"end":{"line":1,"column":40}},"1":{"start":{"line":2,"column":17},"end":{"line":2,"column":45}},"2":{"start":{"line":3,"column":40},"end":{"line":3,"column":70}},"3":{"start":{"line":6,"column":44},"end":{"line":6,"column":55}},"4":{"start":{"line":8,"column":2},"end":{"line":28,"column":3}},"5":{"start":{"line":9,"column":4},"end":{"line":9,"column":77}},"6":{"start":{"line":12,"column":4},"end":{"line":12,"column":79}},"7":{"start":{"line":13,"column":4},"end":{"line":13,"column":73}},"8":{"start":{"line":16,"column":4},"end":{"line":21,"column":7}},"9":{"start":{"line":23,"column":4},"end":{"line":23,"column":97}},"10":{"start":{"line":26,"column":4},"end":{"line":26,"column":74}},"11":{"start":{"line":27,"column":4},"end":{"line":27,"column":16}},"12":{"start":{"line":32,"column":36},"end":{"line":32,"column":47}},"13":{"start":{"line":34,"column":2},"end":{"line":51,"column":3}},"14":{"start":{"line":35,"column":4},"end":{"line":35,"column":75}},"15":{"start":{"line":38,"column":18},"end":{"line":41,"column":5}},"16":{"start":{"line":43,"column":4},"end":{"line":43,"column":45}},"17":{"start":{"line":45,"column":4},"end":{"line":45,"column":73}},"18":{"start":{"line":46,"column":4},"end":{"line":46,"column":49}},"19":{"start":{"line":49,"column":4},"end":{"line":49,"column":87}},"20":{"start":{"line":50,"column":4},"end":{"line":50,"column":16}},"21":{"start":{"line":54,"column":0},"end":{"line":57,"column":2}}},"fnMap":{"0":{"name":"processDocumentFailed","decl":{"start":{"line":5,"column":15},"end":{"line":5,"column":36}},"loc":{"start":{"line":5,"column":50},"end":{"line":29,"column":1}},"line":5},"1":{"name":"processRollbackTransaction","decl":{"start":{"line":31,"column":15},"end":{"line":31,"column":41}},"loc":{"start":{"line":31,"column":55},"end":{"line":52,"column":1}},"line":31}},"branchMap":{},"s":{"0":0,"1":0,"2":0,"3":0,"4":0,"5":0,"6":0,"7":0,"8":0,"9":0,"10":0,"11":0,"12":0,"13":0,"14":0,"15":0,"16":0,"17":0,"18":0,"19":0,"20":0,"21":0},"f":{"0":0,"1":0},"b":{}}
,"/Users/johnchristophermcarrillo/Projects/terraflow-app/backend-landregistry/services/transaction-manager.js": {"path":"/Users/johnchristophermcarrillo/Projects/terraflow-app/backend-landregistry/services/transaction-manager.js","statementMap":{"0":{"start":{"line":1,"column":17},"end":{"line":1,"column":40}},"1":{"start":{"line":5,"column":4},"end":{"line":7,"column":5}},"2":{"start":{"line":6,"column":6},"end":{"line":6,"column":64}},"3":{"start":{"line":9,"column":19},"end":{"line":9,"column":39}},"4":{"start":{"line":11,"column":4},"end":{"line":31,"column":5}},"5":{"start":{"line":12,"column":6},"end":{"line":12,"column":42}},"6":{"start":{"line":13,"column":6},"end":{"line":13,"column":34}},"7":{"start":{"line":15,"column":22},"end":{"line":15,"column":24}},"8":{"start":{"line":16,"column":6},"end":{"line":19,"column":7}},"9":{"start":{"line":17,"column":23},"end":{"line":17,"column":46}},"10":{"start":{"line":18,"column":8},"end":{"line":18,"column":29}},"11":{"start":{"line":21,"column":6},"end":{"line":21,"column":42}},"12":{"start":{"line":22,"column":6},"end":{"line":22,"column":35}},"13":{"start":{"line":23,"column":6},"end":{"line":23,"column":21}},"14":{"start":{"line":26,"column":6},"end":{"line":26,"column":60}},"15":{"start":{"line":27,"column":6},"end":{"line":27,"column":37}},"16":{"start":{"line":28,"column":6},"end":{"line":28,"column":18}},"17":{"start":{"line":30,"column":6},"end":{"line":30,"column":23}},"18":{"start":{"line":35,"column":26},"end":{"line":35,"column":28}},"19":{"start":{"line":37,"column":4},"end":{"line":54,"column":5}},"20":{"start":{"line":38,"column":6},"end":{"line":43,"column":7}},"21":{"start":{"line":39,"column":23},"end":{"line":39,"column":43}},"22":{"start":{"line":40,"column":8},"end":{"line":42,"column":9}},"23":{"start":{"line":41,"column":10},"end":{"line":41,"column":46}},"24":{"start":{"line":45,"column":6},"end":{"line":45,"column":48}},"25":{"start":{"line":46,"column":6},"end":{"line":52,"column":7}},"26":{"start":{"line":47,"column":8},"end":{"line":51,"column":9}},"27":{"start":{"line":48,"column":10},"end":{"line":48,"column":29}},"28":{"start":{"line":50,"column":10},"end":{"line":50,"column":69}},"29":{"start":{"line":53,"column":6},"end":{"line":53,"column":18}},"30":{"start":{"line":58,"column":0},"end":{"line":58,"column":42}}},"fnMap":{"0":{"name":"(anonymous_0)","decl":{"start":{"line":4,"column":2},"end":{"line":4,"column":3}},"loc":{"start":{"line":4,"column":43},"end":{"line":32,"column":3}},"line":4},"1":{"name":"(anonymous_1)","decl":{"start":{"line":34,"column":2},"end":{"line":34,"column":3}},"loc":{"start":{"line":34,"column":31},"end":{"line":55,"column":3}},"line":34}},"branchMap":{"0":{"loc":{"start":{"line":5,"column":4},"end":{"line":7,"column":5}},"type":"if","locations":[{"start":{"line":5,"column":4},"end":{"line":7,"column":5}},{"start":{},"end":{}}],"line":5},"1":{"loc":{"start":{"line":5,"column":8},"end":{"line":5,"column":51}},"type":"binary-expr","locations":[{"start":{"line":5,"column":8},"end":{"line":5,"column":13}},{"start":{"line":5,"column":17},"end":{"line":5,"column":51}}],"line":5},"2":{"loc":{"start":{"line":40,"column":8},"end":{"line":42,"column":9}},"type":"if","locations":[{"start":{"line":40,"column":8},"end":{"line":42,"column":9}},{"start":{},"end":{}}],"line":40}},"s":{"0":2,"1":0,"2":0,"3":0,"4":0,"5":0,"6":0,"7":0,"8":0,"9":0,"10":0,"11":0,"12":0,"13":0,"14":0,"15":0,"16":0,"17":0,"18":0,"19":0,"20":0,"21":0,"22":0,"23":0,"24":0,"25":0,"26":0,"27":0,"28":0,"29":0,"30":2},"f":{"0":0,"1":0},"b":{"0":[0,0],"1":[0,0],"2":[0,0]},"_coverageSchema":"1a1c01bbd47fc00a2c39e90264f33305004495a9","hash":"8e9da89e19866e47cb9f1ef92ad6d8b44142e48d"}
,"/Users/johnchristophermcarrillo/Projects/terraflow-app/backend-landregistry/services/transfers.js": {"path":"/Users/johnchristophermcarrillo/Projects/terraflow-app/backend-landregistry/services/transfers.js","statementMap":{"0":{"start":{"line":1,"column":17},"end":{"line":1,"column":40}},"1":{"start":{"line":2,"column":27},"end":{"line":2,"column":57}},"2":{"start":{"line":3,"column":25},"end":{"line":3,"column":55}},"3":{"start":{"line":4,"column":17},"end":{"line":4,"column":45}},"4":{"start":{"line":6,"column":23},"end":{"line":69,"column":1}},"5":{"start":{"line":7,"column":2},"end":{"line":68,"column":3}},"6":{"start":{"line":9,"column":23},"end":{"line":12,"column":5}},"7":{"start":{"line":14,"column":4},"end":{"line":16,"column":5}},"8":{"start":{"line":15,"column":6},"end":{"line":15,"column":60}},"9":{"start":{"line":19,"column":29},"end":{"line":22,"column":5}},"10":{"start":{"line":24,"column":4},"end":{"line":27,"column":5}},"11":{"start":{"line":25,"column":23},"end":{"line":25,"column":47}},"12":{"start":{"line":26,"column":6},"end":{"line":26,"column":136}},"13":{"start":{"line":29,"column":22},"end":{"line":29,"column":40}},"14":{"start":{"line":32,"column":23},"end":{"line":32,"column":70}},"15":{"start":{"line":35,"column":19},"end":{"line":57,"column":5}},"16":{"start":{"line":59,"column":21},"end":{"line":59,"column":35}},"17":{"start":{"line":60,"column":4},"end":{"line":60,"column":66}},"18":{"start":{"line":61,"column":4},"end":{"line":61,"column":61}},"19":{"start":{"line":62,"column":4},"end":{"line":62,"column":94}},"20":{"start":{"line":64,"column":4},"end":{"line":64,"column":20}},"21":{"start":{"line":66,"column":4},"end":{"line":66,"column":62}},"22":{"start":{"line":67,"column":4},"end":{"line":67,"column":16}},"23":{"start":{"line":71,"column":24},"end":{"line":86,"column":1}},"24":{"start":{"line":72,"column":2},"end":{"line":85,"column":3}},"25":{"start":{"line":73,"column":18},"end":{"line":78,"column":5}},"26":{"start":{"line":79,"column":19},"end":{"line":79,"column":42}},"27":{"start":{"line":80,"column":4},"end":{"line":80,"column":64}},"28":{"start":{"line":81,"column":4},"end":{"line":81,"column":23}},"29":{"start":{"line":83,"column":4},"end":{"line":83,"column":64}},"30":{"start":{"line":84,"column":4},"end":{"line":84,"column":16}},"31":{"start":{"line":88,"column":29},"end":{"line":105,"column":1}},"32":{"start":{"line":89,"column":2},"end":{"line":104,"column":3}},"33":{"start":{"line":90,"column":19},"end":{"line":93,"column":5}},"34":{"start":{"line":95,"column":4},"end":{"line":97,"column":5}},"35":{"start":{"line":96,"column":6},"end":{"line":96,"column":44}},"36":{"start":{"line":99,"column":4},"end":{"line":99,"column":73}},"37":{"start":{"line":100,"column":4},"end":{"line":100,"column":26}},"38":{"start":{"line":102,"column":4},"end":{"line":102,"column":69}},"39":{"start":{"line":103,"column":4},"end":{"line":103,"column":16}},"40":{"start":{"line":107,"column":32},"end":{"line":239,"column":1}},"41":{"start":{"line":108,"column":2},"end":{"line":238,"column":3}},"42":{"start":{"line":109,"column":40},"end":{"line":109,"column":51}},"43":{"start":{"line":112,"column":27},"end":{"line":115,"column":5}},"44":{"start":{"line":117,"column":4},"end":{"line":119,"column":5}},"45":{"start":{"line":118,"column":6},"end":{"line":118,"column":44}},"46":{"start":{"line":121,"column":21},"end":{"line":121,"column":43}},"47":{"start":{"line":124,"column":4},"end":{"line":127,"column":6}},"48":{"start":{"line":130,"column":4},"end":{"line":145,"column":6}},"49":{"start":{"line":147,"column":4},"end":{"line":147,"column":129}},"50":{"start":{"line":150,"column":22},"end":{"line":150,"column":51}},"51":{"start":{"line":151,"column":19},"end":{"line":151,"column":21}},"52":{"start":{"line":153,"column":4},"end":{"line":231,"column":5}},"53":{"start":{"line":155,"column":28},"end":{"line":176,"column":7}},"54":{"start":{"line":178,"column":6},"end":{"line":178,"column":78}},"55":{"start":{"line":179,"column":29},"end":{"line":179,"column":81}},"56":{"start":{"line":180,"column":6},"end":{"line":183,"column":7}},"57":{"start":{"line":181,"column":8},"end":{"line":181,"column":51}},"58":{"start":{"line":182,"column":8},"end":{"line":182,"column":71}},"59":{"start":{"line":186,"column":27},"end":{"line":207,"column":7}},"60":{"start":{"line":209,"column":6},"end":{"line":209,"column":76}},"61":{"start":{"line":210,"column":28},"end":{"line":210,"column":79}},"62":{"start":{"line":211,"column":6},"end":{"line":214,"column":7}},"63":{"start":{"line":212,"column":8},"end":{"line":212,"column":50}},"64":{"start":{"line":213,"column":8},"end":{"line":213,"column":69}},"65":{"start":{"line":216,"column":6},"end":{"line":228,"column":7}},"66":{"start":{"line":218,"column":8},"end":{"line":221,"column":10}},"67":{"start":{"line":223,"column":8},"end":{"line":226,"column":10}},"68":{"start":{"line":227,"column":8},"end":{"line":227,"column":82}},"69":{"start":{"line":230,"column":6},"end":{"line":230,"column":88}},"70":{"start":{"line":233,"column":4},"end":{"line":233,"column":77}},"71":{"start":{"line":236,"column":4},"end":{"line":236,"column":72}},"72":{"start":{"line":237,"column":4},"end":{"line":237,"column":16}},"73":{"start":{"line":241,"column":23},"end":{"line":306,"column":1}},"74":{"start":{"line":242,"column":2},"end":{"line":305,"column":3}},"75":{"start":{"line":244,"column":24},"end":{"line":247,"column":5}},"76":{"start":{"line":249,"column":4},"end":{"line":251,"column":5}},"77":{"start":{"line":250,"column":6},"end":{"line":250,"column":44}},"78":{"start":{"line":253,"column":21},"end":{"line":253,"column":40}},"79":{"start":{"line":255,"column":4},"end":{"line":257,"column":5}},"80":{"start":{"line":256,"column":6},"end":{"line":256,"column":63}},"81":{"start":{"line":260,"column":20},"end":{"line":260,"column":22}},"82":{"start":{"line":261,"column":19},"end":{"line":261,"column":21}},"83":{"start":{"line":262,"column":21},"end":{"line":262,"column":22}},"84":{"start":{"line":264,"column":4},"end":{"line":267,"column":5}},"85":{"start":{"line":265,"column":6},"end":{"line":265,"column":52}},"86":{"start":{"line":266,"column":6},"end":{"line":266,"column":41}},"87":{"start":{"line":268,"column":4},"end":{"line":271,"column":5}},"88":{"start":{"line":269,"column":6},"end":{"line":269,"column":55}},"89":{"start":{"line":270,"column":6},"end":{"line":270,"column":44}},"90":{"start":{"line":272,"column":4},"end":{"line":275,"column":5}},"91":{"start":{"line":273,"column":6},"end":{"line":273,"column":53}},"92":{"start":{"line":274,"column":6},"end":{"line":274,"column":42}},"93":{"start":{"line":276,"column":4},"end":{"line":279,"column":5}},"94":{"start":{"line":277,"column":6},"end":{"line":277,"column":55}},"95":{"start":{"line":278,"column":6},"end":{"line":278,"column":44}},"96":{"start":{"line":280,"column":4},"end":{"line":283,"column":5}},"97":{"start":{"line":281,"column":6},"end":{"line":281,"column":54}},"98":{"start":{"line":282,"column":6},"end":{"line":282,"column":43}},"99":{"start":{"line":285,"column":4},"end":{"line":287,"column":5}},"100":{"start":{"line":286,"column":6},"end":{"line":286,"column":45}},"101":{"start":{"line":289,"column":4},"end":{"line":289,"column":39}},"102":{"start":{"line":290,"column":4},"end":{"line":290,"column":28}},"103":{"start":{"line":292,"column":18},"end":{"line":297,"column":5}},"104":{"start":{"line":299,"column":19},"end":{"line":299,"column":50}},"105":{"start":{"line":300,"column":4},"end":{"line":300,"column":53}},"106":{"start":{"line":301,"column":4},"end":{"line":301,"column":26}},"107":{"start":{"line":303,"column":4},"end":{"line":303,"column":62}},"108":{"start":{"line":304,"column":4},"end":{"line":304,"column":16}},"109":{"start":{"line":308,"column":23},"end":{"line":325,"column":1}},"110":{"start":{"line":309,"column":2},"end":{"line":324,"column":3}},"111":{"start":{"line":310,"column":19},"end":{"line":313,"column":5}},"112":{"start":{"line":315,"column":4},"end":{"line":317,"column":5}},"113":{"start":{"line":316,"column":6},"end":{"line":316,"column":105}},"114":{"start":{"line":319,"column":4},"end":{"line":319,"column":55}},"115":{"start":{"line":320,"column":4},"end":{"line":320,"column":26}},"116":{"start":{"line":322,"column":4},"end":{"line":322,"column":62}},"117":{"start":{"line":323,"column":4},"end":{"line":323,"column":16}},"118":{"start":{"line":327,"column":0},"end":{"line":334,"column":2}}},"fnMap":{"0":{"name":"(anonymous_0)","decl":{"start":{"line":6,"column":23},"end":{"line":6,"column":24}},"loc":{"start":{"line":6,"column":47},"end":{"line":69,"column":1}},"line":6},"1":{"name":"(anonymous_1)","decl":{"start":{"line":71,"column":24},"end":{"line":71,"column":25}},"loc":{"start":{"line":71,"column":36},"end":{"line":86,"column":1}},"line":71},"2":{"name":"(anonymous_2)","decl":{"start":{"line":88,"column":29},"end":{"line":88,"column":30}},"loc":{"start":{"line":88,"column":59},"end":{"line":105,"column":1}},"line":88},"3":{"name":"(anonymous_3)","decl":{"start":{"line":107,"column":32},"end":{"line":107,"column":33}},"loc":{"start":{"line":107,"column":55},"end":{"line":239,"column":1}},"line":107},"4":{"name":"(anonymous_4)","decl":{"start":{"line":241,"column":23},"end":{"line":241,"column":24}},"loc":{"start":{"line":241,"column":57},"end":{"line":306,"column":1}},"line":241},"5":{"name":"(anonymous_5)","decl":{"start":{"line":308,"column":23},"end":{"line":308,"column":24}},"loc":{"start":{"line":308,"column":45},"end":{"line":325,"column":1}},"line":308}},"branchMap":{"0":{"loc":{"start":{"line":14,"column":4},"end":{"line":16,"column":5}},"type":"if","locations":[{"start":{"line":14,"column":4},"end":{"line":16,"column":5}},{"start":{},"end":{}}],"line":14},"1":{"loc":{"start":{"line":24,"column":4},"end":{"line":27,"column":5}},"type":"if","locations":[{"start":{"line":24,"column":4},"end":{"line":27,"column":5}},{"start":{},"end":{}}],"line":24},"2":{"loc":{"start":{"line":53,"column":8},"end":{"line":53,"column":41}},"type":"binary-expr","locations":[{"start":{"line":53,"column":8},"end":{"line":53,"column":33}},{"start":{"line":53,"column":37},"end":{"line":53,"column":41}}],"line":53},"3":{"loc":{"start":{"line":95,"column":4},"end":{"line":97,"column":5}},"type":"if","locations":[{"start":{"line":95,"column":4},"end":{"line":97,"column":5}},{"start":{},"end":{}}],"line":95},"4":{"loc":{"start":{"line":117,"column":4},"end":{"line":119,"column":5}},"type":"if","locations":[{"start":{"line":117,"column":4},"end":{"line":119,"column":5}},{"start":{},"end":{}}],"line":117},"5":{"loc":{"start":{"line":180,"column":6},"end":{"line":183,"column":7}},"type":"if","locations":[{"start":{"line":180,"column":6},"end":{"line":183,"column":7}},{"start":{},"end":{}}],"line":180},"6":{"loc":{"start":{"line":180,"column":10},"end":{"line":180,"column":65}},"type":"binary-expr","locations":[{"start":{"line":180,"column":10},"end":{"line":180,"column":32}},{"start":{"line":180,"column":36},"end":{"line":180,"column":65}}],"line":180},"7":{"loc":{"start":{"line":211,"column":6},"end":{"line":214,"column":7}},"type":"if","locations":[{"start":{"line":211,"column":6},"end":{"line":214,"column":7}},{"start":{},"end":{}}],"line":211},"8":{"loc":{"start":{"line":211,"column":10},"end":{"line":211,"column":63}},"type":"binary-expr","locations":[{"start":{"line":211,"column":10},"end":{"line":211,"column":31}},{"start":{"line":211,"column":35},"end":{"line":211,"column":63}}],"line":211},"9":{"loc":{"start":{"line":216,"column":6},"end":{"line":228,"column":7}},"type":"if","locations":[{"start":{"line":216,"column":6},"end":{"line":228,"column":7}},{"start":{},"end":{}}],"line":216},"10":{"loc":{"start":{"line":249,"column":4},"end":{"line":251,"column":5}},"type":"if","locations":[{"start":{"line":249,"column":4},"end":{"line":251,"column":5}},{"start":{},"end":{}}],"line":249},"11":{"loc":{"start":{"line":255,"column":4},"end":{"line":257,"column":5}},"type":"if","locations":[{"start":{"line":255,"column":4},"end":{"line":257,"column":5}},{"start":{},"end":{}}],"line":255},"12":{"loc":{"start":{"line":264,"column":4},"end":{"line":267,"column":5}},"type":"if","locations":[{"start":{"line":264,"column":4},"end":{"line":267,"column":5}},{"start":{},"end":{}}],"line":264},"13":{"loc":{"start":{"line":268,"column":4},"end":{"line":271,"column":5}},"type":"if","locations":[{"start":{"line":268,"column":4},"end":{"line":271,"column":5}},{"start":{},"end":{}}],"line":268},"14":{"loc":{"start":{"line":272,"column":4},"end":{"line":275,"column":5}},"type":"if","locations":[{"start":{"line":272,"column":4},"end":{"line":275,"column":5}},{"start":{},"end":{}}],"line":272},"15":{"loc":{"start":{"line":276,"column":4},"end":{"line":279,"column":5}},"type":"if","locations":[{"start":{"line":276,"column":4},"end":{"line":279,"column":5}},{"start":{},"end":{}}],"line":276},"16":{"loc":{"start":{"line":280,"column":4},"end":{"line":283,"column":5}},"type":"if","locations":[{"start":{"line":280,"column":4},"end":{"line":283,"column":5}},{"start":{},"end":{}}],"line":280},"17":{"loc":{"start":{"line":285,"column":4},"end":{"line":287,"column":5}},"type":"if","locations":[{"start":{"line":285,"column":4},"end":{"line":287,"column":5}},{"start":{},"end":{}}],"line":285},"18":{"loc":{"start":{"line":315,"column":4},"end":{"line":317,"column":5}},"type":"if","locations":[{"start":{"line":315,"column":4},"end":{"line":317,"column":5}},{"start":{},"end":{}}],"line":315}},"s":{"0":1,"1":1,"2":1,"3":1,"4":1,"5":5,"6":5,"7":5,"8":1,"9":4,"10":4,"11":1,"12":1,"13":3,"14":3,"15":3,"16":3,"17":3,"18":3,"19":3,"20":3,"21":2,"22":2,"23":1,"24":1,"25":1,"26":1,"27":1,"28":1,"29":0,"30":0,"31":1,"32":1,"33":1,"34":1,"35":0,"36":1,"37":1,"38":0,"39":0,"40":1,"41":5,"42":5,"43":5,"44":5,"45":0,"46":5,"47":5,"48":5,"49":5,"50":5,"51":5,"52":5,"53":5,"54":5,"55":5,"56":5,"57":5,"58":5,"59":5,"60":5,"61":5,"62":5,"63":5,"64":5,"65":5,"66":5,"67":5,"68":5,"69":0,"70":5,"71":0,"72":0,"73":1,"74":2,"75":2,"76":2,"77":0,"78":2,"79":2,"80":1,"81":1,"82":1,"83":1,"84":1,"85":1,"86":1,"87":1,"88":1,"89":1,"90":1,"91":0,"92":0,"93":1,"94":0,"95":0,"96":1,"97":0,"98":0,"99":1,"100":0,"101":1,"102":1,"103":1,"104":1,"105":1,"106":1,"107":1,"108":1,"109":1,"110":2,"111":2,"112":2,"113":1,"114":1,"115":1,"116":1,"117":1,"118":1},"f":{"0":5,"1":1,"2":1,"3":5,"4":2,"5":2},"b":{"0":[1,4],"1":[1,3],"2":[3,2],"3":[0,1],"4":[0,5],"5":[5,0],"6":[5,5],"7":[5,0],"8":[5,5],"9":[5,0],"10":[0,2],"11":[1,1],"12":[1,0],"13":[1,0],"14":[0,1],"15":[0,1],"16":[0,1],"17":[0,1],"18":[1,1]},"_coverageSchema":"1a1c01bbd47fc00a2c39e90264f33305004495a9","hash":"8ac478916e5cdec87b2fb77d556589eb6582b927"}
}
