{"/Users/johnchristophermcarrillo/Projects/terraflow-app/backend-landregistry/controllers/blockchain.js": {"path":"/Users/johnchristophermcarrillo/Projects/terraflow-app/backend-landregistry/controllers/blockchain.js","statementMap":{"0":{"start":{"line":1,"column":26},"end":{"line":1,"column":59}},"1":{"start":{"line":2,"column":24},"end":{"line":2,"column":56}},"2":{"start":{"line":4,"column":23},"end":{"line":20,"column":1}},"3":{"start":{"line":5,"column":2},"end":{"line":19,"column":3}},"4":{"start":{"line":6,"column":28},"end":{"line":6,"column":38}},"5":{"start":{"line":7,"column":4},"end":{"line":7,"column":68}},"6":{"start":{"line":9,"column":19},"end":{"line":9,"column":70}},"7":{"start":{"line":11,"column":4},"end":{"line":16,"column":7}},"8":{"start":{"line":18,"column":4},"end":{"line":18,"column":48}},"9":{"start":{"line":22,"column":29},"end":{"line":36,"column":1}},"10":{"start":{"line":23,"column":2},"end":{"line":35,"column":3}},"11":{"start":{"line":24,"column":28},"end":{"line":24,"column":38}},"12":{"start":{"line":25,"column":20},"end":{"line":25,"column":77}},"13":{"start":{"line":27,"column":4},"end":{"line":32,"column":7}},"14":{"start":{"line":34,"column":4},"end":{"line":34,"column":50}},"15":{"start":{"line":38,"column":29},"end":{"line":64,"column":1}},"16":{"start":{"line":39,"column":2},"end":{"line":63,"column":3}},"17":{"start":{"line":40,"column":46},"end":{"line":40,"column":54}},"18":{"start":{"line":42,"column":4},"end":{"line":47,"column":5}},"19":{"start":{"line":43,"column":6},"end":{"line":46,"column":9}},"20":{"start":{"line":49,"column":4},"end":{"line":49,"column":75}},"21":{"start":{"line":52,"column":20},"end":{"line":52,"column":24}},"22":{"start":{"line":54,"column":4},"end":{"line":60,"column":7}},"23":{"start":{"line":62,"column":4},"end":{"line":62,"column":55}},"24":{"start":{"line":66,"column":0},"end":{"line":70,"column":2}}},"fnMap":{"0":{"name":"(anonymous_0)","decl":{"start":{"line":4,"column":23},"end":{"line":4,"column":24}},"loc":{"start":{"line":4,"column":43},"end":{"line":20,"column":1}},"line":4},"1":{"name":"(anonymous_1)","decl":{"start":{"line":22,"column":29},"end":{"line":22,"column":30}},"loc":{"start":{"line":22,"column":49},"end":{"line":36,"column":1}},"line":22},"2":{"name":"(anonymous_2)","decl":{"start":{"line":38,"column":29},"end":{"line":38,"column":30}},"loc":{"start":{"line":38,"column":49},"end":{"line":64,"column":1}},"line":38}},"branchMap":{"0":{"loc":{"start":{"line":42,"column":4},"end":{"line":47,"column":5}},"type":"if","locations":[{"start":{"line":42,"column":4},"end":{"line":47,"column":5}},{"start":{},"end":{}}],"line":42},"1":{"loc":{"start":{"line":42,"column":8},"end":{"line":42,"column":41}},"type":"binary-expr","locations":[{"start":{"line":42,"column":8},"end":{"line":42,"column":21}},{"start":{"line":42,"column":25},"end":{"line":42,"column":41}}],"line":42}},"s":{"0":1,"1":1,"2":1,"3":2,"4":2,"5":2,"6":2,"7":1,"8":1,"9":1,"10":1,"11":1,"12":1,"13":1,"14":0,"15":1,"16":3,"17":3,"18":3,"19":2,"20":1,"21":1,"22":1,"23":0,"24":1},"f":{"0":2,"1":1,"2":3},"b":{"0":[2,1],"1":[3,2]},"_coverageSchema":"1a1c01bbd47fc00a2c39e90264f33305004495a9","hash":"41df04c8069c4ff4eebd4eaebd2f374b2b81506f"}
,"/Users/johnchristophermcarrillo/Projects/terraflow-app/backend-landregistry/controllers/landtitles.js": {"path":"/Users/johnchristophermcarrillo/Projects/terraflow-app/backend-landregistry/controllers/landtitles.js","statementMap":{"0":{"start":{"line":1,"column":25},"end":{"line":1,"column":58}},"1":{"start":{"line":2,"column":29},"end":{"line":2,"column":59}},"2":{"start":{"line":3,"column":24},"end":{"line":3,"column":56}},"3":{"start":{"line":5,"column":25},"end":{"line":17,"column":1}},"4":{"start":{"line":6,"column":2},"end":{"line":16,"column":3}},"5":{"start":{"line":7,"column":23},"end":{"line":7,"column":64}},"6":{"start":{"line":9,"column":4},"end":{"line":13,"column":7}},"7":{"start":{"line":15,"column":4},"end":{"line":15,"column":51}},"8":{"start":{"line":19,"column":32},"end":{"line":32,"column":1}},"9":{"start":{"line":20,"column":2},"end":{"line":31,"column":3}},"10":{"start":{"line":21,"column":30},"end":{"line":21,"column":39}},"11":{"start":{"line":23,"column":4},"end":{"line":25,"column":5}},"12":{"start":{"line":24,"column":6},"end":{"line":24,"column":74}},"13":{"start":{"line":27,"column":19},"end":{"line":27,"column":56}},"14":{"start":{"line":28,"column":4},"end":{"line":28,"column":25}},"15":{"start":{"line":30,"column":4},"end":{"line":30,"column":58}},"16":{"start":{"line":34,"column":28},"end":{"line":51,"column":1}},"17":{"start":{"line":35,"column":2},"end":{"line":50,"column":3}},"18":{"start":{"line":36,"column":28},"end":{"line":36,"column":38}},"19":{"start":{"line":37,"column":4},"end":{"line":37,"column":65}},"20":{"start":{"line":39,"column":19},"end":{"line":39,"column":54}},"21":{"start":{"line":40,"column":4},"end":{"line":40,"column":81}},"22":{"start":{"line":42,"column":4},"end":{"line":46,"column":7}},"23":{"start":{"line":48,"column":4},"end":{"line":48,"column":82}},"24":{"start":{"line":49,"column":4},"end":{"line":49,"column":48}},"25":{"start":{"line":53,"column":25},"end":{"line":68,"column":1}},"26":{"start":{"line":54,"column":2},"end":{"line":67,"column":3}},"27":{"start":{"line":55,"column":19},"end":{"line":55,"column":29}},"28":{"start":{"line":56,"column":22},"end":{"line":56,"column":65}},"29":{"start":{"line":58,"column":4},"end":{"line":60,"column":5}},"30":{"start":{"line":59,"column":6},"end":{"line":59,"column":69}},"31":{"start":{"line":61,"column":4},"end":{"line":64,"column":7}},"32":{"start":{"line":66,"column":4},"end":{"line":66,"column":46}},"33":{"start":{"line":70,"column":0},"end":{"line":75,"column":2}}},"fnMap":{"0":{"name":"(anonymous_0)","decl":{"start":{"line":5,"column":25},"end":{"line":5,"column":26}},"loc":{"start":{"line":5,"column":45},"end":{"line":17,"column":1}},"line":5},"1":{"name":"(anonymous_1)","decl":{"start":{"line":19,"column":32},"end":{"line":19,"column":33}},"loc":{"start":{"line":19,"column":52},"end":{"line":32,"column":1}},"line":19},"2":{"name":"(anonymous_2)","decl":{"start":{"line":34,"column":28},"end":{"line":34,"column":29}},"loc":{"start":{"line":34,"column":48},"end":{"line":51,"column":1}},"line":34},"3":{"name":"(anonymous_3)","decl":{"start":{"line":53,"column":25},"end":{"line":53,"column":26}},"loc":{"start":{"line":53,"column":45},"end":{"line":68,"column":1}},"line":53}},"branchMap":{"0":{"loc":{"start":{"line":23,"column":4},"end":{"line":25,"column":5}},"type":"if","locations":[{"start":{"line":23,"column":4},"end":{"line":25,"column":5}},{"start":{},"end":{}}],"line":23},"1":{"loc":{"start":{"line":40,"column":46},"end":{"line":40,"column":77}},"type":"cond-expr","locations":[{"start":{"line":40,"column":55},"end":{"line":40,"column":63}},{"start":{"line":40,"column":66},"end":{"line":40,"column":77}}],"line":40},"2":{"loc":{"start":{"line":45,"column":15},"end":{"line":45,"column":80}},"type":"cond-expr","locations":[{"start":{"line":45,"column":24},"end":{"line":45,"column":53}},{"start":{"line":45,"column":56},"end":{"line":45,"column":80}}],"line":45},"3":{"loc":{"start":{"line":58,"column":4},"end":{"line":60,"column":5}},"type":"if","locations":[{"start":{"line":58,"column":4},"end":{"line":60,"column":5}},{"start":{},"end":{}}],"line":58}},"s":{"0":1,"1":1,"2":1,"3":1,"4":2,"5":2,"6":1,"7":1,"8":1,"9":2,"10":2,"11":2,"12":1,"13":1,"14":1,"15":0,"16":1,"17":2,"18":2,"19":2,"20":2,"21":2,"22":2,"23":0,"24":0,"25":1,"26":2,"27":2,"28":2,"29":2,"30":1,"31":1,"32":0,"33":1},"f":{"0":2,"1":2,"2":2,"3":2},"b":{"0":[1,1],"1":[1,1],"2":[1,1],"3":[1,1]},"_coverageSchema":"1a1c01bbd47fc00a2c39e90264f33305004495a9","hash":"d8f012553480064e4eb8e181919048d1f4d2c8b4"}
,"/Users/johnchristophermcarrillo/Projects/terraflow-app/backend-landregistry/controllers/mortgages.js": {"path":"/Users/johnchristophermcarrillo/Projects/terraflow-app/backend-landregistry/controllers/mortgages.js","statementMap":{"0":{"start":{"line":1,"column":23},"end":{"line":1,"column":40}},"1":{"start":{"line":2,"column":17},"end":{"line":2,"column":40}},"2":{"start":{"line":3,"column":24},"end":{"line":3,"column":55}},"3":{"start":{"line":4,"column":24},"end":{"line":4,"column":56}},"4":{"start":{"line":6,"column":23},"end":{"line":23,"column":1}},"5":{"start":{"line":7,"column":2},"end":{"line":22,"column":3}},"6":{"start":{"line":8,"column":19},"end":{"line":8,"column":29}},"7":{"start":{"line":9,"column":19},"end":{"line":9,"column":39}},"8":{"start":{"line":11,"column":24},"end":{"line":16,"column":5}},"9":{"start":{"line":18,"column":21},"end":{"line":18,"column":70}},"10":{"start":{"line":19,"column":4},"end":{"line":19,"column":102}},"11":{"start":{"line":21,"column":4},"end":{"line":21,"column":47}},"12":{"start":{"line":25,"column":24},"end":{"line":37,"column":1}},"13":{"start":{"line":26,"column":2},"end":{"line":36,"column":3}},"14":{"start":{"line":27,"column":19},"end":{"line":32,"column":6}},"15":{"start":{"line":33,"column":4},"end":{"line":33,"column":78}},"16":{"start":{"line":35,"column":4},"end":{"line":35,"column":49}},"17":{"start":{"line":39,"column":32},"end":{"line":46,"column":1}},"18":{"start":{"line":40,"column":2},"end":{"line":45,"column":3}},"19":{"start":{"line":41,"column":19},"end":{"line":41,"column":129}},"20":{"start":{"line":42,"column":4},"end":{"line":42,"column":78}},"21":{"start":{"line":44,"column":4},"end":{"line":44,"column":59}},"22":{"start":{"line":48,"column":24},"end":{"line":56,"column":1}},"23":{"start":{"line":49,"column":2},"end":{"line":55,"column":3}},"24":{"start":{"line":50,"column":19},"end":{"line":50,"column":93}},"25":{"start":{"line":51,"column":4},"end":{"line":51,"column":95}},"26":{"start":{"line":51,"column":34},"end":{"line":51,"column":95}},"27":{"start":{"line":52,"column":4},"end":{"line":52,"column":54}},"28":{"start":{"line":54,"column":4},"end":{"line":54,"column":50}},"29":{"start":{"line":58,"column":23},"end":{"line":65,"column":1}},"30":{"start":{"line":59,"column":2},"end":{"line":64,"column":3}},"31":{"start":{"line":60,"column":21},"end":{"line":60,"column":92}},"32":{"start":{"line":61,"column":4},"end":{"line":61,"column":90}},"33":{"start":{"line":63,"column":4},"end":{"line":63,"column":47}},"34":{"start":{"line":67,"column":23},"end":{"line":74,"column":1}},"35":{"start":{"line":68,"column":2},"end":{"line":73,"column":3}},"36":{"start":{"line":69,"column":21},"end":{"line":69,"column":82}},"37":{"start":{"line":70,"column":4},"end":{"line":70,"column":92}},"38":{"start":{"line":72,"column":4},"end":{"line":72,"column":47}},"39":{"start":{"line":76,"column":24},"end":{"line":86,"column":1}},"40":{"start":{"line":77,"column":2},"end":{"line":85,"column":3}},"41":{"start":{"line":78,"column":21},"end":{"line":81,"column":6}},"42":{"start":{"line":82,"column":4},"end":{"line":82,"column":87}},"43":{"start":{"line":84,"column":4},"end":{"line":84,"column":48}},"44":{"start":{"line":88,"column":33},"end":{"line":95,"column":1}},"45":{"start":{"line":89,"column":2},"end":{"line":94,"column":3}},"46":{"start":{"line":90,"column":23},"end":{"line":90,"column":71}},"47":{"start":{"line":91,"column":4},"end":{"line":91,"column":76}},"48":{"start":{"line":93,"column":4},"end":{"line":93,"column":60}},"49":{"start":{"line":97,"column":31},"end":{"line":104,"column":1}},"50":{"start":{"line":98,"column":2},"end":{"line":103,"column":3}},"51":{"start":{"line":99,"column":22},"end":{"line":99,"column":92}},"52":{"start":{"line":100,"column":4},"end":{"line":100,"column":74}},"53":{"start":{"line":102,"column":4},"end":{"line":102,"column":57}},"54":{"start":{"line":106,"column":33},"end":{"line":113,"column":1}},"55":{"start":{"line":107,"column":2},"end":{"line":112,"column":3}},"56":{"start":{"line":108,"column":21},"end":{"line":108,"column":92}},"57":{"start":{"line":109,"column":4},"end":{"line":109,"column":131}},"58":{"start":{"line":111,"column":4},"end":{"line":111,"column":58}},"59":{"start":{"line":116,"column":33},"end":{"line":131,"column":1}},"60":{"start":{"line":117,"column":2},"end":{"line":130,"column":3}},"61":{"start":{"line":118,"column":24},"end":{"line":118,"column":47}},"62":{"start":{"line":119,"column":42},"end":{"line":122,"column":6}},"63":{"start":{"line":123,"column":4},"end":{"line":127,"column":7}},"64":{"start":{"line":129,"column":4},"end":{"line":129,"column":58}},"65":{"start":{"line":133,"column":0},"end":{"line":145,"column":2}}},"fnMap":{"0":{"name":"(anonymous_0)","decl":{"start":{"line":6,"column":23},"end":{"line":6,"column":24}},"loc":{"start":{"line":6,"column":43},"end":{"line":23,"column":1}},"line":6},"1":{"name":"(anonymous_1)","decl":{"start":{"line":25,"column":24},"end":{"line":25,"column":25}},"loc":{"start":{"line":25,"column":44},"end":{"line":37,"column":1}},"line":25},"2":{"name":"(anonymous_2)","decl":{"start":{"line":39,"column":32},"end":{"line":39,"column":33}},"loc":{"start":{"line":39,"column":52},"end":{"line":46,"column":1}},"line":39},"3":{"name":"(anonymous_3)","decl":{"start":{"line":48,"column":24},"end":{"line":48,"column":25}},"loc":{"start":{"line":48,"column":44},"end":{"line":56,"column":1}},"line":48},"4":{"name":"(anonymous_4)","decl":{"start":{"line":58,"column":23},"end":{"line":58,"column":24}},"loc":{"start":{"line":58,"column":43},"end":{"line":65,"column":1}},"line":58},"5":{"name":"(anonymous_5)","decl":{"start":{"line":67,"column":23},"end":{"line":67,"column":24}},"loc":{"start":{"line":67,"column":43},"end":{"line":74,"column":1}},"line":67},"6":{"name":"(anonymous_6)","decl":{"start":{"line":76,"column":24},"end":{"line":76,"column":25}},"loc":{"start":{"line":76,"column":44},"end":{"line":86,"column":1}},"line":76},"7":{"name":"(anonymous_7)","decl":{"start":{"line":88,"column":33},"end":{"line":88,"column":34}},"loc":{"start":{"line":88,"column":53},"end":{"line":95,"column":1}},"line":88},"8":{"name":"(anonymous_8)","decl":{"start":{"line":97,"column":31},"end":{"line":97,"column":32}},"loc":{"start":{"line":97,"column":51},"end":{"line":104,"column":1}},"line":97},"9":{"name":"(anonymous_9)","decl":{"start":{"line":106,"column":33},"end":{"line":106,"column":34}},"loc":{"start":{"line":106,"column":53},"end":{"line":113,"column":1}},"line":106},"10":{"name":"(anonymous_10)","decl":{"start":{"line":116,"column":33},"end":{"line":116,"column":34}},"loc":{"start":{"line":116,"column":53},"end":{"line":131,"column":1}},"line":116}},"branchMap":{"0":{"loc":{"start":{"line":9,"column":19},"end":{"line":9,"column":39}},"type":"binary-expr","locations":[{"start":{"line":9,"column":19},"end":{"line":9,"column":31}},{"start":{"line":9,"column":35},"end":{"line":9,"column":39}}],"line":9},"1":{"loc":{"start":{"line":14,"column":19},"end":{"line":14,"column":34}},"type":"binary-expr","locations":[{"start":{"line":14,"column":19},"end":{"line":14,"column":28}},{"start":{"line":14,"column":32},"end":{"line":14,"column":34}}],"line":14},"2":{"loc":{"start":{"line":51,"column":4},"end":{"line":51,"column":95}},"type":"if","locations":[{"start":{"line":51,"column":4},"end":{"line":51,"column":95}},{"start":{},"end":{}}],"line":51},"3":{"loc":{"start":{"line":80,"column":15},"end":{"line":80,"column":35}},"type":"binary-expr","locations":[{"start":{"line":80,"column":15},"end":{"line":80,"column":27}},{"start":{"line":80,"column":31},"end":{"line":80,"column":35}}],"line":80},"4":{"loc":{"start":{"line":109,"column":49},"end":{"line":109,"column":127}},"type":"cond-expr","locations":[{"start":{"line":109,"column":60},"end":{"line":109,"column":91}},{"start":{"line":109,"column":94},"end":{"line":109,"column":127}}],"line":109},"5":{"loc":{"start":{"line":126,"column":19},"end":{"line":126,"column":62}},"type":"binary-expr","locations":[{"start":{"line":126,"column":19},"end":{"line":126,"column":54}},{"start":{"line":126,"column":58},"end":{"line":126,"column":62}}],"line":126}},"s":{"0":1,"1":1,"2":1,"3":1,"4":1,"5":2,"6":2,"7":2,"8":2,"9":2,"10":1,"11":1,"12":1,"13":1,"14":1,"15":1,"16":0,"17":1,"18":1,"19":1,"20":1,"21":0,"22":1,"23":2,"24":2,"25":2,"26":1,"27":1,"28":0,"29":1,"30":1,"31":1,"32":1,"33":0,"34":1,"35":1,"36":1,"37":1,"38":0,"39":1,"40":1,"41":1,"42":1,"43":0,"44":1,"45":1,"46":1,"47":1,"48":0,"49":1,"50":1,"51":1,"52":1,"53":0,"54":1,"55":2,"56":2,"57":2,"58":0,"59":1,"60":0,"61":0,"62":0,"63":0,"64":0,"65":1},"f":{"0":2,"1":1,"2":1,"3":2,"4":1,"5":1,"6":1,"7":1,"8":1,"9":2,"10":0},"b":{"0":[2,0],"1":[2,2],"2":[1,1],"3":[1,0],"4":[1,1],"5":[0,0]},"_coverageSchema":"1a1c01bbd47fc00a2c39e90264f33305004495a9","hash":"b4fe6a1ed563ac57080137994beb1c1689cee409"}
,"/Users/johnchristophermcarrillo/Projects/terraflow-app/backend-landregistry/controllers/transfers.js": {"path":"/Users/johnchristophermcarrillo/Projects/terraflow-app/backend-landregistry/controllers/transfers.js","statementMap":{"0":{"start":{"line":1,"column":24},"end":{"line":1,"column":56}},"1":{"start":{"line":4,"column":20},"end":{"line":10,"column":1}},"2":{"start":{"line":5,"column":2},"end":{"line":9,"column":5}},"3":{"start":{"line":13,"column":18},"end":{"line":19,"column":1}},"4":{"start":{"line":14,"column":2},"end":{"line":14,"column":53}},"5":{"start":{"line":15,"column":2},"end":{"line":18,"column":5}},"6":{"start":{"line":21,"column":23},"end":{"line":34,"column":1}},"7":{"start":{"line":22,"column":2},"end":{"line":33,"column":3}},"8":{"start":{"line":23,"column":25},"end":{"line":26,"column":5}},"9":{"start":{"line":28,"column":4},"end":{"line":28,"column":57}},"10":{"start":{"line":29,"column":21},"end":{"line":29,"column":71}},"11":{"start":{"line":30,"column":4},"end":{"line":30,"column":79}},"12":{"start":{"line":32,"column":4},"end":{"line":32,"column":45}},"13":{"start":{"line":36,"column":24},"end":{"line":47,"column":1}},"14":{"start":{"line":37,"column":2},"end":{"line":46,"column":3}},"15":{"start":{"line":38,"column":22},"end":{"line":38,"column":61}},"16":{"start":{"line":39,"column":4},"end":{"line":43,"column":7}},"17":{"start":{"line":45,"column":4},"end":{"line":45,"column":47}},"18":{"start":{"line":49,"column":29},"end":{"line":60,"column":1}},"19":{"start":{"line":50,"column":2},"end":{"line":59,"column":3}},"20":{"start":{"line":51,"column":19},"end":{"line":51,"column":29}},"21":{"start":{"line":52,"column":23},"end":{"line":52,"column":31}},"22":{"start":{"line":54,"column":4},"end":{"line":54,"column":75}},"23":{"start":{"line":55,"column":21},"end":{"line":55,"column":75}},"24":{"start":{"line":56,"column":4},"end":{"line":56,"column":71}},"25":{"start":{"line":58,"column":4},"end":{"line":58,"column":52}},"26":{"start":{"line":62,"column":23},"end":{"line":71,"column":1}},"27":{"start":{"line":63,"column":2},"end":{"line":70,"column":3}},"28":{"start":{"line":64,"column":19},"end":{"line":64,"column":29}},"29":{"start":{"line":65,"column":4},"end":{"line":65,"column":50}},"30":{"start":{"line":66,"column":21},"end":{"line":66,"column":71}},"31":{"start":{"line":67,"column":4},"end":{"line":67,"column":64}},"32":{"start":{"line":69,"column":4},"end":{"line":69,"column":45}},"33":{"start":{"line":73,"column":23},"end":{"line":81,"column":1}},"34":{"start":{"line":74,"column":2},"end":{"line":80,"column":3}},"35":{"start":{"line":75,"column":19},"end":{"line":75,"column":29}},"36":{"start":{"line":76,"column":21},"end":{"line":76,"column":61}},"37":{"start":{"line":77,"column":4},"end":{"line":77,"column":64}},"38":{"start":{"line":79,"column":4},"end":{"line":79,"column":45}},"39":{"start":{"line":83,"column":0},"end":{"line":89,"column":2}}},"fnMap":{"0":{"name":"(anonymous_0)","decl":{"start":{"line":4,"column":20},"end":{"line":4,"column":21}},"loc":{"start":{"line":4,"column":62},"end":{"line":10,"column":1}},"line":4},"1":{"name":"(anonymous_1)","decl":{"start":{"line":13,"column":18},"end":{"line":13,"column":19}},"loc":{"start":{"line":13,"column":42},"end":{"line":19,"column":1}},"line":13},"2":{"name":"(anonymous_2)","decl":{"start":{"line":21,"column":23},"end":{"line":21,"column":24}},"loc":{"start":{"line":21,"column":43},"end":{"line":34,"column":1}},"line":21},"3":{"name":"(anonymous_3)","decl":{"start":{"line":36,"column":24},"end":{"line":36,"column":25}},"loc":{"start":{"line":36,"column":44},"end":{"line":47,"column":1}},"line":36},"4":{"name":"(anonymous_4)","decl":{"start":{"line":49,"column":29},"end":{"line":49,"column":30}},"loc":{"start":{"line":49,"column":49},"end":{"line":60,"column":1}},"line":49},"5":{"name":"(anonymous_5)","decl":{"start":{"line":62,"column":23},"end":{"line":62,"column":24}},"loc":{"start":{"line":62,"column":43},"end":{"line":71,"column":1}},"line":62},"6":{"name":"(anonymous_6)","decl":{"start":{"line":73,"column":23},"end":{"line":73,"column":24}},"loc":{"start":{"line":73,"column":43},"end":{"line":81,"column":1}},"line":73}},"branchMap":{"0":{"loc":{"start":{"line":4,"column":41},"end":{"line":4,"column":57}},"type":"default-arg","locations":[{"start":{"line":4,"column":54},"end":{"line":4,"column":57}}],"line":4},"1":{"loc":{"start":{"line":17,"column":11},"end":{"line":17,"column":63}},"type":"binary-expr","locations":[{"start":{"line":17,"column":11},"end":{"line":17,"column":24}},{"start":{"line":17,"column":28},"end":{"line":17,"column":63}}],"line":17},"2":{"loc":{"start":{"line":25,"column":18},"end":{"line":25,"column":35}},"type":"binary-expr","locations":[{"start":{"line":25,"column":18},"end":{"line":25,"column":30}},{"start":{"line":25,"column":34},"end":{"line":25,"column":35}}],"line":25}},"s":{"0":1,"1":1,"2":4,"3":1,"4":1,"5":1,"6":1,"7":2,"8":2,"9":2,"10":2,"11":1,"12":1,"13":1,"14":1,"15":1,"16":1,"17":0,"18":1,"19":1,"20":1,"21":1,"22":1,"23":1,"24":1,"25":0,"26":1,"27":1,"28":1,"29":1,"30":1,"31":1,"32":0,"33":1,"34":1,"35":1,"36":1,"37":1,"38":0,"39":1},"f":{"0":4,"1":1,"2":2,"3":1,"4":1,"5":1,"6":1},"b":{"0":[3],"1":[1,0],"2":[2,0]},"_coverageSchema":"1a1c01bbd47fc00a2c39e90264f33305004495a9","hash":"db2d43f2299babf1f73467ae99e18380d0af19bd"}
,"/Users/johnchristophermcarrillo/Projects/terraflow-app/backend-landregistry/schemas/mortgages.js": {"path":"/Users/johnchristophermcarrillo/Projects/terraflow-app/backend-landregistry/schemas/mortgages.js","statementMap":{"0":{"start":{"line":1,"column":14},"end":{"line":1,"column":28}},"1":{"start":{"line":3,"column":23},"end":{"line":10,"column":2}},"2":{"start":{"line":12,"column":0},"end":{"line":14,"column":2}}},"fnMap":{},"branchMap":{},"s":{"0":1,"1":1,"2":1},"f":{},"b":{},"_coverageSchema":"1a1c01bbd47fc00a2c39e90264f33305004495a9","hash":"8838c11bcaf74228d793eeb4d7a1f9f075f0b6c0"}
,"/Users/johnchristophermcarrillo/Projects/terraflow-app/backend-landregistry/services/blockchain-client.js": {"path":"/Users/johnchristophermcarrillo/Projects/terraflow-app/backend-landregistry/services/blockchain-client.js","statementMap":{"0":{"start":{"line":1,"column":13},"end":{"line":1,"column":37}},"1":{"start":{"line":2,"column":20},"end":{"line":2,"column":49}},"2":{"start":{"line":3,"column":13},"end":{"line":3,"column":28}},"3":{"start":{"line":6,"column":19},"end":{"line":6,"column":68}},"4":{"start":{"line":7,"column":26},"end":{"line":14,"column":2}},"5":{"start":{"line":16,"column":24},"end":{"line":16,"column":80}},"6":{"start":{"line":19,"column":15},"end":{"line":22,"column":1}},"7":{"start":{"line":26,"column":4},"end":{"line":26,"column":135}},"8":{"start":{"line":27,"column":4},"end":{"line":27,"column":71}},"9":{"start":{"line":29,"column":4},"end":{"line":45,"column":7}},"10":{"start":{"line":30,"column":23},"end":{"line":30,"column":33}},"11":{"start":{"line":31,"column":6},"end":{"line":31,"column":54}},"12":{"start":{"line":33,"column":6},"end":{"line":44,"column":9}},"13":{"start":{"line":34,"column":8},"end":{"line":43,"column":9}},"14":{"start":{"line":35,"column":10},"end":{"line":35,"column":59}},"15":{"start":{"line":36,"column":10},"end":{"line":36,"column":53}},"16":{"start":{"line":37,"column":10},"end":{"line":37,"column":59}},"17":{"start":{"line":38,"column":10},"end":{"line":38,"column":61}},"18":{"start":{"line":39,"column":10},"end":{"line":39,"column":24}},"19":{"start":{"line":41,"column":10},"end":{"line":41,"column":58}},"20":{"start":{"line":42,"column":10},"end":{"line":42,"column":28}},"21":{"start":{"line":49,"column":4},"end":{"line":59,"column":7}},"22":{"start":{"line":50,"column":6},"end":{"line":58,"column":9}},"23":{"start":{"line":51,"column":8},"end":{"line":57,"column":9}},"24":{"start":{"line":52,"column":10},"end":{"line":52,"column":59}},"25":{"start":{"line":53,"column":10},"end":{"line":53,"column":24}},"26":{"start":{"line":55,"column":10},"end":{"line":55,"column":58}},"27":{"start":{"line":56,"column":10},"end":{"line":56,"column":28}},"28":{"start":{"line":63,"column":4},"end":{"line":73,"column":7}},"29":{"start":{"line":64,"column":6},"end":{"line":72,"column":9}},"30":{"start":{"line":65,"column":8},"end":{"line":71,"column":9}},"31":{"start":{"line":66,"column":10},"end":{"line":66,"column":59}},"32":{"start":{"line":67,"column":10},"end":{"line":67,"column":24}},"33":{"start":{"line":69,"column":10},"end":{"line":69,"column":58}},"34":{"start":{"line":70,"column":10},"end":{"line":70,"column":28}},"35":{"start":{"line":77,"column":4},"end":{"line":77,"column":95}},"36":{"start":{"line":79,"column":4},"end":{"line":92,"column":7}},"37":{"start":{"line":80,"column":23},"end":{"line":80,"column":33}},"38":{"start":{"line":81,"column":6},"end":{"line":81,"column":54}},"39":{"start":{"line":83,"column":6},"end":{"line":91,"column":9}},"40":{"start":{"line":84,"column":8},"end":{"line":90,"column":9}},"41":{"start":{"line":85,"column":10},"end":{"line":85,"column":68}},"42":{"start":{"line":86,"column":10},"end":{"line":86,"column":24}},"43":{"start":{"line":88,"column":10},"end":{"line":88,"column":67}},"44":{"start":{"line":89,"column":10},"end":{"line":89,"column":28}},"45":{"start":{"line":96,"column":4},"end":{"line":104,"column":7}},"46":{"start":{"line":97,"column":6},"end":{"line":103,"column":9}},"47":{"start":{"line":98,"column":8},"end":{"line":102,"column":9}},"48":{"start":{"line":99,"column":10},"end":{"line":99,"column":24}},"49":{"start":{"line":101,"column":10},"end":{"line":101,"column":28}},"50":{"start":{"line":108,"column":4},"end":{"line":108,"column":82}},"51":{"start":{"line":110,"column":4},"end":{"line":123,"column":7}},"52":{"start":{"line":111,"column":23},"end":{"line":111,"column":33}},"53":{"start":{"line":112,"column":6},"end":{"line":112,"column":54}},"54":{"start":{"line":114,"column":6},"end":{"line":122,"column":9}},"55":{"start":{"line":115,"column":8},"end":{"line":121,"column":9}},"56":{"start":{"line":116,"column":10},"end":{"line":116,"column":72}},"57":{"start":{"line":117,"column":10},"end":{"line":117,"column":24}},"58":{"start":{"line":119,"column":10},"end":{"line":119,"column":67}},"59":{"start":{"line":120,"column":10},"end":{"line":120,"column":47}},"60":{"start":{"line":127,"column":4},"end":{"line":127,"column":95}},"61":{"start":{"line":129,"column":4},"end":{"line":142,"column":7}},"62":{"start":{"line":130,"column":23},"end":{"line":130,"column":33}},"63":{"start":{"line":131,"column":6},"end":{"line":131,"column":54}},"64":{"start":{"line":133,"column":6},"end":{"line":141,"column":9}},"65":{"start":{"line":134,"column":8},"end":{"line":140,"column":9}},"66":{"start":{"line":135,"column":10},"end":{"line":135,"column":68}},"67":{"start":{"line":136,"column":10},"end":{"line":136,"column":24}},"68":{"start":{"line":138,"column":10},"end":{"line":138,"column":67}},"69":{"start":{"line":139,"column":10},"end":{"line":139,"column":28}},"70":{"start":{"line":146,"column":4},"end":{"line":146,"column":102}},"71":{"start":{"line":148,"column":4},"end":{"line":161,"column":7}},"72":{"start":{"line":149,"column":23},"end":{"line":149,"column":33}},"73":{"start":{"line":150,"column":6},"end":{"line":150,"column":54}},"74":{"start":{"line":152,"column":6},"end":{"line":160,"column":9}},"75":{"start":{"line":153,"column":8},"end":{"line":159,"column":9}},"76":{"start":{"line":154,"column":10},"end":{"line":154,"column":76}},"77":{"start":{"line":155,"column":10},"end":{"line":155,"column":24}},"78":{"start":{"line":157,"column":10},"end":{"line":157,"column":75}},"79":{"start":{"line":158,"column":10},"end":{"line":158,"column":28}},"80":{"start":{"line":165,"column":0},"end":{"line":165,"column":40}}},"fnMap":{"0":{"name":"(anonymous_0)","decl":{"start":{"line":25,"column":2},"end":{"line":25,"column":3}},"loc":{"start":{"line":25,"column":39},"end":{"line":46,"column":3}},"line":25},"1":{"name":"(anonymous_1)","decl":{"start":{"line":29,"column":23},"end":{"line":29,"column":24}},"loc":{"start":{"line":29,"column":44},"end":{"line":45,"column":5}},"line":29},"2":{"name":"(anonymous_2)","decl":{"start":{"line":33,"column":58},"end":{"line":33,"column":59}},"loc":{"start":{"line":33,"column":79},"end":{"line":44,"column":7}},"line":33},"3":{"name":"(anonymous_3)","decl":{"start":{"line":48,"column":2},"end":{"line":48,"column":3}},"loc":{"start":{"line":48,"column":45},"end":{"line":60,"column":3}},"line":48},"4":{"name":"(anonymous_4)","decl":{"start":{"line":49,"column":23},"end":{"line":49,"column":24}},"loc":{"start":{"line":49,"column":44},"end":{"line":59,"column":5}},"line":49},"5":{"name":"(anonymous_5)","decl":{"start":{"line":50,"column":50},"end":{"line":50,"column":51}},"loc":{"start":{"line":50,"column":71},"end":{"line":58,"column":7}},"line":50},"6":{"name":"(anonymous_6)","decl":{"start":{"line":62,"column":2},"end":{"line":62,"column":3}},"loc":{"start":{"line":62,"column":45},"end":{"line":74,"column":3}},"line":62},"7":{"name":"(anonymous_7)","decl":{"start":{"line":63,"column":23},"end":{"line":63,"column":24}},"loc":{"start":{"line":63,"column":44},"end":{"line":73,"column":5}},"line":63},"8":{"name":"(anonymous_8)","decl":{"start":{"line":64,"column":50},"end":{"line":64,"column":51}},"loc":{"start":{"line":64,"column":71},"end":{"line":72,"column":7}},"line":64},"9":{"name":"(anonymous_9)","decl":{"start":{"line":76,"column":2},"end":{"line":76,"column":3}},"loc":{"start":{"line":76,"column":37},"end":{"line":93,"column":3}},"line":76},"10":{"name":"(anonymous_10)","decl":{"start":{"line":79,"column":23},"end":{"line":79,"column":24}},"loc":{"start":{"line":79,"column":44},"end":{"line":92,"column":5}},"line":79},"11":{"name":"(anonymous_11)","decl":{"start":{"line":83,"column":56},"end":{"line":83,"column":57}},"loc":{"start":{"line":83,"column":77},"end":{"line":91,"column":7}},"line":83},"12":{"name":"(anonymous_12)","decl":{"start":{"line":95,"column":2},"end":{"line":95,"column":3}},"loc":{"start":{"line":95,"column":34},"end":{"line":105,"column":3}},"line":95},"13":{"name":"(anonymous_13)","decl":{"start":{"line":96,"column":23},"end":{"line":96,"column":24}},"loc":{"start":{"line":96,"column":44},"end":{"line":104,"column":5}},"line":96},"14":{"name":"(anonymous_14)","decl":{"start":{"line":97,"column":43},"end":{"line":97,"column":44}},"loc":{"start":{"line":97,"column":64},"end":{"line":103,"column":7}},"line":97},"15":{"name":"(anonymous_15)","decl":{"start":{"line":107,"column":2},"end":{"line":107,"column":3}},"loc":{"start":{"line":107,"column":43},"end":{"line":124,"column":3}},"line":107},"16":{"name":"(anonymous_16)","decl":{"start":{"line":110,"column":23},"end":{"line":110,"column":24}},"loc":{"start":{"line":110,"column":44},"end":{"line":123,"column":5}},"line":110},"17":{"name":"(anonymous_17)","decl":{"start":{"line":114,"column":80},"end":{"line":114,"column":81}},"loc":{"start":{"line":114,"column":101},"end":{"line":122,"column":7}},"line":114},"18":{"name":"(anonymous_18)","decl":{"start":{"line":126,"column":2},"end":{"line":126,"column":3}},"loc":{"start":{"line":126,"column":37},"end":{"line":143,"column":3}},"line":126},"19":{"name":"(anonymous_19)","decl":{"start":{"line":129,"column":23},"end":{"line":129,"column":24}},"loc":{"start":{"line":129,"column":44},"end":{"line":142,"column":5}},"line":129},"20":{"name":"(anonymous_20)","decl":{"start":{"line":133,"column":56},"end":{"line":133,"column":57}},"loc":{"start":{"line":133,"column":77},"end":{"line":141,"column":7}},"line":133},"21":{"name":"(anonymous_21)","decl":{"start":{"line":145,"column":2},"end":{"line":145,"column":3}},"loc":{"start":{"line":145,"column":43},"end":{"line":162,"column":3}},"line":145},"22":{"name":"(anonymous_22)","decl":{"start":{"line":148,"column":23},"end":{"line":148,"column":24}},"loc":{"start":{"line":148,"column":44},"end":{"line":161,"column":5}},"line":148},"23":{"name":"(anonymous_23)","decl":{"start":{"line":152,"column":62},"end":{"line":152,"column":63}},"loc":{"start":{"line":152,"column":83},"end":{"line":160,"column":7}},"line":152}},"branchMap":{"0":{"loc":{"start":{"line":20,"column":2},"end":{"line":20,"column":74}},"type":"binary-expr","locations":[{"start":{"line":20,"column":2},"end":{"line":20,"column":36}},{"start":{"line":20,"column":40},"end":{"line":20,"column":74}}],"line":20},"1":{"loc":{"start":{"line":26,"column":59},"end":{"line":26,"column":131}},"type":"binary-expr","locations":[{"start":{"line":26,"column":59},"end":{"line":26,"column":93}},{"start":{"line":26,"column":97},"end":{"line":26,"column":131}}],"line":26},"2":{"loc":{"start":{"line":34,"column":8},"end":{"line":43,"column":9}},"type":"if","locations":[{"start":{"line":34,"column":8},"end":{"line":43,"column":9}},{"start":{"line":40,"column":15},"end":{"line":43,"column":9}}],"line":34},"3":{"loc":{"start":{"line":51,"column":8},"end":{"line":57,"column":9}},"type":"if","locations":[{"start":{"line":51,"column":8},"end":{"line":57,"column":9}},{"start":{"line":54,"column":15},"end":{"line":57,"column":9}}],"line":51},"4":{"loc":{"start":{"line":65,"column":8},"end":{"line":71,"column":9}},"type":"if","locations":[{"start":{"line":65,"column":8},"end":{"line":71,"column":9}},{"start":{"line":68,"column":15},"end":{"line":71,"column":9}}],"line":65},"5":{"loc":{"start":{"line":84,"column":8},"end":{"line":90,"column":9}},"type":"if","locations":[{"start":{"line":84,"column":8},"end":{"line":90,"column":9}},{"start":{"line":87,"column":15},"end":{"line":90,"column":9}}],"line":84},"6":{"loc":{"start":{"line":98,"column":8},"end":{"line":102,"column":9}},"type":"if","locations":[{"start":{"line":98,"column":8},"end":{"line":102,"column":9}},{"start":{"line":100,"column":15},"end":{"line":102,"column":9}}],"line":98},"7":{"loc":{"start":{"line":115,"column":8},"end":{"line":121,"column":9}},"type":"if","locations":[{"start":{"line":115,"column":8},"end":{"line":121,"column":9}},{"start":{"line":118,"column":15},"end":{"line":121,"column":9}}],"line":115},"8":{"loc":{"start":{"line":120,"column":18},"end":{"line":120,"column":45}},"type":"binary-expr","locations":[{"start":{"line":120,"column":18},"end":{"line":120,"column":39}},{"start":{"line":120,"column":43},"end":{"line":120,"column":45}}],"line":120},"9":{"loc":{"start":{"line":134,"column":8},"end":{"line":140,"column":9}},"type":"if","locations":[{"start":{"line":134,"column":8},"end":{"line":140,"column":9}},{"start":{"line":137,"column":15},"end":{"line":140,"column":9}}],"line":134},"10":{"loc":{"start":{"line":153,"column":8},"end":{"line":159,"column":9}},"type":"if","locations":[{"start":{"line":153,"column":8},"end":{"line":159,"column":9}},{"start":{"line":156,"column":15},"end":{"line":159,"column":9}}],"line":153}},"s":{"0":4,"1":4,"2":4,"3":4,"4":4,"5":4,"6":4,"7":0,"8":0,"9":0,"10":0,"11":0,"12":0,"13":0,"14":0,"15":0,"16":0,"17":0,"18":0,"19":0,"20":0,"21":0,"22":0,"23":0,"24":0,"25":0,"26":0,"27":0,"28":0,"29":0,"30":0,"31":0,"32":0,"33":0,"34":0,"35":0,"36":0,"37":0,"38":0,"39":0,"40":0,"41":0,"42":0,"43":0,"44":0,"45":0,"46":0,"47":0,"48":0,"49":0,"50":0,"51":0,"52":0,"53":0,"54":0,"55":0,"56":0,"57":0,"58":0,"59":0,"60":0,"61":0,"62":0,"63":0,"64":0,"65":0,"66":0,"67":0,"68":0,"69":0,"70":0,"71":0,"72":0,"73":0,"74":0,"75":0,"76":0,"77":0,"78":0,"79":0,"80":4},"f":{"0":0,"1":0,"2":0,"3":0,"4":0,"5":0,"6":0,"7":0,"8":0,"9":0,"10":0,"11":0,"12":0,"13":0,"14":0,"15":0,"16":0,"17":0,"18":0,"19":0,"20":0,"21":0,"22":0,"23":0},"b":{"0":[4,1],"1":[0,0],"2":[0,0],"3":[0,0],"4":[0,0],"5":[0,0],"6":[0,0],"7":[0,0],"8":[0,0],"9":[0,0],"10":[0,0]},"_coverageSchema":"1a1c01bbd47fc00a2c39e90264f33305004495a9","hash":"31af1640586e4ccfe61b3802967d1aeec84fbd91"}
,"/Users/johnchristophermcarrillo/Projects/terraflow-app/backend-landregistry/services/blockchain.js": {"path":"/Users/johnchristophermcarrillo/Projects/terraflow-app/backend-landregistry/services/blockchain.js","statementMap":{"0":{"start":{"line":1,"column":25},"end":{"line":1,"column":55}},"1":{"start":{"line":3,"column":29},"end":{"line":21,"column":1}},"2":{"start":{"line":4,"column":2},"end":{"line":20,"column":3}},"3":{"start":{"line":5,"column":4},"end":{"line":5,"column":75}},"4":{"start":{"line":8,"column":20},"end":{"line":8,"column":77}},"5":{"start":{"line":10,"column":4},"end":{"line":13,"column":5}},"6":{"start":{"line":11,"column":6},"end":{"line":11,"column":94}},"7":{"start":{"line":12,"column":6},"end":{"line":12,"column":21}},"8":{"start":{"line":15,"column":4},"end":{"line":15,"column":69}},"9":{"start":{"line":16,"column":4},"end":{"line":16,"column":14}},"10":{"start":{"line":18,"column":4},"end":{"line":18,"column":72}},"11":{"start":{"line":19,"column":4},"end":{"line":19,"column":14}},"12":{"start":{"line":23,"column":0},"end":{"line":27,"column":2}}},"fnMap":{"0":{"name":"(anonymous_0)","decl":{"start":{"line":3,"column":29},"end":{"line":3,"column":30}},"loc":{"start":{"line":3,"column":52},"end":{"line":21,"column":1}},"line":3}},"branchMap":{"0":{"loc":{"start":{"line":10,"column":4},"end":{"line":13,"column":5}},"type":"if","locations":[{"start":{"line":10,"column":4},"end":{"line":13,"column":5}},{"start":{},"end":{}}],"line":10},"1":{"loc":{"start":{"line":10,"column":8},"end":{"line":10,"column":37}},"type":"binary-expr","locations":[{"start":{"line":10,"column":8},"end":{"line":10,"column":15}},{"start":{"line":10,"column":19},"end":{"line":10,"column":37}}],"line":10}},"s":{"0":1,"1":1,"2":0,"3":0,"4":0,"5":0,"6":0,"7":0,"8":0,"9":0,"10":0,"11":0,"12":1},"f":{"0":0},"b":{"0":[0,0],"1":[0,0]},"_coverageSchema":"1a1c01bbd47fc00a2c39e90264f33305004495a9","hash":"edb9d3f9dc504ee095de58972077092ca396f989"}
,"/Users/johnchristophermcarrillo/Projects/terraflow-app/backend-landregistry/services/landtitles.js": {"path":"/Users/johnchristophermcarrillo/Projects/terraflow-app/backend-landregistry/services/landtitles.js","statementMap":{"0":{"start":{"line":1,"column":17},"end":{"line":1,"column":40}},"1":{"start":{"line":2,"column":17},"end":{"line":2,"column":45}},"2":{"start":{"line":3,"column":49},"end":{"line":3,"column":79}},"3":{"start":{"line":4,"column":24},"end":{"line":4,"column":56}},"4":{"start":{"line":5,"column":40},"end":{"line":5,"column":70}},"5":{"start":{"line":7,"column":26},"end":{"line":75,"column":1}},"6":{"start":{"line":8,"column":68},"end":{"line":8,"column":79}},"7":{"start":{"line":10,"column":2},"end":{"line":10,"column":52}},"8":{"start":{"line":11,"column":2},"end":{"line":11,"column":51}},"9":{"start":{"line":12,"column":2},"end":{"line":12,"column":60}},"10":{"start":{"line":13,"column":2},"end":{"line":13,"column":79}},"11":{"start":{"line":15,"column":2},"end":{"line":74,"column":3}},"12":{"start":{"line":16,"column":32},"end":{"line":16,"column":64}},"13":{"start":{"line":17,"column":26},"end":{"line":17,"column":78}},"14":{"start":{"line":19,"column":19},"end":{"line":19,"column":69}},"15":{"start":{"line":20,"column":4},"end":{"line":23,"column":5}},"16":{"start":{"line":21,"column":6},"end":{"line":21,"column":82}},"17":{"start":{"line":22,"column":6},"end":{"line":22,"column":95}},"18":{"start":{"line":26,"column":24},"end":{"line":35,"column":5}},"19":{"start":{"line":37,"column":19},"end":{"line":54,"column":6}},"20":{"start":{"line":56,"column":22},"end":{"line":56,"column":36}},"21":{"start":{"line":58,"column":4},"end":{"line":64,"column":7}},"22":{"start":{"line":66,"column":4},"end":{"line":66,"column":75}},"23":{"start":{"line":67,"column":4},"end":{"line":67,"column":59}},"24":{"start":{"line":68,"column":4},"end":{"line":68,"column":106}},"25":{"start":{"line":70,"column":4},"end":{"line":70,"column":21}},"26":{"start":{"line":73,"column":4},"end":{"line":73,"column":16}},"27":{"start":{"line":77,"column":25},"end":{"line":100,"column":1}},"28":{"start":{"line":78,"column":2},"end":{"line":99,"column":3}},"29":{"start":{"line":79,"column":18},"end":{"line":79,"column":70}},"30":{"start":{"line":80,"column":19},"end":{"line":80,"column":42}},"31":{"start":{"line":83,"column":32},"end":{"line":92,"column":5}},"32":{"start":{"line":85,"column":31},"end":{"line":85,"column":106}},"33":{"start":{"line":86,"column":32},"end":{"line":86,"column":76}},"34":{"start":{"line":87,"column":8},"end":{"line":90,"column":10}},"35":{"start":{"line":94,"column":4},"end":{"line":94,"column":89}},"36":{"start":{"line":95,"column":4},"end":{"line":95,"column":31}},"37":{"start":{"line":97,"column":4},"end":{"line":97,"column":66}},"38":{"start":{"line":98,"column":4},"end":{"line":98,"column":16}},"39":{"start":{"line":102,"column":25},"end":{"line":124,"column":1}},"40":{"start":{"line":103,"column":2},"end":{"line":123,"column":3}},"41":{"start":{"line":104,"column":18},"end":{"line":104,"column":59}},"42":{"start":{"line":105,"column":19},"end":{"line":105,"column":48}},"43":{"start":{"line":106,"column":18},"end":{"line":106,"column":32}},"44":{"start":{"line":108,"column":4},"end":{"line":111,"column":5}},"45":{"start":{"line":109,"column":6},"end":{"line":109,"column":52}},"46":{"start":{"line":110,"column":6},"end":{"line":110,"column":18}},"47":{"start":{"line":114,"column":27},"end":{"line":114,"column":102}},"48":{"start":{"line":115,"column":28},"end":{"line":115,"column":66}},"49":{"start":{"line":116,"column":4},"end":{"line":116,"column":43}},"50":{"start":{"line":118,"column":4},"end":{"line":118,"column":92}},"51":{"start":{"line":119,"column":4},"end":{"line":119,"column":17}},"52":{"start":{"line":121,"column":4},"end":{"line":121,"column":67}},"53":{"start":{"line":122,"column":4},"end":{"line":122,"column":16}},"54":{"start":{"line":126,"column":0},"end":{"line":130,"column":2}}},"fnMap":{"0":{"name":"(anonymous_0)","decl":{"start":{"line":7,"column":26},"end":{"line":7,"column":27}},"loc":{"start":{"line":7,"column":49},"end":{"line":75,"column":1}},"line":7},"1":{"name":"(anonymous_1)","decl":{"start":{"line":77,"column":25},"end":{"line":77,"column":26}},"loc":{"start":{"line":77,"column":37},"end":{"line":100,"column":1}},"line":77},"2":{"name":"(anonymous_2)","decl":{"start":{"line":84,"column":22},"end":{"line":84,"column":23}},"loc":{"start":{"line":84,"column":39},"end":{"line":91,"column":7}},"line":84},"3":{"name":"(anonymous_3)","decl":{"start":{"line":102,"column":25},"end":{"line":102,"column":26}},"loc":{"start":{"line":102,"column":39},"end":{"line":124,"column":1}},"line":102}},"branchMap":{"0":{"loc":{"start":{"line":20,"column":4},"end":{"line":23,"column":5}},"type":"if","locations":[{"start":{"line":20,"column":4},"end":{"line":23,"column":5}},{"start":{},"end":{}}],"line":20},"1":{"loc":{"start":{"line":68,"column":60},"end":{"line":68,"column":96}},"type":"cond-expr","locations":[{"start":{"line":68,"column":74},"end":{"line":68,"column":92}},{"start":{"line":68,"column":95},"end":{"line":68,"column":96}}],"line":68},"2":{"loc":{"start":{"line":108,"column":4},"end":{"line":111,"column":5}},"type":"if","locations":[{"start":{"line":108,"column":4},"end":{"line":111,"column":5}},{"start":{},"end":{}}],"line":108}},"s":{"0":2,"1":2,"2":2,"3":2,"4":2,"5":2,"6":7,"7":7,"8":7,"9":7,"10":7,"11":7,"12":7,"13":7,"14":6,"15":6,"16":1,"17":1,"18":5,"19":5,"20":5,"21":5,"22":5,"23":5,"24":5,"25":5,"26":2,"27":2,"28":0,"29":0,"30":0,"31":0,"32":0,"33":0,"34":0,"35":0,"36":0,"37":0,"38":0,"39":2,"40":2,"41":2,"42":2,"43":2,"44":2,"45":0,"46":0,"47":2,"48":2,"49":2,"50":2,"51":2,"52":0,"53":0,"54":2},"f":{"0":7,"1":0,"2":0,"3":2},"b":{"0":[1,5],"1":[1,4],"2":[0,2]},"_coverageSchema":"1a1c01bbd47fc00a2c39e90264f33305004495a9","hash":"e5e521392ab5f3cd0c29179546d7e50186f639c6"}
,"/Users/johnchristophermcarrillo/Projects/terraflow-app/backend-landregistry/services/mortgage.js": {"path":"/Users/johnchristophermcarrillo/Projects/terraflow-app/backend-landregistry/services/mortgage.js","statementMap":{"0":{"start":{"line":1,"column":17},"end":{"line":1,"column":40}},"1":{"start":{"line":2,"column":17},"end":{"line":2,"column":45}},"2":{"start":{"line":3,"column":31},"end":{"line":3,"column":61}},"3":{"start":{"line":4,"column":27},"end":{"line":4,"column":58}},"4":{"start":{"line":6,"column":23},"end":{"line":115,"column":1}},"5":{"start":{"line":7,"column":2},"end":{"line":7,"column":50}},"6":{"start":{"line":8,"column":2},"end":{"line":8,"column":76}},"7":{"start":{"line":10,"column":66},"end":{"line":10,"column":77}},"8":{"start":{"line":12,"column":2},"end":{"line":12,"column":51}},"9":{"start":{"line":13,"column":2},"end":{"line":13,"column":80}},"10":{"start":{"line":15,"column":2},"end":{"line":114,"column":3}},"11":{"start":{"line":16,"column":26},"end":{"line":16,"column":75}},"12":{"start":{"line":17,"column":2},"end":{"line":17,"column":85}},"13":{"start":{"line":20,"column":27},"end":{"line":20,"column":68}},"14":{"start":{"line":21,"column":28},"end":{"line":21,"column":91}},"15":{"start":{"line":23,"column":4},"end":{"line":25,"column":5}},"16":{"start":{"line":24,"column":6},"end":{"line":24,"column":46}},"17":{"start":{"line":27,"column":22},"end":{"line":27,"column":45}},"18":{"start":{"line":29,"column":4},"end":{"line":31,"column":5}},"19":{"start":{"line":30,"column":6},"end":{"line":30,"column":66}},"20":{"start":{"line":34,"column":4},"end":{"line":36,"column":5}},"21":{"start":{"line":35,"column":6},"end":{"line":35,"column":68}},"22":{"start":{"line":39,"column":4},"end":{"line":41,"column":5}},"23":{"start":{"line":40,"column":6},"end":{"line":40,"column":65}},"24":{"start":{"line":44,"column":23},"end":{"line":44,"column":103}},"25":{"start":{"line":45,"column":24},"end":{"line":45,"column":104}},"26":{"start":{"line":47,"column":4},"end":{"line":49,"column":5}},"27":{"start":{"line":48,"column":6},"end":{"line":48,"column":68}},"28":{"start":{"line":52,"column":27},"end":{"line":52,"column":126}},"29":{"start":{"line":53,"column":28},"end":{"line":53,"column":137}},"30":{"start":{"line":55,"column":4},"end":{"line":57,"column":5}},"31":{"start":{"line":56,"column":6},"end":{"line":56,"column":59}},"32":{"start":{"line":60,"column":30},"end":{"line":60,"column":110}},"33":{"start":{"line":61,"column":23},"end":{"line":61,"column":110}},"34":{"start":{"line":62,"column":25},"end":{"line":62,"column":63}},"35":{"start":{"line":65,"column":17},"end":{"line":65,"column":41}},"36":{"start":{"line":66,"column":22},"end":{"line":66,"column":32}},"37":{"start":{"line":67,"column":23},"end":{"line":67,"column":49}},"38":{"start":{"line":70,"column":24},"end":{"line":76,"column":5}},"39":{"start":{"line":78,"column":25},"end":{"line":90,"column":6}},"40":{"start":{"line":92,"column":21},"end":{"line":92,"column":41}},"41":{"start":{"line":95,"column":4},"end":{"line":104,"column":5}},"42":{"start":{"line":96,"column":6},"end":{"line":103,"column":9}},"43":{"start":{"line":106,"column":4},"end":{"line":106,"column":72}},"44":{"start":{"line":107,"column":4},"end":{"line":107,"column":59}},"45":{"start":{"line":109,"column":4},"end":{"line":109,"column":20}},"46":{"start":{"line":112,"column":4},"end":{"line":112,"column":62}},"47":{"start":{"line":113,"column":4},"end":{"line":113,"column":16}},"48":{"start":{"line":117,"column":23},"end":{"line":142,"column":1}},"49":{"start":{"line":118,"column":2},"end":{"line":141,"column":3}},"50":{"start":{"line":119,"column":23},"end":{"line":119,"column":62}},"51":{"start":{"line":120,"column":24},"end":{"line":120,"column":58}},"52":{"start":{"line":122,"column":4},"end":{"line":124,"column":5}},"53":{"start":{"line":123,"column":6},"end":{"line":123,"column":44}},"54":{"start":{"line":126,"column":21},"end":{"line":126,"column":40}},"55":{"start":{"line":128,"column":4},"end":{"line":130,"column":5}},"56":{"start":{"line":129,"column":6},"end":{"line":129,"column":55}},"57":{"start":{"line":132,"column":24},"end":{"line":132,"column":84}},"58":{"start":{"line":133,"column":19},"end":{"line":133,"column":67}},"59":{"start":{"line":135,"column":4},"end":{"line":135,"column":59}},"60":{"start":{"line":136,"column":4},"end":{"line":136,"column":26}},"61":{"start":{"line":139,"column":4},"end":{"line":139,"column":62}},"62":{"start":{"line":140,"column":4},"end":{"line":140,"column":16}},"63":{"start":{"line":144,"column":23},"end":{"line":177,"column":1}},"64":{"start":{"line":145,"column":2},"end":{"line":176,"column":3}},"65":{"start":{"line":146,"column":23},"end":{"line":146,"column":62}},"66":{"start":{"line":147,"column":24},"end":{"line":147,"column":58}},"67":{"start":{"line":149,"column":4},"end":{"line":151,"column":5}},"68":{"start":{"line":150,"column":6},"end":{"line":150,"column":44}},"69":{"start":{"line":153,"column":21},"end":{"line":153,"column":40}},"70":{"start":{"line":156,"column":4},"end":{"line":158,"column":5}},"71":{"start":{"line":157,"column":6},"end":{"line":157,"column":73}},"72":{"start":{"line":161,"column":24},"end":{"line":161,"column":132}},"73":{"start":{"line":162,"column":19},"end":{"line":168,"column":6}},"74":{"start":{"line":170,"column":4},"end":{"line":170,"column":57}},"75":{"start":{"line":171,"column":4},"end":{"line":171,"column":26}},"76":{"start":{"line":174,"column":4},"end":{"line":174,"column":62}},"77":{"start":{"line":175,"column":4},"end":{"line":175,"column":16}},"78":{"start":{"line":179,"column":33},"end":{"line":191,"column":1}},"79":{"start":{"line":180,"column":2},"end":{"line":190,"column":3}},"80":{"start":{"line":181,"column":18},"end":{"line":181,"column":98}},"81":{"start":{"line":182,"column":19},"end":{"line":182,"column":78}},"82":{"start":{"line":184,"column":25},"end":{"line":184,"column":59}},"83":{"start":{"line":185,"column":4},"end":{"line":185,"column":25}},"84":{"start":{"line":188,"column":4},"end":{"line":188,"column":73}},"85":{"start":{"line":189,"column":4},"end":{"line":189,"column":16}},"86":{"start":{"line":193,"column":31},"end":{"line":216,"column":1}},"87":{"start":{"line":194,"column":2},"end":{"line":215,"column":3}},"88":{"start":{"line":197,"column":4},"end":{"line":210,"column":5}},"89":{"start":{"line":198,"column":6},"end":{"line":198,"column":83}},"90":{"start":{"line":199,"column":21},"end":{"line":199,"column":57}},"91":{"start":{"line":200,"column":6},"end":{"line":200,"column":25}},"92":{"start":{"line":201,"column":11},"end":{"line":210,"column":5}},"93":{"start":{"line":202,"column":6},"end":{"line":202,"column":83}},"94":{"start":{"line":203,"column":21},"end":{"line":203,"column":56}},"95":{"start":{"line":204,"column":6},"end":{"line":204,"column":25}},"96":{"start":{"line":207,"column":6},"end":{"line":207,"column":83}},"97":{"start":{"line":208,"column":21},"end":{"line":208,"column":57}},"98":{"start":{"line":209,"column":6},"end":{"line":209,"column":61}},"99":{"start":{"line":209,"column":37},"end":{"line":209,"column":59}},"100":{"start":{"line":213,"column":4},"end":{"line":213,"column":72}},"101":{"start":{"line":214,"column":4},"end":{"line":214,"column":16}},"102":{"start":{"line":218,"column":30},"end":{"line":256,"column":1}},"103":{"start":{"line":219,"column":35},"end":{"line":219,"column":39}},"104":{"start":{"line":221,"column":2},"end":{"line":255,"column":3}},"105":{"start":{"line":222,"column":23},"end":{"line":222,"column":62}},"106":{"start":{"line":223,"column":24},"end":{"line":223,"column":67}},"107":{"start":{"line":225,"column":4},"end":{"line":227,"column":5}},"108":{"start":{"line":226,"column":6},"end":{"line":226,"column":44}},"109":{"start":{"line":229,"column":21},"end":{"line":229,"column":40}},"110":{"start":{"line":231,"column":4},"end":{"line":233,"column":5}},"111":{"start":{"line":232,"column":6},"end":{"line":232,"column":63}},"112":{"start":{"line":236,"column":26},"end":{"line":236,"column":48}},"113":{"start":{"line":238,"column":4},"end":{"line":246,"column":7}},"114":{"start":{"line":248,"column":4},"end":{"line":248,"column":81}},"115":{"start":{"line":250,"column":4},"end":{"line":250,"column":20}},"116":{"start":{"line":253,"column":4},"end":{"line":253,"column":70}},"117":{"start":{"line":254,"column":4},"end":{"line":254,"column":16}},"118":{"start":{"line":258,"column":30},"end":{"line":283,"column":1}},"119":{"start":{"line":259,"column":2},"end":{"line":282,"column":3}},"120":{"start":{"line":260,"column":23},"end":{"line":260,"column":62}},"121":{"start":{"line":261,"column":24},"end":{"line":261,"column":58}},"122":{"start":{"line":263,"column":4},"end":{"line":265,"column":5}},"123":{"start":{"line":264,"column":6},"end":{"line":264,"column":44}},"124":{"start":{"line":267,"column":4},"end":{"line":269,"column":5}},"125":{"start":{"line":268,"column":6},"end":{"line":268,"column":33}},"126":{"start":{"line":271,"column":19},"end":{"line":274,"column":5}},"127":{"start":{"line":276,"column":4},"end":{"line":276,"column":65}},"128":{"start":{"line":277,"column":4},"end":{"line":277,"column":26}},"129":{"start":{"line":280,"column":4},"end":{"line":280,"column":70}},"130":{"start":{"line":281,"column":4},"end":{"line":281,"column":16}},"131":{"start":{"line":285,"column":30},"end":{"line":304,"column":1}},"132":{"start":{"line":286,"column":2},"end":{"line":303,"column":3}},"133":{"start":{"line":287,"column":23},"end":{"line":287,"column":62}},"134":{"start":{"line":288,"column":24},"end":{"line":288,"column":58}},"135":{"start":{"line":290,"column":4},"end":{"line":292,"column":5}},"136":{"start":{"line":291,"column":6},"end":{"line":291,"column":44}},"137":{"start":{"line":294,"column":24},"end":{"line":294,"column":92}},"138":{"start":{"line":295,"column":19},"end":{"line":295,"column":67}},"139":{"start":{"line":297,"column":4},"end":{"line":297,"column":67}},"140":{"start":{"line":298,"column":4},"end":{"line":298,"column":26}},"141":{"start":{"line":301,"column":4},"end":{"line":301,"column":70}},"142":{"start":{"line":302,"column":4},"end":{"line":302,"column":16}},"143":{"start":{"line":306,"column":33},"end":{"line":318,"column":1}},"144":{"start":{"line":307,"column":2},"end":{"line":317,"column":3}},"145":{"start":{"line":308,"column":18},"end":{"line":308,"column":88}},"146":{"start":{"line":309,"column":19},"end":{"line":309,"column":54}},"147":{"start":{"line":311,"column":4},"end":{"line":311,"column":86}},"148":{"start":{"line":312,"column":4},"end":{"line":312,"column":23}},"149":{"start":{"line":315,"column":4},"end":{"line":315,"column":75}},"150":{"start":{"line":316,"column":4},"end":{"line":316,"column":16}},"151":{"start":{"line":320,"column":0},"end":{"line":330,"column":2}}},"fnMap":{"0":{"name":"(anonymous_0)","decl":{"start":{"line":6,"column":23},"end":{"line":6,"column":24}},"loc":{"start":{"line":6,"column":46},"end":{"line":115,"column":1}},"line":6},"1":{"name":"(anonymous_1)","decl":{"start":{"line":117,"column":23},"end":{"line":117,"column":24}},"loc":{"start":{"line":117,"column":37},"end":{"line":142,"column":1}},"line":117},"2":{"name":"(anonymous_2)","decl":{"start":{"line":144,"column":23},"end":{"line":144,"column":24}},"loc":{"start":{"line":144,"column":49},"end":{"line":177,"column":1}},"line":144},"3":{"name":"(anonymous_3)","decl":{"start":{"line":179,"column":33},"end":{"line":179,"column":34}},"loc":{"start":{"line":179,"column":56},"end":{"line":191,"column":1}},"line":179},"4":{"name":"(anonymous_4)","decl":{"start":{"line":193,"column":31},"end":{"line":193,"column":32}},"loc":{"start":{"line":193,"column":56},"end":{"line":216,"column":1}},"line":193},"5":{"name":"(anonymous_5)","decl":{"start":{"line":209,"column":32},"end":{"line":209,"column":33}},"loc":{"start":{"line":209,"column":37},"end":{"line":209,"column":59}},"line":209},"6":{"name":"(anonymous_6)","decl":{"start":{"line":218,"column":30},"end":{"line":218,"column":31}},"loc":{"start":{"line":218,"column":46},"end":{"line":256,"column":1}},"line":218},"7":{"name":"(anonymous_7)","decl":{"start":{"line":258,"column":30},"end":{"line":258,"column":31}},"loc":{"start":{"line":258,"column":56},"end":{"line":283,"column":1}},"line":258},"8":{"name":"(anonymous_8)","decl":{"start":{"line":285,"column":30},"end":{"line":285,"column":31}},"loc":{"start":{"line":285,"column":44},"end":{"line":304,"column":1}},"line":285},"9":{"name":"(anonymous_9)","decl":{"start":{"line":306,"column":33},"end":{"line":306,"column":34}},"loc":{"start":{"line":306,"column":45},"end":{"line":318,"column":1}},"line":306}},"branchMap":{"0":{"loc":{"start":{"line":13,"column":42},"end":{"line":13,"column":78}},"type":"cond-expr","locations":[{"start":{"line":13,"column":56},"end":{"line":13,"column":74}},{"start":{"line":13,"column":77},"end":{"line":13,"column":78}}],"line":13},"1":{"loc":{"start":{"line":23,"column":4},"end":{"line":25,"column":5}},"type":"if","locations":[{"start":{"line":23,"column":4},"end":{"line":25,"column":5}},{"start":{},"end":{}}],"line":23},"2":{"loc":{"start":{"line":29,"column":4},"end":{"line":31,"column":5}},"type":"if","locations":[{"start":{"line":29,"column":4},"end":{"line":31,"column":5}},{"start":{},"end":{}}],"line":29},"3":{"loc":{"start":{"line":34,"column":4},"end":{"line":36,"column":5}},"type":"if","locations":[{"start":{"line":34,"column":4},"end":{"line":36,"column":5}},{"start":{},"end":{}}],"line":34},"4":{"loc":{"start":{"line":39,"column":4},"end":{"line":41,"column":5}},"type":"if","locations":[{"start":{"line":39,"column":4},"end":{"line":41,"column":5}},{"start":{},"end":{}}],"line":39},"5":{"loc":{"start":{"line":39,"column":8},"end":{"line":39,"column":85}},"type":"binary-expr","locations":[{"start":{"line":39,"column":8},"end":{"line":39,"column":33}},{"start":{"line":39,"column":37},"end":{"line":39,"column":85}}],"line":39},"6":{"loc":{"start":{"line":47,"column":4},"end":{"line":49,"column":5}},"type":"if","locations":[{"start":{"line":47,"column":4},"end":{"line":49,"column":5}},{"start":{},"end":{}}],"line":47},"7":{"loc":{"start":{"line":55,"column":4},"end":{"line":57,"column":5}},"type":"if","locations":[{"start":{"line":55,"column":4},"end":{"line":57,"column":5}},{"start":{},"end":{}}],"line":55},"8":{"loc":{"start":{"line":84,"column":6},"end":{"line":84,"column":35}},"type":"binary-expr","locations":[{"start":{"line":84,"column":6},"end":{"line":84,"column":27}},{"start":{"line":84,"column":31},"end":{"line":84,"column":35}}],"line":84},"9":{"loc":{"start":{"line":85,"column":6},"end":{"line":85,"column":39}},"type":"binary-expr","locations":[{"start":{"line":85,"column":6},"end":{"line":85,"column":31}},{"start":{"line":85,"column":35},"end":{"line":85,"column":39}}],"line":85},"10":{"loc":{"start":{"line":95,"column":4},"end":{"line":104,"column":5}},"type":"if","locations":[{"start":{"line":95,"column":4},"end":{"line":104,"column":5}},{"start":{},"end":{}}],"line":95},"11":{"loc":{"start":{"line":95,"column":8},"end":{"line":95,"column":45}},"type":"binary-expr","locations":[{"start":{"line":95,"column":8},"end":{"line":95,"column":19}},{"start":{"line":95,"column":23},"end":{"line":95,"column":45}}],"line":95},"12":{"loc":{"start":{"line":122,"column":4},"end":{"line":124,"column":5}},"type":"if","locations":[{"start":{"line":122,"column":4},"end":{"line":124,"column":5}},{"start":{},"end":{}}],"line":122},"13":{"loc":{"start":{"line":128,"column":4},"end":{"line":130,"column":5}},"type":"if","locations":[{"start":{"line":128,"column":4},"end":{"line":130,"column":5}},{"start":{},"end":{}}],"line":128},"14":{"loc":{"start":{"line":149,"column":4},"end":{"line":151,"column":5}},"type":"if","locations":[{"start":{"line":149,"column":4},"end":{"line":151,"column":5}},{"start":{},"end":{}}],"line":149},"15":{"loc":{"start":{"line":156,"column":4},"end":{"line":158,"column":5}},"type":"if","locations":[{"start":{"line":156,"column":4},"end":{"line":158,"column":5}},{"start":{},"end":{}}],"line":156},"16":{"loc":{"start":{"line":156,"column":8},"end":{"line":156,"column":64}},"type":"binary-expr","locations":[{"start":{"line":156,"column":8},"end":{"line":156,"column":36}},{"start":{"line":156,"column":40},"end":{"line":156,"column":64}}],"line":156},"17":{"loc":{"start":{"line":163,"column":6},"end":{"line":163,"column":42}},"type":"binary-expr","locations":[{"start":{"line":163,"column":6},"end":{"line":163,"column":23}},{"start":{"line":163,"column":27},"end":{"line":163,"column":42}}],"line":163},"18":{"loc":{"start":{"line":164,"column":6},"end":{"line":164,"column":48}},"type":"binary-expr","locations":[{"start":{"line":164,"column":6},"end":{"line":164,"column":26}},{"start":{"line":164,"column":30},"end":{"line":164,"column":48}}],"line":164},"19":{"loc":{"start":{"line":165,"column":6},"end":{"line":165,"column":44}},"type":"binary-expr","locations":[{"start":{"line":165,"column":6},"end":{"line":165,"column":24}},{"start":{"line":165,"column":28},"end":{"line":165,"column":44}}],"line":165},"20":{"loc":{"start":{"line":166,"column":6},"end":{"line":166,"column":52}},"type":"binary-expr","locations":[{"start":{"line":166,"column":6},"end":{"line":166,"column":28}},{"start":{"line":166,"column":32},"end":{"line":166,"column":52}}],"line":166},"21":{"loc":{"start":{"line":197,"column":4},"end":{"line":210,"column":5}},"type":"if","locations":[{"start":{"line":197,"column":4},"end":{"line":210,"column":5}},{"start":{"line":201,"column":11},"end":{"line":210,"column":5}}],"line":197},"22":{"loc":{"start":{"line":201,"column":11},"end":{"line":210,"column":5}},"type":"if","locations":[{"start":{"line":201,"column":11},"end":{"line":210,"column":5}},{"start":{"line":205,"column":11},"end":{"line":210,"column":5}}],"line":201},"23":{"loc":{"start":{"line":225,"column":4},"end":{"line":227,"column":5}},"type":"if","locations":[{"start":{"line":225,"column":4},"end":{"line":227,"column":5}},{"start":{},"end":{}}],"line":225},"24":{"loc":{"start":{"line":231,"column":4},"end":{"line":233,"column":5}},"type":"if","locations":[{"start":{"line":231,"column":4},"end":{"line":233,"column":5}},{"start":{},"end":{}}],"line":231},"25":{"loc":{"start":{"line":240,"column":19},"end":{"line":240,"column":65}},"type":"binary-expr","locations":[{"start":{"line":240,"column":19},"end":{"line":240,"column":39}},{"start":{"line":240,"column":43},"end":{"line":240,"column":65}}],"line":240},"26":{"loc":{"start":{"line":241,"column":20},"end":{"line":241,"column":66}},"type":"binary-expr","locations":[{"start":{"line":241,"column":20},"end":{"line":241,"column":40}},{"start":{"line":241,"column":44},"end":{"line":241,"column":66}}],"line":241},"27":{"loc":{"start":{"line":263,"column":4},"end":{"line":265,"column":5}},"type":"if","locations":[{"start":{"line":263,"column":4},"end":{"line":265,"column":5}},{"start":{},"end":{}}],"line":263},"28":{"loc":{"start":{"line":267,"column":4},"end":{"line":269,"column":5}},"type":"if","locations":[{"start":{"line":267,"column":4},"end":{"line":269,"column":5}},{"start":{},"end":{}}],"line":267},"29":{"loc":{"start":{"line":290,"column":4},"end":{"line":292,"column":5}},"type":"if","locations":[{"start":{"line":290,"column":4},"end":{"line":292,"column":5}},{"start":{},"end":{}}],"line":290}},"s":{"0":2,"1":2,"2":2,"3":2,"4":2,"5":11,"6":11,"7":11,"8":11,"9":11,"10":11,"11":11,"12":11,"13":11,"14":11,"15":11,"16":1,"17":10,"18":10,"19":1,"20":9,"21":1,"22":8,"23":1,"24":7,"25":7,"26":7,"27":1,"28":6,"29":6,"30":6,"31":1,"32":5,"33":5,"34":5,"35":5,"36":5,"37":5,"38":5,"39":5,"40":5,"41":5,"42":1,"43":5,"44":5,"45":5,"46":6,"47":6,"48":2,"49":3,"50":3,"51":3,"52":3,"53":1,"54":2,"55":2,"56":1,"57":1,"58":1,"59":1,"60":1,"61":2,"62":2,"63":2,"64":5,"65":5,"66":5,"67":5,"68":1,"69":4,"70":4,"71":1,"72":3,"73":3,"74":3,"75":3,"76":2,"77":2,"78":2,"79":5,"80":5,"81":5,"82":4,"83":4,"84":1,"85":1,"86":2,"87":7,"88":7,"89":2,"90":2,"91":1,"92":5,"93":2,"94":2,"95":1,"96":3,"97":3,"98":2,"99":4,"100":3,"101":3,"102":2,"103":5,"104":5,"105":5,"106":5,"107":4,"108":1,"109":3,"110":3,"111":2,"112":1,"113":1,"114":1,"115":1,"116":4,"117":4,"118":2,"119":3,"120":3,"121":3,"122":3,"123":1,"124":2,"125":1,"126":1,"127":1,"128":1,"129":1,"130":1,"131":2,"132":3,"133":3,"134":3,"135":3,"136":1,"137":2,"138":2,"139":2,"140":2,"141":1,"142":1,"143":2,"144":2,"145":2,"146":2,"147":1,"148":1,"149":1,"150":1,"151":2},"f":{"0":11,"1":3,"2":5,"3":5,"4":7,"5":4,"6":5,"7":3,"8":3,"9":2},"b":{"0":[1,10],"1":[1,10],"2":[1,9],"3":[1,8],"4":[1,7],"5":[8,8],"6":[1,6],"7":[1,5],"8":[5,5],"9":[5,5],"10":[1,4],"11":[5,1],"12":[1,2],"13":[1,1],"14":[1,4],"15":[1,3],"16":[4,2],"17":[3,2],"18":[3,3],"19":[3,2],"20":[3,3],"21":[2,5],"22":[2,3],"23":[1,3],"24":[2,1],"25":[1,0],"26":[1,0],"27":[1,2],"28":[1,1],"29":[1,2]},"_coverageSchema":"1a1c01bbd47fc00a2c39e90264f33305004495a9","hash":"140e1daa2667fd937b522d40580fa8bc61884943"}
,"/Users/johnchristophermcarrillo/Projects/terraflow-app/backend-landregistry/services/payments.js": {"path":"/Users/johnchristophermcarrillo/Projects/terraflow-app/backend-landregistry/services/payments.js","statementMap":{"0":{"start":{"line":1,"column":17},"end":{"line":1,"column":40}},"1":{"start":{"line":2,"column":27},"end":{"line":2,"column":57}},"2":{"start":{"line":3,"column":17},"end":{"line":3,"column":45}},"3":{"start":{"line":4,"column":25},"end":{"line":4,"column":55}},"4":{"start":{"line":5,"column":27},"end":{"line":5,"column":59}},"5":{"start":{"line":7,"column":25},"end":{"line":8,"column":88}},"6":{"start":{"line":8,"column":2},"end":{"line":8,"column":88}},"7":{"start":{"line":10,"column":22},"end":{"line":21,"column":1}},"8":{"start":{"line":11,"column":20},"end":{"line":19,"column":4}},"9":{"start":{"line":13,"column":21},"end":{"line":16,"column":7}},"10":{"start":{"line":17,"column":6},"end":{"line":17,"column":28}},"11":{"start":{"line":20,"column":2},"end":{"line":20,"column":17}},"12":{"start":{"line":23,"column":23},"end":{"line":54,"column":1}},"13":{"start":{"line":25,"column":20},"end":{"line":39,"column":4}},"14":{"start":{"line":27,"column":21},"end":{"line":30,"column":7}},"15":{"start":{"line":32,"column":6},"end":{"line":34,"column":7}},"16":{"start":{"line":33,"column":8},"end":{"line":33,"column":45}},"17":{"start":{"line":36,"column":6},"end":{"line":36,"column":55}},"18":{"start":{"line":37,"column":6},"end":{"line":37,"column":28}},"19":{"start":{"line":42,"column":18},"end":{"line":48,"column":3}},"20":{"start":{"line":50,"column":2},"end":{"line":50,"column":63}},"21":{"start":{"line":51,"column":2},"end":{"line":51,"column":89}},"22":{"start":{"line":53,"column":2},"end":{"line":53,"column":17}},"23":{"start":{"line":56,"column":28},"end":{"line":92,"column":1}},"24":{"start":{"line":57,"column":51},"end":{"line":57,"column":62}},"25":{"start":{"line":59,"column":2},"end":{"line":91,"column":3}},"26":{"start":{"line":60,"column":4},"end":{"line":60,"column":44}},"27":{"start":{"line":61,"column":4},"end":{"line":61,"column":72}},"28":{"start":{"line":64,"column":4},"end":{"line":71,"column":5}},"29":{"start":{"line":65,"column":6},"end":{"line":65,"column":63}},"30":{"start":{"line":66,"column":11},"end":{"line":71,"column":5}},"31":{"start":{"line":67,"column":6},"end":{"line":67,"column":70}},"32":{"start":{"line":70,"column":6},"end":{"line":70,"column":64}},"33":{"start":{"line":74,"column":4},"end":{"line":74,"column":68}},"34":{"start":{"line":76,"column":4},"end":{"line":88,"column":5}},"35":{"start":{"line":77,"column":27},"end":{"line":83,"column":7}},"36":{"start":{"line":85,"column":6},"end":{"line":85,"column":67}},"37":{"start":{"line":87,"column":6},"end":{"line":87,"column":80}},"38":{"start":{"line":90,"column":4},"end":{"line":90,"column":16}},"39":{"start":{"line":94,"column":30},"end":{"line":189,"column":1}},"40":{"start":{"line":95,"column":2},"end":{"line":95,"column":63}},"41":{"start":{"line":97,"column":19},"end":{"line":97,"column":47}},"42":{"start":{"line":98,"column":24},"end":{"line":98,"column":104}},"43":{"start":{"line":100,"column":2},"end":{"line":102,"column":3}},"44":{"start":{"line":101,"column":4},"end":{"line":101,"column":57}},"45":{"start":{"line":104,"column":26},"end":{"line":104,"column":47}},"46":{"start":{"line":105,"column":20},"end":{"line":105,"column":42}},"47":{"start":{"line":107,"column":2},"end":{"line":107,"column":73}},"48":{"start":{"line":109,"column":2},"end":{"line":186,"column":3}},"49":{"start":{"line":110,"column":24},"end":{"line":113,"column":5}},"50":{"start":{"line":114,"column":4},"end":{"line":116,"column":5}},"51":{"start":{"line":115,"column":6},"end":{"line":115,"column":114}},"52":{"start":{"line":118,"column":21},"end":{"line":123,"column":6}},"53":{"start":{"line":119,"column":24},"end":{"line":122,"column":7}},"54":{"start":{"line":125,"column":21},"end":{"line":125,"column":35}},"55":{"start":{"line":126,"column":4},"end":{"line":126,"column":67}},"56":{"start":{"line":128,"column":4},"end":{"line":152,"column":5}},"57":{"start":{"line":129,"column":6},"end":{"line":129,"column":81}},"58":{"start":{"line":131,"column":30},"end":{"line":131,"column":126}},"59":{"start":{"line":132,"column":6},"end":{"line":132,"column":119}},"60":{"start":{"line":132,"column":45},"end":{"line":132,"column":119}},"61":{"start":{"line":134,"column":33},"end":{"line":142,"column":8}},"62":{"start":{"line":144,"column":6},"end":{"line":149,"column":7}},"63":{"start":{"line":145,"column":8},"end":{"line":145,"column":78}},"64":{"start":{"line":146,"column":8},"end":{"line":146,"column":69}},"65":{"start":{"line":147,"column":8},"end":{"line":147,"column":142}},"66":{"start":{"line":148,"column":8},"end":{"line":148,"column":86}},"67":{"start":{"line":151,"column":6},"end":{"line":151,"column":79}},"68":{"start":{"line":154,"column":4},"end":{"line":154,"column":20}},"69":{"start":{"line":156,"column":9},"end":{"line":186,"column":3}},"70":{"start":{"line":157,"column":21},"end":{"line":162,"column":6}},"71":{"start":{"line":158,"column":24},"end":{"line":161,"column":7}},"72":{"start":{"line":164,"column":21},"end":{"line":164,"column":35}},"73":{"start":{"line":165,"column":4},"end":{"line":165,"column":64}},"74":{"start":{"line":167,"column":4},"end":{"line":183,"column":5}},"75":{"start":{"line":168,"column":35},"end":{"line":175,"column":8}},"76":{"start":{"line":177,"column":6},"end":{"line":180,"column":7}},"77":{"start":{"line":178,"column":8},"end":{"line":178,"column":146}},"78":{"start":{"line":179,"column":8},"end":{"line":179,"column":50}},"79":{"start":{"line":182,"column":6},"end":{"line":182,"column":94}},"80":{"start":{"line":185,"column":4},"end":{"line":185,"column":20}},"81":{"start":{"line":188,"column":2},"end":{"line":188,"column":25}},"82":{"start":{"line":191,"column":37},"end":{"line":258,"column":1}},"83":{"start":{"line":192,"column":2},"end":{"line":192,"column":71}},"84":{"start":{"line":194,"column":19},"end":{"line":194,"column":47}},"85":{"start":{"line":195,"column":24},"end":{"line":195,"column":104}},"86":{"start":{"line":197,"column":2},"end":{"line":197,"column":92}},"87":{"start":{"line":197,"column":39},"end":{"line":197,"column":92}},"88":{"start":{"line":199,"column":26},"end":{"line":199,"column":47}},"89":{"start":{"line":200,"column":20},"end":{"line":200,"column":42}},"90":{"start":{"line":202,"column":2},"end":{"line":202,"column":80}},"91":{"start":{"line":204,"column":2},"end":{"line":255,"column":3}},"92":{"start":{"line":205,"column":21},"end":{"line":210,"column":6}},"93":{"start":{"line":206,"column":24},"end":{"line":209,"column":7}},"94":{"start":{"line":212,"column":21},"end":{"line":212,"column":35}},"95":{"start":{"line":213,"column":4},"end":{"line":213,"column":66}},"96":{"start":{"line":215,"column":4},"end":{"line":240,"column":5}},"97":{"start":{"line":216,"column":6},"end":{"line":216,"column":89}},"98":{"start":{"line":218,"column":30},"end":{"line":218,"column":126}},"99":{"start":{"line":219,"column":6},"end":{"line":219,"column":119}},"100":{"start":{"line":219,"column":45},"end":{"line":219,"column":119}},"101":{"start":{"line":221,"column":33},"end":{"line":230,"column":8}},"102":{"start":{"line":232,"column":6},"end":{"line":237,"column":7}},"103":{"start":{"line":233,"column":8},"end":{"line":233,"column":86}},"104":{"start":{"line":234,"column":8},"end":{"line":234,"column":77}},"105":{"start":{"line":235,"column":8},"end":{"line":235,"column":150}},"106":{"start":{"line":236,"column":8},"end":{"line":236,"column":94}},"107":{"start":{"line":239,"column":6},"end":{"line":239,"column":87}},"108":{"start":{"line":242,"column":4},"end":{"line":242,"column":20}},"109":{"start":{"line":244,"column":9},"end":{"line":255,"column":3}},"110":{"start":{"line":245,"column":21},"end":{"line":250,"column":6}},"111":{"start":{"line":246,"column":24},"end":{"line":249,"column":7}},"112":{"start":{"line":252,"column":21},"end":{"line":252,"column":35}},"113":{"start":{"line":253,"column":4},"end":{"line":253,"column":63}},"114":{"start":{"line":254,"column":4},"end":{"line":254,"column":20}},"115":{"start":{"line":257,"column":2},"end":{"line":257,"column":25}},"116":{"start":{"line":260,"column":31},"end":{"line":307,"column":1}},"117":{"start":{"line":261,"column":2},"end":{"line":261,"column":68}},"118":{"start":{"line":263,"column":26},"end":{"line":263,"column":77}},"119":{"start":{"line":264,"column":24},"end":{"line":264,"column":73}},"120":{"start":{"line":266,"column":2},"end":{"line":268,"column":3}},"121":{"start":{"line":267,"column":4},"end":{"line":267,"column":61}},"122":{"start":{"line":270,"column":27},"end":{"line":270,"column":48}},"123":{"start":{"line":271,"column":20},"end":{"line":271,"column":43}},"124":{"start":{"line":273,"column":2},"end":{"line":273,"column":64}},"125":{"start":{"line":276,"column":19},"end":{"line":284,"column":4}},"126":{"start":{"line":278,"column":27},"end":{"line":281,"column":7}},"127":{"start":{"line":282,"column":6},"end":{"line":282,"column":26}},"128":{"start":{"line":286,"column":2},"end":{"line":306,"column":3}},"129":{"start":{"line":287,"column":22},"end":{"line":287,"column":36}},"130":{"start":{"line":288,"column":4},"end":{"line":288,"column":99}},"131":{"start":{"line":291,"column":4},"end":{"line":291,"column":99}},"132":{"start":{"line":293,"column":4},"end":{"line":293,"column":21}},"133":{"start":{"line":295,"column":4},"end":{"line":295,"column":73}},"134":{"start":{"line":297,"column":25},"end":{"line":302,"column":5}},"135":{"start":{"line":304,"column":4},"end":{"line":304,"column":65}},"136":{"start":{"line":305,"column":4},"end":{"line":305,"column":16}},"137":{"start":{"line":309,"column":35},"end":{"line":502,"column":1}},"138":{"start":{"line":310,"column":2},"end":{"line":501,"column":3}},"139":{"start":{"line":311,"column":4},"end":{"line":497,"column":5}},"140":{"start":{"line":313,"column":8},"end":{"line":434,"column":9}},"141":{"start":{"line":315,"column":10},"end":{"line":372,"column":11}},"142":{"start":{"line":316,"column":12},"end":{"line":316,"column":97}},"143":{"start":{"line":318,"column":40},"end":{"line":327,"column":13}},"144":{"start":{"line":329,"column":12},"end":{"line":329,"column":81}},"145":{"start":{"line":331,"column":41},"end":{"line":331,"column":103}},"146":{"start":{"line":333,"column":12},"end":{"line":333,"column":83}},"147":{"start":{"line":335,"column":12},"end":{"line":349,"column":13}},"148":{"start":{"line":336,"column":14},"end":{"line":336,"column":88}},"149":{"start":{"line":337,"column":14},"end":{"line":337,"column":90}},"150":{"start":{"line":340,"column":39},"end":{"line":340,"column":74}},"151":{"start":{"line":342,"column":14},"end":{"line":348,"column":15}},"152":{"start":{"line":343,"column":16},"end":{"line":346,"column":18}},"153":{"start":{"line":347,"column":16},"end":{"line":347,"column":79}},"154":{"start":{"line":352,"column":12},"end":{"line":352,"column":100}},"155":{"start":{"line":355,"column":12},"end":{"line":358,"column":14}},"156":{"start":{"line":359,"column":12},"end":{"line":359,"column":89}},"157":{"start":{"line":362,"column":36},"end":{"line":367,"column":13}},"158":{"start":{"line":369,"column":12},"end":{"line":369,"column":76}},"159":{"start":{"line":370,"column":12},"end":{"line":370,"column":96}},"160":{"start":{"line":371,"column":12},"end":{"line":371,"column":19}},"161":{"start":{"line":375,"column":10},"end":{"line":433,"column":11}},"162":{"start":{"line":376,"column":12},"end":{"line":376,"column":110}},"163":{"start":{"line":379,"column":12},"end":{"line":381,"column":13}},"164":{"start":{"line":380,"column":14},"end":{"line":380,"column":88}},"165":{"start":{"line":383,"column":38},"end":{"line":391,"column":13}},"166":{"start":{"line":393,"column":39},"end":{"line":393,"column":96}},"167":{"start":{"line":395,"column":12},"end":{"line":410,"column":13}},"168":{"start":{"line":396,"column":14},"end":{"line":396,"column":84}},"169":{"start":{"line":397,"column":14},"end":{"line":397,"column":75}},"170":{"start":{"line":399,"column":37},"end":{"line":399,"column":70}},"171":{"start":{"line":401,"column":14},"end":{"line":407,"column":15}},"172":{"start":{"line":402,"column":16},"end":{"line":405,"column":18}},"173":{"start":{"line":406,"column":16},"end":{"line":406,"column":75}},"174":{"start":{"line":409,"column":14},"end":{"line":409,"column":92}},"175":{"start":{"line":413,"column":12},"end":{"line":413,"column":87}},"176":{"start":{"line":416,"column":12},"end":{"line":419,"column":14}},"177":{"start":{"line":420,"column":12},"end":{"line":420,"column":87}},"178":{"start":{"line":423,"column":36},"end":{"line":428,"column":13}},"179":{"start":{"line":430,"column":12},"end":{"line":430,"column":76}},"180":{"start":{"line":431,"column":12},"end":{"line":431,"column":96}},"181":{"start":{"line":432,"column":12},"end":{"line":432,"column":19}},"182":{"start":{"line":437,"column":27},"end":{"line":444,"column":7}},"183":{"start":{"line":446,"column":6},"end":{"line":446,"column":67}},"184":{"start":{"line":447,"column":11},"end":{"line":497,"column":5}},"185":{"start":{"line":449,"column":6},"end":{"line":485,"column":7}},"186":{"start":{"line":450,"column":8},"end":{"line":450,"column":119}},"187":{"start":{"line":452,"column":36},"end":{"line":460,"column":9}},"188":{"start":{"line":462,"column":8},"end":{"line":462,"column":77}},"189":{"start":{"line":464,"column":37},"end":{"line":464,"column":99}},"190":{"start":{"line":466,"column":8},"end":{"line":466,"column":79}},"191":{"start":{"line":468,"column":8},"end":{"line":481,"column":9}},"192":{"start":{"line":469,"column":10},"end":{"line":469,"column":83}},"193":{"start":{"line":470,"column":10},"end":{"line":470,"column":85}},"194":{"start":{"line":472,"column":35},"end":{"line":472,"column":70}},"195":{"start":{"line":474,"column":10},"end":{"line":480,"column":11}},"196":{"start":{"line":475,"column":12},"end":{"line":478,"column":14}},"197":{"start":{"line":479,"column":12},"end":{"line":479,"column":75}},"198":{"start":{"line":484,"column":8},"end":{"line":484,"column":96}},"199":{"start":{"line":487,"column":27},"end":{"line":494,"column":7}},"200":{"start":{"line":496,"column":6},"end":{"line":496,"column":67}},"201":{"start":{"line":500,"column":4},"end":{"line":500,"column":78}},"202":{"start":{"line":504,"column":0},"end":{"line":545,"column":2}},"203":{"start":{"line":509,"column":58},"end":{"line":509,"column":69}},"204":{"start":{"line":511,"column":4},"end":{
[...]
,"/Users/johnchristophermcarrillo/Projects/terraflow-app/backend-landregistry/utils/rabbitmq.js": {"path":"/Users/johnchristophermcarrillo/Projects/terraflow-app/backend-landregistry/utils/rabbitmq.js","statementMap":{"0":{"start":{"line":1,"column":13},"end":{"line":1,"column":31}},"1":{"start":{"line":3,"column":21},"end":{"line":3,"column":94}},"2":{"start":{"line":7,"column":4},"end":{"line":7,"column":27}},"3":{"start":{"line":8,"column":4},"end":{"line":8,"column":24}},"4":{"start":{"line":12,"column":4},"end":{"line":19,"column":5}},"5":{"start":{"line":13,"column":6},"end":{"line":13,"column":57}},"6":{"start":{"line":14,"column":6},"end":{"line":14,"column":59}},"7":{"start":{"line":15,"column":6},"end":{"line":15,"column":42}},"8":{"start":{"line":17,"column":6},"end":{"line":17,"column":68}},"9":{"start":{"line":18,"column":6},"end":{"line":18,"column":18}},"10":{"start":{"line":23,"column":4},"end":{"line":35,"column":5}},"11":{"start":{"line":24,"column":6},"end":{"line":26,"column":7}},"12":{"start":{"line":25,"column":8},"end":{"line":25,"column":32}},"13":{"start":{"line":28,"column":6},"end":{"line":28,"column":67}},"14":{"start":{"line":29,"column":22},"end":{"line":29,"column":55}},"15":{"start":{"line":30,"column":6},"end":{"line":30,"column":73}},"16":{"start":{"line":33,"column":6},"end":{"line":33,"column":75}},"17":{"start":{"line":34,"column":6},"end":{"line":34,"column":18}},"18":{"start":{"line":39,"column":4},"end":{"line":61,"column":5}},"19":{"start":{"line":40,"column":6},"end":{"line":42,"column":7}},"20":{"start":{"line":41,"column":8},"end":{"line":41,"column":32}},"21":{"start":{"line":44,"column":6},"end":{"line":44,"column":67}},"22":{"start":{"line":46,"column":6},"end":{"line":57,"column":9}},"23":{"start":{"line":47,"column":8},"end":{"line":56,"column":9}},"24":{"start":{"line":48,"column":10},"end":{"line":55,"column":11}},"25":{"start":{"line":49,"column":32},"end":{"line":49,"column":70}},"26":{"start":{"line":50,"column":12},"end":{"line":50,"column":39}},"27":{"start":{"line":51,"column":12},"end":{"line":51,"column":38}},"28":{"start":{"line":53,"column":12},"end":{"line":53,"column":73}},"29":{"start":{"line":54,"column":12},"end":{"line":54,"column":52}},"30":{"start":{"line":59,"column":6},"end":{"line":59,"column":63}},"31":{"start":{"line":60,"column":6},"end":{"line":60,"column":18}},"32":{"start":{"line":65,"column":4},"end":{"line":70,"column":5}},"33":{"start":{"line":66,"column":6},"end":{"line":66,"column":51}},"34":{"start":{"line":66,"column":24},"end":{"line":66,"column":51}},"35":{"start":{"line":67,"column":6},"end":{"line":67,"column":57}},"36":{"start":{"line":67,"column":27},"end":{"line":67,"column":57}},"37":{"start":{"line":69,"column":6},"end":{"line":69,"column":63}},"38":{"start":{"line":75,"column":32},"end":{"line":147,"column":1}},"39":{"start":{"line":76,"column":19},"end":{"line":76,"column":42}},"40":{"start":{"line":77,"column":27},"end":{"line":77,"column":67}},"41":{"start":{"line":78,"column":39},"end":{"line":78,"column":50}},"42":{"start":{"line":80,"column":2},"end":{"line":146,"column":3}},"43":{"start":{"line":81,"column":4},"end":{"line":81,"column":81}},"44":{"start":{"line":84,"column":19},"end":{"line":87,"column":5}},"45":{"start":{"line":89,"column":4},"end":{"line":142,"column":5}},"46":{"start":{"line":90,"column":24},"end":{"line":90,"column":38}},"47":{"start":{"line":91,"column":6},"end":{"line":91,"column":62}},"48":{"start":{"line":93,"column":6},"end":{"line":141,"column":7}},"49":{"start":{"line":95,"column":34},"end":{"line":103,"column":9}},"50":{"start":{"line":105,"column":35},"end":{"line":105,"column":92}},"51":{"start":{"line":107,"column":8},"end":{"line":115,"column":9}},"52":{"start":{"line":108,"column":10},"end":{"line":111,"column":12}},"53":{"start":{"line":112,"column":10},"end":{"line":112,"column":89}},"54":{"start":{"line":114,"column":10},"end":{"line":114,"column":57}},"55":{"start":{"line":117,"column":8},"end":{"line":117,"column":96}},"56":{"start":{"line":120,"column":8},"end":{"line":123,"column":10}},"57":{"start":{"line":125,"column":8},"end":{"line":125,"column":93}},"58":{"start":{"line":128,"column":32},"end":{"line":134,"column":9}},"59":{"start":{"line":136,"column":27},"end":{"line":136,"column":57}},"60":{"start":{"line":137,"column":8},"end":{"line":137,"column":79}},"61":{"start":{"line":138,"column":8},"end":{"line":138,"column":92}},"62":{"start":{"line":140,"column":8},"end":{"line":140,"column":30}},"63":{"start":{"line":144,"column":4},"end":{"line":144,"column":78}},"64":{"start":{"line":145,"column":4},"end":{"line":145,"column":16}},"65":{"start":{"line":150,"column":40},"end":{"line":197,"column":1}},"66":{"start":{"line":151,"column":27},"end":{"line":151,"column":59}},"67":{"start":{"line":152,"column":56},"end":{"line":152,"column":67}},"68":{"start":{"line":154,"column":2},"end":{"line":196,"column":3}},"69":{"start":{"line":155,"column":4},"end":{"line":155,"column":64}},"70":{"start":{"line":156,"column":4},"end":{"line":156,"column":50}},"71":{"start":{"line":157,"column":4},"end":{"line":157,"column":52}},"72":{"start":{"line":158,"column":4},"end":{"line":158,"column":56}},"73":{"start":{"line":160,"column":4},"end":{"line":192,"column":5}},"74":{"start":{"line":162,"column":21},"end":{"line":162,"column":25}},"75":{"start":{"line":164,"column":6},"end":{"line":171,"column":7}},"76":{"start":{"line":165,"column":8},"end":{"line":170,"column":9}},"77":{"start":{"line":166,"column":10},"end":{"line":166,"column":73}},"78":{"start":{"line":167,"column":10},"end":{"line":167,"column":64}},"79":{"start":{"line":169,"column":10},"end":{"line":169,"column":93}},"80":{"start":{"line":173,"column":6},"end":{"line":180,"column":7}},"81":{"start":{"line":174,"column":8},"end":{"line":179,"column":9}},"82":{"start":{"line":175,"column":10},"end":{"line":175,"column":83}},"83":{"start":{"line":176,"column":10},"end":{"line":176,"column":75}},"84":{"start":{"line":178,"column":10},"end":{"line":178,"column":80}},"85":{"start":{"line":182,"column":6},"end":{"line":189,"column":7}},"86":{"start":{"line":184,"column":8},"end":{"line":184,"column":68}},"87":{"start":{"line":185,"column":8},"end":{"line":185,"column":100}},"88":{"start":{"line":187,"column":8},"end":{"line":187,"column":91}},"89":{"start":{"line":188,"column":8},"end":{"line":188,"column":93}},"90":{"start":{"line":191,"column":6},"end":{"line":191,"column":77}},"91":{"start":{"line":194,"column":4},"end":{"line":194,"column":87}},"92":{"start":{"line":195,"column":4},"end":{"line":195,"column":16}},"93":{"start":{"line":200,"column":30},"end":{"line":210,"column":1}},"94":{"start":{"line":201,"column":27},"end":{"line":201,"column":59}},"95":{"start":{"line":202,"column":2},"end":{"line":209,"column":3}},"96":{"start":{"line":203,"column":19},"end":{"line":203,"column":83}},"97":{"start":{"line":204,"column":4},"end":{"line":204,"column":73}},"98":{"start":{"line":205,"column":4},"end":{"line":205,"column":18}},"99":{"start":{"line":207,"column":4},"end":{"line":207,"column":64}},"100":{"start":{"line":208,"column":4},"end":{"line":208,"column":16}},"101":{"start":{"line":212,"column":30},"end":{"line":222,"column":1}},"102":{"start":{"line":213,"column":27},"end":{"line":213,"column":59}},"103":{"start":{"line":214,"column":2},"end":{"line":221,"column":3}},"104":{"start":{"line":215,"column":19},"end":{"line":215,"column":59}},"105":{"start":{"line":216,"column":4},"end":{"line":216,"column":59}},"106":{"start":{"line":217,"column":4},"end":{"line":217,"column":18}},"107":{"start":{"line":219,"column":4},"end":{"line":219,"column":64}},"108":{"start":{"line":220,"column":4},"end":{"line":220,"column":16}},"109":{"start":{"line":224,"column":31},"end":{"line":234,"column":1}},"110":{"start":{"line":225,"column":27},"end":{"line":225,"column":59}},"111":{"start":{"line":226,"column":2},"end":{"line":233,"column":3}},"112":{"start":{"line":227,"column":19},"end":{"line":227,"column":82}},"113":{"start":{"line":228,"column":4},"end":{"line":228,"column":80}},"114":{"start":{"line":229,"column":4},"end":{"line":229,"column":18}},"115":{"start":{"line":231,"column":4},"end":{"line":231,"column":65}},"116":{"start":{"line":232,"column":4},"end":{"line":232,"column":16}},"117":{"start":{"line":236,"column":32},"end":{"line":246,"column":1}},"118":{"start":{"line":237,"column":27},"end":{"line":237,"column":59}},"119":{"start":{"line":238,"column":2},"end":{"line":245,"column":3}},"120":{"start":{"line":239,"column":19},"end":{"line":239,"column":100}},"121":{"start":{"line":240,"column":4},"end":{"line":240,"column":80}},"122":{"start":{"line":241,"column":4},"end":{"line":241,"column":18}},"123":{"start":{"line":243,"column":4},"end":{"line":243,"column":66}},"124":{"start":{"line":244,"column":4},"end":{"line":244,"column":16}},"125":{"start":{"line":249,"column":23},"end":{"line":267,"column":1}},"126":{"start":{"line":250,"column":2},"end":{"line":266,"column":3}},"127":{"start":{"line":252,"column":6},"end":{"line":252,"column":56}},"128":{"start":{"line":254,"column":6},"end":{"line":254,"column":64}},"129":{"start":{"line":256,"column":6},"end":{"line":256,"column":54}},"130":{"start":{"line":258,"column":6},"end":{"line":258,"column":54}},"131":{"start":{"line":260,"column":6},"end":{"line":260,"column":55}},"132":{"start":{"line":262,"column":6},"end":{"line":262,"column":56}},"133":{"start":{"line":264,"column":6},"end":{"line":264,"column":70}},"134":{"start":{"line":265,"column":6},"end":{"line":265,"column":18}},"135":{"start":{"line":269,"column":24},"end":{"line":269,"column":45}},"136":{"start":{"line":270,"column":0},"end":{"line":270,"column":66}},"137":{"start":{"line":271,"column":0},"end":{"line":271,"column":48}},"138":{"start":{"line":272,"column":0},"end":{"line":272,"column":33}}},"fnMap":{"0":{"name":"(anonymous_0)","decl":{"start":{"line":6,"column":2},"end":{"line":6,"column":3}},"loc":{"start":{"line":6,"column":16},"end":{"line":9,"column":3}},"line":6},"1":{"name":"(anonymous_1)","decl":{"start":{"line":11,"column":2},"end":{"line":11,"column":3}},"loc":{"start":{"line":11,"column":21},"end":{"line":20,"column":3}},"line":11},"2":{"name":"(anonymous_2)","decl":{"start":{"line":22,"column":2},"end":{"line":22,"column":3}},"loc":{"start":{"line":22,"column":40},"end":{"line":36,"column":3}},"line":22},"3":{"name":"(anonymous_3)","decl":{"start":{"line":38,"column":2},"end":{"line":38,"column":3}},"loc":{"start":{"line":38,"column":36},"end":{"line":62,"column":3}},"line":38},"4":{"name":"(anonymous_4)","decl":{"start":{"line":46,"column":38},"end":{"line":46,"column":39}},"loc":{"start":{"line":46,"column":57},"end":{"line":57,"column":7}},"line":46},"5":{"name":"(anonymous_5)","decl":{"start":{"line":64,"column":2},"end":{"line":64,"column":3}},"loc":{"start":{"line":64,"column":16},"end":{"line":71,"column":3}},"line":64},"6":{"name":"(anonymous_6)","decl":{"start":{"line":75,"column":32},"end":{"line":75,"column":33}},"loc":{"start":{"line":75,"column":55},"end":{"line":147,"column":1}},"line":75},"7":{"name":"(anonymous_7)","decl":{"start":{"line":150,"column":40},"end":{"line":150,"column":41}},"loc":{"start":{"line":150,"column":63},"end":{"line":197,"column":1}},"line":150},"8":{"name":"(anonymous_8)","decl":{"start":{"line":200,"column":30},"end":{"line":200,"column":31}},"loc":{"start":{"line":200,"column":53},"end":{"line":210,"column":1}},"line":200},"9":{"name":"(anonymous_9)","decl":{"start":{"line":212,"column":30},"end":{"line":212,"column":31}},"loc":{"start":{"line":212,"column":53},"end":{"line":222,"column":1}},"line":212},"10":{"name":"(anonymous_10)","decl":{"start":{"line":224,"column":31},"end":{"line":224,"column":32}},"loc":{"start":{"line":224,"column":54},"end":{"line":234,"column":1}},"line":224},"11":{"name":"(anonymous_11)","decl":{"start":{"line":236,"column":32},"end":{"line":236,"column":33}},"loc":{"start":{"line":236,"column":55},"end":{"line":246,"column":1}},"line":236},"12":{"name":"(anonymous_12)","decl":{"start":{"line":249,"column":23},"end":{"line":249,"column":24}},"loc":{"start":{"line":249,"column":46},"end":{"line":267,"column":1}},"line":249}},"branchMap":{"0":{"loc":{"start":{"line":3,"column":21},"end":{"line":3,"column":94}},"type":"binary-expr","locations":[{"start":{"line":3,"column":21},"end":{"line":3,"column":45}},{"start":{"line":3,"column":49},"end":{"line":3,"column":94}}],"line":3},"1":{"loc":{"start":{"line":24,"column":6},"end":{"line":26,"column":7}},"type":"if","locations":[{"start":{"line":24,"column":6},"end":{"line":26,"column":7}},{"start":{},"end":{}}],"line":24},"2":{"loc":{"start":{"line":40,"column":6},"end":{"line":42,"column":7}},"type":"if","locations":[{"start":{"line":40,"column":6},"end":{"line":42,"column":7}},{"start":{},"end":{}}],"line":40},"3":{"loc":{"start":{"line":47,"column":8},"end":{"line":56,"column":9}},"type":"if","locations":[{"start":{"line":47,"column":8},"end":{"line":56,"column":9}},{"start":{},"end":{}}],"line":47},"4":{"loc":{"start":{"line":66,"column":6},"end":{"line":66,"column":51}},"type":"if","locations":[{"start":{"line":66,"column":6},"end":{"line":66,"column":51}},{"start":{},"end":{}}],"line":66},"5":{"loc":{"start":{"line":67,"column":6},"end":{"line":67,"column":57}},"type":"if","locations":[{"start":{"line":67,"column":6},"end":{"line":67,"column":57}},{"start":{},"end":{}}],"line":67},"6":{"loc":{"start":{"line":89,"column":4},"end":{"line":142,"column":5}},"type":"if","locations":[{"start":{"line":89,"column":4},"end":{"line":142,"column":5}},{"start":{},"end":{}}],"line":89},"7":{"loc":{"start":{"line":107,"column":8},"end":{"line":115,"column":9}},"type":"if","locations":[{"start":{"line":107,"column":8},"end":{"line":115,"column":9}},{"start":{"line":113,"column":15},"end":{"line":115,"column":9}}],"line":107},"8":{"loc":{"start":{"line":107,"column":12},"end":{"line":107,"column":75}},"type":"binary-expr","locations":[{"start":{"line":107,"column":12},"end":{"line":107,"column":38}},{"start":{"line":107,"column":42},"end":{"line":107,"column":75}}],"line":107},"9":{"loc":{"start":{"line":160,"column":4},"end":{"line":192,"column":5}},"type":"if","locations":[{"start":{"line":160,"column":4},"end":{"line":192,"column":5}},{"start":{"line":190,"column":11},"end":{"line":192,"column":5}}],"line":160},"10":{"loc":{"start":{"line":164,"column":6},"end":{"line":171,"column":7}},"type":"if","locations":[{"start":{"line":164,"column":6},"end":{"line":171,"column":7}},{"start":{},"end":{}}],"line":164},"11":{"loc":{"start":{"line":173,"column":6},"end":{"line":180,"column":7}},"type":"if","locations":[{"start":{"line":173,"column":6},"end":{"line":180,"column":7}},{"start":{},"end":{}}],"line":173},"12":{"loc":{"start":{"line":173,"column":10},"end":{"line":173,"column":35}},"type":"binary-expr","locations":[{"start":{"line":173,"column":10},"end":{"line":173,"column":19}},{"start":{"line":173,"column":23},"end":{"line":173,"column":35}}],"line":173},"13":{"loc":{"start":{"line":182,"column":6},"end":{"line":189,"column":7}},"type":"if","locations":[{"start":{"line":182,"column":6},"end":{"line":189,"column":7}},{"start":{"line":186,"column":13},"end":{"line":189,"column":7}}],"line":182},"14":{"loc":{"start":{"line":185,"column":69},"end":{"line":185,"column":96}},"type":"binary-expr","locations":[{"start":{"line":185,"column":69},"end":{"line":185,"column":80}},{"start":{"line":185,"column":84},"end":{"line":185,"column":96}}],"line":185},"15":{"loc":{"start":{"line":250,"column":2},"end":{"line":266,"column":3}},"type":"switch","locations":[{"start":{"line":251,"column":4},"end":{"line":252,"column":56}},{"start":{"line":253,"column":4},"end":{"line":254,"column":64}},{"start":{"line":255,"column":4},"end":{"line":256,"column":54}},{"start":{"line":257,"column":4},"end":{"line":258,"column":54}},{"start":{"line":259,"column":4},"end":{"line":260,"column":55}},{"start":{"line":261,"column":4},"end":{"line":262,"column":56}},{"start":{"line":263,"column":4},"end":{"line":265,"column":18}}],"line":250}},"s":{"0":7,"1":7,"2":7,"3":7,"4":0,"5":0,"6":0,"7":0,"8":0,"9":0,"10":0,"11":0,"12":0,"13":0,"14":0,"15":0,"16":0,"17":0,"18":0,"19":0,"20":0,"21":0,"22":0,"23":0,"24":0,"25":0,"26":0,"27":0,"28":0,"29":0,"30":0,"31":0,"32":0,"33":0,"34":0,"35":0,"36":0,"37":0,"38":7,"39":0,"40":0,"41":0,"42":0,"43":0,"44":0,"45":0,"46":0,"47":0,"48":0,"49":0,"50":0,"51":0,"52":0,"53":0,"54":0,"55":0,"56":0,"57":0,"58":0,"59":0,"60":0,"61":0,"62":0,"63":0,"64":0,"65":7,"66":0,"67":0,"68":0,"69":0,"70":0,"71":0,"72":0,"73":0,"74":0,"75":0,"76":0,"77":0,"78":0,"79":0,"80":0,"81":0,"82":0,"83":0,"84":0,"85":0,"86":0,"87":0,"88":0,"89":0,"90":0,"91":0,"92":0,"93":7,"94":0,"95":0,"96":0,"97":0,"98":0,"99":0,"100":0,"101":7,"102":0,"103":0,"104":0,"105":0,"106":0,"107":0,"108":0,"109":7,"110":0,"111":0,"112":0,"113":0,"114":0,"115":0,"116":0,"117":7,"118":0,"119":0,"120":0,"121":0,"122":0,"123":0,"124":0,"125":7,"126":0,"127":0,"128":0,"129":0,"130":0,"131":0,"132":0,"133":0,"134":0,"135":7,"136":7,"137":7,"138":7},"f":{"0":7,"1":0,"2":0,"3":0,"4":0,"5":0,"6":0,"7":0,"8":0,"9":0,"10":0,"11":0,"12":0},"b":{"0":[7,7],"1":[0,0],"2":[0,0],"3":[0,0],"4":[0,0],"5":[0,0],"6":[0,0],"7":[0,0],"8":[0,0],"9":[0,0],"10":[0,0],"11":[0,0],"12":[0,0],"13":[0,0],"14":[0,0],"15":[0,0,0,0,0,0,0]},"_coverageSchema":"1a1c01bbd47fc00a2c39e90264f33305004495a9","hash":"d35f02734b2ff91fee4c128ebdc784d5b16722ef"}
,"/Users/johnchristophermcarrillo/Projects/terraflow-app/backend-landregistry/utils/validation.js": {"path":"/Users/johnchristophermcarrillo/Projects/terraflow-app/backend-landregistry/utils/validation.js","statementMap":{"0":{"start":{"line":1,"column":17},"end":{"line":1,"column":40}},"1":{"start":{"line":3,"column":25},"end":{"line":12,"column":1}},"2":{"start":{"line":4,"column":2},"end":{"line":11,"column":3}},"3":{"start":{"line":5,"column":18},"end":{"line":5,"column":70}},"4":{"start":{"line":6,"column":19},"end":{"line":6,"column":57}},"5":{"start":{"line":7,"column":4},"end":{"line":7,"column":34}},"6":{"start":{"line":9,"column":4},"end":{"line":9,"column":63}},"7":{"start":{"line":10,"column":4},"end":{"line":10,"column":16}},"8":{"start":{"line":14,"column":27},"end":{"line":21,"column":1}},"9":{"start":{"line":15,"column":2},"end":{"line":20,"column":3}},"10":{"start":{"line":16,"column":4},"end":{"line":16,"column":30}},"11":{"start":{"line":18,"column":4},"end":{"line":18,"column":64}},"12":{"start":{"line":19,"column":4},"end":{"line":19,"column":16}},"13":{"start":{"line":23,"column":0},"end":{"line":26,"column":2}}},"fnMap":{"0":{"name":"(anonymous_0)","decl":{"start":{"line":3,"column":25},"end":{"line":3,"column":26}},"loc":{"start":{"line":3,"column":48},"end":{"line":12,"column":1}},"line":3},"1":{"name":"(anonymous_1)","decl":{"start":{"line":14,"column":27},"end":{"line":14,"column":28}},"loc":{"start":{"line":14,"column":45},"end":{"line":21,"column":1}},"line":14}},"branchMap":{},"s":{"0":5,"1":5,"2":3,"3":3,"4":3,"5":2,"6":1,"7":1,"8":5,"9":2,"10":2,"11":1,"12":1,"13":5},"f":{"0":3,"1":2},"b":{},"_coverageSchema":"1a1c01bbd47fc00a2c39e90264f33305004495a9","hash":"c002034c61385545152aa1790bab365b7d4c6a83"}
}
