TN:
SF:controllers/blockchain.js
FN:4,(anonymous_0)
FN:22,(anonymous_1)
FN:38,(anonymous_2)
FNF:3
FNH:0
FNDA:0,(anonymous_0)
FNDA:0,(anonymous_1)
FNDA:0,(anonymous_2)
DA:1,0
DA:2,0
DA:4,0
DA:5,0
DA:6,0
DA:7,0
DA:9,0
DA:11,0
DA:18,0
DA:22,0
DA:23,0
DA:24,0
DA:25,0
DA:27,0
DA:34,0
DA:38,0
DA:39,0
DA:40,0
DA:42,0
DA:43,0
DA:49,0
DA:52,0
DA:54,0
DA:62,0
DA:66,0
LF:25
LH:0
BRDA:42,0,0,0
BRDA:42,0,1,0
BRDA:42,1,0,0
BRDA:42,1,1,0
BRF:4
BRH:0
end_of_record
TN:
SF:controllers/landtitles.js
FN:5,(anonymous_0)
FN:19,(anonymous_1)
FN:34,(anonymous_2)
FN:53,(anonymous_3)
FNF:4
FNH:0
FNDA:0,(anonymous_0)
FNDA:0,(anonymous_1)
FNDA:0,(anonymous_2)
FNDA:0,(anonymous_3)
DA:1,0
DA:2,0
DA:3,0
DA:5,0
DA:6,0
DA:7,0
DA:9,0
DA:15,0
DA:19,0
DA:20,0
DA:21,0
DA:23,0
DA:24,0
DA:27,0
DA:28,0
DA:30,0
DA:34,0
DA:35,0
DA:36,0
DA:37,0
DA:39,0
DA:40,0
DA:42,0
DA:48,0
DA:49,0
DA:53,0
DA:54,0
DA:55,0
DA:56,0
DA:58,0
DA:59,0
DA:61,0
DA:66,0
DA:70,0
LF:34
LH:0
BRDA:23,0,0,0
BRDA:23,0,1,0
BRDA:40,1,0,0
BRDA:40,1,1,0
BRDA:45,2,0,0
BRDA:45,2,1,0
BRDA:58,3,0,0
BRDA:58,3,1,0
BRF:8
BRH:0
end_of_record
TN:
SF:controllers/transfers.js
FN:4,(anonymous_0)
FN:13,(anonymous_1)
FN:21,(anonymous_2)
FN:36,(anonymous_3)
FN:49,(anonymous_4)
FN:62,(anonymous_5)
FN:73,(anonymous_6)
FNF:7
FNH:0
FNDA:0,(anonymous_0)
FNDA:0,(anonymous_1)
FNDA:0,(anonymous_2)
FNDA:0,(anonymous_3)
FNDA:0,(anonymous_4)
FNDA:0,(anonymous_5)
FNDA:0,(anonymous_6)
DA:1,0
DA:4,0
DA:5,0
DA:13,0
DA:14,0
DA:15,0
DA:21,0
DA:22,0
DA:23,0
DA:28,0
DA:29,0
DA:30,0
DA:32,0
DA:36,0
DA:37,0
DA:38,0
DA:39,0
DA:45,0
DA:49,0
DA:50,0
DA:51,0
DA:52,0
DA:54,0
DA:55,0
DA:56,0
DA:58,0
DA:62,0
DA:63,0
DA:64,0
DA:65,0
DA:66,0
DA:67,0
DA:69,0
DA:73,0
DA:74,0
DA:75,0
DA:76,0
DA:77,0
DA:79,0
DA:83,0
LF:40
LH:0
BRDA:4,0,0,0
BRDA:17,1,0,0
BRDA:17,1,1,0
BRDA:25,2,0,0
BRDA:25,2,1,0
BRF:5
BRH:0
end_of_record
TN:
SF:services/blockchain-client.js
FN:25,(anonymous_0)
FN:29,(anonymous_1)
FN:33,(anonymous_2)
FN:48,(anonymous_3)
FN:49,(anonymous_4)
FN:50,(anonymous_5)
FN:62,(anonymous_6)
FN:63,(anonymous_7)
FN:64,(anonymous_8)
FN:76,(anonymous_9)
FN:79,(anonymous_10)
FN:83,(anonymous_11)
FN:95,(anonymous_12)
FN:96,(anonymous_13)
FN:97,(anonymous_14)
FN:107,(anonymous_15)
FN:110,(anonymous_16)
FN:114,(anonymous_17)
FNF:18
FNH:0
FNDA:0,(anonymous_0)
FNDA:0,(anonymous_1)
FNDA:0,(anonymous_2)
FNDA:0,(anonymous_3)
FNDA:0,(anonymous_4)
FNDA:0,(anonymous_5)
FNDA:0,(anonymous_6)
FNDA:0,(anonymous_7)
FNDA:0,(anonymous_8)
FNDA:0,(anonymous_9)
FNDA:0,(anonymous_10)
FNDA:0,(anonymous_11)
FNDA:0,(anonymous_12)
FNDA:0,(anonymous_13)
FNDA:0,(anonymous_14)
FNDA:0,(anonymous_15)
FNDA:0,(anonymous_16)
FNDA:0,(anonymous_17)
DA:1,2
DA:2,2
DA:3,2
DA:6,2
DA:7,2
DA:16,2
DA:19,2
DA:26,0
DA:27,0
DA:29,0
DA:30,0
DA:31,0
DA:33,0
DA:34,0
DA:35,0
DA:36,0
DA:37,0
DA:38,0
DA:39,0
DA:41,0
DA:42,0
DA:49,0
DA:50,0
DA:51,0
DA:52,0
DA:53,0
DA:55,0
DA:56,0
DA:63,0
DA:64,0
DA:65,0
DA:66,0
DA:67,0
DA:69,0
DA:70,0
DA:77,0
DA:79,0
DA:80,0
DA:81,0
DA:83,0
DA:84,0
DA:85,0
DA:86,0
DA:88,0
DA:89,0
DA:96,0
DA:97,0
DA:98,0
DA:99,0
DA:101,0
DA:108,0
DA:110,0
DA:111,0
DA:112,0
DA:114,0
DA:115,0
DA:116,0
DA:117,0
DA:119,0
DA:120,0
DA:127,2
LF:61
LH:8
BRDA:20,0,0,2
BRDA:20,0,1,0
BRDA:26,1,0,0
BRDA:26,1,1,0
BRDA:34,2,0,0
BRDA:34,2,1,0
BRDA:51,3,0,0
BRDA:51,3,1,0
BRDA:65,4,0,0
BRDA:65,4,1,0
BRDA:84,5,0,0
BRDA:84,5,1,0
BRDA:98,6,0,0
BRDA:98,6,1,0
BRDA:115,7,0,0
BRDA:115,7,1,0
BRDA:120,8,0,0
BRDA:120,8,1,0
BRF:18
BRH:1
end_of_record
TN:
SF:services/blockchain.js
FN:3,(anonymous_0)
FNF:1
FNH:0
FNDA:0,(anonymous_0)
DA:1,0
DA:3,0
DA:4,0
DA:5,0
DA:8,0
DA:10,0
DA:11,0
DA:12,0
DA:15,0
DA:16,0
DA:18,0
DA:19,0
DA:23,0
LF:13
LH:0
BRDA:10,0,0,0
BRDA:10,0,1,0
BRDA:10,1,0,0
BRDA:10,1,1,0
BRF:4
BRH:0
end_of_record
TN:
SF:services/consumer.js
FN:8,(anonymous_0)
FN:56,(anonymous_1)
FNF:2
FNH:0
FNDA:0,(anonymous_0)
FNDA:0,(anonymous_1)
DA:1,0
DA:2,0
DA:3,0
DA:4,0
DA:5,0
DA:6,0
DA:8,0
DA:9,0
DA:11,0
DA:12,0
DA:13,0
DA:16,0
DA:18,0
DA:19,0
DA:22,0
DA:23,0
DA:26,0
DA:27,0
DA:30,0
DA:31,0
DA:34,0
DA:35,0
DA:41,0
DA:42,0
DA:45,0
DA:46,0
DA:49,0
DA:50,0
DA:52,0
DA:56,0
DA:57,0
DA:58,0
DA:60,0
DA:61,0
DA:65,0
LF:35
LH:0
BRDA:11,0,0,0
BRDA:11,0,1,0
BRDA:16,1,0,0
BRDA:16,1,1,0
BRDA:16,1,2,0
BRDA:16,1,3,0
BRDA:16,1,4,0
BRDA:16,1,5,0
BRDA:16,1,6,0
BRDA:16,1,7,0
BRDA:16,1,8,0
BRDA:16,1,9,0
BRDA:16,1,10,0
BRDA:49,2,0,0
BRDA:49,2,1,0
BRF:15
BRH:0
end_of_record
TN:
SF:services/landtitles.js
FN:7,(anonymous_0)
FN:78,(anonymous_1)
FN:90,(anonymous_2)
FNF:3
FNH:2
FNDA:7,(anonymous_0)
FNDA:0,(anonymous_1)
FNDA:2,(anonymous_2)
DA:1,1
DA:2,1
DA:3,1
DA:4,1
DA:5,1
DA:7,1
DA:8,7
DA:10,7
DA:11,7
DA:12,7
DA:13,7
DA:15,7
DA:16,7
DA:17,7
DA:19,6
DA:20,6
DA:21,1
DA:22,1
DA:26,5
DA:37,5
DA:57,5
DA:59,5
DA:67,5
DA:68,5
DA:69,5
DA:71,5
DA:74,2
DA:78,1
DA:79,0
DA:80,0
DA:81,0
DA:82,0
DA:83,0
DA:85,0
DA:86,0
DA:90,1
DA:91,2
DA:92,2
DA:93,2
DA:94,2
DA:95,2
DA:96,2
DA:98,0
DA:99,0
DA:103,1
LF:45
LH:36
BRDA:20,0,0,1
BRDA:20,0,1,5
BRDA:69,1,0,1
BRDA:69,1,1,4
BRDA:95,2,0,2
BRDA:95,2,1,0
BRDA:96,3,0,2
BRDA:96,3,1,0
BRF:8
BRH:6
end_of_record
TN:
SF:services/payments.js
FN:8,(anonymous_0)
FN:15,(anonymous_1)
FN:17,(anonymous_2)
FN:29,(anonymous_3)
FN:32,(anonymous_4)
FN:62,(anonymous_5)
FN:83,(anonymous_6)
FN:134,(anonymous_7)
FNF:8
FNH:6
FNDA:0,(anonymous_0)
FNDA:1,(anonymous_1)
FNDA:0,(anonymous_2)
FNDA:2,(anonymous_3)
FNDA:2,(anonymous_4)
FNDA:13,(anonymous_5)
FNDA:12,(anonymous_6)
FNDA:12,(anonymous_7)
DA:1,2
DA:2,2
DA:3,2
DA:4,2
DA:5,2
DA:8,2
DA:9,0
DA:10,0
DA:12,0
DA:15,2
DA:16,1
DA:18,0
DA:22,0
DA:23,0
DA:26,1
DA:29,2
DA:31,2
DA:33,2
DA:38,2
DA:39,0
DA:42,2
DA:43,2
DA:48,2
DA:56,2
DA:57,2
DA:59,2
DA:62,2
DA:63,13
DA:65,13
DA:66,13
DA:69,13
DA:70,13
DA:72,13
DA:73,1
DA:76,12
DA:77,12
DA:79,12
DA:82,12
DA:84,12
DA:88,12
DA:92,12
DA:93,12
DA:94,12
DA:97,12
DA:99,12
DA:101,0
DA:103,0
DA:110,0
DA:111,0
DA:115,1
DA:117,1
DA:118,1
DA:125,1
DA:127,0
DA:130,1
DA:134,2
DA:135,12
DA:136,12
DA:138,8
DA:140,2
DA:141,2
DA:143,2
DA:154,2
DA:156,2
DA:158,2
DA:160,2
DA:161,2
DA:162,2
DA:165,2
DA:167,2
DA:168,2
DA:172,2
DA:177,0
DA:180,0
DA:184,0
DA:187,0
DA:194,0
DA:195,0
DA:196,0
DA:200,6
DA:201,6
DA:204,6
DA:205,0
DA:208,6
DA:218,6
DA:220,5
DA:221,5
DA:222,5
DA:224,5
DA:226,5
DA:227,5
DA:231,5
DA:234,0
DA:238,1
DA:241,1
DA:245,1
DA:248,1
DA:255,1
DA:256,1
DA:257,1
DA:262,7
DA:271,7
DA:272,4
DA:274,4
DA:275,4
DA:277,4
DA:287,4
DA:289,4
DA:291,4
DA:293,4
DA:294,4
DA:295,4
DA:297,4
DA:299,4
DA:300,4
DA:304,4
DA:309,0
DA:312,4
DA:321,4
DA:325,0
DA:329,2
LF:121
LH:98
BRDA:9,0,0,0
BRDA:9,0,1,0
BRDA:38,1,0,0
BRDA:38,1,1,2
BRDA:72,2,0,1
BRDA:72,2,1,12
BRDA:92,3,0,12
BRDA:92,3,1,0
BRDA:136,4,0,8
BRDA:136,4,1,4
BRDA:138,5,0,2
BRDA:138,5,1,6
BRDA:160,6,0,2
BRDA:160,6,1,0
BRDA:167,7,0,2
BRDA:167,7,1,0
BRDA:204,8,0,0
BRDA:204,8,1,6
BRDA:204,9,0,6
BRDA:204,9,1,6
BRDA:220,10,0,5
BRDA:220,10,1,0
BRDA:226,11,0,5
BRDA:226,11,1,0
BRDA:272,12,0,4
BRDA:272,12,1,0
BRDA:272,13,0,4
BRDA:272,13,1,4
BRDA:293,14,0,4
BRDA:293,14,1,0
BRDA:299,15,0,4
BRDA:299,15,1,0
BRF:32
BRH:20
end_of_record
TN:
SF:services/rollback.js
FN:5,processDocumentFailed
FN:31,processRollbackTransaction
FNF:2
FNH:0
FNDA:0,processDocumentFailed
FNDA:0,processRollbackTransaction
DA:1,0
DA:2,0
DA:3,0
DA:6,0
DA:8,0
DA:9,0
DA:12,0
DA:13,0
DA:16,0
DA:23,0
DA:26,0
DA:27,0
DA:32,0
DA:34,0
DA:35,0
DA:38,0
DA:43,0
DA:45,0
DA:46,0
DA:49,0
DA:50,0
DA:54,0
LF:22
LH:0
BRF:0
BRH:0
end_of_record
TN:
SF:services/transaction-manager.js
FN:4,(anonymous_0)
FN:34,(anonymous_1)
FNF:2
FNH:0
FNDA:0,(anonymous_0)
FNDA:0,(anonymous_1)
DA:1,2
DA:5,0
DA:6,0
DA:9,0
DA:11,0
DA:12,0
DA:13,0
DA:15,0
DA:16,0
DA:17,0
DA:18,0
DA:21,0
DA:22,0
DA:23,0
DA:26,0
DA:27,0
DA:28,0
DA:30,0
DA:35,0
DA:37,0
DA:38,0
DA:39,0
DA:40,0
DA:41,0
DA:45,0
DA:46,0
DA:47,0
DA:48,0
DA:50,0
DA:53,0
DA:58,2
LF:31
LH:2
BRDA:5,0,0,0
BRDA:5,0,1,0
BRDA:5,1,0,0
BRDA:5,1,1,0
BRDA:40,2,0,0
BRDA:40,2,1,0
BRF:6
BRH:0
end_of_record
TN:
SF:services/transfers.js
FN:6,(anonymous_0)
FN:71,(anonymous_1)
FN:88,(anonymous_2)
FN:107,(anonymous_3)
FN:241,(anonymous_4)
FN:308,(anonymous_5)
FNF:6
FNH:0
FNDA:0,(anonymous_0)
FNDA:0,(anonymous_1)
FNDA:0,(anonymous_2)
FNDA:0,(anonymous_3)
FNDA:0,(anonymous_4)
FNDA:0,(anonymous_5)
DA:1,0
DA:2,0
DA:3,0
DA:4,0
DA:6,0
DA:7,0
DA:9,0
DA:14,0
DA:15,0
DA:19,0
DA:24,0
DA:25,0
DA:26,0
DA:29,0
DA:32,0
DA:35,0
DA:59,0
DA:60,0
DA:61,0
DA:62,0
DA:64,0
DA:66,0
DA:67,0
DA:71,0
DA:72,0
DA:73,0
DA:79,0
DA:80,0
DA:81,0
DA:83,0
DA:84,0
DA:88,0
DA:89,0
DA:90,0
DA:95,0
DA:96,0
DA:99,0
DA:100,0
DA:102,0
DA:103,0
DA:107,0
DA:108,0
DA:109,0
DA:112,0
DA:117,0
DA:118,0
DA:121,0
DA:124,0
DA:130,0
DA:147,0
DA:150,0
DA:151,0
DA:153,0
DA:155,0
DA:178,0
DA:179,0
DA:180,0
DA:181,0
DA:182,0
DA:186,0
DA:209,0
DA:210,0
DA:211,0
DA:212,0
DA:213,0
DA:216,0
DA:218,0
DA:223,0
DA:227,0
DA:230,0
DA:233,0
DA:236,0
DA:237,0
DA:241,0
DA:242,0
DA:244,0
DA:249,0
DA:250,0
DA:253,0
DA:255,0
DA:256,0
DA:260,0
DA:261,0
DA:262,0
DA:264,0
DA:265,0
DA:266,0
DA:268,0
DA:269,0
DA:270,0
DA:272,0
DA:273,0
DA:274,0
DA:276,0
DA:277,0
DA:278,0
DA:280,0
DA:281,0
DA:282,0
DA:285,0
DA:286,0
DA:289,0
DA:290,0
DA:292,0
DA:299,0
DA:300,0
DA:301,0
DA:303,0
DA:304,0
DA:308,0
DA:309,0
DA:310,0
DA:315,0
DA:316,0
DA:319,0
DA:320,0
DA:322,0
DA:323,0
DA:327,0
LF:119
LH:0
BRDA:14,0,0,0
BRDA:14,0,1,0
BRDA:24,1,0,0
BRDA:24,1,1,0
BRDA:53,2,0,0
BRDA:53,2,1,0
BRDA:95,3,0,0
BRDA:95,3,1,0
BRDA:117,4,0,0
BRDA:117,4,1,0
BRDA:180,5,0,0
BRDA:180,5,1,0
BRDA:180,6,0,0
BRDA:180,6,1,0
BRDA:211,7,0,0
BRDA:211,7,1,0
BRDA:211,8,0,0
BRDA:211,8,1,0
BRDA:216,9,0,0
BRDA:216,9,1,0
BRDA:249,10,0,0
BRDA:249,10,1,0
BRDA:255,11,0,0
BRDA:255,11,1,0
BRDA:264,12,0,0
BRDA:264,12,1,0
BRDA:268,13,0,0
BRDA:268,13,1,0
BRDA:272,14,0,0
BRDA:272,14,1,0
BRDA:276,15,0,0
BRDA:276,15,1,0
BRDA:280,16,0,0
BRDA:280,16,1,0
BRDA:285,17,0,0
BRDA:285,17,1,0
BRDA:315,18,0,0
BRDA:315,18,1,0
BRF:38
BRH:0
end_of_record
