TN:
SF:controllers/blockchain.js
FN:4,(anonymous_0)
FN:22,(anonymous_1)
FN:38,(anonymous_2)
FNF:3
FNH:3
FNDA:2,(anonymous_0)
FNDA:1,(anonymous_1)
FNDA:3,(anonymous_2)
DA:1,1
DA:2,1
DA:4,1
DA:5,2
DA:6,2
DA:7,2
DA:9,2
DA:11,1
DA:18,1
DA:22,1
DA:23,1
DA:24,1
DA:25,1
DA:27,1
DA:34,0
DA:38,1
DA:39,3
DA:40,3
DA:42,3
DA:43,2
DA:49,1
DA:52,1
DA:54,1
DA:62,0
DA:66,1
LF:25
LH:23
BRDA:42,0,0,2
BRDA:42,0,1,1
BRDA:42,1,0,3
BRDA:42,1,1,2
BRF:4
BRH:4
end_of_record
TN:
SF:controllers/landtitles.js
FN:5,(anonymous_0)
FN:19,(anonymous_1)
FN:34,(anonymous_2)
FN:53,(anonymous_3)
FNF:4
FNH:4
FNDA:2,(anonymous_0)
FNDA:2,(anonymous_1)
FNDA:2,(anonymous_2)
FNDA:2,(anonymous_3)
DA:1,1
DA:2,1
DA:3,1
DA:5,1
DA:6,2
DA:7,2
DA:9,1
DA:15,1
DA:19,1
DA:20,2
DA:21,2
DA:23,2
DA:24,1
DA:27,1
DA:28,1
DA:30,0
DA:34,1
DA:35,2
DA:36,2
DA:37,2
DA:39,2
DA:40,2
DA:42,2
DA:48,0
DA:49,0
DA:53,1
DA:54,2
DA:55,2
DA:56,2
DA:58,2
DA:59,1
DA:61,1
DA:66,0
DA:70,1
LF:34
LH:30
BRDA:23,0,0,1
BRDA:23,0,1,1
BRDA:40,1,0,1
BRDA:40,1,1,1
BRDA:45,2,0,1
BRDA:45,2,1,1
BRDA:58,3,0,1
BRDA:58,3,1,1
BRF:8
BRH:8
end_of_record
TN:
SF:controllers/mortgages.js
FN:6,(anonymous_0)
FN:25,(anonymous_1)
FN:39,(anonymous_2)
FN:48,(anonymous_3)
FN:58,(anonymous_4)
FN:67,(anonymous_5)
FN:76,(anonymous_6)
FN:88,(anonymous_7)
FN:97,(anonymous_8)
FN:106,(anonymous_9)
FN:116,(anonymous_10)
FNF:11
FNH:10
FNDA:2,(anonymous_0)
FNDA:1,(anonymous_1)
FNDA:1,(anonymous_2)
FNDA:2,(anonymous_3)
FNDA:1,(anonymous_4)
FNDA:1,(anonymous_5)
FNDA:1,(anonymous_6)
FNDA:1,(anonymous_7)
FNDA:1,(anonymous_8)
FNDA:2,(anonymous_9)
FNDA:0,(anonymous_10)
DA:1,1
DA:2,1
DA:3,1
DA:4,1
DA:6,1
DA:7,2
DA:8,2
DA:9,2
DA:11,2
DA:18,2
DA:19,1
DA:21,1
DA:25,1
DA:26,1
DA:27,1
DA:33,1
DA:35,0
DA:39,1
DA:40,1
DA:41,1
DA:42,1
DA:44,0
DA:48,1
DA:49,2
DA:50,2
DA:51,2
DA:52,1
DA:54,0
DA:58,1
DA:59,1
DA:60,1
DA:61,1
DA:63,0
DA:67,1
DA:68,1
DA:69,1
DA:70,1
DA:72,0
DA:76,1
DA:77,1
DA:78,1
DA:82,1
DA:84,0
DA:88,1
DA:89,1
DA:90,1
DA:91,1
DA:93,0
DA:97,1
DA:98,1
DA:99,1
DA:100,1
DA:102,0
DA:106,1
DA:107,2
DA:108,2
DA:109,2
DA:111,0
DA:116,1
DA:117,0
DA:118,0
DA:119,0
DA:123,0
DA:129,0
DA:133,1
LF:65
LH:51
BRDA:9,0,0,2
BRDA:9,0,1,0
BRDA:14,1,0,2
BRDA:14,1,1,2
BRDA:51,2,0,1
BRDA:51,2,1,1
BRDA:80,3,0,1
BRDA:80,3,1,0
BRDA:109,4,0,1
BRDA:109,4,1,1
BRDA:126,5,0,0
BRDA:126,5,1,0
BRF:12
BRH:8
end_of_record
TN:
SF:controllers/transfers.js
FN:4,(anonymous_0)
FN:13,(anonymous_1)
FN:21,(anonymous_2)
FN:36,(anonymous_3)
FN:49,(anonymous_4)
FN:62,(anonymous_5)
FN:73,(anonymous_6)
FNF:7
FNH:7
FNDA:4,(anonymous_0)
FNDA:1,(anonymous_1)
FNDA:2,(anonymous_2)
FNDA:1,(anonymous_3)
FNDA:1,(anonymous_4)
FNDA:1,(anonymous_5)
FNDA:1,(anonymous_6)
DA:1,1
DA:4,1
DA:5,4
DA:13,1
DA:14,1
DA:15,1
DA:21,1
DA:22,2
DA:23,2
DA:28,2
DA:29,2
DA:30,1
DA:32,1
DA:36,1
DA:37,1
DA:38,1
DA:39,1
DA:45,0
DA:49,1
DA:50,1
DA:51,1
DA:52,1
DA:54,1
DA:55,1
DA:56,1
DA:58,0
DA:62,1
DA:63,1
DA:64,1
DA:65,1
DA:66,1
DA:67,1
DA:69,0
DA:73,1
DA:74,1
DA:75,1
DA:76,1
DA:77,1
DA:79,0
DA:83,1
LF:40
LH:36
BRDA:4,0,0,3
BRDA:17,1,0,1
BRDA:17,1,1,0
BRDA:25,2,0,2
BRDA:25,2,1,0
BRF:5
BRH:3
end_of_record
TN:
SF:schemas/mortgages.js
FNF:0
FNH:0
DA:1,1
DA:3,1
DA:12,1
LF:3
LH:3
BRF:0
BRH:0
end_of_record
TN:
SF:services/blockchain-client.js
FN:25,(anonymous_0)
FN:29,(anonymous_1)
FN:33,(anonymous_2)
FN:48,(anonymous_3)
FN:49,(anonymous_4)
FN:50,(anonymous_5)
FN:62,(anonymous_6)
FN:63,(anonymous_7)
FN:64,(anonymous_8)
FN:76,(anonymous_9)
FN:79,(anonymous_10)
FN:83,(anonymous_11)
FN:95,(anonymous_12)
FN:96,(anonymous_13)
FN:97,(anonymous_14)
FN:107,(anonymous_15)
FN:110,(anonymous_16)
FN:114,(anonymous_17)
FN:126,(anonymous_18)
FN:129,(anonymous_19)
FN:133,(anonymous_20)
FN:145,(anonymous_21)
FN:148,(anonymous_22)
FN:152,(anonymous_23)
FNF:24
FNH:0
FNDA:0,(anonymous_0)
FNDA:0,(anonymous_1)
FNDA:0,(anonymous_2)
FNDA:0,(anonymous_3)
FNDA:0,(anonymous_4)
FNDA:0,(anonymous_5)
FNDA:0,(anonymous_6)
FNDA:0,(anonymous_7)
FNDA:0,(anonymous_8)
FNDA:0,(anonymous_9)
FNDA:0,(anonymous_10)
FNDA:0,(anonymous_11)
FNDA:0,(anonymous_12)
FNDA:0,(anonymous_13)
FNDA:0,(anonymous_14)
FNDA:0,(anonymous_15)
FNDA:0,(anonymous_16)
FNDA:0,(anonymous_17)
FNDA:0,(anonymous_18)
FNDA:0,(anonymous_19)
FNDA:0,(anonymous_20)
FNDA:0,(anonymous_21)
FNDA:0,(anonymous_22)
FNDA:0,(anonymous_23)
DA:1,4
DA:2,4
DA:3,4
DA:6,4
DA:7,4
DA:16,4
DA:19,4
DA:26,0
DA:27,0
DA:29,0
DA:30,0
DA:31,0
DA:33,0
DA:34,0
DA:35,0
DA:36,0
DA:37,0
DA:38,0
DA:39,0
DA:41,0
DA:42,0
DA:49,0
DA:50,0
DA:51,0
DA:52,0
DA:53,0
DA:55,0
DA:56,0
DA:63,0
DA:64,0
DA:65,0
DA:66,0
DA:67,0
DA:69,0
DA:70,0
DA:77,0
DA:79,0
DA:80,0
DA:81,0
DA:83,0
DA:84,0
DA:85,0
DA:86,0
DA:88,0
DA:89,0
DA:96,0
DA:97,0
DA:98,0
DA:99,0
DA:101,0
DA:108,0
DA:110,0
DA:111,0
DA:112,0
DA:114,0
DA:115,0
DA:116,0
DA:117,0
DA:119,0
DA:120,0
DA:127,0
DA:129,0
DA:130,0
DA:131,0
DA:133,0
DA:134,0
DA:135,0
DA:136,0
DA:138,0
DA:139,0
DA:146,0
DA:148,0
DA:149,0
DA:150,0
DA:152,0
DA:153,0
DA:154,0
DA:155,0
DA:157,0
DA:158,0
DA:165,4
LF:81
LH:8
BRDA:20,0,0,4
BRDA:20,0,1,1
BRDA:26,1,0,0
BRDA:26,1,1,0
BRDA:34,2,0,0
BRDA:34,2,1,0
BRDA:51,3,0,0
BRDA:51,3,1,0
BRDA:65,4,0,0
BRDA:65,4,1,0
BRDA:84,5,0,0
BRDA:84,5,1,0
BRDA:98,6,0,0
BRDA:98,6,1,0
BRDA:115,7,0,0
BRDA:115,7,1,0
BRDA:120,8,0,0
BRDA:120,8,1,0
BRDA:134,9,0,0
BRDA:134,9,1,0
BRDA:153,10,0,0
BRDA:153,10,1,0
BRF:22
BRH:2
end_of_record
TN:
SF:services/blockchain.js
FN:3,(anonymous_0)
FNF:1
FNH:0
FNDA:0,(anonymous_0)
DA:1,1
DA:3,1
DA:4,0
DA:5,0
DA:8,0
DA:10,0
DA:11,0
DA:12,0
DA:15,0
DA:16,0
DA:18,0
DA:19,0
DA:23,1
LF:13
LH:3
BRDA:10,0,0,0
BRDA:10,0,1,0
BRDA:10,1,0,0
BRDA:10,1,1,0
BRF:4
BRH:0
end_of_record
TN:
SF:services/landtitles.js
FN:7,(anonymous_0)
FN:77,(anonymous_1)
FN:84,(anonymous_2)
FN:102,(anonymous_3)
FNF:4
FNH:2
FNDA:7,(anonymous_0)
FNDA:0,(anonymous_1)
FNDA:0,(anonymous_2)
FNDA:2,(anonymous_3)
DA:1,2
DA:2,2
DA:3,2
DA:4,2
DA:5,2
DA:7,2
DA:8,7
DA:10,7
DA:11,7
DA:12,7
DA:13,7
DA:15,7
DA:16,7
DA:17,7
DA:19,6
DA:20,6
DA:21,1
DA:22,1
DA:26,5
DA:37,5
DA:56,5
DA:58,5
DA:66,5
DA:67,5
DA:68,5
DA:70,5
DA:73,2
DA:77,2
DA:78,0
DA:79,0
DA:80,0
DA:83,0
DA:85,0
DA:86,0
DA:87,0
DA:94,0
DA:95,0
DA:97,0
DA:98,0
DA:102,2
DA:103,2
DA:104,2
DA:105,2
DA:106,2
DA:108,2
DA:109,0
DA:110,0
DA:114,2
DA:115,2
DA:116,2
DA:118,2
DA:119,2
DA:121,0
DA:122,0
DA:126,2
LF:55
LH:40
BRDA:20,0,0,1
BRDA:20,0,1,5
BRDA:68,1,0,1
BRDA:68,1,1,4
BRDA:108,2,0,0
BRDA:108,2,1,2
BRF:6
BRH:5
end_of_record
TN:
SF:services/mortgage.js
FN:6,(anonymous_0)
FN:117,(anonymous_1)
FN:144,(anonymous_2)
FN:179,(anonymous_3)
FN:193,(anonymous_4)
FN:209,(anonymous_5)
FN:218,(anonymous_6)
FN:258,(anonymous_7)
FN:285,(anonymous_8)
FN:306,(anonymous_9)
FNF:10
FNH:10
FNDA:11,(anonymous_0)
FNDA:3,(anonymous_1)
FNDA:5,(anonymous_2)
FNDA:5,(anonymous_3)
FNDA:7,(anonymous_4)
FNDA:4,(anonymous_5)
FNDA:5,(anonymous_6)
FNDA:3,(anonymous_7)
FNDA:3,(anonymous_8)
FNDA:2,(anonymous_9)
DA:1,2
DA:2,2
DA:3,2
DA:4,2
DA:6,2
DA:7,11
DA:8,11
DA:10,11
DA:12,11
DA:13,11
DA:15,11
DA:16,11
DA:17,11
DA:20,11
DA:21,11
DA:23,11
DA:24,1
DA:27,10
DA:29,10
DA:30,1
DA:34,9
DA:35,1
DA:39,8
DA:40,1
DA:44,7
DA:45,7
DA:47,7
DA:48,1
DA:52,6
DA:53,6
DA:55,6
DA:56,1
DA:60,5
DA:61,5
DA:62,5
DA:65,5
DA:66,5
DA:67,5
DA:70,5
DA:78,5
DA:92,5
DA:95,5
DA:96,1
DA:106,5
DA:107,5
DA:109,5
DA:112,6
DA:113,6
DA:117,2
DA:118,3
DA:119,3
DA:120,3
DA:122,3
DA:123,1
DA:126,2
DA:128,2
DA:129,1
DA:132,1
DA:133,1
DA:135,1
DA:136,1
DA:139,2
DA:140,2
DA:144,2
DA:145,5
DA:146,5
DA:147,5
DA:149,5
DA:150,1
DA:153,4
DA:156,4
DA:157,1
DA:161,3
DA:162,3
DA:170,3
DA:171,3
DA:174,2
DA:175,2
DA:179,2
DA:180,5
DA:181,5
DA:182,5
DA:184,4
DA:185,4
DA:188,1
DA:189,1
DA:193,2
DA:194,7
DA:197,7
DA:198,2
DA:199,2
DA:200,1
DA:201,5
DA:202,2
DA:203,2
DA:204,1
DA:207,3
DA:208,3
DA:209,4
DA:213,3
DA:214,3
DA:218,2
DA:219,5
DA:221,5
DA:222,5
DA:223,5
DA:225,4
DA:226,1
DA:229,3
DA:231,3
DA:232,2
DA:236,1
DA:238,1
DA:248,1
DA:250,1
DA:253,4
DA:254,4
DA:258,2
DA:259,3
DA:260,3
DA:261,3
DA:263,3
DA:264,1
DA:267,2
DA:268,1
DA:271,1
DA:276,1
DA:277,1
DA:280,1
DA:281,1
DA:285,2
DA:286,3
DA:287,3
DA:288,3
DA:290,3
DA:291,1
DA:294,2
DA:295,2
DA:297,2
DA:298,2
DA:301,1
DA:302,1
DA:306,2
DA:307,2
DA:308,2
DA:309,2
DA:311,1
DA:312,1
DA:315,1
DA:316,1
DA:320,2
LF:151
LH:151
BRDA:13,0,0,1
BRDA:13,0,1,10
BRDA:23,1,0,1
BRDA:23,1,1,10
BRDA:29,2,0,1
BRDA:29,2,1,9
BRDA:34,3,0,1
BRDA:34,3,1,8
BRDA:39,4,0,1
BRDA:39,4,1,7
BRDA:39,5,0,8
BRDA:39,5,1,8
BRDA:47,6,0,1
BRDA:47,6,1,6
BRDA:55,7,0,1
BRDA:55,7,1,5
BRDA:84,8,0,5
BRDA:84,8,1,5
BRDA:85,9,0,5
BRDA:85,9,1,5
BRDA:95,10,0,1
BRDA:95,10,1,4
BRDA:95,11,0,5
BRDA:95,11,1,1
BRDA:122,12,0,1
BRDA:122,12,1,2
BRDA:128,13,0,1
BRDA:128,13,1,1
BRDA:149,14,0,1
BRDA:149,14,1,4
BRDA:156,15,0,1
BRDA:156,15,1,3
BRDA:156,16,0,4
BRDA:156,16,1,2
BRDA:163,17,0,3
BRDA:163,17,1,2
BRDA:164,18,0,3
BRDA:164,18,1,3
BRDA:165,19,0,3
BRDA:165,19,1,2
BRDA:166,20,0,3
BRDA:166,20,1,3
BRDA:197,21,0,2
BRDA:197,21,1,5
BRDA:201,22,0,2
BRDA:201,22,1,3
BRDA:225,23,0,1
BRDA:225,23,1,3
BRDA:231,24,0,2
BRDA:231,24,1,1
BRDA:240,25,0,1
BRDA:240,25,1,0
BRDA:241,26,0,1
BRDA:241,26,1,0
BRDA:263,27,0,1
BRDA:263,27,1,2
BRDA:267,28,0,1
BRDA:267,28,1,1
BRDA:290,29,0,1
BRDA:290,29,1,2
BRF:60
BRH:58
end_of_record
TN:
SF:services/payments.js
FN:7,(anonymous_0)
FN:10,(anonymous_1)
FN:12,(anonymous_2)
FN:23,(anonymous_3)
FN:26,(anonymous_4)
FN:56,(anonymous_5)
FN:94,(anonymous_6)
FN:119,(anonymous_7)
FN:158,(anonymous_8)
FN:191,(anonymous_9)
FN:206,(anonymous_10)
FN:246,(anonymous_11)
FN:260,(anonymous_12)
FN:277,(anonymous_13)
FN:309,(anonymous_14)
FN:508,(anonymous_15)
FN:527,(anonymous_16)
FNF:17
FNH:14
FNDA:15,(anonymous_0)
FNDA:1,(anonymous_1)
FNDA:0,(anonymous_2)
FNDA:3,(anonymous_3)
FNDA:3,(anonymous_4)
FNDA:30,(anonymous_5)
FNDA:8,(anonymous_6)
FNDA:4,(anonymous_7)
FNDA:3,(anonymous_8)
FNDA:7,(anonymous_9)
FNDA:4,(anonymous_10)
FNDA:3,(anonymous_11)
FNDA:15,(anonymous_12)
FNDA:14,(anonymous_13)
FNDA:13,(anonymous_14)
FNDA:0,(anonymous_15)
FNDA:0,(anonymous_16)
DA:1,3
DA:2,3
DA:3,3
DA:4,3
DA:5,3
DA:7,3
DA:8,15
DA:10,3
DA:11,1
DA:13,0
DA:17,0
DA:20,1
DA:23,3
DA:25,3
DA:27,3
DA:32,3
DA:33,1
DA:36,2
DA:37,2
DA:42,2
DA:50,2
DA:51,2
DA:53,2
DA:56,3
DA:57,30
DA:59,30
DA:60,30
DA:61,30
DA:64,30
DA:65,8
DA:66,22
DA:67,7
DA:70,15
DA:74,2
DA:76,2
DA:77,2
DA:85,2
DA:87,0
DA:90,2
DA:94,3
DA:95,8
DA:97,8
DA:98,8
DA:100,8
DA:101,1
DA:104,7
DA:105,7
DA:107,7
DA:109,7
DA:110,4
DA:114,4
DA:115,0
DA:118,4
DA:119,4
DA:125,4
DA:126,4
DA:128,4
DA:129,4
DA:131,4
DA:132,4
DA:134,4
DA:144,3
DA:145,3
DA:146,3
DA:147,3
DA:148,3
DA:151,1
DA:154,4
DA:156,3
DA:157,3
DA:158,3
DA:164,3
DA:165,3
DA:167,3
DA:168,3
DA:177,2
DA:178,2
DA:179,2
DA:182,1
DA:185,3
DA:188,0
DA:191,3
DA:192,7
DA:194,7
DA:195,7
DA:197,7
DA:199,7
DA:200,7
DA:202,7
DA:204,7
DA:205,4
DA:206,4
DA:212,4
DA:213,4
DA:215,4
DA:216,4
DA:218,4
DA:219,4
DA:221,4
DA:232,3
DA:233,3
DA:234,3
DA:235,3
DA:236,3
DA:239,1
DA:242,4
DA:244,3
DA:245,3
DA:246,3
DA:252,3
DA:253,3
DA:254,3
DA:257,0
DA:260,3
DA:261,15
DA:263,15
DA:264,15
DA:266,15
DA:267,1
DA:270,14
DA:271,14
DA:273,14
DA:276,14
DA:278,14
DA:282,14
DA:286,14
DA:287,13
DA:288,13
DA:291,13
DA:293,13
DA:295,1
DA:297,1
DA:304,1
DA:305,1
DA:309,3
DA:310,13
DA:311,13
DA:313,9
DA:315,3
DA:316,3
DA:318,3
DA:329,3
DA:331,3
DA:333,2
DA:335,2
DA:336,2
DA:337,2
DA:340,2
DA:342,2
DA:343,2
DA:347,2
DA:352,1
DA:355,1
DA:359,1
DA:362,1
DA:369,1
DA:370,1
DA:371,1
DA:375,6
DA:376,6
DA:379,6
DA:380,0
DA:383,6
DA:393,6
DA:395,5
DA:396,5
DA:397,5
DA:399,5
DA:401,5
DA:402,5
DA:406,5
DA:409,0
DA:413,1
DA:416,1
DA:420,1
DA:423,1
DA:430,1
DA:431,1
DA:432,1
DA:437,7
DA:446,7
DA:447,4
DA:449,4
DA:450,4
DA:452,4
DA:462,4
DA:464,4
DA:466,4
DA:468,4
DA:469,4
DA:470,4
DA:472,4
DA:474,4
DA:475,4
DA:479,4
DA:484,0
DA:487,4
DA:496,4
DA:500,0
DA:504,3
DA:509,0
DA:511,0
DA:513,0
DA:515,0
DA:517,0
DA:518,0
DA:519,0
DA:520,0
DA:523,0
DA:524,0
DA:528,0
DA:530,0
DA:532,0
DA:533,0
DA:535,0
DA:536,0
DA:537,0
DA:538,0
DA:541,0
DA:542,0
LF:220
LH:190
BRDA:8,0,0,7
BRDA:8,0,1,8
BRDA:8,1,0,15
BRDA:8,1,1,7
BRDA:32,2,0,1
BRDA:32,2,1,2
BRDA:61,3,0,30
BRDA:61,3,1,15
BRDA:64,4,0,8
BRDA:64,4,1,22
BRDA:66,5,0,7
BRDA:66,5,1,15
BRDA:80,6,0,2
BRDA:80,6,1,1
BRDA:100,7,0,1
BRDA:100,7,1,7
BRDA:109,8,0,4
BRDA:109,8,1,3
BRDA:109,9,0,7
BRDA:109,9,1,3
BRDA:114,10,0,0
BRDA:114,10,1,4
BRDA:132,11,0,0
BRDA:132,11,1,4
BRDA:144,12,0,3
BRDA:144,12,1,0
BRDA:144,13,0,3
BRDA:144,13,1,3
BRDA:156,14,0,3
BRDA:156,14,1,0
BRDA:156,15,0,3
BRDA:156,15,1,3
BRDA:177,16,0,2
BRDA:177,16,1,0
BRDA:177,17,0,2
BRDA:177,17,1,2
BRDA:197,18,0,0
BRDA:197,18,1,7
BRDA:204,19,0,4
BRDA:204,19,1,3
BRDA:219,20,0,0
BRDA:219,20,1,4
BRDA:232,21,0,3
BRDA:232,21,1,0
BRDA:232,22,0,3
BRDA:232,22,1,3
BRDA:244,23,0,3
BRDA:244,23,1,0
BRDA:266,24,0,1
BRDA:266,24,1,14
BRDA:286,25,0,13
BRDA:286,25,1,1
BRDA:311,26,0,9
BRDA:311,26,1,4
BRDA:313,27,0,3
BRDA:313,27,1,6
BRDA:335,28,0,2
BRDA:335,28,1,0
BRDA:342,29,0,2
BRDA:342,29,1,0
BRDA:379,30,0,0
BRDA:379,30,1,6
BRDA:379,31,0,6
BRDA:379,31,1,6
BRDA:395,32,0,5
BRDA:395,32,1,0
BRDA:401,33,0,5
BRDA:401,33,1,0
BRDA:447,34,0,4
BRDA:447,34,1,0
BRDA:447,35,0,4
BRDA:447,35,1,4
BRDA:468,36,0,4
BRDA:468,36,1,0
BRDA:474,37,0,4
BRDA:474,37,1,0
BRDA:511,38,0,0
BRDA:511,38,1,0
BRDA:515,39,0,0
BRDA:515,39,1,0
BRDA:517,40,0,0
BRDA:517,40,1,0
BRDA:519,41,0,0
BRDA:519,41,1,0
BRDA:530,42,0,0
BRDA:530,42,1,0
BRDA:533,43,0,0
BRDA:533,43,1,0
BRDA:535,44,0,0
BRDA:535,44,1,0
BRDA:537,45,0,0
BRDA:537,45,1,0
BRF:92
BRH:59
end_of_record
TN:
SF:services/transaction-manager.js
FN:4,(anonymous_0)
FN:34,(anonymous_1)
FNF:2
FNH:0
FNDA:0,(anonymous_0)
FNDA:0,(anonymous_1)
DA:1,3
DA:5,0
DA:6,0
DA:9,0
DA:11,0
DA:12,0
DA:13,0
DA:15,0
DA:16,0
DA:17,0
DA:18,0
DA:21,0
DA:22,0
DA:23,0
DA:26,0
DA:27,0
DA:28,0
DA:30,0
DA:35,0
DA:37,0
DA:38,0
DA:39,0
DA:40,0
DA:41,0
DA:45,0
DA:46,0
DA:47,0
DA:48,0
DA:50,0
DA:53,0
DA:58,3
LF:31
LH:2
BRDA:5,0,0,0
BRDA:5,0,1,0
BRDA:5,1,0,0
BRDA:5,1,1,0
BRDA:40,2,0,0
BRDA:40,2,1,0
BRF:6
BRH:0
end_of_record
TN:
SF:services/transfers.js
FN:6,(anonymous_0)
FN:77,(anonymous_1)
FN:94,(anonymous_2)
FN:113,(anonymous_3)
FN:226,(anonymous_4)
FN:266,(anonymous_5)
FNF:6
FNH:6
FNDA:5,(anonymous_0)
FNDA:1,(anonymous_1)
FNDA:1,(anonymous_2)
FNDA:3,(anonymous_3)
FNDA:2,(anonymous_4)
FNDA:2,(anonymous_5)
DA:1,2
DA:2,2
DA:3,2
DA:4,2
DA:6,2
DA:7,5
DA:9,5
DA:14,5
DA:15,1
DA:18,4
DA:21,4
DA:26,4
DA:27,0
DA:31,4
DA:36,4
DA:37,1
DA:38,1
DA:42,3
DA:45,3
DA:66,3
DA:67,3
DA:68,3
DA:70,3
DA:72,2
DA:73,2
DA:77,2
DA:78,1
DA:79,1
DA:85,1
DA:86,1
DA:87,1
DA:89,0
DA:90,0
DA:94,2
DA:95,1
DA:96,1
DA:101,1
DA:102,0
DA:105,1
DA:106,1
DA:108,0
DA:109,0
DA:113,2
DA:114,3
DA:115,3
DA:118,3
DA:126,3
DA:127,0
DA:130,3
DA:133,3
DA:134,3
DA:136,3
DA:138,3
DA:149,3
DA:150,3
DA:151,3
DA:152,3
DA:153,3
DA:157,3
DA:168,3
DA:169,3
DA:170,3
DA:171,3
DA:172,3
DA:175,3
DA:177,3
DA:181,3
DA:184,0
DA:190,0
DA:192,0
DA:199,3
DA:216,3
DA:218,3
DA:221,0
DA:222,0
DA:226,2
DA:227,2
DA:229,2
DA:234,2
DA:235,0
DA:238,2
DA:240,2
DA:241,1
DA:244,1
DA:258,1
DA:259,1
DA:261,1
DA:262,1
DA:266,2
DA:267,2
DA:268,2
DA:273,2
DA:274,1
DA:277,1
DA:278,1
DA:280,1
DA:281,1
DA:285,2
LF:98
LH:85
BRDA:14,0,0,1
BRDA:14,0,1,4
BRDA:26,1,0,0
BRDA:26,1,1,4
BRDA:36,2,0,1
BRDA:36,2,1,3
BRDA:55,3,0,3
BRDA:55,3,1,0
BRDA:59,4,0,3
BRDA:59,4,1,3
BRDA:60,5,0,3
BRDA:60,5,1,2
BRDA:60,5,2,2
BRDA:101,6,0,0
BRDA:101,6,1,1
BRDA:126,7,0,0
BRDA:126,7,1,3
BRDA:142,8,0,3
BRDA:142,8,1,0
BRDA:151,9,0,3
BRDA:151,9,1,0
BRDA:151,10,0,3
BRDA:151,10,1,3
BRDA:161,11,0,3
BRDA:161,11,1,0
BRDA:170,12,0,3
BRDA:170,12,1,0
BRDA:170,13,0,3
BRDA:170,13,1,3
BRDA:175,14,0,3
BRDA:175,14,1,0
BRDA:234,15,0,0
BRDA:234,15,1,2
BRDA:240,16,0,1
BRDA:240,16,1,1
BRDA:250,17,0,1
BRDA:250,17,1,0
BRDA:250,17,2,0
BRDA:251,18,0,1
BRDA:251,18,1,0
BRDA:252,19,0,1
BRDA:252,19,1,1
BRDA:253,20,0,1
BRDA:253,20,1,1
BRDA:254,21,0,1
BRDA:254,21,1,1
BRDA:273,22,0,1
BRDA:273,22,1,1
BRF:48
BRH:35
end_of_record
TN:
SF:utils/errorHandler.js
FN:1,(anonymous_0)
FNF:1
FNH:1
FNDA:3,(anonymous_0)
DA:1,5
DA:2,3
DA:3,3
DA:5,3
DA:6,0
DA:12,3
DA:13,0
DA:19,3
DA:20,0
DA:26,3
DA:32,5
LF:11
LH:8
BRDA:5,0,0,0
BRDA:5,0,1,3
BRDA:12,1,0,0
BRDA:12,1,1,3
BRDA:19,2,0,0
BRDA:19,2,1,3
BRF:6
BRH:3
end_of_record
TN:
SF:utils/rabbitmq.js
FN:6,(anonymous_0)
FN:11,(anonymous_1)
FN:22,(anonymous_2)
FN:38,(anonymous_3)
FN:46,(anonymous_4)
FN:64,(anonymous_5)
FN:75,(anonymous_6)
FN:150,(anonymous_7)
FN:200,(anonymous_8)
FN:212,(anonymous_9)
FN:224,(anonymous_10)
FN:236,(anonymous_11)
FN:249,(anonymous_12)
FNF:13
FNH:1
FNDA:7,(anonymous_0)
FNDA:0,(anonymous_1)
FNDA:0,(anonymous_2)
FNDA:0,(anonymous_3)
FNDA:0,(anonymous_4)
FNDA:0,(anonymous_5)
FNDA:0,(anonymous_6)
FNDA:0,(anonymous_7)
FNDA:0,(anonymous_8)
FNDA:0,(anonymous_9)
FNDA:0,(anonymous_10)
FNDA:0,(anonymous_11)
FNDA:0,(anonymous_12)
DA:1,7
DA:3,7
DA:7,7
DA:8,7
DA:12,0
DA:13,0
DA:14,0
DA:15,0
DA:17,0
DA:18,0
DA:23,0
DA:24,0
DA:25,0
DA:28,0
DA:29,0
DA:30,0
DA:33,0
DA:34,0
DA:39,0
DA:40,0
DA:41,0
DA:44,0
DA:46,0
DA:47,0
DA:48,0
DA:49,0
DA:50,0
DA:51,0
DA:53,0
DA:54,0
DA:59,0
DA:60,0
DA:65,0
DA:66,0
DA:67,0
DA:69,0
DA:75,7
DA:76,0
DA:77,0
DA:78,0
DA:80,0
DA:81,0
DA:84,0
DA:89,0
DA:90,0
DA:91,0
DA:93,0
DA:95,0
DA:105,0
DA:107,0
DA:108,0
DA:112,0
DA:114,0
DA:117,0
DA:120,0
DA:125,0
DA:128,0
DA:136,0
DA:137,0
DA:138,0
DA:140,0
DA:144,0
DA:145,0
DA:150,7
DA:151,0
DA:152,0
DA:154,0
DA:155,0
DA:156,0
DA:157,0
DA:158,0
DA:160,0
DA:162,0
DA:164,0
DA:165,0
DA:166,0
DA:167,0
DA:169,0
DA:173,0
DA:174,0
DA:175,0
DA:176,0
DA:178,0
DA:182,0
DA:184,0
DA:185,0
DA:187,0
DA:188,0
DA:191,0
DA:194,0
DA:195,0
DA:200,7
DA:201,0
DA:202,0
DA:203,0
DA:204,0
DA:205,0
DA:207,0
DA:208,0
DA:212,7
DA:213,0
DA:214,0
DA:215,0
DA:216,0
DA:217,0
DA:219,0
DA:220,0
DA:224,7
DA:225,0
DA:226,0
DA:227,0
DA:228,0
DA:229,0
DA:231,0
DA:232,0
DA:236,7
DA:237,0
DA:238,0
DA:239,0
DA:240,0
DA:241,0
DA:243,0
DA:244,0
DA:249,7
DA:250,0
DA:252,0
DA:254,0
DA:256,0
DA:258,0
DA:260,0
DA:262,0
DA:264,0
DA:265,0
DA:269,7
DA:270,7
DA:271,7
DA:272,7
LF:137
LH:15
BRDA:3,0,0,7
BRDA:3,0,1,7
BRDA:24,1,0,0
BRDA:24,1,1,0
BRDA:40,2,0,0
BRDA:40,2,1,0
BRDA:47,3,0,0
BRDA:47,3,1,0
BRDA:66,4,0,0
BRDA:66,4,1,0
BRDA:67,5,0,0
BRDA:67,5,1,0
BRDA:89,6,0,0
BRDA:89,6,1,0
BRDA:107,7,0,0
BRDA:107,7,1,0
BRDA:107,8,0,0
BRDA:107,8,1,0
BRDA:160,9,0,0
BRDA:160,9,1,0
BRDA:164,10,0,0
BRDA:164,10,1,0
BRDA:173,11,0,0
BRDA:173,11,1,0
BRDA:173,12,0,0
BRDA:173,12,1,0
BRDA:182,13,0,0
BRDA:182,13,1,0
BRDA:185,14,0,0
BRDA:185,14,1,0
BRDA:250,15,0,0
BRDA:250,15,1,0
BRDA:250,15,2,0
BRDA:250,15,3,0
BRDA:250,15,4,0
BRDA:250,15,5,0
BRDA:250,15,6,0
BRF:37
BRH:2
end_of_record
TN:
SF:utils/validation.js
FN:3,(anonymous_0)
FN:14,(anonymous_1)
FNF:2
FNH:2
FNDA:3,(anonymous_0)
FNDA:2,(anonymous_1)
DA:1,5
DA:3,5
DA:4,3
DA:5,3
DA:6,3
DA:7,2
DA:9,1
DA:10,1
DA:14,5
DA:15,2
DA:16,2
DA:18,1
DA:19,1
DA:23,5
LF:14
LH:14
BRF:0
BRH:0
end_of_record
