<?xml version="1.0" encoding="UTF-8"?>
<coverage generated="1769575725108" clover="3.2.0">
  <project timestamp="1769575725108" name="All files">
    <metrics statements="59" coveredstatements="58" conditionals="30" coveredconditionals="23" methods="9" coveredmethods="8" elements="98" coveredelements="89" complexity="0" loc="59" ncloc="59" packages="1" files="1" classes="1"/>
    <file name="chaincode-service.js" path="/Users/johnchristophermcarrillo/Projects/terraflow-app/backend-blockchain/services/chaincode-service.js">
      <metrics statements="59" coveredstatements="58" conditionals="30" coveredconditionals="23" methods="9" coveredmethods="8"/>
      <line num="1" count="1" type="stmt"/>
      <line num="5" count="26" type="stmt"/>
      <line num="9" count="5" type="stmt"/>
      <line num="18" count="5" type="stmt"/>
      <line num="20" count="5" type="stmt"/>
      <line num="23" count="5" type="stmt"/>
      <line num="34" count="3" type="stmt"/>
      <line num="36" count="3" type="stmt"/>
      <line num="38" count="3" type="stmt"/>
      <line num="47" count="2" type="stmt"/>
      <line num="49" count="2" type="stmt"/>
      <line num="60" count="2" type="stmt"/>
      <line num="61" count="2" type="stmt"/>
      <line num="63" count="2" type="stmt"/>
      <line num="68" count="1" type="stmt"/>
      <line num="75" count="1" type="stmt"/>
      <line num="77" count="1" type="stmt"/>
      <line num="86" count="2" type="stmt"/>
      <line num="87" count="2" type="stmt"/>
      <line num="89" count="2" type="stmt"/>
      <line num="94" count="1" type="stmt"/>
      <line num="101" count="1" type="stmt"/>
      <line num="103" count="1" type="stmt"/>
      <line num="112" count="5" type="stmt"/>
      <line num="121" count="5" type="stmt"/>
      <line num="123" count="5" type="stmt"/>
      <line num="126" count="5" type="stmt"/>
      <line num="137" count="3" type="stmt"/>
      <line num="139" count="3" type="stmt"/>
      <line num="141" count="3" type="stmt"/>
      <line num="150" count="2" type="stmt"/>
      <line num="152" count="2" type="stmt"/>
      <line num="163" count="5" type="stmt"/>
      <line num="173" count="5" type="stmt"/>
      <line num="175" count="5" type="stmt"/>
      <line num="178" count="5" type="stmt"/>
      <line num="190" count="3" type="stmt"/>
      <line num="192" count="3" type="stmt"/>
      <line num="194" count="3" type="stmt"/>
      <line num="203" count="2" type="stmt"/>
      <line num="205" count="2" type="stmt"/>
      <line num="216" count="5" type="stmt"/>
      <line num="226" count="5" type="stmt"/>
      <line num="228" count="5" type="stmt"/>
      <line num="231" count="5" type="stmt"/>
      <line num="243" count="3" type="stmt"/>
      <line num="245" count="3" type="stmt"/>
      <line num="247" count="3" type="stmt"/>
      <line num="256" count="2" type="stmt"/>
      <line num="258" count="2" type="stmt"/>
      <line num="269" count="2" type="stmt"/>
      <line num="270" count="2" type="stmt"/>
      <line num="272" count="2" type="stmt"/>
      <line num="278" count="1" type="cond" truecount="1" falsecount="1"/>
      <line num="279" count="1" type="cond" truecount="1" falsecount="1"/>
      <line num="282" count="1" type="stmt"/>
      <line num="283" count="1" type="stmt"/>
      <line num="288" count="0" type="stmt"/>
      <line num="292" count="1" type="stmt"/>
    </file>
  </project>
</coverage>
