{"/Users/johnchristophermcarrillo/Projects/terraflow-app/backend-blockchain/chaincode/land-title-contract.js": {"path":"/Users/johnchristophermcarrillo/Projects/terraflow-app/backend-blockchain/chaincode/land-title-contract.js","statementMap":{"0":{"start":{"line":1,"column":21},"end":{"line":1,"column":51}},"1":{"start":{"line":6,"column":4},"end":{"line":6,"column":54}},"2":{"start":{"line":7,"column":4},"end":{"line":7,"column":85}},"3":{"start":{"line":11,"column":4},"end":{"line":58,"column":5}},"4":{"start":{"line":12,"column":6},"end":{"line":12,"column":60}},"5":{"start":{"line":15,"column":21},"end":{"line":15,"column":65}},"6":{"start":{"line":16,"column":6},"end":{"line":18,"column":7}},"7":{"start":{"line":17,"column":8},"end":{"line":17,"column":68}},"8":{"start":{"line":21,"column":24},"end":{"line":33,"column":7}},"9":{"start":{"line":36,"column":6},"end":{"line":36,"column":83}},"10":{"start":{"line":39,"column":6},"end":{"line":44,"column":11}},"11":{"start":{"line":46,"column":6},"end":{"line":46,"column":58}},"12":{"start":{"line":48,"column":6},"end":{"line":53,"column":9}},"13":{"start":{"line":56,"column":6},"end":{"line":56,"column":84}},"14":{"start":{"line":57,"column":6},"end":{"line":57,"column":71}},"15":{"start":{"line":62,"column":4},"end":{"line":78,"column":5}},"16":{"start":{"line":63,"column":6},"end":{"line":63,"column":59}},"17":{"start":{"line":65,"column":29},"end":{"line":65,"column":65}},"18":{"start":{"line":66,"column":6},"end":{"line":68,"column":7}},"19":{"start":{"line":67,"column":8},"end":{"line":67,"column":68}},"20":{"start":{"line":70,"column":24},"end":{"line":70,"column":61}},"21":{"start":{"line":71,"column":6},"end":{"line":71,"column":56}},"22":{"start":{"line":73,"column":6},"end":{"line":73,"column":39}},"23":{"start":{"line":76,"column":6},"end":{"line":76,"column":81}},"24":{"start":{"line":77,"column":6},"end":{"line":77,"column":68}},"25":{"start":{"line":82,"column":4},"end":{"line":118,"column":5}},"26":{"start":{"line":83,"column":6},"end":{"line":83,"column":83}},"27":{"start":{"line":85,"column":29},"end":{"line":85,"column":65}},"28":{"start":{"line":86,"column":6},"end":{"line":88,"column":7}},"29":{"start":{"line":87,"column":8},"end":{"line":87,"column":68}},"30":{"start":{"line":90,"column":24},"end":{"line":90,"column":61}},"31":{"start":{"line":93,"column":6},"end":{"line":93,"column":35}},"32":{"start":{"line":94,"column":6},"end":{"line":94,"column":53}},"33":{"start":{"line":95,"column":6},"end":{"line":95,"column":50}},"34":{"start":{"line":98,"column":6},"end":{"line":98,"column":83}},"35":{"start":{"line":101,"column":6},"end":{"line":106,"column":11}},"36":{"start":{"line":108,"column":6},"end":{"line":108,"column":65}},"37":{"start":{"line":110,"column":6},"end":{"line":113,"column":9}},"38":{"start":{"line":116,"column":6},"end":{"line":116,"column":91}},"39":{"start":{"line":117,"column":6},"end":{"line":117,"column":67}},"40":{"start":{"line":122,"column":4},"end":{"line":157,"column":5}},"41":{"start":{"line":123,"column":6},"end":{"line":123,"column":67}},"42":{"start":{"line":125,"column":30},"end":{"line":125,"column":74}},"43":{"start":{"line":126,"column":22},"end":{"line":126,"column":24}},"44":{"start":{"line":128,"column":6},"end":{"line":145,"column":7}},"45":{"start":{"line":129,"column":23},"end":{"line":129,"column":51}},"46":{"start":{"line":131,"column":8},"end":{"line":139,"column":9}},"47":{"start":{"line":132,"column":25},"end":{"line":137,"column":11}},"48":{"start":{"line":138,"column":10},"end":{"line":138,"column":31}},"49":{"start":{"line":141,"column":8},"end":{"line":144,"column":9}},"50":{"start":{"line":142,"column":10},"end":{"line":142,"column":40}},"51":{"start":{"line":143,"column":10},"end":{"line":143,"column":16}},"52":{"start":{"line":147,"column":6},"end":{"line":147,"column":96}},"53":{"start":{"line":149,"column":6},"end":{"line":152,"column":9}},"54":{"start":{"line":155,"column":6},"end":{"line":155,"column":89}},"55":{"start":{"line":156,"column":6},"end":{"line":156,"column":65}},"56":{"start":{"line":161,"column":27},"end":{"line":161,"column":63}},"57":{"start":{"line":162,"column":4},"end":{"line":162,"column":55}},"58":{"start":{"line":166,"column":4},"end":{"line":195,"column":5}},"59":{"start":{"line":167,"column":6},"end":{"line":167,"column":48}},"60":{"start":{"line":169,"column":23},"end":{"line":169,"column":61}},"61":{"start":{"line":170,"column":25},"end":{"line":170,"column":27}},"62":{"start":{"line":172,"column":6},"end":{"line":187,"column":7}},"63":{"start":{"line":173,"column":23},"end":{"line":173,"column":44}},"64":{"start":{"line":175,"column":8},"end":{"line":181,"column":9}},"65":{"start":{"line":176,"column":25},"end":{"line":179,"column":11}},"66":{"start":{"line":180,"column":10},"end":{"line":180,"column":34}},"67":{"start":{"line":183,"column":8},"end":{"line":186,"column":9}},"68":{"start":{"line":184,"column":10},"end":{"line":184,"column":33}},"69":{"start":{"line":185,"column":10},"end":{"line":185,"column":16}},"70":{"start":{"line":189,"column":6},"end":{"line":189,"column":66}},"71":{"start":{"line":190,"column":6},"end":{"line":190,"column":40}},"72":{"start":{"line":193,"column":6},"end":{"line":193,"column":71}},"73":{"start":{"line":194,"column":6},"end":{"line":194,"column":73}},"74":{"start":{"line":199,"column":4},"end":{"line":236,"column":5}},"75":{"start":{"line":200,"column":6},"end":{"line":200,"column":72}},"76":{"start":{"line":202,"column":30},"end":{"line":202,"column":74}},"77":{"start":{"line":203,"column":27},"end":{"line":203,"column":29}},"78":{"start":{"line":205,"column":6},"end":{"line":228,"column":7}},"79":{"start":{"line":206,"column":23},"end":{"line":206,"column":51}},"80":{"start":{"line":208,"column":8},"end":{"line":222,"column":9}},"81":{"start":{"line":209,"column":23},"end":{"line":209,"column":64}},"82":{"start":{"line":211,"column":30},"end":{"line":219,"column":11}},"83":{"start":{"line":221,"column":10},"end":{"line":221,"column":41}},"84":{"start":{"line":224,"column":8},"end":{"line":227,"column":9}},"85":{"start":{"line":225,"column":10},"end":{"line":225,"column":40}},"86":{"start":{"line":226,"column":10},"end":{"line":226,"column":16}},"87":{"start":{"line":230,"column":6},"end":{"line":230,"column":88}},"88":{"start":{"line":231,"column":6},"end":{"line":231,"column":42}},"89":{"start":{"line":234,"column":6},"end":{"line":234,"column":90}},"90":{"start":{"line":235,"column":6},"end":{"line":235,"column":32}},"91":{"start":{"line":240,"column":4},"end":{"line":284,"column":5}},"92":{"start":{"line":241,"column":6},"end":{"line":241,"column":64}},"93":{"start":{"line":243,"column":29},"end":{"line":243,"column":65}},"94":{"start":{"line":244,"column":6},"end":{"line":246,"column":7}},"95":{"start":{"line":245,"column":8},"end":{"line":245,"column":68}},"96":{"start":{"line":248,"column":24},"end":{"line":248,"column":61}},"97":{"start":{"line":251,"column":6},"end":{"line":251,"column":36}},"98":{"start":{"line":252,"column":6},"end":{"line":252,"column":38}},"99":{"start":{"line":253,"column":6},"end":{"line":253,"column":34}},"100":{"start":{"line":254,"column":6},"end":{"line":254,"column":42}},"101":{"start":{"line":255,"column":6},"end":{"line":255,"column":54}},"102":{"start":{"line":256,"column":6},"end":{"line":256,"column":45}},"103":{"start":{"line":257,"column":6},"end":{"line":257,"column":40}},"104":{"start":{"line":258,"column":6},"end":{"line":258,"column":53}},"105":{"start":{"line":261,"column":6},"end":{"line":261,"column":83}},"106":{"start":{"line":264,"column":6},"end":{"line":270,"column":11}},"107":{"start":{"line":272,"column":6},"end":{"line":272,"column":62}},"108":{"start":{"line":274,"column":6},"end":{"line":279,"column":9}},"109":{"start":{"line":282,"column":6},"end":{"line":282,"column":86}},"110":{"start":{"line":283,"column":6},"end":{"line":283,"column":73}},"111":{"start":{"line":288,"column":0},"end":{"line":288,"column":35}}},"fnMap":{"0":{"name":"(anonymous_0)","decl":{"start":{"line":5,"column":2},"end":{"line":5,"column":3}},"loc":{"start":{"line":5,"column":24},"end":{"line":8,"column":3}},"line":5},"1":{"name":"(anonymous_1)","decl":{"start":{"line":10,"column":2},"end":{"line":10,"column":3}},"loc":{"start":{"line":10,"column":118},"end":{"line":59,"column":3}},"line":10},"2":{"name":"(anonymous_2)","decl":{"start":{"line":61,"column":2},"end":{"line":61,"column":3}},"loc":{"start":{"line":61,"column":39},"end":{"line":79,"column":3}},"line":61},"3":{"name":"(anonymous_3)","decl":{"start":{"line":81,"column":2},"end":{"line":81,"column":3}},"loc":{"start":{"line":81,"column":74},"end":{"line":119,"column":3}},"line":81},"4":{"name":"(anonymous_4)","decl":{"start":{"line":121,"column":2},"end":{"line":121,"column":3}},"loc":{"start":{"line":121,"column":46},"end":{"line":158,"column":3}},"line":121},"5":{"name":"(anonymous_5)","decl":{"start":{"line":160,"column":2},"end":{"line":160,"column":3}},"loc":{"start":{"line":160,"column":42},"end":{"line":163,"column":3}},"line":160},"6":{"name":"(anonymous_6)","decl":{"start":{"line":165,"column":2},"end":{"line":165,"column":3}},"loc":{"start":{"line":165,"column":30},"end":{"line":196,"column":3}},"line":165},"7":{"name":"(anonymous_7)","decl":{"start":{"line":198,"column":2},"end":{"line":198,"column":3}},"loc":{"start":{"line":198,"column":48},"end":{"line":237,"column":3}},"line":198},"8":{"name":"(anonymous_8)","decl":{"start":{"line":239,"column":2},"end":{"line":239,"column":3}},"loc":{"start":{"line":239,"column":120},"end":{"line":285,"column":3}},"line":239}},"branchMap":{"0":{"loc":{"start":{"line":16,"column":6},"end":{"line":18,"column":7}},"type":"if","locations":[{"start":{"line":16,"column":6},"end":{"line":18,"column":7}},{"start":{},"end":{}}],"line":16},"1":{"loc":{"start":{"line":66,"column":6},"end":{"line":68,"column":7}},"type":"if","locations":[{"start":{"line":66,"column":6},"end":{"line":68,"column":7}},{"start":{},"end":{}}],"line":66},"2":{"loc":{"start":{"line":66,"column":10},"end":{"line":66,"column":56}},"type":"binary-expr","locations":[{"start":{"line":66,"column":10},"end":{"line":66,"column":25}},{"start":{"line":66,"column":29},"end":{"line":66,"column":56}}],"line":66},"3":{"loc":{"start":{"line":86,"column":6},"end":{"line":88,"column":7}},"type":"if","locations":[{"start":{"line":86,"column":6},"end":{"line":88,"column":7}},{"start":{},"end":{}}],"line":86},"4":{"loc":{"start":{"line":86,"column":10},"end":{"line":86,"column":56}},"type":"binary-expr","locations":[{"start":{"line":86,"column":10},"end":{"line":86,"column":25}},{"start":{"line":86,"column":29},"end":{"line":86,"column":56}}],"line":86},"5":{"loc":{"start":{"line":131,"column":8},"end":{"line":139,"column":9}},"type":"if","locations":[{"start":{"line":131,"column":8},"end":{"line":139,"column":9}},{"start":{},"end":{}}],"line":131},"6":{"loc":{"start":{"line":131,"column":12},"end":{"line":131,"column":57}},"type":"binary-expr","locations":[{"start":{"line":131,"column":12},"end":{"line":131,"column":24}},{"start":{"line":131,"column":28},"end":{"line":131,"column":57}}],"line":131},"7":{"loc":{"start":{"line":141,"column":8},"end":{"line":144,"column":9}},"type":"if","locations":[{"start":{"line":141,"column":8},"end":{"line":144,"column":9}},{"start":{},"end":{}}],"line":141},"8":{"loc":{"start":{"line":162,"column":11},"end":{"line":162,"column":54}},"type":"binary-expr","locations":[{"start":{"line":162,"column":11},"end":{"line":162,"column":25}},{"start":{"line":162,"column":29},"end":{"line":162,"column":54}}],"line":162},"9":{"loc":{"start":{"line":175,"column":8},"end":{"line":181,"column":9}},"type":"if","locations":[{"start":{"line":175,"column":8},"end":{"line":181,"column":9}},{"start":{},"end":{}}],"line":175},"10":{"loc":{"start":{"line":175,"column":12},"end":{"line":175,"column":57}},"type":"binary-expr","locations":[{"start":{"line":175,"column":12},"end":{"line":175,"column":24}},{"start":{"line":175,"column":28},"end":{"line":175,"column":57}}],"line":175},"11":{"loc":{"start":{"line":183,"column":8},"end":{"line":186,"column":9}},"type":"if","locations":[{"start":{"line":183,"column":8},"end":{"line":186,"column":9}},{"start":{},"end":{}}],"line":183},"12":{"loc":{"start":{"line":208,"column":8},"end":{"line":222,"column":9}},"type":"if","locations":[{"start":{"line":208,"column":8},"end":{"line":222,"column":9}},{"start":{},"end":{}}],"line":208},"13":{"loc":{"start":{"line":208,"column":12},"end":{"line":208,"column":57}},"type":"binary-expr","locations":[{"start":{"line":208,"column":12},"end":{"line":208,"column":24}},{"start":{"line":208,"column":28},"end":{"line":208,"column":57}}],"line":208},"14":{"loc":{"start":{"line":213,"column":30},"end":{"line":213,"column":63}},"type":"binary-expr","locations":[{"start":{"line":213,"column":30},"end":{"line":213,"column":50}},{"start":{"line":213,"column":54},"end":{"line":213,"column":63}}],"line":213},"15":{"loc":{"start":{"line":215,"column":24},"end":{"line":215,"column":60}},"type":"binary-expr","locations":[{"start":{"line":215,"column":24},"end":{"line":215,"column":38}},{"start":{"line":215,"column":42},"end":{"line":215,"column":54}},{"start":{"line":215,"column":58},"end":{"line":215,"column":60}}],"line":215},"16":{"loc":{"start":{"line":216,"column":24},"end":{"line":216,"column":44}},"type":"binary-expr","locations":[{"start":{"line":216,"column":24},"end":{"line":216,"column":38}},{"start":{"line":216,"column":42},"end":{"line":216,"column":44}}],"line":216},"17":{"loc":{"start":{"line":217,"column":22},"end":{"line":217,"column":40}},"type":"binary-expr","locations":[{"start":{"line":217,"column":22},"end":{"line":217,"column":34}},{"start":{"line":217,"column":38},"end":{"line":217,"column":40}}],"line":217},"18":{"loc":{"start":{"line":218,"column":26},"end":{"line":218,"column":48}},"type":"binary-expr","locations":[{"start":{"line":218,"column":26},"end":{"line":218,"column":42}},{"start":{"line":218,"column":46},"end":{"line":218,"column":48}}],"line":218},"19":{"loc":{"start":{"line":224,"column":8},"end":{"line":227,"column":9}},"type":"if","locations":[{"start":{"line":224,"column":8},"end":{"line":227,"column":9}},{"start":{},"end":{}}],"line":224},"20":{"loc":{"start":{"line":244,"column":6},"end":{"line":246,"column":7}},"type":"if","locations":[{"start":{"line":244,"column":6},"end":{"line":246,"column":7}},{"start":{},"end":{}}],"line":244},"21":{"loc":{"start":{"line":244,"column":10},"end":{"line":244,"column":56}},"type":"binary-expr","locations":[{"start":{"line":244,"column":10},"end":{"line":244,"column":25}},{"start":{"line":244,"column":29},"end":{"line":244,"column":56}}],"line":244}},"s":{"0":1,"1":1,"2":1,"3":2,"4":2,"5":2,"6":2,"7":1,"8":1,"9":1,"10":1,"11":1,"12":1,"13":1,"14":1,"15":2,"16":2,"17":2,"18":2,"19":1,"20":1,"21":1,"22":1,"23":1,"24":1,"25":2,"26":2,"27":2,"28":2,"29":1,"30":1,"31":1,"32":1,"33":1,"34":1,"35":1,"36":1,"37":1,"38":1,"39":1,"40":2,"41":2,"42":2,"43":1,"44":1,"45":2,"46":2,"47":1,"48":1,"49":2,"50":1,"51":1,"52":1,"53":1,"54":1,"55":1,"56":4,"57":4,"58":2,"59":2,"60":2,"61":1,"62":1,"63":2,"64":2,"65":1,"66":1,"67":2,"68":1,"69":1,"70":1,"71":1,"72":1,"73":1,"74":2,"75":2,"76":2,"77":1,"78":1,"79":2,"80":2,"81":1,"82":1,"83":1,"84":2,"85":1,"86":1,"87":1,"88":1,"89":1,"90":1,"91":2,"92":2,"93":2,"94":2,"95":1,"96":1,"97":1,"98":1,"99":1,"100":1,"101":1,"102":1,"103":1,"104":1,"105":1,"106":1,"107":1,"108":1,"109":1,"110":1,"111":1},"f":{"0":1,"1":2,"2":2,"3":2,"4":2,"5":4,"6":2,"7":2,"8":2},"b":{"0":[1,1],"1":[1,1],"2":[2,2],"3":[1,1],"4":[2,2],"5":[1,1],"6":[2,1],"7":[1,1],"8":[4,4],"9":[1,1],"10":[2,1],"11":[1,1],"12":[1,1],"13":[2,1],"14":[1,0],"15":[1,0,0],"16":[1,1],"17":[1,1],"18":[1,1],"19":[1,1],"20":[1,1],"21":[2,2]},"_coverageSchema":"1a1c01bbd47fc00a2c39e90264f33305004495a9","hash":"c394ce33eb768e808549dc38154acab7060392b3"}
,"/Users/johnchristophermcarrillo/Projects/terraflow-app/backend-blockchain/config/fabric-config.js": {"path":"/Users/johnchristophermcarrillo/Projects/terraflow-app/backend-blockchain/config/fabric-config.js","statementMap":{"0":{"start":{"line":1,"column":0},"end":{"line":94,"column":2}}},"fnMap":{},"branchMap":{"0":{"loc":{"start":{"line":35,"column":13},"end":{"line":35,"column":77}},"type":"binary-expr","locations":[{"start":{"line":35,"column":13},"end":{"line":35,"column":40}},{"start":{"line":35,"column":44},"end":{"line":35,"column":77}}],"line":35},"1":{"loc":{"start":{"line":47,"column":13},"end":{"line":47,"column":73}},"type":"binary-expr","locations":[{"start":{"line":47,"column":13},"end":{"line":47,"column":38}},{"start":{"line":47,"column":42},"end":{"line":47,"column":73}}],"line":47},"2":{"loc":{"start":{"line":59,"column":13},"end":{"line":59,"column":83}},"type":"binary-expr","locations":[{"start":{"line":59,"column":13},"end":{"line":59,"column":43}},{"start":{"line":59,"column":47},"end":{"line":59,"column":83}}],"line":59}},"s":{"0":1},"f":{},"b":{"0":[1,1],"1":[1,1],"2":[1,1]},"_coverageSchema":"1a1c01bbd47fc00a2c39e90264f33305004495a9","hash":"df2cc19a69171718bd60060e99aef608a63356fc"}
,"/Users/johnchristophermcarrillo/Projects/terraflow-app/backend-blockchain/services/chaincode-service.js": {"path":"/Users/johnchristophermcarrillo/Projects/terraflow-app/backend-blockchain/services/chaincode-service.js","statementMap":{"0":{"start":{"line":1,"column":21},"end":{"line":1,"column":47}},"1":{"start":{"line":5,"column":4},"end":{"line":5,"column":43}},"2":{"start":{"line":9,"column":4},"end":{"line":28,"column":5}},"3":{"start":{"line":10,"column":21},"end":{"line":10,"column":31}},"4":{"start":{"line":11,"column":6},"end":{"line":11,"column":55}},"5":{"start":{"line":12,"column":6},"end":{"line":18,"column":8}},"6":{"start":{"line":20,"column":6},"end":{"line":20,"column":67}},"7":{"start":{"line":21,"column":6},"end":{"line":27,"column":8}},"8":{"start":{"line":32,"column":4},"end":{"line":39,"column":5}},"9":{"start":{"line":33,"column":6},"end":{"line":33,"column":67}},"10":{"start":{"line":34,"column":21},"end":{"line":34,"column":100}},"11":{"start":{"line":35,"column":6},"end":{"line":35,"column":116}},"12":{"start":{"line":37,"column":6},"end":{"line":37,"column":74}},"13":{"start":{"line":38,"column":6},"end":{"line":38,"column":97}},"14":{"start":{"line":43,"column":4},"end":{"line":50,"column":5}},"15":{"start":{"line":44,"column":6},"end":{"line":44,"column":60}},"16":{"start":{"line":45,"column":21},"end":{"line":45,"column":93}},"17":{"start":{"line":46,"column":6},"end":{"line":46,"column":97}},"18":{"start":{"line":48,"column":6},"end":{"line":48,"column":68}},"19":{"start":{"line":49,"column":6},"end":{"line":49,"column":107}},"20":{"start":{"line":54,"column":4},"end":{"line":62,"column":5}},"21":{"start":{"line":55,"column":6},"end":{"line":55,"column":68}},"22":{"start":{"line":56,"column":21},"end":{"line":56,"column":102}},"23":{"start":{"line":57,"column":27},"end":{"line":57,"column":83}},"24":{"start":{"line":58,"column":6},"end":{"line":58,"column":61}},"25":{"start":{"line":60,"column":6},"end":{"line":60,"column":75}},"26":{"start":{"line":61,"column":6},"end":{"line":61,"column":16}},"27":{"start":{"line":66,"column":109},"end":{"line":66,"column":113}},"28":{"start":{"line":67,"column":4},"end":{"line":67,"column":74}},"29":{"start":{"line":68,"column":19},"end":{"line":71,"column":5}},"30":{"start":{"line":69,"column":6},"end":{"line":69,"column":165}},"31":{"start":{"line":72,"column":4},"end":{"line":72,"column":80}},"32":{"start":{"line":72,"column":24},"end":{"line":72,"column":80}},"33":{"start":{"line":73,"column":4},"end":{"line":73,"column":18}},"34":{"start":{"line":77,"column":108},"end":{"line":77,"column":112}},"35":{"start":{"line":78,"column":4},"end":{"line":78,"column":75}},"36":{"start":{"line":79,"column":19},"end":{"line":82,"column":5}},"37":{"start":{"line":80,"column":6},"end":{"line":80,"column":164}},"38":{"start":{"line":83,"column":4},"end":{"line":83,"column":93}},"39":{"start":{"line":83,"column":24},"end":{"line":83,"column":93}},"40":{"start":{"line":84,"column":4},"end":{"line":84,"column":18}},"41":{"start":{"line":88,"column":127},"end":{"line":88,"column":131}},"42":{"start":{"line":89,"column":4},"end":{"line":89,"column":76}},"43":{"start":{"line":90,"column":19},"end":{"line":93,"column":5}},"44":{"start":{"line":91,"column":6},"end":{"line":91,"column":187}},"45":{"start":{"line":94,"column":4},"end":{"line":94,"column":93}},"46":{"start":{"line":94,"column":24},"end":{"line":94,"column":93}},"47":{"start":{"line":95,"column":4},"end":{"line":95,"column":18}},"48":{"start":{"line":99,"column":123},"end":{"line":99,"column":127}},"49":{"start":{"line":100,"column":4},"end":{"line":100,"column":94}},"50":{"start":{"line":101,"column":19},"end":{"line":104,"column":5}},"51":{"start":{"line":102,"column":6},"end":{"line":102,"column":181}},"52":{"start":{"line":105,"column":4},"end":{"line":105,"column":89}},"53":{"start":{"line":105,"column":24},"end":{"line":105,"column":89}},"54":{"start":{"line":106,"column":4},"end":{"line":106,"column":18}},"55":{"start":{"line":110,"column":97},"end":{"line":110,"column":101}},"56":{"start":{"line":111,"column":4},"end":{"line":111,"column":71}},"57":{"start":{"line":112,"column":4},"end":{"line":115,"column":6}},"58":{"start":{"line":113,"column":6},"end":{"line":113,"column":185}},"59":{"start":{"line":119,"column":99},"end":{"line":119,"column":103}},"60":{"start":{"line":120,"column":4},"end":{"line":120,"column":79}},"61":{"start":{"line":121,"column":4},"end":{"line":124,"column":6}},"62":{"start":{"line":122,"column":6},"end":{"line":122,"column":177}},"63":{"start":{"line":128,"column":4},"end":{"line":128,"column":41}},"64":{"start":{"line":132,"column":0},"end":{"line":132,"column":34}}},"fnMap":{"0":{"name":"(anonymous_0)","decl":{"start":{"line":4,"column":2},"end":{"line":4,"column":3}},"loc":{"start":{"line":4,"column":16},"end":{"line":6,"column":3}},"line":4},"1":{"name":"(anonymous_1)","decl":{"start":{"line":8,"column":2},"end":{"line":8,"column":3}},"loc":{"start":{"line":8,"column":49},"end":{"line":29,"column":3}},"line":8},"2":{"name":"(anonymous_2)","decl":{"start":{"line":31,"column":2},"end":{"line":31,"column":3}},"loc":{"start":{"line":31,"column":41},"end":{"line":40,"column":3}},"line":31},"3":{"name":"(anonymous_3)","decl":{"start":{"line":42,"column":2},"end":{"line":42,"column":3}},"loc":{"start":{"line":42,"column":36},"end":{"line":51,"column":3}},"line":42},"4":{"name":"(anonymous_4)","decl":{"start":{"line":53,"column":2},"end":{"line":53,"column":3}},"loc":{"start":{"line":53,"column":43},"end":{"line":63,"column":3}},"line":53},"5":{"name":"(anonymous_5)","decl":{"start":{"line":65,"column":2},"end":{"line":65,"column":3}},"loc":{"start":{"line":65,"column":30},"end":{"line":74,"column":3}},"line":65},"6":{"name":"(anonymous_6)","decl":{"start":{"line":68,"column":62},"end":{"line":68,"column":63}},"loc":{"start":{"line":69,"column":6},"end":{"line":69,"column":165}},"line":69},"7":{"name":"(anonymous_7)","decl":{"start":{"line":76,"column":2},"end":{"line":76,"column":3}},"loc":{"start":{"line":76,"column":33},"end":{"line":85,"column":3}},"line":76},"8":{"name":"(anonymous_8)","decl":{"start":{"line":79,"column":64},"end":{"line":79,"column":65}},"loc":{"start":{"line":80,"column":6},"end":{"line":80,"column":164}},"line":80},"9":{"name":"(anonymous_9)","decl":{"start":{"line":87,"column":2},"end":{"line":87,"column":3}},"loc":{"start":{"line":87,"column":33},"end":{"line":96,"column":3}},"line":87},"10":{"name":"(anonymous_10)","decl":{"start":{"line":90,"column":64},"end":{"line":90,"column":65}},"loc":{"start":{"line":91,"column":6},"end":{"line":91,"column":187}},"line":91},"11":{"name":"(anonymous_11)","decl":{"start":{"line":98,"column":2},"end":{"line":98,"column":3}},"loc":{"start":{"line":98,"column":29},"end":{"line":107,"column":3}},"line":98},"12":{"name":"(anonymous_12)","decl":{"start":{"line":101,"column":60},"end":{"line":101,"column":61}},"loc":{"start":{"line":102,"column":6},"end":{"line":102,"column":181}},"line":102},"13":{"name":"(anonymous_13)","decl":{"start":{"line":109,"column":2},"end":{"line":109,"column":3}},"loc":{"start":{"line":109,"column":29},"end":{"line":116,"column":3}},"line":109},"14":{"name":"(anonymous_14)","decl":{"start":{"line":112,"column":46},"end":{"line":112,"column":47}},"loc":{"start":{"line":113,"column":6},"end":{"line":113,"column":185}},"line":113},"15":{"name":"(anonymous_15)","decl":{"start":{"line":118,"column":2},"end":{"line":118,"column":3}},"loc":{"start":{"line":118,"column":36},"end":{"line":125,"column":3}},"line":118},"16":{"name":"(anonymous_16)","decl":{"start":{"line":121,"column":54},"end":{"line":121,"column":55}},"loc":{"start":{"line":122,"column":6},"end":{"line":122,"column":177}},"line":122},"17":{"name":"(anonymous_17)","decl":{"start":{"line":127,"column":2},"end":{"line":127,"column":3}},"loc":{"start":{"line":127,"column":21},"end":{"line":129,"column":3}},"line":127}},"branchMap":{"0":{"loc":{"start":{"line":14,"column":24},"end":{"line":14,"column":65}},"type":"binary-expr","locations":[{"start":{"line":14,"column":24},"end":{"line":14,"column":45}},{"start":{"line":14,"column":49},"end":{"line":14,"column":59}},{"start":{"line":14,"column":63},"end":{"line":14,"column":65}}],"line":14},"1":{"loc":{"start":{"line":15,"column":22},"end":{"line":15,"column":48}},"type":"binary-expr","locations":[{"start":{"line":15,"column":22},"end":{"line":15,"column":41}},{"start":{"line":15,"column":45},"end":{"line":15,"column":48}}],"line":15},"2":{"loc":{"start":{"line":23,"column":24},"end":{"line":23,"column":40}},"type":"binary-expr","locations":[{"start":{"line":23,"column":24},"end":{"line":23,"column":34}},{"start":{"line":23,"column":38},"end":{"line":23,"column":40}}],"line":23},"3":{"loc":{"start":{"line":35,"column":39},"end":{"line":35,"column":59}},"type":"binary-expr","locations":[{"start":{"line":35,"column":39},"end":{"line":35,"column":53}},{"start":{"line":35,"column":57},"end":{"line":35,"column":59}}],"line":35},"4":{"loc":{"start":{"line":57,"column":27},"end":{"line":57,"column":83}},"type":"cond-expr","locations":[{"start":{"line":57,"column":56},"end":{"line":57,"column":74}},{"start":{"line":57,"column":77},"end":{"line":57,"column":83}}],"line":57},"5":{"loc":{"start":{"line":58,"column":13},"end":{"line":58,"column":60}},"type":"cond-expr","locations":[{"start":{"line":58,"column":43},"end":{"line":58,"column":55}},{"start":{"line":58,"column":58},"end":{"line":58,"column":60}}],"line":58},"6":{"loc":{"start":{"line":72,"column":4},"end":{"line":72,"column":80}},"type":"if","locations":[{"start":{"line":72,"column":4},"end":{"line":72,"column":80}},{"start":{},"end":{}}],"line":72},"7":{"loc":{"start":{"line":83,"column":4},"end":{"line":83,"column":93}},"type":"if","locations":[{"start":{"line":83,"column":4},"end":{"line":83,"column":93}},{"start":{},"end":{}}],"line":83},"8":{"loc":{"start":{"line":94,"column":4},"end":{"line":94,"column":93}},"type":"if","locations":[{"start":{"line":94,"column":4},"end":{"line":94,"column":93}},{"start":{},"end":{}}],"line":94},"9":{"loc":{"start":{"line":105,"column":4},"end":{"line":105,"column":89}},"type":"if","locations":[{"start":{"line":105,"column":4},"end":{"line":105,"column":89}},{"start":{},"end":{}}],"line":105}},"s":{"0":2,"1":32,"2":25,"3":25,"4":15,"5":15,"6":10,"7":10,"8":2,"9":2,"10":2,"11":1,"12":1,"13":1,"14":2,"15":2,"16":2,"17":1,"18":1,"19":1,"20":2,"21":2,"22":2,"23":1,"24":1,"25":1,"26":1,"27":6,"28":6,"29":6,"30":6,"31":6,"32":4,"33":6,"34":5,"35":5,"36":5,"37":5,"38":5,"39":3,"40":5,"41":5,"42":5,"43":5,"44":5,"45":5,"46":3,"47":5,"48":5,"49":5,"50":5,"51":5,"52":5,"53":3,"54":5,"55":2,"56":2,"57":2,"58":2,"59":2,"60":2,"61":2,"62":2,"63":1,"64":2},"f":{"0":32,"1":25,"2":2,"3":2,"4":2,"5":6,"6":6,"7":5,"8":5,"9":5,"10":5,"11":5,"12":5,"13":2,"14":2,"15":2,"16":2,"17":1},"b":{"0":[15,9,0],"1":[15,9],"2":[10,0],"3":[1,0],"4":[1,0],"5":[1,0],"6":[4,2],"7":[3,2],"8":[3,2],"9":[3,2]},"_coverageSchema":"1a1c01bbd47fc00a2c39e90264f33305004495a9","hash":"c3e213497d3638354e496fa73a97c8816257be7f"}
,"/Users/johnchristophermcarrillo/Projects/terraflow-app/backend-blockchain/services/fabric-client.js": {"path":"/Users/johnchristophermcarrillo/Projects/terraflow-app/backend-blockchain/services/fabric-client.js","statementMap":{"0":{"start":{"line":1,"column":29},"end":{"line":1,"column":54}},"1":{"start":{"line":2,"column":25},"end":{"line":2,"column":52}},"2":{"start":{"line":3,"column":13},"end":{"line":3,"column":28}},"3":{"start":{"line":4,"column":11},"end":{"line":4,"column":24}},"4":{"start":{"line":8,"column":4},"end":{"line":8,"column":33}},"5":{"start":{"line":9,"column":4},"end":{"line":9,"column":24}},"6":{"start":{"line":10,"column":4},"end":{"line":10,"column":25}},"7":{"start":{"line":11,"column":4},"end":{"line":11,"column":23}},"8":{"start":{"line":12,"column":4},"end":{"line":12,"column":27}},"9":{"start":{"line":14,"column":4},"end":{"line":14,"column":38}},"10":{"start":{"line":18,"column":4},"end":{"line":42,"column":5}},"11":{"start":{"line":19,"column":6},"end":{"line":19,"column":59}},"12":{"start":{"line":22,"column":22},"end":{"line":22,"column":82}},"13":{"start":{"line":23,"column":6},"end":{"line":25,"column":7}},"14":{"start":{"line":24,"column":8},"end":{"line":24,"column":70}},"15":{"start":{"line":27,"column":18},"end":{"line":27,"column":62}},"16":{"start":{"line":30,"column":25},"end":{"line":30,"column":59}},"17":{"start":{"line":31,"column":6},"end":{"line":31,"column":66}},"18":{"start":{"line":34,"column":6},"end":{"line":34,"column":65}},"19":{"start":{"line":35,"column":6},"end":{"line":35,"column":28}},"20":{"start":{"line":36,"column":6},"end":{"line":36,"column":74}},"21":{"start":{"line":37,"column":6},"end":{"line":37,"column":18}},"22":{"start":{"line":40,"column":6},"end":{"line":40,"column":81}},"23":{"start":{"line":41,"column":6},"end":{"line":41,"column":18}},"24":{"start":{"line":46,"column":4},"end":{"line":151,"column":5}},"25":{"start":{"line":47,"column":6},"end":{"line":49,"column":7}},"26":{"start":{"line":48,"column":8},"end":{"line":48,"column":32}},"27":{"start":{"line":51,"column":6},"end":{"line":51,"column":68}},"28":{"start":{"line":52,"column":6},"end":{"line":52,"column":36}},"29":{"start":{"line":55,"column":21},"end":{"line":55,"column":38}},"30":{"start":{"line":56,"column":29},"end":{"line":56,"column":92}},"31":{"start":{"line":57,"column":27},"end":{"line":57,"column":56}},"32":{"start":{"line":58,"column":30},"end":{"line":60,"column":22}},"33":{"start":{"line":64,"column":6},"end":{"line":110,"column":7}},"34":{"start":{"line":66,"column":8},"end":{"line":78,"column":10}},"35":{"start":{"line":79,"column":13},"end":{"line":110,"column":7}},"36":{"start":{"line":81,"column":8},"end":{"line":94,"column":10}},"37":{"start":{"line":97,"column":8},"end":{"line":109,"column":10}},"38":{"start":{"line":112,"column":6},"end":{"line":112,"column":66}},"39":{"start":{"line":115,"column":26},"end":{"line":115,"column":33}},"40":{"start":{"line":116,"column":6},"end":{"line":118,"column":7}},"41":{"start":{"line":117,"column":8},"end":{"line":117,"column":51}},"42":{"start":{"line":120,"column":23},"end":{"line":131,"column":7}},"43":{"start":{"line":133,"column":6},"end":{"line":133,"column":60}},"44":{"start":{"line":134,"column":6},"end":{"line":134,"column":73}},"45":{"start":{"line":136,"column":23},"end":{"line":143,"column":7}},"46":{"start":{"line":145,"column":6},"end":{"line":145,"column":71}},"47":{"start":{"line":146,"column":6},"end":{"line":146,"column":22}},"48":{"start":{"line":149,"column":6},"end":{"line":149,"column":93}},"49":{"start":{"line":150,"column":6},"end":{"line":150,"column":18}},"50":{"start":{"line":155,"column":4},"end":{"line":213,"column":5}},"51":{"start":{"line":156,"column":6},"end":{"line":158,"column":7}},"52":{"start":{"line":157,"column":8},"end":{"line":157,"column":32}},"53":{"start":{"line":160,"column":6},"end":{"line":160,"column":54}},"54":{"start":{"line":161,"column":6},"end":{"line":161,"column":42}},"55":{"start":{"line":163,"column":26},"end":{"line":163,"column":33}},"56":{"start":{"line":165,"column":6},"end":{"line":170,"column":7}},"57":{"start":{"line":167,"column":29},"end":{"line":167,"column":73}},"58":{"start":{"line":168,"column":8},"end":{"line":168,"column":90}},"59":{"start":{"line":169,"column":8},"end":{"line":169,"column":28}},"60":{"start":{"line":172,"column":6},"end":{"line":191,"column":7}},"61":{"start":{"line":174,"column":30},"end":{"line":183,"column":9}},"62":{"start":{"line":185,"column":8},"end":{"line":185,"column":61}},"63":{"start":{"line":186,"column":8},"end":{"line":190,"column":10}},"64":{"start":{"line":194,"column":23},"end":{"line":201,"column":7}},"65":{"start":{"line":203,"column":6},"end":{"line":208,"column":8}},"66":{"start":{"line":211,"column":6},"end":{"line":211,"column":80}},"67":{"start":{"line":212,"column":6},"end":{"line":212,"column":18}},"68":{"start":{"line":217,"column":4},"end":{"line":225,"column":5}},"69":{"start":{"line":218,"column":6},"end":{"line":222,"column":7}},"70":{"start":{"line":219,"column":8},"end":{"line":219,"column":40}},"71":{"start":{"line":220,"column":8},"end":{"line":220,"column":31}},"72":{"start":{"line":221,"column":8},"end":{"line":221,"column":58}},"73":{"start":{"line":224,"column":6},"end":{"line":224,"column":76}},"74":{"start":{"line":229,"column":0},"end":{"line":229,"column":30}}},"fnMap":{"0":{"name":"(anonymous_0)","decl":{"start":{"line":7,"column":2},"end":{"line":7,"column":3}},"loc":{"start":{"line":7,"column":16},"end":{"line":15,"column":3}},"line":7},"1":{"name":"(anonymous_1)","decl":{"start":{"line":17,"column":2},"end":{"line":17,"column":3}},"loc":{"start":{"line":17,"column":21},"end":{"line":43,"column":3}},"line":17},"2":{"name":"(anonymous_2)","decl":{"start":{"line":45,"column":2},"end":{"line":45,"column":3}},"loc":{"start":{"line":45,"column":49},"end":{"line":152,"column":3}},"line":45},"3":{"name":"(anonymous_3)","decl":{"start":{"line":154,"column":2},"end":{"line":154,"column":3}},"loc":{"start":{"line":154,"column":51},"end":{"line":214,"column":3}},"line":154},"4":{"name":"(anonymous_4)","decl":{"start":{"line":216,"column":2},"end":{"line":216,"column":3}},"loc":{"start":{"line":216,"column":21},"end":{"line":226,"column":3}},"line":216}},"branchMap":{"0":{"loc":{"start":{"line":23,"column":6},"end":{"line":25,"column":7}},"type":"if","locations":[{"start":{"line":23,"column":6},"end":{"line":25,"column":7}},{"start":{},"end":{}}],"line":23},"1":{"loc":{"start":{"line":47,"column":6},"end":{"line":49,"column":7}},"type":"if","locations":[{"start":{"line":47,"column":6},"end":{"line":49,"column":7}},{"start":{},"end":{}}],"line":47},"2":{"loc":{"start":{"line":64,"column":6},"end":{"line":110,"column":7}},"type":"if","locations":[{"start":{"line":64,"column":6},"end":{"line":110,"column":7}},{"start":{"line":79,"column":13},"end":{"line":110,"column":7}}],"line":64},"3":{"loc":{"start":{"line":79,"column":13},"end":{"line":110,"column":7}},"type":"if","locations":[{"start":{"line":79,"column":13},"end":{"line":110,"column":7}},{"start":{"line":95,"column":13},"end":{"line":110,"column":7}}],"line":79},"4":{"loc":{"start":{"line":116,"column":6},"end":{"line":118,"column":7}},"type":"if","locations":[{"start":{"line":116,"column":6},"end":{"line":118,"column":7}},{"start":{},"end":{}}],"line":116},"5":{"loc":{"start":{"line":122,"column":26},"end":{"line":125,"column":89}},"type":"cond-expr","locations":[{"start":{"line":122,"column":63},"end":{"line":122,"column":72}},{"start":{"line":123,"column":25},"end":{"line":125,"column":89}}],"line":122},"6":{"loc":{"start":{"line":123,"column":25},"end":{"line":125,"column":89}},"type":"cond-expr","locations":[{"start":{"line":123,"column":64},"end":{"line":123,"column":74}},{"start":{"line":124,"column":25},"end":{"line":125,"column":89}}],"line":123},"7":{"loc":{"start":{"line":124,"column":25},"end":{"line":125,"column":89}},"type":"cond-expr","locations":[{"start":{"line":124,"column":62},"end":{"line":124,"column":73}},{"start":{"line":125,"column":25},"end":{"line":125,"column":89}}],"line":124},"8":{"loc":{"start":{"line":125,"column":25},"end":{"line":125,"column":89}},"type":"cond-expr","locations":[{"start":{"line":125,"column":66},"end":{"line":125,"column":79}},{"start":{"line":125,"column":82},"end":{"line":125,"column":89}}],"line":125},"9":{"loc":{"start":{"line":127,"column":20},"end":{"line":127,"column":76}},"type":"cond-expr","locations":[{"start":{"line":127,"column":59},"end":{"line":127,"column":66}},{"start":{"line":127,"column":69},"end":{"line":127,"column":76}}],"line":127},"10":{"loc":{"start":{"line":128,"column":20},"end":{"line":128,"column":71}},"type":"cond-expr","locations":[{"start":{"line":128,"column":59},"end":{"line":128,"column":66}},{"start":{"line":128,"column":69},"end":{"line":128,"column":71}}],"line":128},"11":{"loc":{"start":{"line":129,"column":18},"end":{"line":129,"column":69}},"type":"cond-expr","locations":[{"start":{"line":129,"column":57},"end":{"line":129,"column":64}},{"start":{"line":129,"column":67},"end":{"line":129,"column":69}}],"line":129},"12":{"loc":{"start":{"line":130,"column":22},"end":{"line":130,"column":73}},"type":"cond-expr","locations":[{"start":{"line":130,"column":61},"end":{"line":130,"column":68}},{"start":{"line":130,"column":71},"end":{"line":130,"column":73}}],"line":130},"13":{"loc":{"start":{"line":156,"column":6},"end":{"line":158,"column":7}},"type":"if","locations":[{"start":{"line":156,"column":6},"end":{"line":158,"column":7}},{"start":{},"end":{}}],"line":156},"14":{"loc":{"start":{"line":165,"column":6},"end":{"line":170,"column":7}},"type":"if","locations":[{"start":{"line":165,"column":6},"end":{"line":170,"column":7}},{"start":{},"end":{}}],"line":165},"15":{"loc":{"start":{"line":167,"column":29},"end":{"line":167,"column":73}},"type":"binary-expr","locations":[{"start":{"line":167,"column":29},"end":{"line":167,"column":67}},{"start":{"line":167,"column":71},"end":{"line":167,"column":73}}],"line":167},"16":{"loc":{"start":{"line":172,"column":6},"end":{"line":191,"column":7}},"type":"if","locations":[{"start":{"line":172,"column":6},"end":{"line":191,"column":7}},{"start":{},"end":{}}],"line":172},"17":{"loc":{"start":{"line":218,"column":6},"end":{"line":222,"column":7}},"type":"if","locations":[{"start":{"line":218,"column":6},"end":{"line":222,"column":7}},{"start":{},"end":{}}],"line":218}},"s":{"0":3,"1":3,"2":3,"3":3,"4":19,"5":19,"6":19,"7":19,"8":19,"9":19,"10":4,"11":4,"12":4,"13":4,"14":1,"15":3,"16":3,"17":3,"18":3,"19":3,"20":3,"21":3,"22":1,"23":1,"24":9,"25":9,"26":1,"27":9,"28":9,"29":9,"30":9,"31":8,"32":8,"33":8,"34":2,"35":6,"36":1,"37":5,"38":8,"39":8,"40":8,"41":7,"42":8,"43":8,"44":8,"45":8,"46":8,"47":8,"48":1,"49":1,"50":6,"51":6,"52":1,"53":6,"54":6,"55":6,"56":6,"57":3,"58":2,"59":2,"60":3,"61":2,"62":2,"63":2,"64":1,"65":1,"66":1,"67":1,"68":2,"69":2,"70":2,"71":1,"72":1,"73":1,"74":3},"f":{"0":19,"1":4,"2":9,"3":6,"4":2},"b":{"0":[1,3],"1":[1,8],"2":[2,6],"3":[1,5],"4":[7,1],"5":[3,5],"6":[1,4],"7":[2,2],"8":[1,1],"9":[1,7],"10":[1,7],"11":[1,7],"12":[1,7],"13":[1,5],"14":[3,3],"15":[3,1],"16":[2,1],"17":[2,0]},"_coverageSchema":"1a1c01bbd47fc00a2c39e90264f33305004495a9","hash":"5712783ae18dd49ae8b31ec7930243a39f9979ab"}
,"/Users/johnchristophermcarrillo/Projects/terraflow-app/backend-blockchain/services/grpc-server.js": {"path":"/Users/johnchristophermcarrillo/Projects/terraflow-app/backend-blockchain/services/grpc-server.js","statementMap":{"0":{"start":{"line":1,"column":13},"end":{"line":1,"column":37}},"1":{"start":{"line":2,"column":20},"end":{"line":2,"column":49}},"2":{"start":{"line":3,"column":13},"end":{"line":3,"column":28}},"3":{"start":{"line":4,"column":25},"end":{"line":4,"column":55}},"4":{"start":{"line":8,"column":4},"end":{"line":8,"column":36}},"5":{"start":{"line":9,"column":4},"end":{"line":9,"column":51}},"6":{"start":{"line":10,"column":4},"end":{"line":10,"column":47}},"7":{"start":{"line":14,"column":4},"end":{"line":25,"column":6}},"8":{"start":{"line":15,"column":6},"end":{"line":24,"column":7}},"9":{"start":{"line":16,"column":24},"end":{"line":16,"column":36}},"10":{"start":{"line":17,"column":8},"end":{"line":17,"column":82}},"11":{"start":{"line":18,"column":23},"end":{"line":18,"column":40}},"12":{"start":{"line":19,"column":8},"end":{"line":19,"column":57}},"13":{"start":{"line":20,"column":8},"end":{"line":20,"column":31}},"14":{"start":{"line":22,"column":8},"end":{"line":22,"column":62}},"15":{"start":{"line":23,"column":8},"end":{"line":23,"column":73}},"16":{"start":{"line":29,"column":4},"end":{"line":53,"column":5}},"17":{"start":{"line":30,"column":25},"end":{"line":30,"column":74}},"18":{"start":{"line":31,"column":32},"end":{"line":33,"column":8}},"19":{"start":{"line":34,"column":30},"end":{"line":34,"column":86}},"20":{"start":{"line":35,"column":18},"end":{"line":35,"column":39}},"21":{"start":{"line":37,"column":6},"end":{"line":47,"column":9}},"22":{"start":{"line":38,"column":81},"end":{"line":38,"column":103}},"23":{"start":{"line":39,"column":81},"end":{"line":39,"column":106}},"24":{"start":{"line":40,"column":81},"end":{"line":40,"column":106}},"25":{"start":{"line":41,"column":81},"end":{"line":41,"column":102}},"26":{"start":{"line":42,"column":81},"end":{"line":42,"column":120}},"27":{"start":{"line":43,"column":81},"end":{"line":43,"column":115}},"28":{"start":{"line":44,"column":81},"end":{"line":44,"column":161}},"29":{"start":{"line":44,"column":134},"end":{"line":44,"column":159}},"30":{"start":{"line":45,"column":81},"end":{"line":45,"column":102}},"31":{"start":{"line":46,"column":81},"end":{"line":46,"column":109}},"32":{"start":{"line":49,"column":6},"end":{"line":49,"column":47}},"33":{"start":{"line":51,"column":6},"end":{"line":51,"column":74}},"34":{"start":{"line":52,"column":6},"end":{"line":52,"column":18}},"35":{"start":{"line":57,"column":4},"end":{"line":79,"column":5}},"36":{"start":{"line":58,"column":6},"end":{"line":58,"column":30}},"37":{"start":{"line":61,"column":22},"end":{"line":61,"column":44}},"38":{"start":{"line":62,"column":6},"end":{"line":74,"column":8}},"39":{"start":{"line":66,"column":10},"end":{"line":69,"column":11}},"40":{"start":{"line":67,"column":12},"end":{"line":67,"column":74}},"41":{"start":{"line":68,"column":12},"end":{"line":68,"column":28}},"42":{"start":{"line":71,"column":10},"end":{"line":71,"column":75}},"43":{"start":{"line":72,"column":10},"end":{"line":72,"column":30}},"44":{"start":{"line":77,"column":6},"end":{"line":77,"column":69}},"45":{"start":{"line":78,"column":6},"end":{"line":78,"column":18}},"46":{"start":{"line":83,"column":4},"end":{"line":95,"column":5}},"47":{"start":{"line":84,"column":6},"end":{"line":84,"column":47}},"48":{"start":{"line":86,"column":6},"end":{"line":92,"column":9}},"49":{"start":{"line":87,"column":8},"end":{"line":91,"column":9}},"50":{"start":{"line":88,"column":10},"end":{"line":88,"column":77}},"51":{"start":{"line":90,"column":10},"end":{"line":90,"column":61}},"52":{"start":{"line":94,"column":6},"end":{"line":94,"column":68}},"53":{"start":{"line":99,"column":0},"end":{"line":99,"column":28}}},"fnMap":{"0":{"name":"(anonymous_0)","decl":{"start":{"line":7,"column":2},"end":{"line":7,"column":3}},"loc":{"start":{"line":7,"column":16},"end":{"line":11,"column":3}},"line":7},"1":{"name":"(anonymous_1)","decl":{"start":{"line":13,"column":2},"end":{"line":13,"column":3}},"loc":{"start":{"line":13,"column":27},"end":{"line":26,"column":3}},"line":13},"2":{"name":"(anonymous_2)","decl":{"start":{"line":14,"column":11},"end":{"line":14,"column":12}},"loc":{"start":{"line":14,"column":37},"end":{"line":25,"column":5}},"line":14},"3":{"name":"(anonymous_3)","decl":{"start":{"line":28,"column":2},"end":{"line":28,"column":3}},"loc":{"start":{"line":28,"column":21},"end":{"line":54,"column":3}},"line":28},"4":{"name":"(anonymous_4)","decl":{"start":{"line":38,"column":74},"end":{"line":38,"column":75}},"loc":{"start":{"line":38,"column":81},"end":{"line":38,"column":103}},"line":38},"5":{"name":"(anonymous_5)","decl":{"start":{"line":39,"column":74},"end":{"line":39,"column":75}},"loc":{"start":{"line":39,"column":81},"end":{"line":39,"column":106}},"line":39},"6":{"name":"(anonymous_6)","decl":{"start":{"line":40,"column":74},"end":{"line":40,"column":75}},"loc":{"start":{"line":40,"column":81},"end":{"line":40,"column":106}},"line":40},"7":{"name":"(anonymous_7)","decl":{"start":{"line":41,"column":74},"end":{"line":41,"column":75}},"loc":{"start":{"line":41,"column":81},"end":{"line":41,"column":102}},"line":41},"8":{"name":"(anonymous_8)","decl":{"start":{"line":42,"column":74},"end":{"line":42,"column":75}},"loc":{"start":{"line":42,"column":81},"end":{"line":42,"column":120}},"line":42},"9":{"name":"(anonymous_9)","decl":{"start":{"line":43,"column":74},"end":{"line":43,"column":75}},"loc":{"start":{"line":43,"column":81},"end":{"line":43,"column":115}},"line":43},"10":{"name":"(anonymous_10)","decl":{"start":{"line":44,"column":74},"end":{"line":44,"column":75}},"loc":{"start":{"line":44,"column":81},"end":{"line":44,"column":161}},"line":44},"11":{"name":"(anonymous_11)","decl":{"start":{"line":44,"column":128},"end":{"line":44,"column":129}},"loc":{"start":{"line":44,"column":134},"end":{"line":44,"column":159}},"line":44},"12":{"name":"(anonymous_12)","decl":{"start":{"line":45,"column":74},"end":{"line":45,"column":75}},"loc":{"start":{"line":45,"column":81},"end":{"line":45,"column":102}},"line":45},"13":{"name":"(anonymous_13)","decl":{"start":{"line":46,"column":74},"end":{"line":46,"column":75}},"loc":{"start":{"line":46,"column":81},"end":{"line":46,"column":109}},"line":46},"14":{"name":"(anonymous_14)","decl":{"start":{"line":56,"column":2},"end":{"line":56,"column":3}},"loc":{"start":{"line":56,"column":16},"end":{"line":80,"column":3}},"line":56},"15":{"name":"(anonymous_15)","decl":{"start":{"line":65,"column":8},"end":{"line":65,"column":9}},"loc":{"start":{"line":65,"column":25},"end":{"line":73,"column":9}},"line":65},"16":{"name":"(anonymous_16)","decl":{"start":{"line":82,"column":2},"end":{"line":82,"column":3}},"loc":{"start":{"line":82,"column":15},"end":{"line":96,"column":3}},"line":82},"17":{"name":"(anonymous_17)","decl":{"start":{"line":86,"column":30},"end":{"line":86,"column":31}},"loc":{"start":{"line":86,"column":41},"end":{"line":92,"column":7}},"line":86}},"branchMap":{"0":{"loc":{"start":{"line":10,"column":16},"end":{"line":10,"column":46}},"type":"binary-expr","locations":[{"start":{"line":10,"column":16},"end":{"line":10,"column":37}},{"start":{"line":10,"column":41},"end":{"line":10,"column":46}}],"line":10},"1":{"loc":{"start":{"line":44,"column":150},"end":{"line":44,"column":157}},"type":"binary-expr","locations":[{"start":{"line":44,"column":150},"end":{"line":44,"column":151}},{"start":{"line":44,"column":155},"end":{"line":44,"column":157}}],"line":44},"2":{"loc":{"start":{"line":66,"column":10},"end":{"line":69,"column":11}},"type":"if","locations":[{"start":{"line":66,"column":10},"end":{"line":69,"column":11}},{"start":{},"end":{}}],"line":66},"3":{"loc":{"start":{"line":87,"column":8},"end":{"line":91,"column":9}},"type":"if","locations":[{"start":{"line":87,"column":8},"end":{"line":91,"column":9}},{"start":{"line":89,"column":15},"end":{"line":91,"column":9}}],"line":87}},"s":{"0":1,"1":1,"2":1,"3":1,"4":18,"5":18,"6":18,"7":117,"8":10,"9":10,"10":10,"11":10,"12":9,"13":9,"14":1,"15":1,"16":15,"17":15,"18":15,"19":13,"20":13,"21":13,"22":2,"23":1,"24":1,"25":1,"26":1,"27":1,"28":1,"29":1,"30":1,"31":1,"32":13,"33":2,"34":2,"35":3,"36":3,"37":2,"38":2,"39":2,"40":1,"41":1,"42":2,"43":2,"44":1,"45":1,"46":3,"47":3,"48":2,"49":2,"50":1,"51":1,"52":1,"53":1},"f":{"0":18,"1":117,"2":10,"3":15,"4":2,"5":1,"6":1,"7":1,"8":1,"9":1,"10":1,"11":1,"12":1,"13":1,"14":3,"15":2,"16":3,"17":2},"b":{"0":[18,18],"1":[1,0],"2":[1,1],"3":[1,1]},"_coverageSchema":"1a1c01bbd47fc00a2c39e90264f33305004495a9","hash":"95f10d98a2d9849a6745614a318d31a34b3771f8"}
}
