{"/Users/johnchristophermcarrillo/Projects/terraflow-app/backend-blockchain/services/chaincode-service.js": {"path":"/Users/johnchristophermcarrillo/Projects/terraflow-app/backend-blockchain/services/chaincode-service.js","statementMap":{"0":{"start":{"line":1,"column":21},"end":{"line":1,"column":47}},"1":{"start":{"line":5,"column":4},"end":{"line":5,"column":43}},"2":{"start":{"line":9,"column":4},"end":{"line":28,"column":5}},"3":{"start":{"line":10,"column":21},"end":{"line":10,"column":31}},"4":{"start":{"line":11,"column":6},"end":{"line":11,"column":55}},"5":{"start":{"line":12,"column":6},"end":{"line":18,"column":8}},"6":{"start":{"line":20,"column":6},"end":{"line":20,"column":67}},"7":{"start":{"line":21,"column":6},"end":{"line":27,"column":8}},"8":{"start":{"line":32,"column":4},"end":{"line":39,"column":5}},"9":{"start":{"line":33,"column":6},"end":{"line":33,"column":67}},"10":{"start":{"line":34,"column":21},"end":{"line":34,"column":100}},"11":{"start":{"line":35,"column":6},"end":{"line":35,"column":116}},"12":{"start":{"line":37,"column":6},"end":{"line":37,"column":74}},"13":{"start":{"line":38,"column":6},"end":{"line":38,"column":97}},"14":{"start":{"line":43,"column":4},"end":{"line":50,"column":5}},"15":{"start":{"line":44,"column":6},"end":{"line":44,"column":60}},"16":{"start":{"line":45,"column":21},"end":{"line":45,"column":93}},"17":{"start":{"line":46,"column":6},"end":{"line":46,"column":97}},"18":{"start":{"line":48,"column":6},"end":{"line":48,"column":68}},"19":{"start":{"line":49,"column":6},"end":{"line":49,"column":107}},"20":{"start":{"line":54,"column":4},"end":{"line":62,"column":5}},"21":{"start":{"line":55,"column":6},"end":{"line":55,"column":68}},"22":{"start":{"line":56,"column":21},"end":{"line":56,"column":102}},"23":{"start":{"line":57,"column":27},"end":{"line":57,"column":83}},"24":{"start":{"line":58,"column":6},"end":{"line":58,"column":61}},"25":{"start":{"line":60,"column":6},"end":{"line":60,"column":75}},"26":{"start":{"line":61,"column":6},"end":{"line":61,"column":16}},"27":{"start":{"line":66,"column":109},"end":{"line":66,"column":113}},"28":{"start":{"line":67,"column":4},"end":{"line":67,"column":74}},"29":{"start":{"line":68,"column":19},"end":{"line":71,"column":5}},"30":{"start":{"line":69,"column":6},"end":{"line":69,"column":165}},"31":{"start":{"line":72,"column":4},"end":{"line":72,"column":80}},"32":{"start":{"line":72,"column":24},"end":{"line":72,"column":80}},"33":{"start":{"line":73,"column":4},"end":{"line":73,"column":18}},"34":{"start":{"line":77,"column":108},"end":{"line":77,"column":112}},"35":{"start":{"line":78,"column":4},"end":{"line":78,"column":75}},"36":{"start":{"line":79,"column":19},"end":{"line":82,"column":5}},"37":{"start":{"line":80,"column":6},"end":{"line":80,"column":164}},"38":{"start":{"line":83,"column":4},"end":{"line":83,"column":93}},"39":{"start":{"line":83,"column":24},"end":{"line":83,"column":93}},"40":{"start":{"line":84,"column":4},"end":{"line":84,"column":18}},"41":{"start":{"line":88,"column":127},"end":{"line":88,"column":131}},"42":{"start":{"line":89,"column":4},"end":{"line":89,"column":76}},"43":{"start":{"line":90,"column":19},"end":{"line":93,"column":5}},"44":{"start":{"line":91,"column":6},"end":{"line":91,"column":187}},"45":{"start":{"line":94,"column":4},"end":{"line":94,"column":93}},"46":{"start":{"line":94,"column":24},"end":{"line":94,"column":93}},"47":{"start":{"line":95,"column":4},"end":{"line":95,"column":18}},"48":{"start":{"line":99,"column":123},"end":{"line":99,"column":127}},"49":{"start":{"line":100,"column":4},"end":{"line":100,"column":94}},"50":{"start":{"line":101,"column":19},"end":{"line":104,"column":5}},"51":{"start":{"line":102,"column":6},"end":{"line":102,"column":181}},"52":{"start":{"line":105,"column":4},"end":{"line":105,"column":89}},"53":{"start":{"line":105,"column":24},"end":{"line":105,"column":89}},"54":{"start":{"line":106,"column":4},"end":{"line":106,"column":18}},"55":{"start":{"line":110,"column":97},"end":{"line":110,"column":101}},"56":{"start":{"line":111,"column":4},"end":{"line":111,"column":71}},"57":{"start":{"line":112,"column":4},"end":{"line":115,"column":6}},"58":{"start":{"line":113,"column":6},"end":{"line":113,"column":185}},"59":{"start":{"line":119,"column":99},"end":{"line":119,"column":103}},"60":{"start":{"line":120,"column":4},"end":{"line":120,"column":79}},"61":{"start":{"line":121,"column":4},"end":{"line":124,"column":6}},"62":{"start":{"line":122,"column":6},"end":{"line":122,"column":177}},"63":{"start":{"line":128,"column":4},"end":{"line":128,"column":41}},"64":{"start":{"line":132,"column":0},"end":{"line":132,"column":34}}},"fnMap":{"0":{"name":"(anonymous_0)","decl":{"start":{"line":4,"column":2},"end":{"line":4,"column":3}},"loc":{"start":{"line":4,"column":16},"end":{"line":6,"column":3}},"line":4},"1":{"name":"(anonymous_1)","decl":{"start":{"line":8,"column":2},"end":{"line":8,"column":3}},"loc":{"start":{"line":8,"column":49},"end":{"line":29,"column":3}},"line":8},"2":{"name":"(anonymous_2)","decl":{"start":{"line":31,"column":2},"end":{"line":31,"column":3}},"loc":{"start":{"line":31,"column":41},"end":{"line":40,"column":3}},"line":31},"3":{"name":"(anonymous_3)","decl":{"start":{"line":42,"column":2},"end":{"line":42,"column":3}},"loc":{"start":{"line":42,"column":36},"end":{"line":51,"column":3}},"line":42},"4":{"name":"(anonymous_4)","decl":{"start":{"line":53,"column":2},"end":{"line":53,"column":3}},"loc":{"start":{"line":53,"column":43},"end":{"line":63,"column":3}},"line":53},"5":{"name":"(anonymous_5)","decl":{"start":{"line":65,"column":2},"end":{"line":65,"column":3}},"loc":{"start":{"line":65,"column":30},"end":{"line":74,"column":3}},"line":65},"6":{"name":"(anonymous_6)","decl":{"start":{"line":68,"column":62},"end":{"line":68,"column":63}},"loc":{"start":{"line":69,"column":6},"end":{"line":69,"column":165}},"line":69},"7":{"name":"(anonymous_7)","decl":{"start":{"line":76,"column":2},"end":{"line":76,"column":3}},"loc":{"start":{"line":76,"column":33},"end":{"line":85,"column":3}},"line":76},"8":{"name":"(anonymous_8)","decl":{"start":{"line":79,"column":64},"end":{"line":79,"column":65}},"loc":{"start":{"line":80,"column":6},"end":{"line":80,"column":164}},"line":80},"9":{"name":"(anonymous_9)","decl":{"start":{"line":87,"column":2},"end":{"line":87,"column":3}},"loc":{"start":{"line":87,"column":33},"end":{"line":96,"column":3}},"line":87},"10":{"name":"(anonymous_10)","decl":{"start":{"line":90,"column":64},"end":{"line":90,"column":65}},"loc":{"start":{"line":91,"column":6},"end":{"line":91,"column":187}},"line":91},"11":{"name":"(anonymous_11)","decl":{"start":{"line":98,"column":2},"end":{"line":98,"column":3}},"loc":{"start":{"line":98,"column":29},"end":{"line":107,"column":3}},"line":98},"12":{"name":"(anonymous_12)","decl":{"start":{"line":101,"column":60},"end":{"line":101,"column":61}},"loc":{"start":{"line":102,"column":6},"end":{"line":102,"column":181}},"line":102},"13":{"name":"(anonymous_13)","decl":{"start":{"line":109,"column":2},"end":{"line":109,"column":3}},"loc":{"start":{"line":109,"column":29},"end":{"line":116,"column":3}},"line":109},"14":{"name":"(anonymous_14)","decl":{"start":{"line":112,"column":46},"end":{"line":112,"column":47}},"loc":{"start":{"line":113,"column":6},"end":{"line":113,"column":185}},"line":113},"15":{"name":"(anonymous_15)","decl":{"start":{"line":118,"column":2},"end":{"line":118,"column":3}},"loc":{"start":{"line":118,"column":36},"end":{"line":125,"column":3}},"line":118},"16":{"name":"(anonymous_16)","decl":{"start":{"line":121,"column":54},"end":{"line":121,"column":55}},"loc":{"start":{"line":122,"column":6},"end":{"line":122,"column":177}},"line":122},"17":{"name":"(anonymous_17)","decl":{"start":{"line":127,"column":2},"end":{"line":127,"column":3}},"loc":{"start":{"line":127,"column":21},"end":{"line":129,"column":3}},"line":127}},"branchMap":{"0":{"loc":{"start":{"line":14,"column":24},"end":{"line":14,"column":65}},"type":"binary-expr","locations":[{"start":{"line":14,"column":24},"end":{"line":14,"column":45}},{"start":{"line":14,"column":49},"end":{"line":14,"column":59}},{"start":{"line":14,"column":63},"end":{"line":14,"column":65}}],"line":14},"1":{"loc":{"start":{"line":15,"column":22},"end":{"line":15,"column":48}},"type":"binary-expr","locations":[{"start":{"line":15,"column":22},"end":{"line":15,"column":41}},{"start":{"line":15,"column":45},"end":{"line":15,"column":48}}],"line":15},"2":{"loc":{"start":{"line":23,"column":24},"end":{"line":23,"column":40}},"type":"binary-expr","locations":[{"start":{"line":23,"column":24},"end":{"line":23,"column":34}},{"start":{"line":23,"column":38},"end":{"line":23,"column":40}}],"line":23},"3":{"loc":{"start":{"line":35,"column":39},"end":{"line":35,"column":59}},"type":"binary-expr","locations":[{"start":{"line":35,"column":39},"end":{"line":35,"column":53}},{"start":{"line":35,"column":57},"end":{"line":35,"column":59}}],"line":35},"4":{"loc":{"start":{"line":57,"column":27},"end":{"line":57,"column":83}},"type":"cond-expr","locations":[{"start":{"line":57,"column":56},"end":{"line":57,"column":74}},{"start":{"line":57,"column":77},"end":{"line":57,"column":83}}],"line":57},"5":{"loc":{"start":{"line":58,"column":13},"end":{"line":58,"column":60}},"type":"cond-expr","locations":[{"start":{"line":58,"column":43},"end":{"line":58,"column":55}},{"start":{"line":58,"column":58},"end":{"line":58,"column":60}}],"line":58},"6":{"loc":{"start":{"line":72,"column":4},"end":{"line":72,"column":80}},"type":"if","locations":[{"start":{"line":72,"column":4},"end":{"line":72,"column":80}},{"start":{},"end":{}}],"line":72},"7":{"loc":{"start":{"line":83,"column":4},"end":{"line":83,"column":93}},"type":"if","locations":[{"start":{"line":83,"column":4},"end":{"line":83,"column":93}},{"start":{},"end":{}}],"line":83},"8":{"loc":{"start":{"line":94,"column":4},"end":{"line":94,"column":93}},"type":"if","locations":[{"start":{"line":94,"column":4},"end":{"line":94,"column":93}},{"start":{},"end":{}}],"line":94},"9":{"loc":{"start":{"line":105,"column":4},"end":{"line":105,"column":89}},"type":"if","locations":[{"start":{"line":105,"column":4},"end":{"line":105,"column":89}},{"start":{},"end":{}}],"line":105}},"s":{"0":1,"1":26,"2":20,"3":20,"4":12,"5":12,"6":8,"7":8,"8":2,"9":2,"10":2,"11":1,"12":1,"13":1,"14":2,"15":2,"16":2,"17":1,"18":1,"19":1,"20":2,"21":2,"22":2,"23":1,"24":1,"25":1,"26":1,"27":5,"28":5,"29":5,"30":5,"31":5,"32":3,"33":5,"34":5,"35":5,"36":5,"37":5,"38":5,"39":3,"40":5,"41":5,"42":5,"43":5,"44":5,"45":5,"46":3,"47":5,"48":5,"49":5,"50":5,"51":5,"52":5,"53":3,"54":5,"55":0,"56":0,"57":0,"58":0,"59":0,"60":0,"61":0,"62":0,"63":0,"64":1},"f":{"0":26,"1":20,"2":2,"3":2,"4":2,"5":5,"6":5,"7":5,"8":5,"9":5,"10":5,"11":5,"12":5,"13":0,"14":0,"15":0,"16":0,"17":0},"b":{"0":[12,8,0],"1":[12,8],"2":[8,0],"3":[1,0],"4":[1,0],"5":[1,0],"6":[3,2],"7":[3,2],"8":[3,2],"9":[3,2]},"_coverageSchema":"1a1c01bbd47fc00a2c39e90264f33305004495a9","hash":"c3e213497d3638354e496fa73a97c8816257be7f"}
,"/Users/johnchristophermcarrillo/Projects/terraflow-app/backend-blockchain/services/fabric-client.js": {"path":"/Users/johnchristophermcarrillo/Projects/terraflow-app/backend-blockchain/services/fabric-client.js","statementMap":{"0":{"start":{"line":1,"column":29},"end":{"line":1,"column":54}},"1":{"start":{"line":2,"column":25},"end":{"line":2,"column":52}},"2":{"start":{"line":3,"column":13},"end":{"line":3,"column":28}},"3":{"start":{"line":4,"column":11},"end":{"line":4,"column":24}},"4":{"start":{"line":8,"column":4},"end":{"line":8,"column":33}},"5":{"start":{"line":9,"column":4},"end":{"line":9,"column":24}},"6":{"start":{"line":10,"column":4},"end":{"line":10,"column":25}},"7":{"start":{"line":11,"column":4},"end":{"line":11,"column":23}},"8":{"start":{"line":12,"column":4},"end":{"line":12,"column":27}},"9":{"start":{"line":14,"column":4},"end":{"line":14,"column":38}},"10":{"start":{"line":18,"column":4},"end":{"line":42,"column":5}},"11":{"start":{"line":19,"column":6},"end":{"line":19,"column":59}},"12":{"start":{"line":22,"column":22},"end":{"line":22,"column":82}},"13":{"start":{"line":23,"column":6},"end":{"line":25,"column":7}},"14":{"start":{"line":24,"column":8},"end":{"line":24,"column":70}},"15":{"start":{"line":27,"column":18},"end":{"line":27,"column":62}},"16":{"start":{"line":30,"column":25},"end":{"line":30,"column":59}},"17":{"start":{"line":31,"column":6},"end":{"line":31,"column":66}},"18":{"start":{"line":34,"column":6},"end":{"line":34,"column":65}},"19":{"start":{"line":35,"column":6},"end":{"line":35,"column":28}},"20":{"start":{"line":36,"column":6},"end":{"line":36,"column":74}},"21":{"start":{"line":37,"column":6},"end":{"line":37,"column":18}},"22":{"start":{"line":40,"column":6},"end":{"line":40,"column":81}},"23":{"start":{"line":41,"column":6},"end":{"line":41,"column":18}},"24":{"start":{"line":46,"column":4},"end":{"line":151,"column":5}},"25":{"start":{"line":47,"column":6},"end":{"line":49,"column":7}},"26":{"start":{"line":48,"column":8},"end":{"line":48,"column":32}},"27":{"start":{"line":51,"column":6},"end":{"line":51,"column":68}},"28":{"start":{"line":52,"column":6},"end":{"line":52,"column":36}},"29":{"start":{"line":55,"column":21},"end":{"line":55,"column":38}},"30":{"start":{"line":56,"column":29},"end":{"line":56,"column":92}},"31":{"start":{"line":57,"column":27},"end":{"line":57,"column":56}},"32":{"start":{"line":58,"column":30},"end":{"line":60,"column":22}},"33":{"start":{"line":64,"column":6},"end":{"line":110,"column":7}},"34":{"start":{"line":66,"column":8},"end":{"line":78,"column":10}},"35":{"start":{"line":79,"column":13},"end":{"line":110,"column":7}},"36":{"start":{"line":81,"column":8},"end":{"line":94,"column":10}},"37":{"start":{"line":97,"column":8},"end":{"line":109,"column":10}},"38":{"start":{"line":112,"column":6},"end":{"line":112,"column":66}},"39":{"start":{"line":115,"column":26},"end":{"line":115,"column":33}},"40":{"start":{"line":116,"column":6},"end":{"line":118,"column":7}},"41":{"start":{"line":117,"column":8},"end":{"line":117,"column":51}},"42":{"start":{"line":120,"column":23},"end":{"line":131,"column":7}},"43":{"start":{"line":133,"column":6},"end":{"line":133,"column":60}},"44":{"start":{"line":134,"column":6},"end":{"line":134,"column":73}},"45":{"start":{"line":136,"column":23},"end":{"line":143,"column":7}},"46":{"start":{"line":145,"column":6},"end":{"line":145,"column":71}},"47":{"start":{"line":146,"column":6},"end":{"line":146,"column":22}},"48":{"start":{"line":149,"column":6},"end":{"line":149,"column":93}},"49":{"start":{"line":150,"column":6},"end":{"line":150,"column":18}},"50":{"start":{"line":155,"column":4},"end":{"line":213,"column":5}},"51":{"start":{"line":156,"column":6},"end":{"line":158,"column":7}},"52":{"start":{"line":157,"column":8},"end":{"line":157,"column":32}},"53":{"start":{"line":160,"column":6},"end":{"line":160,"column":54}},"54":{"start":{"line":161,"column":6},"end":{"line":161,"column":42}},"55":{"start":{"line":163,"column":26},"end":{"line":163,"column":33}},"56":{"start":{"line":165,"column":6},"end":{"line":170,"column":7}},"57":{"start":{"line":167,"column":29},"end":{"line":167,"column":73}},"58":{"start":{"line":168,"column":8},"end":{"line":168,"column":90}},"59":{"start":{"line":169,"column":8},"end":{"line":169,"column":28}},"60":{"start":{"line":172,"column":6},"end":{"line":191,"column":7}},"61":{"start":{"line":174,"column":30},"end":{"line":183,"column":9}},"62":{"start":{"line":185,"column":8},"end":{"line":185,"column":61}},"63":{"start":{"line":186,"column":8},"end":{"line":190,"column":10}},"64":{"start":{"line":194,"column":23},"end":{"line":201,"column":7}},"65":{"start":{"line":203,"column":6},"end":{"line":208,"column":8}},"66":{"start":{"line":211,"column":6},"end":{"line":211,"column":80}},"67":{"start":{"line":212,"column":6},"end":{"line":212,"column":18}},"68":{"start":{"line":217,"column":4},"end":{"line":225,"column":5}},"69":{"start":{"line":218,"column":6},"end":{"line":222,"column":7}},"70":{"start":{"line":219,"column":8},"end":{"line":219,"column":40}},"71":{"start":{"line":220,"column":8},"end":{"line":220,"column":31}},"72":{"start":{"line":221,"column":8},"end":{"line":221,"column":58}},"73":{"start":{"line":224,"column":6},"end":{"line":224,"column":76}},"74":{"start":{"line":229,"column":0},"end":{"line":229,"column":30}}},"fnMap":{"0":{"name":"(anonymous_0)","decl":{"start":{"line":7,"column":2},"end":{"line":7,"column":3}},"loc":{"start":{"line":7,"column":16},"end":{"line":15,"column":3}},"line":7},"1":{"name":"(anonymous_1)","decl":{"start":{"line":17,"column":2},"end":{"line":17,"column":3}},"loc":{"start":{"line":17,"column":21},"end":{"line":43,"column":3}},"line":17},"2":{"name":"(anonymous_2)","decl":{"start":{"line":45,"column":2},"end":{"line":45,"column":3}},"loc":{"start":{"line":45,"column":49},"end":{"line":152,"column":3}},"line":45},"3":{"name":"(anonymous_3)","decl":{"start":{"line":154,"column":2},"end":{"line":154,"column":3}},"loc":{"start":{"line":154,"column":51},"end":{"line":214,"column":3}},"line":154},"4":{"name":"(anonymous_4)","decl":{"start":{"line":216,"column":2},"end":{"line":216,"column":3}},"loc":{"start":{"line":216,"column":21},"end":{"line":226,"column":3}},"line":216}},"branchMap":{"0":{"loc":{"start":{"line":23,"column":6},"end":{"line":25,"column":7}},"type":"if","locations":[{"start":{"line":23,"column":6},"end":{"line":25,"column":7}},{"start":{},"end":{}}],"line":23},"1":{"loc":{"start":{"line":47,"column":6},"end":{"line":49,"column":7}},"type":"if","locations":[{"start":{"line":47,"column":6},"end":{"line":49,"column":7}},{"start":{},"end":{}}],"line":47},"2":{"loc":{"start":{"line":64,"column":6},"end":{"line":110,"column":7}},"type":"if","locations":[{"start":{"line":64,"column":6},"end":{"line":110,"column":7}},{"start":{"line":79,"column":13},"end":{"line":110,"column":7}}],"line":64},"3":{"loc":{"start":{"line":79,"column":13},"end":{"line":110,"column":7}},"type":"if","locations":[{"start":{"line":79,"column":13},"end":{"line":110,"column":7}},{"start":{"line":95,"column":13},"end":{"line":110,"column":7}}],"line":79},"4":{"loc":{"start":{"line":116,"column":6},"end":{"line":118,"column":7}},"type":"if","locations":[{"start":{"line":116,"column":6},"end":{"line":118,"column":7}},{"start":{},"end":{}}],"line":116},"5":{"loc":{"start":{"line":122,"column":26},"end":{"line":125,"column":89}},"type":"cond-expr","locations":[{"start":{"line":122,"column":63},"end":{"line":122,"column":72}},{"start":{"line":123,"column":25},"end":{"line":125,"column":89}}],"line":122},"6":{"loc":{"start":{"line":123,"column":25},"end":{"line":125,"column":89}},"type":"cond-expr","locations":[{"start":{"line":123,"column":64},"end":{"line":123,"column":74}},{"start":{"line":124,"column":25},"end":{"line":125,"column":89}}],"line":123},"7":{"loc":{"start":{"line":124,"column":25},"end":{"line":125,"column":89}},"type":"cond-expr","locations":[{"start":{"line":124,"column":62},"end":{"line":124,"column":73}},{"start":{"line":125,"column":25},"end":{"line":125,"column":89}}],"line":124},"8":{"loc":{"start":{"line":125,"column":25},"end":{"line":125,"column":89}},"type":"cond-expr","locations":[{"start":{"line":125,"column":66},"end":{"line":125,"column":79}},{"start":{"line":125,"column":82},"end":{"line":125,"column":89}}],"line":125},"9":{"loc":{"start":{"line":127,"column":20},"end":{"line":127,"column":76}},"type":"cond-expr","locations":[{"start":{"line":127,"column":59},"end":{"line":127,"column":66}},{"start":{"line":127,"column":69},"end":{"line":127,"column":76}}],"line":127},"10":{"loc":{"start":{"line":128,"column":20},"end":{"line":128,"column":71}},"type":"cond-expr","locations":[{"start":{"line":128,"column":59},"end":{"line":128,"column":66}},{"start":{"line":128,"column":69},"end":{"line":128,"column":71}}],"line":128},"11":{"loc":{"start":{"line":129,"column":18},"end":{"line":129,"column":69}},"type":"cond-expr","locations":[{"start":{"line":129,"column":57},"end":{"line":129,"column":64}},{"start":{"line":129,"column":67},"end":{"line":129,"column":69}}],"line":129},"12":{"loc":{"start":{"line":130,"column":22},"end":{"line":130,"column":73}},"type":"cond-expr","locations":[{"start":{"line":130,"column":61},"end":{"line":130,"column":68}},{"start":{"line":130,"column":71},"end":{"line":130,"column":73}}],"line":130},"13":{"loc":{"start":{"line":156,"column":6},"end":{"line":158,"column":7}},"type":"if","locations":[{"start":{"line":156,"column":6},"end":{"line":158,"column":7}},{"start":{},"end":{}}],"line":156},"14":{"loc":{"start":{"line":165,"column":6},"end":{"line":170,"column":7}},"type":"if","locations":[{"start":{"line":165,"column":6},"end":{"line":170,"column":7}},{"start":{},"end":{}}],"line":165},"15":{"loc":{"start":{"line":167,"column":29},"end":{"line":167,"column":73}},"type":"binary-expr","locations":[{"start":{"line":167,"column":29},"end":{"line":167,"column":67}},{"start":{"line":167,"column":71},"end":{"line":167,"column":73}}],"line":167},"16":{"loc":{"start":{"line":172,"column":6},"end":{"line":191,"column":7}},"type":"if","locations":[{"start":{"line":172,"column":6},"end":{"line":191,"column":7}},{"start":{},"end":{}}],"line":172},"17":{"loc":{"start":{"line":218,"column":6},"end":{"line":222,"column":7}},"type":"if","locations":[{"start":{"line":218,"column":6},"end":{"line":222,"column":7}},{"start":{},"end":{}}],"line":218}},"s":{"0":1,"1":1,"2":1,"3":1,"4":0,"5":0,"6":0,"7":0,"8":0,"9":0,"10":0,"11":0,"12":0,"13":0,"14":0,"15":0,"16":0,"17":0,"18":0,"19":0,"20":0,"21":0,"22":0,"23":0,"24":0,"25":0,"26":0,"27":0,"28":0,"29":0,"30":0,"31":0,"32":0,"33":0,"34":0,"35":0,"36":0,"37":0,"38":0,"39":0,"40":0,"41":0,"42":0,"43":0,"44":0,"45":0,"46":0,"47":0,"48":0,"49":0,"50":0,"51":0,"52":0,"53":0,"54":0,"55":0,"56":0,"57":0,"58":0,"59":0,"60":0,"61":0,"62":0,"63":0,"64":0,"65":0,"66":0,"67":0,"68":0,"69":0,"70":0,"71":0,"72":0,"73":0,"74":1},"f":{"0":0,"1":0,"2":0,"3":0,"4":0},"b":{"0":[0,0],"1":[0,0],"2":[0,0],"3":[0,0],"4":[0,0],"5":[0,0],"6":[0,0],"7":[0,0],"8":[0,0],"9":[0,0],"10":[0,0],"11":[0,0],"12":[0,0],"13":[0,0],"14":[0,0],"15":[0,0],"16":[0,0],"17":[0,0]},"_coverageSchema":"1a1c01bbd47fc00a2c39e90264f33305004495a9","hash":"5712783ae18dd49ae8b31ec7930243a39f9979ab"}
}
