TN:
SF:chaincode/land-title-contract.js
FN:5,(anonymous_0)
FN:10,(anonymous_1)
FN:61,(anonymous_2)
FN:81,(anonymous_3)
FN:121,(anonymous_4)
FN:160,(anonymous_5)
FN:165,(anonymous_6)
FN:198,(anonymous_7)
FN:239,(anonymous_8)
FNF:9
FNH:9
FNDA:1,(anonymous_0)
FNDA:2,(anonymous_1)
FNDA:2,(anonymous_2)
FNDA:2,(anonymous_3)
FNDA:2,(anonymous_4)
FNDA:4,(anonymous_5)
FNDA:2,(anonymous_6)
FNDA:2,(anonymous_7)
FNDA:2,(anonymous_8)
DA:1,1
DA:6,1
DA:7,1
DA:11,2
DA:12,2
DA:15,2
DA:16,2
DA:17,1
DA:21,1
DA:36,1
DA:39,1
DA:46,1
DA:48,1
DA:56,1
DA:57,1
DA:62,2
DA:63,2
DA:65,2
DA:66,2
DA:67,1
DA:70,1
DA:71,1
DA:73,1
DA:76,1
DA:77,1
DA:82,2
DA:83,2
DA:85,2
DA:86,2
DA:87,1
DA:90,1
DA:93,1
DA:94,1
DA:95,1
DA:98,1
DA:101,1
DA:108,1
DA:110,1
DA:116,1
DA:117,1
DA:122,2
DA:123,2
DA:125,2
DA:126,1
DA:128,1
DA:129,2
DA:131,2
DA:132,1
DA:138,1
DA:141,2
DA:142,1
DA:143,1
DA:147,1
DA:149,1
DA:155,1
DA:156,1
DA:161,4
DA:162,4
DA:166,2
DA:167,2
DA:169,2
DA:170,1
DA:172,1
DA:173,2
DA:175,2
DA:176,1
DA:180,1
DA:183,2
DA:184,1
DA:185,1
DA:189,1
DA:190,1
DA:193,1
DA:194,1
DA:199,2
DA:200,2
DA:202,2
DA:203,1
DA:205,1
DA:206,2
DA:208,2
DA:209,1
DA:211,1
DA:221,1
DA:224,2
DA:225,1
DA:226,1
DA:230,1
DA:231,1
DA:234,1
DA:235,1
DA:240,2
DA:241,2
DA:243,2
DA:244,2
DA:245,1
DA:248,1
DA:251,1
DA:252,1
DA:253,1
DA:254,1
DA:255,1
DA:256,1
DA:257,1
DA:258,1
DA:261,1
DA:264,1
DA:272,1
DA:274,1
DA:282,1
DA:283,1
DA:288,1
LF:112
LH:112
BRDA:16,0,0,1
BRDA:16,0,1,1
BRDA:66,1,0,1
BRDA:66,1,1,1
BRDA:66,2,0,2
BRDA:66,2,1,2
BRDA:86,3,0,1
BRDA:86,3,1,1
BRDA:86,4,0,2
BRDA:86,4,1,2
BRDA:131,5,0,1
BRDA:131,5,1,1
BRDA:131,6,0,2
BRDA:131,6,1,1
BRDA:141,7,0,1
BRDA:141,7,1,1
BRDA:162,8,0,4
BRDA:162,8,1,4
BRDA:175,9,0,1
BRDA:175,9,1,1
BRDA:175,10,0,2
BRDA:175,10,1,1
BRDA:183,11,0,1
BRDA:183,11,1,1
BRDA:208,12,0,1
BRDA:208,12,1,1
BRDA:208,13,0,2
BRDA:208,13,1,1
BRDA:213,14,0,1
BRDA:213,14,1,0
BRDA:215,15,0,1
BRDA:215,15,1,0
BRDA:215,15,2,0
BRDA:216,16,0,1
BRDA:216,16,1,1
BRDA:217,17,0,1
BRDA:217,17,1,1
BRDA:218,18,0,1
BRDA:218,18,1,1
BRDA:224,19,0,1
BRDA:224,19,1,1
BRDA:244,20,0,1
BRDA:244,20,1,1
BRDA:244,21,0,2
BRDA:244,21,1,2
BRF:45
BRH:42
end_of_record
TN:
SF:config/fabric-config.js
FNF:0
FNH:0
DA:1,1
LF:1
LH:1
BRDA:35,0,0,1
BRDA:35,0,1,1
BRDA:47,1,0,1
BRDA:47,1,1,1
BRDA:59,2,0,1
BRDA:59,2,1,1
BRF:6
BRH:6
end_of_record
TN:
SF:services/chaincode-service.js
FN:4,(anonymous_0)
FN:8,(anonymous_1)
FN:31,(anonymous_2)
FN:42,(anonymous_3)
FN:53,(anonymous_4)
FN:65,(anonymous_5)
FN:68,(anonymous_6)
FN:76,(anonymous_7)
FN:79,(anonymous_8)
FN:87,(anonymous_9)
FN:90,(anonymous_10)
FN:98,(anonymous_11)
FN:101,(anonymous_12)
FN:109,(anonymous_13)
FN:112,(anonymous_14)
FN:118,(anonymous_15)
FN:121,(anonymous_16)
FN:127,(anonymous_17)
FNF:18
FNH:18
FNDA:32,(anonymous_0)
FNDA:25,(anonymous_1)
FNDA:2,(anonymous_2)
FNDA:2,(anonymous_3)
FNDA:2,(anonymous_4)
FNDA:6,(anonymous_5)
FNDA:6,(anonymous_6)
FNDA:5,(anonymous_7)
FNDA:5,(anonymous_8)
FNDA:5,(anonymous_9)
FNDA:5,(anonymous_10)
FNDA:5,(anonymous_11)
FNDA:5,(anonymous_12)
FNDA:2,(anonymous_13)
FNDA:2,(anonymous_14)
FNDA:2,(anonymous_15)
FNDA:2,(anonymous_16)
FNDA:1,(anonymous_17)
DA:1,2
DA:5,32
DA:9,25
DA:10,25
DA:11,15
DA:12,15
DA:20,10
DA:21,10
DA:32,2
DA:33,2
DA:34,2
DA:35,1
DA:37,1
DA:38,1
DA:43,2
DA:44,2
DA:45,2
DA:46,1
DA:48,1
DA:49,1
DA:54,2
DA:55,2
DA:56,2
DA:57,1
DA:58,1
DA:60,1
DA:61,1
DA:66,6
DA:67,6
DA:68,6
DA:69,6
DA:72,6
DA:73,6
DA:77,5
DA:78,5
DA:79,5
DA:80,5
DA:83,5
DA:84,5
DA:88,5
DA:89,5
DA:90,5
DA:91,5
DA:94,5
DA:95,5
DA:99,5
DA:100,5
DA:101,5
DA:102,5
DA:105,5
DA:106,5
DA:110,2
DA:111,2
DA:112,2
DA:113,2
DA:119,2
DA:120,2
DA:121,2
DA:122,2
DA:128,1
DA:132,2
LF:61
LH:61
BRDA:14,0,0,15
BRDA:14,0,1,9
BRDA:14,0,2,0
BRDA:15,1,0,15
BRDA:15,1,1,9
BRDA:23,2,0,10
BRDA:23,2,1,0
BRDA:35,3,0,1
BRDA:35,3,1,0
BRDA:57,4,0,1
BRDA:57,4,1,0
BRDA:58,5,0,1
BRDA:58,5,1,0
BRDA:72,6,0,4
BRDA:72,6,1,2
BRDA:83,7,0,3
BRDA:83,7,1,2
BRDA:94,8,0,3
BRDA:94,8,1,2
BRDA:105,9,0,3
BRDA:105,9,1,2
BRF:21
BRH:16
end_of_record
TN:
SF:services/fabric-client.js
FN:7,(anonymous_0)
FN:17,(anonymous_1)
FN:45,(anonymous_2)
FN:154,(anonymous_3)
FN:216,(anonymous_4)
FNF:5
FNH:5
FNDA:19,(anonymous_0)
FNDA:4,(anonymous_1)
FNDA:9,(anonymous_2)
FNDA:6,(anonymous_3)
FNDA:2,(anonymous_4)
DA:1,3
DA:2,3
DA:3,3
DA:4,3
DA:8,19
DA:9,19
DA:10,19
DA:11,19
DA:12,19
DA:14,19
DA:18,4
DA:19,4
DA:22,4
DA:23,4
DA:24,1
DA:27,3
DA:30,3
DA:31,3
DA:34,3
DA:35,3
DA:36,3
DA:37,3
DA:40,1
DA:41,1
DA:46,9
DA:47,9
DA:48,1
DA:51,9
DA:52,9
DA:55,9
DA:56,9
DA:57,8
DA:58,8
DA:64,8
DA:66,2
DA:79,6
DA:81,1
DA:97,5
DA:112,8
DA:115,8
DA:116,8
DA:117,7
DA:120,8
DA:133,8
DA:134,8
DA:136,8
DA:145,8
DA:146,8
DA:149,1
DA:150,1
DA:155,6
DA:156,6
DA:157,1
DA:160,6
DA:161,6
DA:163,6
DA:165,6
DA:167,3
DA:168,2
DA:169,2
DA:172,3
DA:174,2
DA:185,2
DA:186,2
DA:194,1
DA:203,1
DA:211,1
DA:212,1
DA:217,2
DA:218,2
DA:219,2
DA:220,1
DA:221,1
DA:224,1
DA:229,3
LF:75
LH:75
BRDA:23,0,0,1
BRDA:23,0,1,3
BRDA:47,1,0,1
BRDA:47,1,1,8
BRDA:64,2,0,2
BRDA:64,2,1,6
BRDA:79,3,0,1
BRDA:79,3,1,5
BRDA:116,4,0,7
BRDA:116,4,1,1
BRDA:122,5,0,3
BRDA:122,5,1,5
BRDA:123,6,0,1
BRDA:123,6,1,4
BRDA:124,7,0,2
BRDA:124,7,1,2
BRDA:125,8,0,1
BRDA:125,8,1,1
BRDA:127,9,0,1
BRDA:127,9,1,7
BRDA:128,10,0,1
BRDA:128,10,1,7
BRDA:129,11,0,1
BRDA:129,11,1,7
BRDA:130,12,0,1
BRDA:130,12,1,7
BRDA:156,13,0,1
BRDA:156,13,1,5
BRDA:165,14,0,3
BRDA:165,14,1,3
BRDA:167,15,0,3
BRDA:167,15,1,1
BRDA:172,16,0,2
BRDA:172,16,1,1
BRDA:218,17,0,2
BRDA:218,17,1,0
BRF:36
BRH:35
end_of_record
TN:
SF:services/grpc-server.js
FN:7,(anonymous_0)
FN:13,(anonymous_1)
FN:14,(anonymous_2)
FN:28,(anonymous_3)
FN:38,(anonymous_4)
FN:39,(anonymous_5)
FN:40,(anonymous_6)
FN:41,(anonymous_7)
FN:42,(anonymous_8)
FN:43,(anonymous_9)
FN:44,(anonymous_10)
FN:44,(anonymous_11)
FN:45,(anonymous_12)
FN:46,(anonymous_13)
FN:56,(anonymous_14)
FN:65,(anonymous_15)
FN:82,(anonymous_16)
FN:86,(anonymous_17)
FNF:18
FNH:18
FNDA:18,(anonymous_0)
FNDA:117,(anonymous_1)
FNDA:10,(anonymous_2)
FNDA:15,(anonymous_3)
FNDA:2,(anonymous_4)
FNDA:1,(anonymous_5)
FNDA:1,(anonymous_6)
FNDA:1,(anonymous_7)
FNDA:1,(anonymous_8)
FNDA:1,(anonymous_9)
FNDA:1,(anonymous_10)
FNDA:1,(anonymous_11)
FNDA:1,(anonymous_12)
FNDA:1,(anonymous_13)
FNDA:3,(anonymous_14)
FNDA:2,(anonymous_15)
FNDA:3,(anonymous_16)
FNDA:2,(anonymous_17)
DA:1,1
DA:2,1
DA:3,1
DA:4,1
DA:8,18
DA:9,18
DA:10,18
DA:14,117
DA:15,10
DA:16,10
DA:17,10
DA:18,10
DA:19,9
DA:20,9
DA:22,1
DA:23,1
DA:29,15
DA:30,15
DA:31,15
DA:34,13
DA:35,13
DA:37,13
DA:38,2
DA:39,1
DA:40,1
DA:41,1
DA:42,1
DA:43,1
DA:44,1
DA:45,1
DA:46,1
DA:49,13
DA:51,2
DA:52,2
DA:57,3
DA:58,3
DA:61,2
DA:62,2
DA:66,2
DA:67,1
DA:68,1
DA:71,2
DA:72,2
DA:77,1
DA:78,1
DA:83,3
DA:84,3
DA:86,2
DA:87,2
DA:88,1
DA:90,1
DA:94,1
DA:99,1
LF:53
LH:53
BRDA:10,0,0,18
BRDA:10,0,1,18
BRDA:44,1,0,1
BRDA:44,1,1,0
BRDA:66,2,0,1
BRDA:66,2,1,1
BRDA:87,3,0,1
BRDA:87,3,1,1
BRF:8
BRH:7
end_of_record
