TN:
SF:services/chaincode-service.js
FN:4,(anonymous_0)
FN:8,(anonymous_1)
FN:31,(anonymous_2)
FN:42,(anonymous_3)
FN:53,(anonymous_4)
FN:65,(anonymous_5)
FN:68,(anonymous_6)
FN:76,(anonymous_7)
FN:79,(anonymous_8)
FN:87,(anonymous_9)
FN:90,(anonymous_10)
FN:98,(anonymous_11)
FN:101,(anonymous_12)
FN:109,(anonymous_13)
FN:112,(anonymous_14)
FN:118,(anonymous_15)
FN:121,(anonymous_16)
FN:127,(anonymous_17)
FNF:18
FNH:13
FNDA:26,(anonymous_0)
FNDA:20,(anonymous_1)
FNDA:2,(anonymous_2)
FNDA:2,(anonymous_3)
FNDA:2,(anonymous_4)
FNDA:5,(anonymous_5)
FNDA:5,(anonymous_6)
FNDA:5,(anonymous_7)
FNDA:5,(anonymous_8)
FNDA:5,(anonymous_9)
FNDA:5,(anonymous_10)
FNDA:5,(anonymous_11)
FNDA:5,(anonymous_12)
FNDA:0,(anonymous_13)
FNDA:0,(anonymous_14)
FNDA:0,(anonymous_15)
FNDA:0,(anonymous_16)
FNDA:0,(anonymous_17)
DA:1,1
DA:5,26
DA:9,20
DA:10,20
DA:11,12
DA:12,12
DA:20,8
DA:21,8
DA:32,2
DA:33,2
DA:34,2
DA:35,1
DA:37,1
DA:38,1
DA:43,2
DA:44,2
DA:45,2
DA:46,1
DA:48,1
DA:49,1
DA:54,2
DA:55,2
DA:56,2
DA:57,1
DA:58,1
DA:60,1
DA:61,1
DA:66,5
DA:67,5
DA:68,5
DA:69,5
DA:72,5
DA:73,5
DA:77,5
DA:78,5
DA:79,5
DA:80,5
DA:83,5
DA:84,5
DA:88,5
DA:89,5
DA:90,5
DA:91,5
DA:94,5
DA:95,5
DA:99,5
DA:100,5
DA:101,5
DA:102,5
DA:105,5
DA:106,5
DA:110,0
DA:111,0
DA:112,0
DA:113,0
DA:119,0
DA:120,0
DA:121,0
DA:122,0
DA:128,0
DA:132,1
LF:61
LH:52
BRDA:14,0,0,12
BRDA:14,0,1,8
BRDA:14,0,2,0
BRDA:15,1,0,12
BRDA:15,1,1,8
BRDA:23,2,0,8
BRDA:23,2,1,0
BRDA:35,3,0,1
BRDA:35,3,1,0
BRDA:57,4,0,1
BRDA:57,4,1,0
BRDA:58,5,0,1
BRDA:58,5,1,0
BRDA:72,6,0,3
BRDA:72,6,1,2
BRDA:83,7,0,3
BRDA:83,7,1,2
BRDA:94,8,0,3
BRDA:94,8,1,2
BRDA:105,9,0,3
BRDA:105,9,1,2
BRF:21
BRH:16
end_of_record
TN:
SF:services/fabric-client.js
FN:7,(anonymous_0)
FN:17,(anonymous_1)
FN:45,(anonymous_2)
FN:154,(anonymous_3)
FN:216,(anonymous_4)
FNF:5
FNH:0
FNDA:0,(anonymous_0)
FNDA:0,(anonymous_1)
FNDA:0,(anonymous_2)
FNDA:0,(anonymous_3)
FNDA:0,(anonymous_4)
DA:1,1
DA:2,1
DA:3,1
DA:4,1
DA:8,0
DA:9,0
DA:10,0
DA:11,0
DA:12,0
DA:14,0
DA:18,0
DA:19,0
DA:22,0
DA:23,0
DA:24,0
DA:27,0
DA:30,0
DA:31,0
DA:34,0
DA:35,0
DA:36,0
DA:37,0
DA:40,0
DA:41,0
DA:46,0
DA:47,0
DA:48,0
DA:51,0
DA:52,0
DA:55,0
DA:56,0
DA:57,0
DA:58,0
DA:64,0
DA:66,0
DA:79,0
DA:81,0
DA:97,0
DA:112,0
DA:115,0
DA:116,0
DA:117,0
DA:120,0
DA:133,0
DA:134,0
DA:136,0
DA:145,0
DA:146,0
DA:149,0
DA:150,0
DA:155,0
DA:156,0
DA:157,0
DA:160,0
DA:161,0
DA:163,0
DA:165,0
DA:167,0
DA:168,0
DA:169,0
DA:172,0
DA:174,0
DA:185,0
DA:186,0
DA:194,0
DA:203,0
DA:211,0
DA:212,0
DA:217,0
DA:218,0
DA:219,0
DA:220,0
DA:221,0
DA:224,0
DA:229,1
LF:75
LH:5
BRDA:23,0,0,0
BRDA:23,0,1,0
BRDA:47,1,0,0
BRDA:47,1,1,0
BRDA:64,2,0,0
BRDA:64,2,1,0
BRDA:79,3,0,0
BRDA:79,3,1,0
BRDA:116,4,0,0
BRDA:116,4,1,0
BRDA:122,5,0,0
BRDA:122,5,1,0
BRDA:123,6,0,0
BRDA:123,6,1,0
BRDA:124,7,0,0
BRDA:124,7,1,0
BRDA:125,8,0,0
BRDA:125,8,1,0
BRDA:127,9,0,0
BRDA:127,9,1,0
BRDA:128,10,0,0
BRDA:128,10,1,0
BRDA:129,11,0,0
BRDA:129,11,1,0
BRDA:130,12,0,0
BRDA:130,12,1,0
BRDA:156,13,0,0
BRDA:156,13,1,0
BRDA:165,14,0,0
BRDA:165,14,1,0
BRDA:167,15,0,0
BRDA:167,15,1,0
BRDA:172,16,0,0
BRDA:172,16,1,0
BRDA:218,17,0,0
BRDA:218,17,1,0
BRF:36
BRH:0
end_of_record
