{"/Users/johnchristophermcarrillo/Projects/terraflow-app/backend-documents/config/constants.js": {"path":"/Users/johnchristophermcarrillo/Projects/terraflow-app/backend-documents/config/constants.js","statementMap":{"0":{"start":{"line":1,"column":0},"end":{"line":28,"column":2}}},"fnMap":{},"branchMap":{},"s":{"0":3},"f":{},"b":{},"_coverageSchema":"1a1c01bbd47fc00a2c39e90264f33305004495a9","hash":"a5117278076c9a0c5e6171dab7f0a8fdff80ffd3"}
,"/Users/johnchristophermcarrillo/Projects/terraflow-app/backend-documents/config/db.js": {"path":"/Users/johnchristophermcarrillo/Projects/terraflow-app/backend-documents/config/db.js","statementMap":{"0":{"start":{"line":1,"column":17},"end":{"line":1,"column":30}},"1":{"start":{"line":2,"column":27},"end":{"line":2,"column":49}},"2":{"start":{"line":4,"column":13},"end":{"line":13,"column":2}},"3":{"start":{"line":15,"column":27},"end":{"line":56,"column":1}},"4":{"start":{"line":16,"column":2},"end":{"line":55,"column":3}},"5":{"start":{"line":19,"column":4},"end":{"line":19,"column":45}},"6":{"start":{"line":21,"column":19},"end":{"line":21,"column":39}},"7":{"start":{"line":22,"column":4},"end":{"line":22,"column":40}},"8":{"start":{"line":25,"column":4},"end":{"line":41,"column":7}},"9":{"start":{"line":44,"column":4},"end":{"line":48,"column":7}},"10":{"start":{"line":50,"column":4},"end":{"line":50,"column":21}},"11":{"start":{"line":53,"column":4},"end":{"line":53,"column":62}},"12":{"start":{"line":54,"column":4},"end":{"line":54,"column":16}},"13":{"start":{"line":58,"column":0},"end":{"line":61,"column":2}}},"fnMap":{"0":{"name":"(anonymous_0)","decl":{"start":{"line":15,"column":27},"end":{"line":15,"column":28}},"loc":{"start":{"line":15,"column":39},"end":{"line":56,"column":1}},"line":15}},"branchMap":{"0":{"loc":{"start":{"line":5,"column":8},"end":{"line":5,"column":42}},"type":"binary-expr","locations":[{"start":{"line":5,"column":8},"end":{"line":5,"column":27}},{"start":{"line":5,"column":31},"end":{"line":5,"column":42}}],"line":5},"1":{"loc":{"start":{"line":6,"column":8},"end":{"line":6,"column":35}},"type":"binary-expr","locations":[{"start":{"line":6,"column":8},"end":{"line":6,"column":27}},{"start":{"line":6,"column":31},"end":{"line":6,"column":35}}],"line":6},"2":{"loc":{"start":{"line":7,"column":12},"end":{"line":7,"column":56}},"type":"binary-expr","locations":[{"start":{"line":7,"column":12},"end":{"line":7,"column":31}},{"start":{"line":7,"column":35},"end":{"line":7,"column":56}}],"line":7},"3":{"loc":{"start":{"line":8,"column":8},"end":{"line":8,"column":41}},"type":"binary-expr","locations":[{"start":{"line":8,"column":8},"end":{"line":8,"column":27}},{"start":{"line":8,"column":31},"end":{"line":8,"column":41}}],"line":8},"4":{"loc":{"start":{"line":9,"column":12},"end":{"line":9,"column":49}},"type":"binary-expr","locations":[{"start":{"line":9,"column":12},"end":{"line":9,"column":35}},{"start":{"line":9,"column":39},"end":{"line":9,"column":49}}],"line":9}},"s":{"0":3,"1":3,"2":3,"3":3,"4":2,"5":2,"6":2,"7":1,"8":1,"9":1,"10":1,"11":1,"12":1,"13":3},"f":{"0":2},"b":{"0":[3,3],"1":[3,3],"2":[3,3],"3":[3,3],"4":[3,3]},"_coverageSchema":"1a1c01bbd47fc00a2c39e90264f33305004495a9","hash":"61b3f42ad30bfc1d538aa2b799cfad0247ddbd6e"}
,"/Users/johnchristophermcarrillo/Projects/terraflow-app/backend-documents/controllers/documents.js": {"path":"/Users/johnchristophermcarrillo/Projects/terraflow-app/backend-documents/controllers/documents.js","statementMap":{"0":{"start":{"line":1,"column":24},"end":{"line":1,"column":55}},"1":{"start":{"line":2,"column":23},"end":{"line":2,"column":54}},"2":{"start":{"line":3,"column":24},"end":{"line":3,"column":56}},"3":{"start":{"line":5,"column":19},"end":{"line":12,"column":3}},"4":{"start":{"line":5,"column":34},"end":{"line":12,"column":3}},"5":{"start":{"line":5,"column":56},"end":{"line":12,"column":1}},"6":{"start":{"line":14,"column":32},"end":{"line":21,"column":1}},"7":{"start":{"line":15,"column":2},"end":{"line":20,"column":3}},"8":{"start":{"line":16,"column":22},"end":{"line":16,"column":93}},"9":{"start":{"line":17,"column":4},"end":{"line":17,"column":36}},"10":{"start":{"line":19,"column":4},"end":{"line":19,"column":45}},"11":{"start":{"line":23,"column":31},"end":{"line":30,"column":1}},"12":{"start":{"line":24,"column":2},"end":{"line":29,"column":3}},"13":{"start":{"line":25,"column":22},"end":{"line":25,"column":91}},"14":{"start":{"line":26,"column":4},"end":{"line":26,"column":36}},"15":{"start":{"line":28,"column":4},"end":{"line":28,"column":54}},"16":{"start":{"line":32,"column":22},"end":{"line":36,"column":1}},"17":{"start":{"line":33,"column":19},"end":{"line":33,"column":79}},"18":{"start":{"line":34,"column":2},"end":{"line":34,"column":78}},"19":{"start":{"line":34,"column":17},"end":{"line":34,"column":78}},"20":{"start":{"line":35,"column":2},"end":{"line":35,"column":111}},"21":{"start":{"line":38,"column":25},"end":{"line":44,"column":1}},"22":{"start":{"line":39,"column":2},"end":{"line":43,"column":3}},"23":{"start":{"line":40,"column":4},"end":{"line":40,"column":48}},"24":{"start":{"line":42,"column":4},"end":{"line":42,"column":49}},"25":{"start":{"line":46,"column":21},"end":{"line":52,"column":1}},"26":{"start":{"line":47,"column":2},"end":{"line":51,"column":3}},"27":{"start":{"line":48,"column":4},"end":{"line":48,"column":44}},"28":{"start":{"line":50,"column":4},"end":{"line":50,"column":45}},"29":{"start":{"line":54,"column":0},"end":{"line":59,"column":2}}},"fnMap":{"0":{"name":"(anonymous_0)","decl":{"start":{"line":5,"column":19},"end":{"line":5,"column":20}},"loc":{"start":{"line":5,"column":34},"end":{"line":12,"column":3}},"line":5},"1":{"name":"(anonymous_1)","decl":{"start":{"line":5,"column":48},"end":{"line":5,"column":49}},"loc":{"start":{"line":5,"column":56},"end":{"line":12,"column":1}},"line":5},"2":{"name":"(anonymous_2)","decl":{"start":{"line":14,"column":32},"end":{"line":14,"column":33}},"loc":{"start":{"line":14,"column":52},"end":{"line":21,"column":1}},"line":14},"3":{"name":"(anonymous_3)","decl":{"start":{"line":23,"column":31},"end":{"line":23,"column":32}},"loc":{"start":{"line":23,"column":51},"end":{"line":30,"column":1}},"line":23},"4":{"name":"(anonymous_4)","decl":{"start":{"line":32,"column":22},"end":{"line":32,"column":23}},"loc":{"start":{"line":32,"column":55},"end":{"line":36,"column":1}},"line":32},"5":{"name":"(anonymous_5)","decl":{"start":{"line":38,"column":25},"end":{"line":38,"column":26}},"loc":{"start":{"line":38,"column":45},"end":{"line":44,"column":1}},"line":38},"6":{"name":"(anonymous_6)","decl":{"start":{"line":46,"column":21},"end":{"line":46,"column":22}},"loc":{"start":{"line":46,"column":41},"end":{"line":52,"column":1}},"line":46}},"branchMap":{"0":{"loc":{"start":{"line":34,"column":2},"end":{"line":34,"column":78}},"type":"if","locations":[{"start":{"line":34,"column":2},"end":{"line":34,"column":78}},{"start":{},"end":{}}],"line":34}},"s":{"0":1,"1":1,"2":1,"3":1,"4":2,"5":2,"6":1,"7":2,"8":2,"9":1,"10":1,"11":1,"12":2,"13":2,"14":1,"15":1,"16":1,"17":6,"18":4,"19":2,"20":2,"21":1,"22":3,"23":3,"24":1,"25":1,"26":3,"27":3,"28":1,"29":1},"f":{"0":2,"1":2,"2":2,"3":2,"4":6,"5":3,"6":3},"b":{"0":[2,2]},"_coverageSchema":"1a1c01bbd47fc00a2c39e90264f33305004495a9","hash":"a0d6b2d9edb260fc3805916e35bbdb410f055cb9"}
,"/Users/johnchristophermcarrillo/Projects/terraflow-app/backend-documents/middleware/cors.js": {"path":"/Users/johnchristophermcarrillo/Projects/terraflow-app/backend-documents/middleware/cors.js","statementMap":{"0":{"start":{"line":1,"column":13},"end":{"line":1,"column":28}},"1":{"start":{"line":3,"column":20},"end":{"line":8,"column":1}},"2":{"start":{"line":10,"column":0},"end":{"line":10,"column":35}}},"fnMap":{},"branchMap":{"0":{"loc":{"start":{"line":4,"column":10},"end":{"line":4,"column":61}},"type":"binary-expr","locations":[{"start":{"line":4,"column":10},"end":{"line":4,"column":34}},{"start":{"line":4,"column":38},"end":{"line":4,"column":61}}],"line":4}},"s":{"0":1,"1":1,"2":1},"f":{},"b":{"0":[1,1]},"_coverageSchema":"1a1c01bbd47fc00a2c39e90264f33305004495a9","hash":"927e84ca3ba17d6c7cb5d4e69b4e266eb6c0b936"}
,"/Users/johnchristophermcarrillo/Projects/terraflow-app/backend-documents/routes/documents.js": {"path":"/Users/johnchristophermcarrillo/Projects/terraflow-app/backend-documents/routes/documents.js","statementMap":{"0":{"start":{"line":1,"column":16},"end":{"line":1,"column":34}},"1":{"start":{"line":2,"column":15},"end":{"line":2,"column":31}},"2":{"start":{"line":3,"column":27},"end":{"line":3,"column":62}},"3":{"start":{"line":4,"column":30},"end":{"line":4,"column":54}},"4":{"start":{"line":7,"column":0},"end":{"line":7,"column":102}},"5":{"start":{"line":8,"column":0},"end":{"line":8,"column":98}},"6":{"start":{"line":9,"column":0},"end":{"line":9,"column":92}},"7":{"start":{"line":10,"column":0},"end":{"line":10,"column":65}},"8":{"start":{"line":12,"column":0},"end":{"line":12,"column":24}}},"fnMap":{},"branchMap":{},"s":{"0":1,"1":1,"2":1,"3":1,"4":1,"5":1,"6":1,"7":1,"8":1},"f":{},"b":{},"_coverageSchema":"1a1c01bbd47fc00a2c39e90264f33305004495a9","hash":"2a1dbf5cf646cc0aa571e2a0ab214479b43a269e"}
,"/Users/johnchristophermcarrillo/Projects/terraflow-app/backend-documents/services/consumer.js": {"path":"/Users/johnchristophermcarrillo/Projects/terraflow-app/backend-documents/services/consumer.js","statementMap":{"0":{"start":{"line":1,"column":17},"end":{"line":1,"column":45}},"1":{"start":{"line":2,"column":24},"end":{"line":2,"column":55}},"2":{"start":{"line":3,"column":51},"end":{"line":3,"column":82}},"3":{"start":{"line":4,"column":32},"end":{"line":4,"column":62}},"4":{"start":{"line":6,"column":23},"end":{"line":23,"column":1}},"5":{"start":{"line":7,"column":25},"end":{"line":7,"column":36}},"6":{"start":{"line":9,"column":2},"end":{"line":22,"column":3}},"7":{"start":{"line":11,"column":6},"end":{"line":11,"column":46}},"8":{"start":{"line":12,"column":6},"end":{"line":12,"column":12}},"9":{"start":{"line":16,"column":6},"end":{"line":16,"column":50}},"10":{"start":{"line":17,"column":6},"end":{"line":17,"column":12}},"11":{"start":{"line":20,"column":6},"end":{"line":20,"column":40}},"12":{"start":{"line":21,"column":6},"end":{"line":21,"column":12}},"13":{"start":{"line":25,"column":29},"end":{"line":86,"column":1}},"14":{"start":{"line":26,"column":79},"end":{"line":26,"column":90}},"15":{"start":{"line":27,"column":28},"end":{"line":27,"column":30}},"16":{"start":{"line":29,"column":2},"end":{"line":29,"column":50}},"17":{"start":{"line":30,"column":2},"end":{"line":30,"column":51}},"18":{"start":{"line":31,"column":2},"end":{"line":31,"column":52}},"19":{"start":{"line":32,"column":2},"end":{"line":32,"column":57}},"20":{"start":{"line":33,"column":2},"end":{"line":33,"column":60}},"21":{"start":{"line":34,"column":2},"end":{"line":36,"column":5}},"22":{"start":{"line":35,"column":4},"end":{"line":35,"column":58}},"23":{"start":{"line":38,"column":2},"end":{"line":85,"column":3}},"24":{"start":{"line":39,"column":4},"end":{"line":59,"column":5}},"25":{"start":{"line":40,"column":25},"end":{"line":40,"column":65}},"26":{"start":{"line":41,"column":21},"end":{"line":41,"column":91}},"27":{"start":{"line":42,"column":23},"end":{"line":42,"column":131}},"28":{"start":{"line":43,"column":23},"end":{"line":43,"column":59}},"29":{"start":{"line":45,"column":23},"end":{"line":56,"column":8}},"30":{"start":{"line":58,"column":6},"end":{"line":58,"column":39}},"31":{"start":{"line":61,"column":4},"end":{"line":66,"column":7}},"32":{"start":{"line":68,"column":4},"end":{"line":68,"column":81}},"33":{"start":{"line":69,"column":4},"end":{"line":69,"column":75}},"34":{"start":{"line":70,"column":4},"end":{"line":70,"column":62}},"35":{"start":{"line":73,"column":4},"end":{"line":75,"column":5}},"36":{"start":{"line":74,"column":6},"end":{"line":74,"column":38}},"37":{"start":{"line":77,"column":4},"end":{"line":81,"column":7}},"38":{"start":{"line":83,"column":4},"end":{"line":83,"column":71}},"39":{"start":{"line":84,"column":4},"end":{"line":84,"column":59}},"40":{"start":{"line":88,"column":33},"end":{"line":91,"column":1}},"41":{"start":{"line":89,"column":28},"end":{"line":89,"column":39}},"42":{"start":{"line":90,"column":2},"end":{"line":90,"column":81}},"43":{"start":{"line":93,"column":23},"end":{"line":100,"column":1}},"44":{"start":{"line":94,"column":29},"end":{"line":94,"column":40}},"45":{"start":{"line":95,"column":27},"end":{"line":95,"column":95}},"46":{"start":{"line":97,"column":2},"end":{"line":99,"column":3}},"47":{"start":{"line":98,"column":4},"end":{"line":98,"column":36}},"48":{"start":{"line":102,"column":22},"end":{"line":109,"column":1}},"49":{"start":{"line":103,"column":2},"end":{"line":108,"column":3}},"50":{"start":{"line":104,"column":4},"end":{"line":104,"column":61}},"51":{"start":{"line":106,"column":4},"end":{"line":106,"column":61}},"52":{"start":{"line":107,"column":4},"end":{"line":107,"column":37}},"53":{"start":{"line":111,"column":0},"end":{"line":111,"column":35}}},"fnMap":{"0":{"name":"(anonymous_0)","decl":{"start":{"line":6,"column":23},"end":{"line":6,"column":24}},"loc":{"start":{"line":6,"column":46},"end":{"line":23,"column":1}},"line":6},"1":{"name":"(anonymous_1)","decl":{"start":{"line":25,"column":29},"end":{"line":25,"column":30}},"loc":{"start":{"line":25,"column":52},"end":{"line":86,"column":1}},"line":25},"2":{"name":"(anonymous_2)","decl":{"start":{"line":34,"column":22},"end":{"line":34,"column":23}},"loc":{"start":{"line":34,"column":39},"end":{"line":36,"column":3}},"line":34},"3":{"name":"(anonymous_3)","decl":{"start":{"line":88,"column":33},"end":{"line":88,"column":34}},"loc":{"start":{"line":88,"column":56},"end":{"line":91,"column":1}},"line":88},"4":{"name":"(anonymous_4)","decl":{"start":{"line":93,"column":23},"end":{"line":93,"column":24}},"loc":{"start":{"line":93,"column":46},"end":{"line":100,"column":1}},"line":93},"5":{"name":"(anonymous_5)","decl":{"start":{"line":102,"column":22},"end":{"line":102,"column":23}},"loc":{"start":{"line":102,"column":34},"end":{"line":109,"column":1}},"line":102}},"branchMap":{"0":{"loc":{"start":{"line":9,"column":2},"end":{"line":22,"column":3}},"type":"switch","locations":[{"start":{"line":10,"column":4},"end":{"line":12,"column":12}},{"start":{"line":14,"column":4},"end":{"line":14,"column":37}},{"start":{"line":15,"column":4},"end":{"line":17,"column":12}},{"start":{"line":19,"column":4},"end":{"line":21,"column":12}}],"line":9},"1":{"loc":{"start":{"line":32,"column":33},"end":{"line":32,"column":53}},"type":"binary-expr","locations":[{"start":{"line":32,"column":33},"end":{"line":32,"column":44}},{"start":{"line":32,"column":48},"end":{"line":32,"column":53}}],"line":32},"2":{"loc":{"start":{"line":41,"column":21},"end":{"line":41,"column":91}},"type":"cond-expr","locations":[{"start":{"line":41,"column":35},"end":{"line":41,"column":60}},{"start":{"line":41,"column":63},"end":{"line":41,"column":91}}],"line":41},"3":{"loc":{"start":{"line":46,"column":23},"end":{"line":46,"column":57}},"type":"cond-expr","locations":[{"start":{"line":46,"column":37},"end":{"line":46,"column":41}},{"start":{"line":46,"column":44},"end":{"line":46,"column":57}}],"line":46},"4":{"loc":{"start":{"line":47,"column":21},"end":{"line":47,"column":40}},"type":"binary-expr","locations":[{"start":{"line":47,"column":21},"end":{"line":47,"column":32}},{"start":{"line":47,"column":36},"end":{"line":47,"column":40}}],"line":47},"5":{"loc":{"start":{"line":48,"column":24},"end":{"line":48,"column":63}},"type":"cond-expr","locations":[{"start":{"line":48,"column":38},"end":{"line":48,"column":48}},{"start":{"line":48,"column":51},"end":{"line":48,"column":63}}],"line":48}},"s":{"0":1,"1":1,"2":1,"3":1,"4":1,"5":6,"6":6,"7":3,"8":3,"9":2,"10":2,"11":1,"12":1,"13":1,"14":3,"15":3,"16":3,"17":3,"18":3,"19":3,"20":3,"21":3,"22":4,"23":3,"24":3,"25":4,"26":4,"27":4,"28":4,"29":4,"30":3,"31":2,"32":2,"33":2,"34":2,"35":1,"36":1,"37":1,"38":1,"39":1,"40":1,"41":2,"42":2,"43":1,"44":1,"45":1,"46":1,"47":2,"48":1,"49":8,"50":8,"51":1,"52":1,"53":1},"f":{"0":6,"1":3,"2":4,"3":2,"4":1,"5":8},"b":{"0":[3,1,2,1],"1":[3,2],"2":[1,3],"3":[1,3],"4":[4,3],"5":[1,3]},"_coverageSchema":"1a1c01bbd47fc00a2c39e90264f33305004495a9","hash":"4919db006d6104de904493d63ea9e6d1da0d9054"}
,"/Users/johnchristophermcarrillo/Projects/terraflow-app/backend-documents/services/document.js": {"path":"/Users/johnchristophermcarrillo/Projects/terraflow-app/backend-documents/services/document.js","statementMap":{"0":{"start":{"line":1,"column":25},"end":{"line":1,"column":53}},"1":{"start":{"line":2,"column":19},"end":{"line":2,"column":49}},"2":{"start":{"line":10,"column":8},"end":{"line":10,"column":12}},"3":{"start":{"line":12,"column":19},"end":{"line":18,"column":140}},"4":{"start":{"line":20,"column":4},"end":{"line":20,"column":26}},"5":{"start":{"line":24,"column":19},"end":{"line":26,"column":15}},"6":{"start":{"line":27,"column":4},"end":{"line":27,"column":23}},"7":{"start":{"line":31,"column":4},"end":{"line":31,"column":66}},"8":{"start":{"line":35,"column":4},"end":{"line":35,"column":63}},"9":{"start":{"line":39,"column":19},"end":{"line":41,"column":20}},"10":{"start":{"line":43,"column":4},"end":{"line":43,"column":34}},"11":{"start":{"line":47,"column":19},"end":{"line":49,"column":29}},"12":{"start":{"line":51,"column":4},"end":{"line":51,"column":18}},"13":{"start":{"line":55,"column":19},"end":{"line":59,"column":23}},"14":{"start":{"line":61,"column":4},"end":{"line":61,"column":23}},"15":{"start":{"line":66,"column":24},"end":{"line":66,"column":45}},"16":{"start":{"line":67,"column":0},"end":{"line":67,"column":33}}},"fnMap":{"0":{"name":"(anonymous_0)","decl":{"start":{"line":6,"column":2},"end":{"line":6,"column":3}},"loc":{"start":{"line":6,"column":29},"end":{"line":21,"column":3}},"line":6},"1":{"name":"(anonymous_1)","decl":{"start":{"line":23,"column":2},"end":{"line":23,"column":3}},"loc":{"start":{"line":23,"column":42},"end":{"line":28,"column":3}},"line":23},"2":{"name":"(anonymous_2)","decl":{"start":{"line":30,"column":2},"end":{"line":30,"column":3}},"loc":{"start":{"line":30,"column":47},"end":{"line":32,"column":3}},"line":30},"3":{"name":"(anonymous_3)","decl":{"start":{"line":34,"column":2},"end":{"line":34,"column":3}},"loc":{"start":{"line":34,"column":45},"end":{"line":36,"column":3}},"line":34},"4":{"name":"(anonymous_4)","decl":{"start":{"line":38,"column":2},"end":{"line":38,"column":3}},"loc":{"start":{"line":38,"column":36},"end":{"line":44,"column":3}},"line":38},"5":{"name":"(anonymous_5)","decl":{"start":{"line":46,"column":2},"end":{"line":46,"column":3}},"loc":{"start":{"line":46,"column":61},"end":{"line":52,"column":3}},"line":46},"6":{"name":"(anonymous_6)","decl":{"start":{"line":54,"column":2},"end":{"line":54,"column":3}},"loc":{"start":{"line":54,"column":54},"end":{"line":62,"column":3}},"line":54}},"branchMap":{"0":{"loc":{"start":{"line":43,"column":11},"end":{"line":43,"column":33}},"type":"binary-expr","locations":[{"start":{"line":43,"column":11},"end":{"line":43,"column":25}},{"start":{"line":43,"column":29},"end":{"line":43,"column":33}}],"line":43}},"s":{"0":2,"1":2,"2":5,"3":5,"4":4,"5":2,"6":2,"7":1,"8":1,"9":2,"10":2,"11":2,"12":2,"13":1,"14":1,"15":2,"16":2},"f":{"0":5,"1":2,"2":1,"3":1,"4":2,"5":2,"6":1},"b":{"0":[2,1]},"_coverageSchema":"1a1c01bbd47fc00a2c39e90264f33305004495a9","hash":"bd30481e4420145be8207cb29f26f291aeda9894"}
,"/Users/johnchristophermcarrillo/Projects/terraflow-app/backend-documents/utils/auth.js": {"path":"/Users/johnchristophermcarrillo/Projects/terraflow-app/backend-documents/utils/auth.js","statementMap":{"0":{"start":{"line":1,"column":12},"end":{"line":1,"column":35}},"1":{"start":{"line":3,"column":26},"end":{"line":18,"column":1}},"2":{"start":{"line":4,"column":21},"end":{"line":4,"column":49}},"3":{"start":{"line":5,"column":16},"end":{"line":5,"column":54}},"4":{"start":{"line":7,"column":2},"end":{"line":9,"column":3}},"5":{"start":{"line":8,"column":4},"end":{"line":8,"column":68}},"6":{"start":{"line":11,"column":2},"end":{"line":17,"column":5}},"7":{"start":{"line":12,"column":4},"end":{"line":14,"column":5}},"8":{"start":{"line":13,"column":6},"end":{"line":13,"column":73}},"9":{"start":{"line":15,"column":4},"end":{"line":15,"column":20}},"10":{"start":{"line":16,"column":4},"end":{"line":16,"column":11}},"11":{"start":{"line":20,"column":0},"end":{"line":20,"column":39}}},"fnMap":{"0":{"name":"(anonymous_0)","decl":{"start":{"line":3,"column":26},"end":{"line":3,"column":27}},"loc":{"start":{"line":3,"column":46},"end":{"line":18,"column":1}},"line":3},"1":{"name":"(anonymous_1)","decl":{"start":{"line":11,"column":65},"end":{"line":11,"column":66}},"loc":{"start":{"line":11,"column":80},"end":{"line":17,"column":3}},"line":11}},"branchMap":{"0":{"loc":{"start":{"line":5,"column":16},"end":{"line":5,"column":54}},"type":"binary-expr","locations":[{"start":{"line":5,"column":16},"end":{"line":5,"column":26}},{"start":{"line":5,"column":30},"end":{"line":5,"column":54}}],"line":5},"1":{"loc":{"start":{"line":7,"column":2},"end":{"line":9,"column":3}},"type":"if","locations":[{"start":{"line":7,"column":2},"end":{"line":9,"column":3}},{"start":{},"end":{}}],"line":7},"2":{"loc":{"start":{"line":11,"column":20},"end":{"line":11,"column":63}},"type":"binary-expr","locations":[{"start":{"line":11,"column":20},"end":{"line":11,"column":42}},{"start":{"line":11,"column":46},"end":{"line":11,"column":63}}],"line":11},"3":{"loc":{"start":{"line":12,"column":4},"end":{"line":14,"column":5}},"type":"if","locations":[{"start":{"line":12,"column":4},"end":{"line":14,"column":5}},{"start":{},"end":{}}],"line":12}},"s":{"0":1,"1":1,"2":3,"3":3,"4":3,"5":1,"6":2,"7":2,"8":1,"9":1,"10":1,"11":1},"f":{"0":3,"1":2},"b":{"0":[3,2],"1":[1,2],"2":[2,2],"3":[1,1]},"_coverageSchema":"1a1c01bbd47fc00a2c39e90264f33305004495a9","hash":"0635eaeae52b3553fbbe06b7cba177fafad85edc"}
,"/Users/johnchristophermcarrillo/Projects/terraflow-app/backend-documents/utils/database.js": {"path":"/Users/johnchristophermcarrillo/Projects/terraflow-app/backend-documents/utils/database.js","statementMap":{"0":{"start":{"line":1,"column":17},"end":{"line":1,"column":40}},"1":{"start":{"line":3,"column":21},"end":{"line":11,"column":1}},"2":{"start":{"line":4,"column":2},"end":{"line":10,"column":3}},"3":{"start":{"line":5,"column":19},"end":{"line":5,"column":50}},"4":{"start":{"line":6,"column":4},"end":{"line":6,"column":18}},"5":{"start":{"line":8,"column":4},"end":{"line":8,"column":61}},"6":{"start":{"line":9,"column":4},"end":{"line":9,"column":16}},"7":{"start":{"line":13,"column":17},"end":{"line":17,"column":1}},"8":{"start":{"line":14,"column":16},"end":{"line":14,"column":54}},"9":{"start":{"line":15,"column":17},"end":{"line":15,"column":48}},"10":{"start":{"line":16,"column":2},"end":{"line":16,"column":32}},"11":{"start":{"line":19,"column":20},"end":{"line":23,"column":1}},"12":{"start":{"line":20,"column":16},"end":{"line":20,"column":60}},"13":{"start":{"line":21,"column":17},"end":{"line":21,"column":51}},"14":{"start":{"line":22,"column":2},"end":{"line":22,"column":21}},"15":{"start":{"line":25,"column":0},"end":{"line":29,"column":2}}},"fnMap":{"0":{"name":"(anonymous_0)","decl":{"start":{"line":3,"column":21},"end":{"line":3,"column":22}},"loc":{"start":{"line":3,"column":51},"end":{"line":11,"column":1}},"line":3},"1":{"name":"(anonymous_1)","decl":{"start":{"line":13,"column":17},"end":{"line":13,"column":18}},"loc":{"start":{"line":13,"column":38},"end":{"line":17,"column":1}},"line":13},"2":{"name":"(anonymous_2)","decl":{"start":{"line":19,"column":20},"end":{"line":19,"column":21}},"loc":{"start":{"line":19,"column":51},"end":{"line":23,"column":1}},"line":19}},"branchMap":{"0":{"loc":{"start":{"line":3,"column":35},"end":{"line":3,"column":46}},"type":"default-arg","locations":[{"start":{"line":3,"column":44},"end":{"line":3,"column":46}}],"line":3},"1":{"loc":{"start":{"line":16,"column":9},"end":{"line":16,"column":31}},"type":"binary-expr","locations":[{"start":{"line":16,"column":9},"end":{"line":16,"column":23}},{"start":{"line":16,"column":27},"end":{"line":16,"column":31}}],"line":16}},"s":{"0":3,"1":3,"2":6,"3":6,"4":5,"5":1,"6":1,"7":3,"8":2,"9":2,"10":2,"11":3,"12":2,"13":2,"14":2,"15":3},"f":{"0":6,"1":2,"2":2},"b":{"0":[1],"1":[2,1]},"_coverageSchema":"1a1c01bbd47fc00a2c39e90264f33305004495a9","hash":"1e0ef671f3c54a03da39c0afbf367575b37426c7"}
,"/Users/johnchristophermcarrillo/Projects/terraflow-app/backend-documents/utils/errorHandler.js": {"path":"/Users/johnchristophermcarrillo/Projects/terraflow-app/backend-documents/utils/errorHandler.js","statementMap":{"0":{"start":{"line":1,"column":20},"end":{"line":22,"column":1}},"1":{"start":{"line":2,"column":2},"end":{"line":2,"column":57}},"2":{"start":{"line":4,"column":2},"end":{"line":9,"column":3}},"3":{"start":{"line":5,"column":4},"end":{"line":8,"column":7}},"4":{"start":{"line":11,"column":2},"end":{"line":16,"column":3}},"5":{"start":{"line":12,"column":4},"end":{"line":15,"column":7}},"6":{"start":{"line":18,"column":2},"end":{"line":21,"column":5}},"7":{"start":{"line":24,"column":0},"end":{"line":24,"column":33}}},"fnMap":{"0":{"name":"(anonymous_0)","decl":{"start":{"line":1,"column":20},"end":{"line":1,"column":21}},"loc":{"start":{"line":1,"column":47},"end":{"line":22,"column":1}},"line":1}},"branchMap":{"0":{"loc":{"start":{"line":4,"column":2},"end":{"line":9,"column":3}},"type":"if","locations":[{"start":{"line":4,"column":2},"end":{"line":9,"column":3}},{"start":{},"end":{}}],"line":4},"1":{"loc":{"start":{"line":11,"column":2},"end":{"line":16,"column":3}},"type":"if","locations":[{"start":{"line":11,"column":2},"end":{"line":16,"column":3}},{"start":{},"end":{}}],"line":11}},"s":{"0":2,"1":7,"2":7,"3":2,"4":5,"5":0,"6":5,"7":2},"f":{"0":7},"b":{"0":[2,5],"1":[0,5]},"_coverageSchema":"1a1c01bbd47fc00a2c39e90264f33305004495a9","hash":"313732c2f3ab235307d0e91dd6cfe56d2aa1b138"}
,"/Users/johnchristophermcarrillo/Projects/terraflow-app/backend-documents/utils/fileHandler.js": {"path":"/Users/johnchristophermcarrillo/Projects/terraflow-app/backend-documents/utils/fileHandler.js","statementMap":{"0":{"start":{"line":1,"column":11},"end":{"line":1,"column":24}},"1":{"start":{"line":2,"column":13},"end":{"line":2,"column":28}},"2":{"start":{"line":4,"column":19},"end":{"line":15,"column":1}},"3":{"start":{"line":5,"column":2},"end":{"line":7,"column":3}},"4":{"start":{"line":6,"column":4},"end":{"line":6,"column":46}},"5":{"start":{"line":9,"column":2},"end":{"line":9,"column":42}},"6":{"start":{"line":10,"column":2},"end":{"line":10,"column":81}},"7":{"start":{"line":11,"column":2},"end":{"line":11,"column":44}},"8":{"start":{"line":13,"column":21},"end":{"line":13,"column":50}},"9":{"start":{"line":14,"column":2},"end":{"line":14,"column":23}},"10":{"start":{"line":17,"column":17},"end":{"line":21,"column":1}},"11":{"start":{"line":18,"column":19},"end":{"line":18,"column":51}},"12":{"start":{"line":19,"column":2},"end":{"line":19,"column":48}},"13":{"start":{"line":20,"column":2},"end":{"line":20,"column":18}},"14":{"start":{"line":23,"column":19},"end":{"line":29,"column":1}},"15":{"start":{"line":24,"column":2},"end":{"line":28,"column":3}},"16":{"start":{"line":25,"column":4},"end":{"line":25,"column":39}},"17":{"start":{"line":27,"column":4},"end":{"line":27,"column":71}},"18":{"start":{"line":31,"column":25},"end":{"line":33,"column":1}},"19":{"start":{"line":32,"column":2},"end":{"line":32,"column":35}},"20":{"start":{"line":35,"column":0},"end":{"line":40,"column":2}}},"fnMap":{"0":{"name":"(anonymous_0)","decl":{"start":{"line":4,"column":19},"end":{"line":4,"column":20}},"loc":{"start":{"line":4,"column":96},"end":{"line":15,"column":1}},"line":4},"1":{"name":"(anonymous_1)","decl":{"start":{"line":17,"column":17},"end":{"line":17,"column":18}},"loc":{"start":{"line":17,"column":45},"end":{"line":21,"column":1}},"line":17},"2":{"name":"(anonymous_2)","decl":{"start":{"line":23,"column":19},"end":{"line":23,"column":20}},"loc":{"start":{"line":23,"column":39},"end":{"line":29,"column":1}},"line":23},"3":{"name":"(anonymous_3)","decl":{"start":{"line":31,"column":25},"end":{"line":31,"column":26}},"loc":{"start":{"line":31,"column":39},"end":{"line":33,"column":1}},"line":31}},"branchMap":{"0":{"loc":{"start":{"line":4,"column":65},"end":{"line":4,"column":91}},"type":"default-arg","locations":[{"start":{"line":4,"column":79},"end":{"line":4,"column":91}}],"line":4},"1":{"loc":{"start":{"line":5,"column":2},"end":{"line":7,"column":3}},"type":"if","locations":[{"start":{"line":5,"column":2},"end":{"line":7,"column":3}},{"start":{},"end":{}}],"line":5}},"s":{"0":3,"1":3,"2":3,"3":2,"4":1,"5":1,"6":1,"7":1,"8":1,"9":1,"10":3,"11":2,"12":2,"13":1,"14":3,"15":2,"16":2,"17":1,"18":3,"19":3,"20":3},"f":{"0":2,"1":2,"2":2,"3":3},"b":{"0":[1],"1":[1,1]},"_coverageSchema":"1a1c01bbd47fc00a2c39e90264f33305004495a9","hash":"20c074ef73e806a9016367bc41022dc1626988a7"}
,"/Users/johnchristophermcarrillo/Projects/terraflow-app/backend-documents/utils/rabbitmq.js": {"path":"/Users/johnchristophermcarrillo/Projects/terraflow-app/backend-documents/utils/rabbitmq.js","statementMap":{"0":{"start":{"line":1,"column":13},"end":{"line":1,"column":31}},"1":{"start":{"line":3,"column":21},"end":{"line":3,"column":94}},"2":{"start":{"line":7,"column":4},"end":{"line":7,"column":27}},"3":{"start":{"line":8,"column":4},"end":{"line":8,"column":24}},"4":{"start":{"line":12,"column":4},"end":{"line":19,"column":5}},"5":{"start":{"line":13,"column":6},"end":{"line":13,"column":57}},"6":{"start":{"line":14,"column":6},"end":{"line":14,"column":59}},"7":{"start":{"line":15,"column":6},"end":{"line":15,"column":42}},"8":{"start":{"line":17,"column":6},"end":{"line":17,"column":68}},"9":{"start":{"line":18,"column":6},"end":{"line":18,"column":18}},"10":{"start":{"line":23,"column":4},"end":{"line":35,"column":5}},"11":{"start":{"line":24,"column":6},"end":{"line":26,"column":7}},"12":{"start":{"line":25,"column":8},"end":{"line":25,"column":32}},"13":{"start":{"line":28,"column":6},"end":{"line":28,"column":67}},"14":{"start":{"line":29,"column":22},"end":{"line":29,"column":55}},"15":{"start":{"line":30,"column":6},"end":{"line":30,"column":73}},"16":{"start":{"line":33,"column":6},"end":{"line":33,"column":75}},"17":{"start":{"line":34,"column":6},"end":{"line":34,"column":18}},"18":{"start":{"line":39,"column":4},"end":{"line":61,"column":5}},"19":{"start":{"line":40,"column":6},"end":{"line":42,"column":7}},"20":{"start":{"line":41,"column":8},"end":{"line":41,"column":32}},"21":{"start":{"line":44,"column":6},"end":{"line":44,"column":67}},"22":{"start":{"line":46,"column":6},"end":{"line":57,"column":9}},"23":{"start":{"line":47,"column":8},"end":{"line":56,"column":9}},"24":{"start":{"line":48,"column":10},"end":{"line":55,"column":11}},"25":{"start":{"line":49,"column":32},"end":{"line":49,"column":70}},"26":{"start":{"line":50,"column":12},"end":{"line":50,"column":39}},"27":{"start":{"line":51,"column":12},"end":{"line":51,"column":38}},"28":{"start":{"line":53,"column":12},"end":{"line":53,"column":73}},"29":{"start":{"line":54,"column":12},"end":{"line":54,"column":52}},"30":{"start":{"line":59,"column":6},"end":{"line":59,"column":63}},"31":{"start":{"line":60,"column":6},"end":{"line":60,"column":18}},"32":{"start":{"line":65,"column":4},"end":{"line":70,"column":5}},"33":{"start":{"line":66,"column":6},"end":{"line":66,"column":51}},"34":{"start":{"line":66,"column":24},"end":{"line":66,"column":51}},"35":{"start":{"line":67,"column":6},"end":{"line":67,"column":57}},"36":{"start":{"line":67,"column":27},"end":{"line":67,"column":57}},"37":{"start":{"line":69,"column":6},"end":{"line":69,"column":63}},"38":{"start":{"line":74,"column":24},"end":{"line":74,"column":45}},"39":{"start":{"line":75,"column":0},"end":{"line":75,"column":33}}},"fnMap":{"0":{"name":"(anonymous_0)","decl":{"start":{"line":6,"column":2},"end":{"line":6,"column":3}},"loc":{"start":{"line":6,"column":16},"end":{"line":9,"column":3}},"line":6},"1":{"name":"(anonymous_1)","decl":{"start":{"line":11,"column":2},"end":{"line":11,"column":3}},"loc":{"start":{"line":11,"column":21},"end":{"line":20,"column":3}},"line":11},"2":{"name":"(anonymous_2)","decl":{"start":{"line":22,"column":2},"end":{"line":22,"column":3}},"loc":{"start":{"line":22,"column":40},"end":{"line":36,"column":3}},"line":22},"3":{"name":"(anonymous_3)","decl":{"start":{"line":38,"column":2},"end":{"line":38,"column":3}},"loc":{"start":{"line":38,"column":36},"end":{"line":62,"column":3}},"line":38},"4":{"name":"(anonymous_4)","decl":{"start":{"line":46,"column":38},"end":{"line":46,"column":39}},"loc":{"start":{"line":46,"column":57},"end":{"line":57,"column":7}},"line":46},"5":{"name":"(anonymous_5)","decl":{"start":{"line":64,"column":2},"end":{"line":64,"column":3}},"loc":{"start":{"line":64,"column":16},"end":{"line":71,"column":3}},"line":64}},"branchMap":{"0":{"loc":{"start":{"line":3,"column":21},"end":{"line":3,"column":94}},"type":"binary-expr","locations":[{"start":{"line":3,"column":21},"end":{"line":3,"column":45}},{"start":{"line":3,"column":49},"end":{"line":3,"column":94}}],"line":3},"1":{"loc":{"start":{"line":24,"column":6},"end":{"line":26,"column":7}},"type":"if","locations":[{"start":{"line":24,"column":6},"end":{"line":26,"column":7}},{"start":{},"end":{}}],"line":24},"2":{"loc":{"start":{"line":40,"column":6},"end":{"line":42,"column":7}},"type":"if","locations":[{"start":{"line":40,"column":6},"end":{"line":42,"column":7}},{"start":{},"end":{}}],"line":40},"3":{"loc":{"start":{"line":47,"column":8},"end":{"line":56,"column":9}},"type":"if","locations":[{"start":{"line":47,"column":8},"end":{"line":56,"column":9}},{"start":{},"end":{}}],"line":47},"4":{"loc":{"start":{"line":66,"column":6},"end":{"line":66,"column":51}},"type":"if","locations":[{"start":{"line":66,"column":6},"end":{"line":66,"column":51}},{"start":{},"end":{}}],"line":66},"5":{"loc":{"start":{"line":67,"column":6},"end":{"line":67,"column":57}},"type":"if","locations":[{"start":{"line":67,"column":6},"end":{"line":67,"column":57}},{"start":{},"end":{}}],"line":67}},"s":{"0":2,"1":2,"2":2,"3":2,"4":10,"5":10,"6":7,"7":7,"8":3,"9":3,"10":3,"11":3,"12":3,"13":2,"14":2,"15":2,"16":1,"17":1,"18":5,"19":5,"20":5,"21":4,"22":4,"23":3,"24":2,"25":2,"26":2,"27":1,"28":1,"29":1,"30":1,"31":1,"32":3,"33":3,"34":2,"35":2,"36":1,"37":1,"38":2,"39":2},"f":{"0":2,"1":10,"2":3,"3":5,"4":3,"5":3},"b":{"0":[2,2],"1":[3,0],"2":[5,0],"3":[2,1],"4":[2,1],"5":[1,1]},"_coverageSchema":"1a1c01bbd47fc00a2c39e90264f33305004495a9","hash":"336c1c544fa5590f77be305e9d574ffc22cd06d9"}
}
