TN:
SF:controllers/documents.js
FN:5,(anonymous_0)
FN:5,(anonymous_1)
FN:14,(anonymous_2)
FN:23,(anonymous_3)
FN:32,(anonymous_4)
FN:38,(anonymous_5)
FN:46,(anonymous_6)
FNF:7
FNH:6
FNDA:1,(anonymous_0)
FNDA:1,(anonymous_1)
FNDA:2,(anonymous_2)
FNDA:0,(anonymous_3)
FNDA:6,(anonymous_4)
FNDA:3,(anonymous_5)
FNDA:3,(anonymous_6)
DA:1,1
DA:2,1
DA:3,1
DA:5,1
DA:14,1
DA:15,2
DA:16,2
DA:17,1
DA:19,1
DA:23,1
DA:24,0
DA:25,0
DA:26,0
DA:28,0
DA:32,1
DA:33,6
DA:34,4
DA:35,2
DA:38,1
DA:39,3
DA:40,3
DA:42,1
DA:46,1
DA:47,3
DA:48,3
DA:50,1
DA:54,1
LF:27
LH:23
BRDA:34,0,0,2
BRDA:34,0,1,2
BRF:2
BRH:2
end_of_record
TN:
SF:services/document.js
FN:6,(anonymous_0)
FN:23,(anonymous_1)
FN:30,(anonymous_2)
FN:34,(anonymous_3)
FN:38,(anonymous_4)
FN:46,(anonymous_5)
FN:54,(anonymous_6)
FNF:7
FNH:6
FNDA:5,(anonymous_0)
FNDA:1,(anonymous_1)
FNDA:1,(anonymous_2)
FNDA:0,(anonymous_3)
FNDA:2,(anonymous_4)
FNDA:2,(anonymous_5)
FNDA:1,(anonymous_6)
DA:1,2
DA:2,2
DA:10,5
DA:12,5
DA:20,4
DA:24,1
DA:27,1
DA:31,1
DA:35,0
DA:39,2
DA:43,2
DA:47,2
DA:51,2
DA:55,1
DA:61,1
DA:66,2
DA:67,2
LF:17
LH:16
BRDA:43,0,0,2
BRDA:43,0,1,1
BRF:2
BRH:2
end_of_record
TN:
SF:utils/database.js
FN:3,(anonymous_0)
FN:13,(anonymous_1)
FN:19,(anonymous_2)
FNF:3
FNH:3
FNDA:6,(anonymous_0)
FNDA:2,(anonymous_1)
FNDA:2,(anonymous_2)
DA:1,3
DA:3,3
DA:4,6
DA:5,6
DA:6,5
DA:8,1
DA:9,1
DA:13,3
DA:14,2
DA:15,2
DA:16,2
DA:19,3
DA:20,2
DA:21,2
DA:22,2
DA:25,3
LF:16
LH:16
BRDA:3,0,0,1
BRDA:16,1,0,2
BRDA:16,1,1,1
BRF:3
BRH:3
end_of_record
TN:
SF:utils/errorHandler.js
FN:1,(anonymous_0)
FNF:1
FNH:1
FNDA:3,(anonymous_0)
DA:1,1
DA:2,3
DA:4,3
DA:5,0
DA:11,3
DA:12,0
DA:18,3
DA:24,1
LF:8
LH:6
BRDA:4,0,0,0
BRDA:4,0,1,3
BRDA:11,1,0,0
BRDA:11,1,1,3
BRF:4
BRH:2
end_of_record
TN:
SF:utils/fileHandler.js
FN:4,(anonymous_0)
FN:17,(anonymous_1)
FN:23,(anonymous_2)
FN:31,(anonymous_3)
FNF:4
FNH:3
FNDA:0,(anonymous_0)
FNDA:2,(anonymous_1)
FNDA:2,(anonymous_2)
FNDA:3,(anonymous_3)
DA:1,3
DA:2,3
DA:4,3
DA:5,0
DA:6,0
DA:9,0
DA:10,0
DA:11,0
DA:13,0
DA:14,0
DA:17,3
DA:18,2
DA:19,2
DA:20,1
DA:23,3
DA:24,2
DA:25,2
DA:27,1
DA:31,3
DA:32,3
DA:35,3
LF:21
LH:14
BRDA:4,0,0,0
BRDA:5,1,0,0
BRDA:5,1,1,0
BRF:3
BRH:0
end_of_record
TN:
SF:utils/rabbitmq.js
FN:6,(anonymous_0)
FN:11,(anonymous_1)
FN:22,(anonymous_2)
FN:38,(anonymous_3)
FN:46,(anonymous_4)
FN:64,(anonymous_5)
FNF:6
FNH:1
FNDA:1,(anonymous_0)
FNDA:0,(anonymous_1)
FNDA:0,(anonymous_2)
FNDA:0,(anonymous_3)
FNDA:0,(anonymous_4)
FNDA:0,(anonymous_5)
DA:1,1
DA:3,1
DA:7,1
DA:8,1
DA:12,0
DA:13,0
DA:14,0
DA:15,0
DA:17,0
DA:18,0
DA:23,0
DA:24,0
DA:25,0
DA:28,0
DA:29,0
DA:30,0
DA:33,0
DA:34,0
DA:39,0
DA:40,0
DA:41,0
DA:44,0
DA:46,0
DA:47,0
DA:48,0
DA:49,0
DA:50,0
DA:51,0
DA:53,0
DA:54,0
DA:59,0
DA:60,0
DA:65,0
DA:66,0
DA:67,0
DA:69,0
DA:74,1
DA:75,1
LF:38
LH:6
BRDA:3,0,0,1
BRDA:3,0,1,1
BRDA:24,1,0,0
BRDA:24,1,1,0
BRDA:40,2,0,0
BRDA:40,2,1,0
BRDA:47,3,0,0
BRDA:47,3,1,0
BRDA:66,4,0,0
BRDA:66,4,1,0
BRDA:67,5,0,0
BRDA:67,5,1,0
BRF:12
BRH:2
end_of_record
