TN:
SF:config/constants.js
FNF:0
FNH:0
DA:1,3
LF:1
LH:1
BRF:0
BRH:0
end_of_record
TN:
SF:config/db.js
FN:15,(anonymous_0)
FNF:1
FNH:1
FNDA:2,(anonymous_0)
DA:1,3
DA:2,3
DA:4,3
DA:15,3
DA:16,2
DA:19,2
DA:21,2
DA:22,1
DA:25,1
DA:44,1
DA:50,1
DA:53,1
DA:54,1
DA:58,3
LF:14
LH:14
BRDA:5,0,0,3
BRDA:5,0,1,3
BRDA:6,1,0,3
BRDA:6,1,1,3
BRDA:7,2,0,3
BRDA:7,2,1,3
BRDA:8,3,0,3
BRDA:8,3,1,3
BRDA:9,4,0,3
BRDA:9,4,1,3
BRF:10
BRH:10
end_of_record
TN:
SF:controllers/documents.js
FN:5,(anonymous_0)
FN:5,(anonymous_1)
FN:14,(anonymous_2)
FN:23,(anonymous_3)
FN:32,(anonymous_4)
FN:38,(anonymous_5)
FN:46,(anonymous_6)
FNF:7
FNH:7
FNDA:2,(anonymous_0)
FNDA:2,(anonymous_1)
FNDA:2,(anonymous_2)
FNDA:2,(anonymous_3)
FNDA:6,(anonymous_4)
FNDA:3,(anonymous_5)
FNDA:3,(anonymous_6)
DA:1,1
DA:2,1
DA:3,1
DA:5,2
DA:14,1
DA:15,2
DA:16,2
DA:17,1
DA:19,1
DA:23,1
DA:24,2
DA:25,2
DA:26,1
DA:28,1
DA:32,1
DA:33,6
DA:34,4
DA:35,2
DA:38,1
DA:39,3
DA:40,3
DA:42,1
DA:46,1
DA:47,3
DA:48,3
DA:50,1
DA:54,1
LF:27
LH:27
BRDA:34,0,0,2
BRDA:34,0,1,2
BRF:2
BRH:2
end_of_record
TN:
SF:middleware/cors.js
FNF:0
FNH:0
DA:1,1
DA:3,1
DA:10,1
LF:3
LH:3
BRDA:4,0,0,1
BRDA:4,0,1,1
BRF:2
BRH:2
end_of_record
TN:
SF:routes/documents.js
FNF:0
FNH:0
DA:1,1
DA:2,1
DA:3,1
DA:4,1
DA:7,1
DA:8,1
DA:9,1
DA:10,1
DA:12,1
LF:9
LH:9
BRF:0
BRH:0
end_of_record
TN:
SF:services/consumer.js
FN:6,(anonymous_0)
FN:25,(anonymous_1)
FN:34,(anonymous_2)
FN:88,(anonymous_3)
FN:93,(anonymous_4)
FN:102,(anonymous_5)
FNF:6
FNH:6
FNDA:6,(anonymous_0)
FNDA:3,(anonymous_1)
FNDA:4,(anonymous_2)
FNDA:2,(anonymous_3)
FNDA:1,(anonymous_4)
FNDA:8,(anonymous_5)
DA:1,1
DA:2,1
DA:3,1
DA:4,1
DA:6,1
DA:7,6
DA:9,6
DA:11,3
DA:12,3
DA:16,2
DA:17,2
DA:20,1
DA:21,1
DA:25,1
DA:26,3
DA:27,3
DA:29,3
DA:30,3
DA:31,3
DA:32,3
DA:33,3
DA:34,3
DA:35,4
DA:38,3
DA:39,3
DA:40,4
DA:41,4
DA:42,4
DA:43,4
DA:45,4
DA:58,3
DA:61,2
DA:68,2
DA:69,2
DA:70,2
DA:73,1
DA:74,1
DA:77,1
DA:83,1
DA:84,1
DA:88,1
DA:89,2
DA:90,2
DA:93,1
DA:94,1
DA:95,1
DA:97,1
DA:98,2
DA:102,1
DA:103,8
DA:104,8
DA:106,1
DA:107,1
DA:111,1
LF:54
LH:54
BRDA:9,0,0,3
BRDA:9,0,1,1
BRDA:9,0,2,2
BRDA:9,0,3,1
BRDA:32,1,0,3
BRDA:32,1,1,2
BRDA:41,2,0,1
BRDA:41,2,1,3
BRDA:46,3,0,1
BRDA:46,3,1,3
BRDA:47,4,0,4
BRDA:47,4,1,3
BRDA:48,5,0,1
BRDA:48,5,1,3
BRF:14
BRH:14
end_of_record
TN:
SF:services/document.js
FN:6,(anonymous_0)
FN:23,(anonymous_1)
FN:30,(anonymous_2)
FN:34,(anonymous_3)
FN:38,(anonymous_4)
FN:46,(anonymous_5)
FN:54,(anonymous_6)
FNF:7
FNH:7
FNDA:5,(anonymous_0)
FNDA:2,(anonymous_1)
FNDA:1,(anonymous_2)
FNDA:1,(anonymous_3)
FNDA:2,(anonymous_4)
FNDA:2,(anonymous_5)
FNDA:1,(anonymous_6)
DA:1,2
DA:2,2
DA:10,5
DA:12,5
DA:20,4
DA:24,2
DA:27,2
DA:31,1
DA:35,1
DA:39,2
DA:43,2
DA:47,2
DA:51,2
DA:55,1
DA:61,1
DA:66,2
DA:67,2
LF:17
LH:17
BRDA:43,0,0,2
BRDA:43,0,1,1
BRF:2
BRH:2
end_of_record
TN:
SF:utils/auth.js
FN:3,(anonymous_0)
FN:11,(anonymous_1)
FNF:2
FNH:2
FNDA:3,(anonymous_0)
FNDA:2,(anonymous_1)
DA:1,1
DA:3,1
DA:4,3
DA:5,3
DA:7,3
DA:8,1
DA:11,2
DA:12,2
DA:13,1
DA:15,1
DA:16,1
DA:20,1
LF:12
LH:12
BRDA:5,0,0,3
BRDA:5,0,1,2
BRDA:7,1,0,1
BRDA:7,1,1,2
BRDA:11,2,0,2
BRDA:11,2,1,2
BRDA:12,3,0,1
BRDA:12,3,1,1
BRF:8
BRH:8
end_of_record
TN:
SF:utils/database.js
FN:3,(anonymous_0)
FN:13,(anonymous_1)
FN:19,(anonymous_2)
FNF:3
FNH:3
FNDA:6,(anonymous_0)
FNDA:2,(anonymous_1)
FNDA:2,(anonymous_2)
DA:1,3
DA:3,3
DA:4,6
DA:5,6
DA:6,5
DA:8,1
DA:9,1
DA:13,3
DA:14,2
DA:15,2
DA:16,2
DA:19,3
DA:20,2
DA:21,2
DA:22,2
DA:25,3
LF:16
LH:16
BRDA:3,0,0,1
BRDA:16,1,0,2
BRDA:16,1,1,1
BRF:3
BRH:3
end_of_record
TN:
SF:utils/errorHandler.js
FN:1,(anonymous_0)
FNF:1
FNH:1
FNDA:7,(anonymous_0)
DA:1,2
DA:2,7
DA:4,7
DA:5,2
DA:11,5
DA:12,0
DA:18,5
DA:24,2
LF:8
LH:7
BRDA:4,0,0,2
BRDA:4,0,1,5
BRDA:11,1,0,0
BRDA:11,1,1,5
BRF:4
BRH:3
end_of_record
TN:
SF:utils/fileHandler.js
FN:4,(anonymous_0)
FN:17,(anonymous_1)
FN:23,(anonymous_2)
FN:31,(anonymous_3)
FNF:4
FNH:4
FNDA:2,(anonymous_0)
FNDA:2,(anonymous_1)
FNDA:2,(anonymous_2)
FNDA:3,(anonymous_3)
DA:1,3
DA:2,3
DA:4,3
DA:5,2
DA:6,1
DA:9,1
DA:10,1
DA:11,1
DA:13,1
DA:14,1
DA:17,3
DA:18,2
DA:19,2
DA:20,1
DA:23,3
DA:24,2
DA:25,2
DA:27,1
DA:31,3
DA:32,3
DA:35,3
LF:21
LH:21
BRDA:4,0,0,1
BRDA:5,1,0,1
BRDA:5,1,1,1
BRF:3
BRH:3
end_of_record
TN:
SF:utils/rabbitmq.js
FN:6,(anonymous_0)
FN:11,(anonymous_1)
FN:22,(anonymous_2)
FN:38,(anonymous_3)
FN:46,(anonymous_4)
FN:64,(anonymous_5)
FNF:6
FNH:6
FNDA:2,(anonymous_0)
FNDA:10,(anonymous_1)
FNDA:3,(anonymous_2)
FNDA:5,(anonymous_3)
FNDA:3,(anonymous_4)
FNDA:3,(anonymous_5)
DA:1,2
DA:3,2
DA:7,2
DA:8,2
DA:12,10
DA:13,10
DA:14,7
DA:15,7
DA:17,3
DA:18,3
DA:23,3
DA:24,3
DA:25,3
DA:28,2
DA:29,2
DA:30,2
DA:33,1
DA:34,1
DA:39,5
DA:40,5
DA:41,5
DA:44,4
DA:46,4
DA:47,3
DA:48,2
DA:49,2
DA:50,2
DA:51,1
DA:53,1
DA:54,1
DA:59,1
DA:60,1
DA:65,3
DA:66,3
DA:67,2
DA:69,1
DA:74,2
DA:75,2
LF:38
LH:38
BRDA:3,0,0,2
BRDA:3,0,1,2
BRDA:24,1,0,3
BRDA:24,1,1,0
BRDA:40,2,0,5
BRDA:40,2,1,0
BRDA:47,3,0,2
BRDA:47,3,1,1
BRDA:66,4,0,2
BRDA:66,4,1,1
BRDA:67,5,0,1
BRDA:67,5,1,1
BRF:12
BRH:10
end_of_record
