TN:
SF:backend-blockchain/services/chaincode-service.js
FN:4,(anonymous_0)
FN:8,(anonymous_1)
FN:59,(anonymous_2)
FN:85,(anonymous_3)
FN:111,(anonymous_4)
FN:162,(anonymous_5)
FN:215,(anonymous_6)
FN:268,(anonymous_7)
FN:287,(anonymous_8)
FNF:9
FNH:8
FNDA:26,(anonymous_0)
FNDA:5,(anonymous_1)
FNDA:2,(anonymous_2)
FNDA:2,(anonymous_3)
FNDA:5,(anonymous_4)
FNDA:5,(anonymous_5)
FNDA:5,(anonymous_6)
FNDA:2,(anonymous_7)
FNDA:0,(anonymous_8)
DA:1,1
DA:5,26
DA:9,5
DA:18,5
DA:20,5
DA:23,5
DA:34,3
DA:36,3
DA:38,3
DA:47,2
DA:49,2
DA:60,2
DA:61,2
DA:63,2
DA:68,1
DA:75,1
DA:77,1
DA:86,2
DA:87,2
DA:89,2
DA:94,1
DA:101,1
DA:103,1
DA:112,5
DA:121,5
DA:123,5
DA:126,5
DA:137,3
DA:139,3
DA:141,3
DA:150,2
DA:152,2
DA:163,5
DA:173,5
DA:175,5
DA:178,5
DA:190,3
DA:192,3
DA:194,3
DA:203,2
DA:205,2
DA:216,5
DA:226,5
DA:228,5
DA:231,5
DA:243,3
DA:245,3
DA:247,3
DA:256,2
DA:258,2
DA:269,2
DA:270,2
DA:272,2
DA:278,1
DA:279,1
DA:282,1
DA:283,1
DA:288,0
DA:292,1
LF:59
LH:58
BRDA:40,0,0,3
BRDA:40,0,1,2
BRDA:41,1,0,3
BRDA:41,1,1,2
BRDA:51,2,0,2
BRDA:51,2,1,0
BRDA:70,3,0,1
BRDA:70,3,1,0
BRDA:143,4,0,3
BRDA:143,4,1,2
BRDA:144,5,0,3
BRDA:144,5,1,2
BRDA:154,6,0,2
BRDA:154,6,1,0
BRDA:196,7,0,3
BRDA:196,7,1,2
BRDA:197,8,0,3
BRDA:197,8,1,2
BRDA:207,9,0,2
BRDA:207,9,1,0
BRDA:249,10,0,3
BRDA:249,10,1,2
BRDA:250,11,0,3
BRDA:250,11,1,2
BRDA:260,12,0,2
BRDA:260,12,1,0
BRDA:278,13,0,1
BRDA:278,13,1,0
BRDA:279,14,0,1
BRDA:279,14,1,0
BRF:30
BRH:23
end_of_record
TN:
SF:backend-documents/services/document.js
FN:6,(anonymous_0)
FN:23,(anonymous_1)
FN:33,(anonymous_2)
FN:41,(anonymous_3)
FN:49,(anonymous_4)
FNF:5
FNH:5
FNDA:5,(anonymous_0)
FNDA:1,(anonymous_1)
FNDA:2,(anonymous_2)
FNDA:2,(anonymous_3)
FNDA:1,(anonymous_4)
DA:1,1
DA:2,1
DA:10,5
DA:12,5
DA:20,4
DA:24,1
DA:30,1
DA:34,2
DA:38,2
DA:42,2
DA:46,2
DA:50,1
DA:56,1
DA:61,1
DA:62,1
LF:15
LH:15
BRDA:38,0,0,2
BRDA:38,0,1,1
BRF:2
BRH:2
end_of_record
TN:
SF:backend-documents/utils/database.js
FN:3,(anonymous_0)
FN:13,(anonymous_1)
FN:19,(anonymous_2)
FNF:3
FNH:3
FNDA:6,(anonymous_0)
FNDA:2,(anonymous_1)
FNDA:2,(anonymous_2)
DA:1,2
DA:3,2
DA:4,6
DA:5,6
DA:6,5
DA:8,1
DA:9,1
DA:13,2
DA:14,2
DA:15,2
DA:16,2
DA:19,2
DA:20,2
DA:21,2
DA:22,2
DA:25,2
LF:16
LH:16
BRDA:3,0,0,1
BRDA:16,1,0,2
BRDA:16,1,1,1
BRF:3
BRH:3
end_of_record
TN:
SF:backend-documents/utils/fileHandler.js
FN:4,(anonymous_0)
FN:17,(anonymous_1)
FN:23,(anonymous_2)
FN:31,(anonymous_3)
FNF:4
FNH:3
FNDA:0,(anonymous_0)
FNDA:2,(anonymous_1)
FNDA:2,(anonymous_2)
FNDA:3,(anonymous_3)
DA:1,2
DA:2,2
DA:4,2
DA:5,0
DA:6,0
DA:9,0
DA:10,0
DA:11,0
DA:13,0
DA:14,0
DA:17,2
DA:18,2
DA:19,2
DA:20,1
DA:23,2
DA:24,2
DA:25,2
DA:27,1
DA:31,2
DA:32,3
DA:35,2
LF:21
LH:14
BRDA:4,0,0,0
BRDA:5,1,0,0
BRDA:5,1,1,0
BRF:3
BRH:0
end_of_record
TN:
SF:backend-documents/utils/rabbitmq.js
FN:6,(anonymous_0)
FN:11,(anonymous_1)
FN:22,(anonymous_2)
FN:38,(anonymous_3)
FN:46,(anonymous_4)
FN:64,(anonymous_5)
FNF:6
FNH:1
FNDA:1,(anonymous_0)
FNDA:0,(anonymous_1)
FNDA:0,(anonymous_2)
FNDA:0,(anonymous_3)
FNDA:0,(anonymous_4)
FNDA:0,(anonymous_5)
DA:1,1
DA:3,1
DA:7,1
DA:8,1
DA:12,0
DA:13,0
DA:14,0
DA:15,0
DA:17,0
DA:18,0
DA:23,0
DA:24,0
DA:25,0
DA:28,0
DA:29,0
DA:30,0
DA:33,0
DA:34,0
DA:39,0
DA:40,0
DA:41,0
DA:44,0
DA:46,0
DA:47,0
DA:48,0
DA:49,0
DA:50,0
DA:51,0
DA:53,0
DA:54,0
DA:59,0
DA:60,0
DA:65,0
DA:66,0
DA:67,0
DA:69,0
DA:74,1
DA:75,1
LF:38
LH:6
BRDA:3,0,0,1
BRDA:3,0,1,1
BRDA:24,1,0,0
BRDA:24,1,1,0
BRDA:40,2,0,0
BRDA:40,2,1,0
BRDA:47,3,0,0
BRDA:47,3,1,0
BRDA:66,4,0,0
BRDA:66,4,1,0
BRDA:67,5,0,0
BRDA:67,5,1,0
BRF:12
BRH:2
end_of_record
TN:
SF:backend-landregistry/services/blockchain-client.js
FN:25,(anonymous_0)
FN:29,(anonymous_1)
FN:33,(anonymous_2)
FN:48,(anonymous_3)
FN:49,(anonymous_4)
FN:50,(anonymous_5)
FN:62,(anonymous_6)
FN:63,(anonymous_7)
FN:64,(anonymous_8)
FN:76,(anonymous_9)
FN:79,(anonymous_10)
FN:83,(anonymous_11)
FN:95,(anonymous_12)
FN:96,(anonymous_13)
FN:97,(anonymous_14)
FN:107,(anonymous_15)
FN:110,(anonymous_16)
FN:114,(anonymous_17)
FNF:18
FNH:0
FNDA:0,(anonymous_0)
FNDA:0,(anonymous_1)
FNDA:0,(anonymous_2)
FNDA:0,(anonymous_3)
FNDA:0,(anonymous_4)
FNDA:0,(anonymous_5)
FNDA:0,(anonymous_6)
FNDA:0,(anonymous_7)
FNDA:0,(anonymous_8)
FNDA:0,(anonymous_9)
FNDA:0,(anonymous_10)
FNDA:0,(anonymous_11)
FNDA:0,(anonymous_12)
FNDA:0,(anonymous_13)
FNDA:0,(anonymous_14)
FNDA:0,(anonymous_15)
FNDA:0,(anonymous_16)
FNDA:0,(anonymous_17)
DA:1,3
DA:2,3
DA:3,3
DA:6,3
DA:7,3
DA:16,3
DA:19,3
DA:26,0
DA:27,0
DA:29,0
DA:30,0
DA:31,0
DA:33,0
DA:34,0
DA:35,0
DA:36,0
DA:37,0
DA:38,0
DA:39,0
DA:41,0
DA:42,0
DA:49,0
DA:50,0
DA:51,0
DA:52,0
DA:53,0
DA:55,0
DA:56,0
DA:63,0
DA:64,0
DA:65,0
DA:66,0
DA:67,0
DA:69,0
DA:70,0
DA:77,0
DA:79,0
DA:80,0
DA:81,0
DA:83,0
DA:84,0
DA:85,0
DA:86,0
DA:88,0
DA:89,0
DA:96,0
DA:97,0
DA:98,0
DA:99,0
DA:101,0
DA:108,0
DA:110,0
DA:111,0
DA:112,0
DA:114,0
DA:115,0
DA:116,0
DA:117,0
DA:119,0
DA:120,0
DA:127,3
LF:61
LH:8
BRDA:20,0,0,3
BRDA:20,0,1,3
BRDA:26,1,0,0
BRDA:26,1,1,0
BRDA:34,2,0,0
BRDA:34,2,1,0
BRDA:51,3,0,0
BRDA:51,3,1,0
BRDA:65,4,0,0
BRDA:65,4,1,0
BRDA:84,5,0,0
BRDA:84,5,1,0
BRDA:98,6,0,0
BRDA:98,6,1,0
BRDA:115,7,0,0
BRDA:115,7,1,0
BRDA:120,8,0,0
BRDA:120,8,1,0
BRF:18
BRH:2
end_of_record
TN:
SF:backend-landregistry/services/landtitles.js
FN:7,(anonymous_0)
FN:78,(anonymous_1)
FN:90,(anonymous_2)
FNF:3
FNH:2
FNDA:7,(anonymous_0)
FNDA:0,(anonymous_1)
FNDA:2,(anonymous_2)
DA:1,1
DA:2,1
DA:3,1
DA:4,1
DA:5,1
DA:7,1
DA:8,7
DA:10,7
DA:11,7
DA:12,7
DA:13,7
DA:15,7
DA:16,7
DA:17,7
DA:19,6
DA:20,6
DA:21,1
DA:22,1
DA:26,5
DA:37,5
DA:57,5
DA:59,5
DA:67,5
DA:68,5
DA:69,5
DA:71,5
DA:74,2
DA:78,1
DA:79,0
DA:80,0
DA:81,0
DA:82,0
DA:83,0
DA:85,0
DA:86,0
DA:90,1
DA:91,2
DA:92,2
DA:93,2
DA:94,2
DA:95,2
DA:96,2
DA:98,0
DA:99,0
DA:103,1
LF:45
LH:36
BRDA:20,0,0,1
BRDA:20,0,1,5
BRDA:69,1,0,1
BRDA:69,1,1,4
BRDA:95,2,0,2
BRDA:95,2,1,0
BRDA:96,3,0,2
BRDA:96,3,1,0
BRF:8
BRH:6
end_of_record
TN:
SF:backend-landregistry/services/payments.js
FN:8,(anonymous_0)
FN:15,(anonymous_1)
FN:17,(anonymous_2)
FN:29,(anonymous_3)
FN:32,(anonymous_4)
FN:62,(anonymous_5)
FN:83,(anonymous_6)
FN:134,(anonymous_7)
FNF:8
FNH:6
FNDA:0,(anonymous_0)
FNDA:1,(anonymous_1)
FNDA:0,(anonymous_2)
FNDA:3,(anonymous_3)
FNDA:3,(anonymous_4)
FNDA:15,(anonymous_5)
FNDA:14,(anonymous_6)
FNDA:13,(anonymous_7)
DA:1,2
DA:2,2
DA:3,2
DA:4,2
DA:5,2
DA:8,2
DA:9,0
DA:10,0
DA:12,0
DA:15,2
DA:16,1
DA:18,0
DA:22,0
DA:23,0
DA:26,1
DA:29,2
DA:31,3
DA:33,3
DA:38,3
DA:39,1
DA:42,2
DA:43,2
DA:48,2
DA:56,2
DA:57,2
DA:59,2
DA:62,2
DA:63,15
DA:65,15
DA:66,15
DA:69,15
DA:70,15
DA:72,15
DA:73,1
DA:76,14
DA:77,14
DA:79,14
DA:82,14
DA:84,14
DA:88,14
DA:92,14
DA:93,13
DA:94,13
DA:97,13
DA:99,13
DA:101,1
DA:103,1
DA:110,1
DA:111,1
DA:115,1
DA:117,1
DA:118,1
DA:125,1
DA:127,0
DA:130,1
DA:134,2
DA:135,13
DA:136,13
DA:138,9
DA:140,3
DA:141,3
DA:143,3
DA:154,3
DA:156,3
DA:158,2
DA:160,2
DA:161,2
DA:162,2
DA:165,2
DA:167,2
DA:168,2
DA:172,2
DA:177,1
DA:180,1
DA:184,1
DA:187,1
DA:194,1
DA:195,1
DA:196,1
DA:200,6
DA:201,6
DA:204,6
DA:205,0
DA:208,6
DA:218,6
DA:220,5
DA:221,5
DA:222,5
DA:224,5
DA:226,5
DA:227,5
DA:231,5
DA:234,0
DA:238,1
DA:241,1
DA:245,1
DA:248,1
DA:255,1
DA:256,1
DA:257,1
DA:262,7
DA:271,7
DA:272,4
DA:274,4
DA:275,4
DA:277,4
DA:287,4
DA:289,4
DA:291,4
DA:293,4
DA:294,4
DA:295,4
DA:297,4
DA:299,4
DA:300,4
DA:304,4
DA:309,0
DA:312,4
DA:321,4
DA:325,0
DA:329,2
LF:121
LH:110
BRDA:9,0,0,0
BRDA:9,0,1,0
BRDA:38,1,0,1
BRDA:38,1,1,2
BRDA:72,2,0,1
BRDA:72,2,1,14
BRDA:92,3,0,13
BRDA:92,3,1,1
BRDA:136,4,0,9
BRDA:136,4,1,4
BRDA:138,5,0,3
BRDA:138,5,1,6
BRDA:160,6,0,2
BRDA:160,6,1,0
BRDA:167,7,0,2
BRDA:167,7,1,0
BRDA:204,8,0,0
BRDA:204,8,1,6
BRDA:204,9,0,6
BRDA:204,9,1,6
BRDA:220,10,0,5
BRDA:220,10,1,0
BRDA:226,11,0,5
BRDA:226,11,1,0
BRDA:272,12,0,4
BRDA:272,12,1,0
BRDA:272,13,0,4
BRDA:272,13,1,4
BRDA:293,14,0,4
BRDA:293,14,1,0
BRDA:299,15,0,4
BRDA:299,15,1,0
BRF:32
BRH:22
end_of_record
TN:
SF:backend-landregistry/services/transaction-manager.js
FN:4,(anonymous_0)
FN:34,(anonymous_1)
FNF:2
FNH:0
FNDA:0,(anonymous_0)
FNDA:0,(anonymous_1)
DA:1,2
DA:5,0
DA:6,0
DA:9,0
DA:11,0
DA:12,0
DA:13,0
DA:15,0
DA:16,0
DA:17,0
DA:18,0
DA:21,0
DA:22,0
DA:23,0
DA:26,0
DA:27,0
DA:28,0
DA:30,0
DA:35,0
DA:37,0
DA:38,0
DA:39,0
DA:40,0
DA:41,0
DA:45,0
DA:46,0
DA:47,0
DA:48,0
DA:50,0
DA:53,0
DA:58,2
LF:31
LH:2
BRDA:5,0,0,0
BRDA:5,0,1,0
BRDA:5,1,0,0
BRDA:5,1,1,0
BRDA:40,2,0,0
BRDA:40,2,1,0
BRF:6
BRH:0
end_of_record
TN:
SF:backend-landregistry/services/transfers.js
FN:6,(anonymous_0)
FN:71,(anonymous_1)
FN:88,(anonymous_2)
FN:107,(anonymous_3)
FN:241,(anonymous_4)
FN:308,(anonymous_5)
FNF:6
FNH:6
FNDA:5,(anonymous_0)
FNDA:1,(anonymous_1)
FNDA:1,(anonymous_2)
FNDA:5,(anonymous_3)
FNDA:2,(anonymous_4)
FNDA:2,(anonymous_5)
DA:1,1
DA:2,1
DA:3,1
DA:4,1
DA:6,1
DA:7,5
DA:9,5
DA:14,5
DA:15,1
DA:19,4
DA:24,4
DA:25,1
DA:26,1
DA:29,3
DA:32,3
DA:35,3
DA:59,3
DA:60,3
DA:61,3
DA:62,3
DA:64,3
DA:66,2
DA:67,2
DA:71,1
DA:72,1
DA:73,1
DA:79,1
DA:80,1
DA:81,1
DA:83,0
DA:84,0
DA:88,1
DA:89,1
DA:90,1
DA:95,1
DA:96,0
DA:99,1
DA:100,1
DA:102,0
DA:103,0
DA:107,1
DA:108,5
DA:109,5
DA:112,5
DA:117,5
DA:118,0
DA:121,5
DA:124,5
DA:130,5
DA:147,5
DA:150,5
DA:151,5
DA:153,5
DA:155,5
DA:178,5
DA:179,5
DA:180,5
DA:181,5
DA:182,5
DA:186,5
DA:209,5
DA:210,5
DA:211,5
DA:212,5
DA:213,5
DA:216,5
DA:218,5
DA:223,5
DA:227,5
DA:230,0
DA:233,5
DA:236,0
DA:237,0
DA:241,1
DA:242,2
DA:244,2
DA:249,2
DA:250,0
DA:253,2
DA:255,2
DA:256,1
DA:260,1
DA:261,1
DA:262,1
DA:264,1
DA:265,1
DA:266,1
DA:268,1
DA:269,1
DA:270,1
DA:272,1
DA:273,0
DA:274,0
DA:276,1
DA:277,0
DA:278,0
DA:280,1
DA:281,0
DA:282,0
DA:285,1
DA:286,0
DA:289,1
DA:290,1
DA:292,1
DA:299,1
DA:300,1
DA:301,1
DA:303,1
DA:304,1
DA:308,1
DA:309,2
DA:310,2
DA:315,2
DA:316,1
DA:319,1
DA:320,1
DA:322,1
DA:323,1
DA:327,1
LF:119
LH:102
BRDA:14,0,0,1
BRDA:14,0,1,4
BRDA:24,1,0,1
BRDA:24,1,1,3
BRDA:53,2,0,3
BRDA:53,2,1,2
BRDA:95,3,0,0
BRDA:95,3,1,1
BRDA:117,4,0,0
BRDA:117,4,1,5
BRDA:180,5,0,5
BRDA:180,5,1,0
BRDA:180,6,0,5
BRDA:180,6,1,5
BRDA:211,7,0,5
BRDA:211,7,1,0
BRDA:211,8,0,5
BRDA:211,8,1,5
BRDA:216,9,0,5
BRDA:216,9,1,0
BRDA:249,10,0,0
BRDA:249,10,1,2
BRDA:255,11,0,1
BRDA:255,11,1,1
BRDA:264,12,0,1
BRDA:264,12,1,0
BRDA:268,13,0,1
BRDA:268,13,1,0
BRDA:272,14,0,0
BRDA:272,14,1,1
BRDA:276,15,0,0
BRDA:276,15,1,1
BRDA:280,16,0,0
BRDA:280,16,1,1
BRDA:285,17,0,0
BRDA:285,17,1,1
BRDA:315,18,0,1
BRDA:315,18,1,1
BRF:38
BRH:26
end_of_record
TN:
SF:backend-landregistry/utils/errorHandler.js
FN:1,(anonymous_0)
FNF:1
FNH:0
FNDA:0,(anonymous_0)
DA:1,1
DA:2,0
DA:4,0
DA:5,0
DA:11,0
DA:12,0
DA:18,0
DA:19,0
DA:25,0
DA:31,1
LF:10
LH:2
BRDA:4,0,0,0
BRDA:4,0,1,0
BRDA:11,1,0,0
BRDA:11,1,1,0
BRDA:18,2,0,0
BRDA:18,2,1,0
BRF:6
BRH:0
end_of_record
TN:
SF:backend-landregistry/utils/rabbitmq.js
FN:6,(anonymous_0)
FN:11,(anonymous_1)
FN:22,(anonymous_2)
FN:38,(anonymous_3)
FN:46,(anonymous_4)
FN:64,(anonymous_5)
FN:75,(anonymous_6)
FN:150,(anonymous_7)
FN:200,(anonymous_8)
FN:212,(anonymous_9)
FN:224,(anonymous_10)
FN:236,(anonymous_11)
FN:249,(anonymous_12)
FNF:13
FNH:1
FNDA:3,(anonymous_0)
FNDA:0,(anonymous_1)
FNDA:0,(anonymous_2)
FNDA:0,(anonymous_3)
FNDA:0,(anonymous_4)
FNDA:0,(anonymous_5)
FNDA:0,(anonymous_6)
FNDA:0,(anonymous_7)
FNDA:0,(anonymous_8)
FNDA:0,(anonymous_9)
FNDA:0,(anonymous_10)
FNDA:0,(anonymous_11)
FNDA:0,(anonymous_12)
DA:1,3
DA:3,3
DA:7,3
DA:8,3
DA:12,0
DA:13,0
DA:14,0
DA:15,0
DA:17,0
DA:18,0
DA:23,0
DA:24,0
DA:25,0
DA:28,0
DA:29,0
DA:30,0
DA:33,0
DA:34,0
DA:39,0
DA:40,0
DA:41,0
DA:44,0
DA:46,0
DA:47,0
DA:48,0
DA:49,0
DA:50,0
DA:51,0
DA:53,0
DA:54,0
DA:59,0
DA:60,0
DA:65,0
DA:66,0
DA:67,0
DA:69,0
DA:75,3
DA:76,0
DA:77,0
DA:78,0
DA:80,0
DA:81,0
DA:84,0
DA:89,0
DA:90,0
DA:91,0
DA:93,0
DA:95,0
DA:105,0
DA:107,0
DA:108,0
DA:112,0
DA:114,0
DA:117,0
DA:120,0
DA:125,0
DA:128,0
DA:136,0
DA:137,0
DA:138,0
DA:140,0
DA:144,0
DA:145,0
DA:150,3
DA:151,0
DA:152,0
DA:154,0
DA:155,0
DA:156,0
DA:157,0
DA:158,0
DA:160,0
DA:162,0
DA:164,0
DA:165,0
DA:166,0
DA:167,0
DA:169,0
DA:173,0
DA:174,0
DA:175,0
DA:176,0
DA:178,0
DA:182,0
DA:184,0
DA:185,0
DA:187,0
DA:188,0
DA:191,0
DA:194,0
DA:195,0
DA:200,3
DA:201,0
DA:202,0
DA:203,0
DA:204,0
DA:205,0
DA:207,0
DA:208,0
DA:212,3
DA:213,0
DA:214,0
DA:215,0
DA:216,0
DA:217,0
DA:219,0
DA:220,0
DA:224,3
DA:225,0
DA:226,0
DA:227,0
DA:228,0
DA:229,0
DA:231,0
DA:232,0
DA:236,3
DA:237,0
DA:238,0
DA:239,0
DA:240,0
DA:241,0
DA:243,0
DA:244,0
DA:249,3
DA:250,0
DA:252,0
DA:254,0
DA:256,0
DA:258,0
DA:260,0
DA:262,0
DA:264,0
DA:265,0
DA:269,3
DA:270,3
DA:271,3
DA:272,3
LF:137
LH:15
BRDA:3,0,0,3
BRDA:3,0,1,3
BRDA:24,1,0,0
BRDA:24,1,1,0
BRDA:40,2,0,0
BRDA:40,2,1,0
BRDA:47,3,0,0
BRDA:47,3,1,0
BRDA:66,4,0,0
BRDA:66,4,1,0
BRDA:67,5,0,0
BRDA:67,5,1,0
BRDA:89,6,0,0
BRDA:89,6,1,0
BRDA:107,7,0,0
BRDA:107,7,1,0
BRDA:107,8,0,0
BRDA:107,8,1,0
BRDA:160,9,0,0
BRDA:160,9,1,0
BRDA:164,10,0,0
BRDA:164,10,1,0
BRDA:173,11,0,0
BRDA:173,11,1,0
BRDA:173,12,0,0
BRDA:173,12,1,0
BRDA:182,13,0,0
BRDA:182,13,1,0
BRDA:185,14,0,0
BRDA:185,14,1,0
BRDA:250,15,0,0
BRDA:250,15,1,0
BRDA:250,15,2,0
BRDA:250,15,3,0
BRDA:250,15,4,0
BRDA:250,15,5,0
BRDA:250,15,6,0
BRF:37
BRH:2
end_of_record
TN:
SF:backend-landregistry/utils/validation.js
FN:3,(anonymous_0)
FN:14,(anonymous_1)
FNF:2
FNH:2
FNDA:3,(anonymous_0)
FNDA:2,(anonymous_1)
DA:1,2
DA:3,2
DA:4,3
DA:5,3
DA:6,3
DA:7,2
DA:9,1
DA:10,1
DA:14,2
DA:15,2
DA:16,2
DA:18,1
DA:19,1
DA:23,2
LF:14
LH:14
BRF:0
BRH:0
end_of_record
TN:
SF:backend-users/services/users.js
FN:7,(anonymous_0)
FN:30,(anonymous_1)
FN:41,(anonymous_2)
FNF:3
FNH:3
FNDA:6,(anonymous_0)
FNDA:3,(anonymous_1)
FNDA:2,(anonymous_2)
DA:1,1
DA:2,1
DA:3,1
DA:8,6
DA:9,6
DA:14,6
DA:16,6
DA:18,6
DA:27,5
DA:31,3
DA:38,3
DA:42,2
DA:48,2
DA:54,1
DA:55,1
LF:15
LH:15
BRDA:12,0,0,6
BRDA:13,1,0,6
BRF:2
BRH:2
end_of_record
TN:
SF:backend-users/utils/validation.js
FN:4,(anonymous_0)
FN:17,(anonymous_1)
FN:30,(anonymous_2)
FNF:3
FNH:3
FNDA:3,(anonymous_0)
FNDA:3,(anonymous_1)
FNDA:2,(anonymous_2)
DA:1,2
DA:2,2
DA:4,2
DA:5,3
DA:6,3
DA:10,2
DA:12,1
DA:13,1
DA:17,2
DA:18,3
DA:19,3
DA:23,2
DA:25,1
DA:26,1
DA:30,2
DA:31,2
DA:32,2
DA:34,1
DA:35,1
DA:39,2
LF:20
LH:20
BRF:0
BRH:0
end_of_record
